[2024-12-07T09:15:04.589+0000] {processor.py:186} INFO - Started process (PID=116) to work on /home/airflow/.local/lib/python3.12/site-packages/airflow/example_dags/example_inlet_event_extra.py
[2024-12-07T09:15:04.589+0000] {processor.py:914} INFO - Processing file /home/airflow/.local/lib/python3.12/site-packages/airflow/example_dags/example_inlet_event_extra.py for tasks to queue
[2024-12-07T09:15:04.591+0000] {logging_mixin.py:190} INFO - [2024-12-07T09:15:04.591+0000] {dagbag.py:588} INFO - Filling up the DagBag from /home/airflow/.local/lib/python3.12/site-packages/airflow/example_dags/example_inlet_event_extra.py
[2024-12-07T09:15:05.228+0000] {processor.py:925} INFO - DAG(s) 'read_dataset_event_from_classic', 'read_dataset_event' retrieved from /home/airflow/.local/lib/python3.12/site-packages/airflow/example_dags/example_inlet_event_extra.py
[2024-12-07T09:15:05.323+0000] {logging_mixin.py:190} INFO - [2024-12-07T09:15:05.322+0000] {override.py:1911} INFO - Created Permission View: can delete on DAG:read_dataset_event_from_classic
[2024-12-07T09:15:05.330+0000] {logging_mixin.py:190} INFO - [2024-12-07T09:15:05.330+0000] {override.py:1911} INFO - Created Permission View: can edit on DAG:read_dataset_event_from_classic
[2024-12-07T09:15:05.335+0000] {logging_mixin.py:190} INFO - [2024-12-07T09:15:05.335+0000] {override.py:1911} INFO - Created Permission View: can read on DAG:read_dataset_event_from_classic
[2024-12-07T09:15:05.340+0000] {logging_mixin.py:190} INFO - [2024-12-07T09:15:05.340+0000] {override.py:1911} INFO - Created Permission View: can delete on DAG Run:read_dataset_event_from_classic
[2024-12-07T09:15:05.344+0000] {logging_mixin.py:190} INFO - [2024-12-07T09:15:05.344+0000] {override.py:1911} INFO - Created Permission View: menu access on DAG Run:read_dataset_event_from_classic
[2024-12-07T09:15:05.349+0000] {logging_mixin.py:190} INFO - [2024-12-07T09:15:05.349+0000] {override.py:1911} INFO - Created Permission View: can create on DAG Run:read_dataset_event_from_classic
[2024-12-07T09:15:05.354+0000] {logging_mixin.py:190} INFO - [2024-12-07T09:15:05.353+0000] {override.py:1911} INFO - Created Permission View: can read on DAG Run:read_dataset_event_from_classic
[2024-12-07T09:15:05.362+0000] {logging_mixin.py:190} INFO - [2024-12-07T09:15:05.362+0000] {override.py:1911} INFO - Created Permission View: can delete on DAG:read_dataset_event
[2024-12-07T09:15:05.368+0000] {logging_mixin.py:190} INFO - [2024-12-07T09:15:05.368+0000] {override.py:1911} INFO - Created Permission View: can edit on DAG:read_dataset_event
[2024-12-07T09:15:05.373+0000] {logging_mixin.py:190} INFO - [2024-12-07T09:15:05.373+0000] {override.py:1911} INFO - Created Permission View: can read on DAG:read_dataset_event
[2024-12-07T09:15:05.377+0000] {logging_mixin.py:190} INFO - [2024-12-07T09:15:05.377+0000] {override.py:1911} INFO - Created Permission View: can delete on DAG Run:read_dataset_event
[2024-12-07T09:15:05.382+0000] {logging_mixin.py:190} INFO - [2024-12-07T09:15:05.382+0000] {override.py:1911} INFO - Created Permission View: menu access on DAG Run:read_dataset_event
[2024-12-07T09:15:05.386+0000] {logging_mixin.py:190} INFO - [2024-12-07T09:15:05.386+0000] {override.py:1911} INFO - Created Permission View: can create on DAG Run:read_dataset_event
[2024-12-07T09:15:05.391+0000] {logging_mixin.py:190} INFO - [2024-12-07T09:15:05.391+0000] {override.py:1911} INFO - Created Permission View: can read on DAG Run:read_dataset_event
[2024-12-07T09:15:05.391+0000] {logging_mixin.py:190} INFO - [2024-12-07T09:15:05.391+0000] {dag.py:3239} INFO - Sync 2 DAGs
[2024-12-07T09:15:05.402+0000] {logging_mixin.py:190} INFO - [2024-12-07T09:15:05.401+0000] {dag.py:3262} INFO - Creating ORM DAG for read_dataset_event_from_classic
[2024-12-07T09:15:05.402+0000] {logging_mixin.py:190} INFO - [2024-12-07T09:15:05.402+0000] {dag.py:3262} INFO - Creating ORM DAG for read_dataset_event
[2024-12-07T09:15:05.410+0000] {logging_mixin.py:190} INFO - [2024-12-07T09:15:05.410+0000] {dag.py:4180} INFO - Setting next_dagrun for read_dataset_event to 2024-12-06 00:00:00+00:00, run_after=2024-12-07 00:00:00+00:00
[2024-12-07T09:15:05.412+0000] {logging_mixin.py:190} INFO - [2024-12-07T09:15:05.412+0000] {dag.py:4180} INFO - Setting next_dagrun for read_dataset_event_from_classic to 2024-12-06 00:00:00+00:00, run_after=2024-12-07 00:00:00+00:00
[2024-12-07T09:15:05.424+0000] {processor.py:208} INFO - Processing /home/airflow/.local/lib/python3.12/site-packages/airflow/example_dags/example_inlet_event_extra.py took 0.842 seconds
[2024-12-07T09:15:36.422+0000] {processor.py:186} INFO - Started process (PID=185) to work on /home/airflow/.local/lib/python3.12/site-packages/airflow/example_dags/example_inlet_event_extra.py
[2024-12-07T09:15:36.423+0000] {processor.py:914} INFO - Processing file /home/airflow/.local/lib/python3.12/site-packages/airflow/example_dags/example_inlet_event_extra.py for tasks to queue
[2024-12-07T09:15:36.424+0000] {logging_mixin.py:190} INFO - [2024-12-07T09:15:36.424+0000] {dagbag.py:588} INFO - Filling up the DagBag from /home/airflow/.local/lib/python3.12/site-packages/airflow/example_dags/example_inlet_event_extra.py
[2024-12-07T09:15:36.904+0000] {processor.py:925} INFO - DAG(s) 'read_dataset_event_from_classic', 'read_dataset_event' retrieved from /home/airflow/.local/lib/python3.12/site-packages/airflow/example_dags/example_inlet_event_extra.py
[2024-12-07T09:15:36.919+0000] {logging_mixin.py:190} INFO - [2024-12-07T09:15:36.919+0000] {dag.py:3239} INFO - Sync 2 DAGs
[2024-12-07T09:15:36.938+0000] {logging_mixin.py:190} INFO - [2024-12-07T09:15:36.938+0000] {dag.py:4180} INFO - Setting next_dagrun for read_dataset_event to 2024-12-06 00:00:00+00:00, run_after=2024-12-07 00:00:00+00:00
[2024-12-07T09:15:36.942+0000] {logging_mixin.py:190} INFO - [2024-12-07T09:15:36.942+0000] {dag.py:4180} INFO - Setting next_dagrun for read_dataset_event_from_classic to 2024-12-06 00:00:00+00:00, run_after=2024-12-07 00:00:00+00:00
[2024-12-07T09:15:36.952+0000] {processor.py:208} INFO - Processing /home/airflow/.local/lib/python3.12/site-packages/airflow/example_dags/example_inlet_event_extra.py took 0.535 seconds
[2024-12-07T09:16:07.049+0000] {processor.py:186} INFO - Started process (PID=248) to work on /home/airflow/.local/lib/python3.12/site-packages/airflow/example_dags/example_inlet_event_extra.py
[2024-12-07T09:16:07.050+0000] {processor.py:914} INFO - Processing file /home/airflow/.local/lib/python3.12/site-packages/airflow/example_dags/example_inlet_event_extra.py for tasks to queue
[2024-12-07T09:16:07.051+0000] {logging_mixin.py:190} INFO - [2024-12-07T09:16:07.051+0000] {dagbag.py:588} INFO - Filling up the DagBag from /home/airflow/.local/lib/python3.12/site-packages/airflow/example_dags/example_inlet_event_extra.py
[2024-12-07T09:16:07.546+0000] {processor.py:925} INFO - DAG(s) 'read_dataset_event_from_classic', 'read_dataset_event' retrieved from /home/airflow/.local/lib/python3.12/site-packages/airflow/example_dags/example_inlet_event_extra.py
[2024-12-07T09:16:07.561+0000] {logging_mixin.py:190} INFO - [2024-12-07T09:16:07.561+0000] {dag.py:3239} INFO - Sync 2 DAGs
[2024-12-07T09:16:07.580+0000] {logging_mixin.py:190} INFO - [2024-12-07T09:16:07.579+0000] {dag.py:4180} INFO - Setting next_dagrun for read_dataset_event to 2024-12-06 00:00:00+00:00, run_after=2024-12-07 00:00:00+00:00
[2024-12-07T09:16:07.583+0000] {logging_mixin.py:190} INFO - [2024-12-07T09:16:07.583+0000] {dag.py:4180} INFO - Setting next_dagrun for read_dataset_event_from_classic to 2024-12-06 00:00:00+00:00, run_after=2024-12-07 00:00:00+00:00
[2024-12-07T09:16:07.594+0000] {processor.py:208} INFO - Processing /home/airflow/.local/lib/python3.12/site-packages/airflow/example_dags/example_inlet_event_extra.py took 0.549 seconds
[2024-12-07T09:16:37.935+0000] {processor.py:186} INFO - Started process (PID=311) to work on /home/airflow/.local/lib/python3.12/site-packages/airflow/example_dags/example_inlet_event_extra.py
[2024-12-07T09:16:37.936+0000] {processor.py:914} INFO - Processing file /home/airflow/.local/lib/python3.12/site-packages/airflow/example_dags/example_inlet_event_extra.py for tasks to queue
[2024-12-07T09:16:37.937+0000] {logging_mixin.py:190} INFO - [2024-12-07T09:16:37.937+0000] {dagbag.py:588} INFO - Filling up the DagBag from /home/airflow/.local/lib/python3.12/site-packages/airflow/example_dags/example_inlet_event_extra.py
[2024-12-07T09:16:38.419+0000] {processor.py:925} INFO - DAG(s) 'read_dataset_event', 'read_dataset_event_from_classic' retrieved from /home/airflow/.local/lib/python3.12/site-packages/airflow/example_dags/example_inlet_event_extra.py
[2024-12-07T09:16:38.434+0000] {logging_mixin.py:190} INFO - [2024-12-07T09:16:38.434+0000] {dag.py:3239} INFO - Sync 2 DAGs
[2024-12-07T09:16:38.453+0000] {logging_mixin.py:190} INFO - [2024-12-07T09:16:38.453+0000] {dag.py:4180} INFO - Setting next_dagrun for read_dataset_event to 2024-12-06 00:00:00+00:00, run_after=2024-12-07 00:00:00+00:00
[2024-12-07T09:16:38.457+0000] {logging_mixin.py:190} INFO - [2024-12-07T09:16:38.457+0000] {dag.py:4180} INFO - Setting next_dagrun for read_dataset_event_from_classic to 2024-12-06 00:00:00+00:00, run_after=2024-12-07 00:00:00+00:00
[2024-12-07T09:16:38.468+0000] {processor.py:208} INFO - Processing /home/airflow/.local/lib/python3.12/site-packages/airflow/example_dags/example_inlet_event_extra.py took 0.537 seconds
[2024-12-07T09:17:08.887+0000] {processor.py:186} INFO - Started process (PID=374) to work on /home/airflow/.local/lib/python3.12/site-packages/airflow/example_dags/example_inlet_event_extra.py
[2024-12-07T09:17:08.888+0000] {processor.py:914} INFO - Processing file /home/airflow/.local/lib/python3.12/site-packages/airflow/example_dags/example_inlet_event_extra.py for tasks to queue
[2024-12-07T09:17:08.890+0000] {logging_mixin.py:190} INFO - [2024-12-07T09:17:08.889+0000] {dagbag.py:588} INFO - Filling up the DagBag from /home/airflow/.local/lib/python3.12/site-packages/airflow/example_dags/example_inlet_event_extra.py
[2024-12-07T09:17:09.383+0000] {processor.py:925} INFO - DAG(s) 'read_dataset_event_from_classic', 'read_dataset_event' retrieved from /home/airflow/.local/lib/python3.12/site-packages/airflow/example_dags/example_inlet_event_extra.py
[2024-12-07T09:17:09.398+0000] {logging_mixin.py:190} INFO - [2024-12-07T09:17:09.398+0000] {dag.py:3239} INFO - Sync 2 DAGs
[2024-12-07T09:17:09.420+0000] {logging_mixin.py:190} INFO - [2024-12-07T09:17:09.420+0000] {dag.py:4180} INFO - Setting next_dagrun for read_dataset_event to 2024-12-06 00:00:00+00:00, run_after=2024-12-07 00:00:00+00:00
[2024-12-07T09:17:09.424+0000] {logging_mixin.py:190} INFO - [2024-12-07T09:17:09.424+0000] {dag.py:4180} INFO - Setting next_dagrun for read_dataset_event_from_classic to 2024-12-06 00:00:00+00:00, run_after=2024-12-07 00:00:00+00:00
[2024-12-07T09:17:09.436+0000] {processor.py:208} INFO - Processing /home/airflow/.local/lib/python3.12/site-packages/airflow/example_dags/example_inlet_event_extra.py took 0.553 seconds
[2024-12-07T09:17:39.696+0000] {processor.py:186} INFO - Started process (PID=437) to work on /home/airflow/.local/lib/python3.12/site-packages/airflow/example_dags/example_inlet_event_extra.py
[2024-12-07T09:17:39.697+0000] {processor.py:914} INFO - Processing file /home/airflow/.local/lib/python3.12/site-packages/airflow/example_dags/example_inlet_event_extra.py for tasks to queue
[2024-12-07T09:17:39.698+0000] {logging_mixin.py:190} INFO - [2024-12-07T09:17:39.698+0000] {dagbag.py:588} INFO - Filling up the DagBag from /home/airflow/.local/lib/python3.12/site-packages/airflow/example_dags/example_inlet_event_extra.py
[2024-12-07T09:17:40.215+0000] {processor.py:925} INFO - DAG(s) 'read_dataset_event_from_classic', 'read_dataset_event' retrieved from /home/airflow/.local/lib/python3.12/site-packages/airflow/example_dags/example_inlet_event_extra.py
[2024-12-07T09:17:40.232+0000] {logging_mixin.py:190} INFO - [2024-12-07T09:17:40.232+0000] {dag.py:3239} INFO - Sync 2 DAGs
[2024-12-07T09:17:40.251+0000] {logging_mixin.py:190} INFO - [2024-12-07T09:17:40.251+0000] {dag.py:4180} INFO - Setting next_dagrun for read_dataset_event to 2024-12-06 00:00:00+00:00, run_after=2024-12-07 00:00:00+00:00
[2024-12-07T09:17:40.255+0000] {logging_mixin.py:190} INFO - [2024-12-07T09:17:40.255+0000] {dag.py:4180} INFO - Setting next_dagrun for read_dataset_event_from_classic to 2024-12-06 00:00:00+00:00, run_after=2024-12-07 00:00:00+00:00
[2024-12-07T09:17:40.265+0000] {processor.py:208} INFO - Processing /home/airflow/.local/lib/python3.12/site-packages/airflow/example_dags/example_inlet_event_extra.py took 0.574 seconds
[2024-12-07T09:18:10.548+0000] {processor.py:186} INFO - Started process (PID=500) to work on /home/airflow/.local/lib/python3.12/site-packages/airflow/example_dags/example_inlet_event_extra.py
[2024-12-07T09:18:10.548+0000] {processor.py:914} INFO - Processing file /home/airflow/.local/lib/python3.12/site-packages/airflow/example_dags/example_inlet_event_extra.py for tasks to queue
[2024-12-07T09:18:10.550+0000] {logging_mixin.py:190} INFO - [2024-12-07T09:18:10.549+0000] {dagbag.py:588} INFO - Filling up the DagBag from /home/airflow/.local/lib/python3.12/site-packages/airflow/example_dags/example_inlet_event_extra.py
[2024-12-07T09:18:11.024+0000] {processor.py:925} INFO - DAG(s) 'read_dataset_event', 'read_dataset_event_from_classic' retrieved from /home/airflow/.local/lib/python3.12/site-packages/airflow/example_dags/example_inlet_event_extra.py
[2024-12-07T09:18:11.039+0000] {logging_mixin.py:190} INFO - [2024-12-07T09:18:11.039+0000] {dag.py:3239} INFO - Sync 2 DAGs
[2024-12-07T09:18:11.059+0000] {logging_mixin.py:190} INFO - [2024-12-07T09:18:11.059+0000] {dag.py:4180} INFO - Setting next_dagrun for read_dataset_event to 2024-12-06 00:00:00+00:00, run_after=2024-12-07 00:00:00+00:00
[2024-12-07T09:18:11.063+0000] {logging_mixin.py:190} INFO - [2024-12-07T09:18:11.063+0000] {dag.py:4180} INFO - Setting next_dagrun for read_dataset_event_from_classic to 2024-12-06 00:00:00+00:00, run_after=2024-12-07 00:00:00+00:00
[2024-12-07T09:18:11.074+0000] {processor.py:208} INFO - Processing /home/airflow/.local/lib/python3.12/site-packages/airflow/example_dags/example_inlet_event_extra.py took 0.531 seconds
[2024-12-07T09:18:41.697+0000] {processor.py:186} INFO - Started process (PID=563) to work on /home/airflow/.local/lib/python3.12/site-packages/airflow/example_dags/example_inlet_event_extra.py
[2024-12-07T09:18:41.697+0000] {processor.py:914} INFO - Processing file /home/airflow/.local/lib/python3.12/site-packages/airflow/example_dags/example_inlet_event_extra.py for tasks to queue
[2024-12-07T09:18:41.699+0000] {logging_mixin.py:190} INFO - [2024-12-07T09:18:41.699+0000] {dagbag.py:588} INFO - Filling up the DagBag from /home/airflow/.local/lib/python3.12/site-packages/airflow/example_dags/example_inlet_event_extra.py
[2024-12-07T09:18:42.190+0000] {processor.py:925} INFO - DAG(s) 'read_dataset_event_from_classic', 'read_dataset_event' retrieved from /home/airflow/.local/lib/python3.12/site-packages/airflow/example_dags/example_inlet_event_extra.py
[2024-12-07T09:18:42.205+0000] {logging_mixin.py:190} INFO - [2024-12-07T09:18:42.205+0000] {dag.py:3239} INFO - Sync 2 DAGs
[2024-12-07T09:18:42.224+0000] {logging_mixin.py:190} INFO - [2024-12-07T09:18:42.224+0000] {dag.py:4180} INFO - Setting next_dagrun for read_dataset_event to 2024-12-06 00:00:00+00:00, run_after=2024-12-07 00:00:00+00:00
[2024-12-07T09:18:42.228+0000] {logging_mixin.py:190} INFO - [2024-12-07T09:18:42.228+0000] {dag.py:4180} INFO - Setting next_dagrun for read_dataset_event_from_classic to 2024-12-06 00:00:00+00:00, run_after=2024-12-07 00:00:00+00:00
[2024-12-07T09:18:42.238+0000] {processor.py:208} INFO - Processing /home/airflow/.local/lib/python3.12/site-packages/airflow/example_dags/example_inlet_event_extra.py took 0.546 seconds
[2024-12-07T09:19:12.777+0000] {processor.py:186} INFO - Started process (PID=626) to work on /home/airflow/.local/lib/python3.12/site-packages/airflow/example_dags/example_inlet_event_extra.py
[2024-12-07T09:19:12.779+0000] {processor.py:914} INFO - Processing file /home/airflow/.local/lib/python3.12/site-packages/airflow/example_dags/example_inlet_event_extra.py for tasks to queue
[2024-12-07T09:19:12.781+0000] {logging_mixin.py:190} INFO - [2024-12-07T09:19:12.781+0000] {dagbag.py:588} INFO - Filling up the DagBag from /home/airflow/.local/lib/python3.12/site-packages/airflow/example_dags/example_inlet_event_extra.py
[2024-12-07T09:19:13.467+0000] {processor.py:925} INFO - DAG(s) 'read_dataset_event_from_classic', 'read_dataset_event' retrieved from /home/airflow/.local/lib/python3.12/site-packages/airflow/example_dags/example_inlet_event_extra.py
[2024-12-07T09:19:13.495+0000] {logging_mixin.py:190} INFO - [2024-12-07T09:19:13.495+0000] {dag.py:3239} INFO - Sync 2 DAGs
[2024-12-07T09:19:13.525+0000] {logging_mixin.py:190} INFO - [2024-12-07T09:19:13.525+0000] {dag.py:4180} INFO - Setting next_dagrun for read_dataset_event to 2024-12-06 00:00:00+00:00, run_after=2024-12-07 00:00:00+00:00
[2024-12-07T09:19:13.530+0000] {logging_mixin.py:190} INFO - [2024-12-07T09:19:13.529+0000] {dag.py:4180} INFO - Setting next_dagrun for read_dataset_event_from_classic to 2024-12-06 00:00:00+00:00, run_after=2024-12-07 00:00:00+00:00
[2024-12-07T09:19:13.543+0000] {processor.py:208} INFO - Processing /home/airflow/.local/lib/python3.12/site-packages/airflow/example_dags/example_inlet_event_extra.py took 0.776 seconds
[2024-12-07T09:19:43.891+0000] {processor.py:186} INFO - Started process (PID=689) to work on /home/airflow/.local/lib/python3.12/site-packages/airflow/example_dags/example_inlet_event_extra.py
[2024-12-07T09:19:43.891+0000] {processor.py:914} INFO - Processing file /home/airflow/.local/lib/python3.12/site-packages/airflow/example_dags/example_inlet_event_extra.py for tasks to queue
[2024-12-07T09:19:43.893+0000] {logging_mixin.py:190} INFO - [2024-12-07T09:19:43.893+0000] {dagbag.py:588} INFO - Filling up the DagBag from /home/airflow/.local/lib/python3.12/site-packages/airflow/example_dags/example_inlet_event_extra.py
[2024-12-07T09:19:44.394+0000] {processor.py:925} INFO - DAG(s) 'read_dataset_event', 'read_dataset_event_from_classic' retrieved from /home/airflow/.local/lib/python3.12/site-packages/airflow/example_dags/example_inlet_event_extra.py
[2024-12-07T09:19:44.415+0000] {logging_mixin.py:190} INFO - [2024-12-07T09:19:44.415+0000] {dag.py:3239} INFO - Sync 2 DAGs
[2024-12-07T09:19:44.442+0000] {logging_mixin.py:190} INFO - [2024-12-07T09:19:44.441+0000] {dag.py:4180} INFO - Setting next_dagrun for read_dataset_event to 2024-12-06 00:00:00+00:00, run_after=2024-12-07 00:00:00+00:00
[2024-12-07T09:19:44.447+0000] {logging_mixin.py:190} INFO - [2024-12-07T09:19:44.447+0000] {dag.py:4180} INFO - Setting next_dagrun for read_dataset_event_from_classic to 2024-12-06 00:00:00+00:00, run_after=2024-12-07 00:00:00+00:00
[2024-12-07T09:19:44.464+0000] {processor.py:208} INFO - Processing /home/airflow/.local/lib/python3.12/site-packages/airflow/example_dags/example_inlet_event_extra.py took 0.577 seconds
[2024-12-07T09:20:14.845+0000] {processor.py:186} INFO - Started process (PID=752) to work on /home/airflow/.local/lib/python3.12/site-packages/airflow/example_dags/example_inlet_event_extra.py
[2024-12-07T09:20:14.845+0000] {processor.py:914} INFO - Processing file /home/airflow/.local/lib/python3.12/site-packages/airflow/example_dags/example_inlet_event_extra.py for tasks to queue
[2024-12-07T09:20:14.847+0000] {logging_mixin.py:190} INFO - [2024-12-07T09:20:14.847+0000] {dagbag.py:588} INFO - Filling up the DagBag from /home/airflow/.local/lib/python3.12/site-packages/airflow/example_dags/example_inlet_event_extra.py
[2024-12-07T09:20:15.407+0000] {processor.py:925} INFO - DAG(s) 'read_dataset_event_from_classic', 'read_dataset_event' retrieved from /home/airflow/.local/lib/python3.12/site-packages/airflow/example_dags/example_inlet_event_extra.py
[2024-12-07T09:20:15.424+0000] {logging_mixin.py:190} INFO - [2024-12-07T09:20:15.423+0000] {dag.py:3239} INFO - Sync 2 DAGs
[2024-12-07T09:20:15.444+0000] {logging_mixin.py:190} INFO - [2024-12-07T09:20:15.444+0000] {dag.py:4180} INFO - Setting next_dagrun for read_dataset_event to 2024-12-06 00:00:00+00:00, run_after=2024-12-07 00:00:00+00:00
[2024-12-07T09:20:15.448+0000] {logging_mixin.py:190} INFO - [2024-12-07T09:20:15.448+0000] {dag.py:4180} INFO - Setting next_dagrun for read_dataset_event_from_classic to 2024-12-06 00:00:00+00:00, run_after=2024-12-07 00:00:00+00:00
[2024-12-07T09:20:15.464+0000] {processor.py:208} INFO - Processing /home/airflow/.local/lib/python3.12/site-packages/airflow/example_dags/example_inlet_event_extra.py took 0.624 seconds
[2024-12-07T09:20:45.907+0000] {processor.py:186} INFO - Started process (PID=815) to work on /home/airflow/.local/lib/python3.12/site-packages/airflow/example_dags/example_inlet_event_extra.py
[2024-12-07T09:20:45.908+0000] {processor.py:914} INFO - Processing file /home/airflow/.local/lib/python3.12/site-packages/airflow/example_dags/example_inlet_event_extra.py for tasks to queue
[2024-12-07T09:20:45.909+0000] {logging_mixin.py:190} INFO - [2024-12-07T09:20:45.909+0000] {dagbag.py:588} INFO - Filling up the DagBag from /home/airflow/.local/lib/python3.12/site-packages/airflow/example_dags/example_inlet_event_extra.py
[2024-12-07T09:20:46.423+0000] {processor.py:925} INFO - DAG(s) 'read_dataset_event_from_classic', 'read_dataset_event' retrieved from /home/airflow/.local/lib/python3.12/site-packages/airflow/example_dags/example_inlet_event_extra.py
[2024-12-07T09:20:46.439+0000] {logging_mixin.py:190} INFO - [2024-12-07T09:20:46.439+0000] {dag.py:3239} INFO - Sync 2 DAGs
[2024-12-07T09:20:46.457+0000] {logging_mixin.py:190} INFO - [2024-12-07T09:20:46.457+0000] {dag.py:4180} INFO - Setting next_dagrun for read_dataset_event to 2024-12-06 00:00:00+00:00, run_after=2024-12-07 00:00:00+00:00
[2024-12-07T09:20:46.461+0000] {logging_mixin.py:190} INFO - [2024-12-07T09:20:46.461+0000] {dag.py:4180} INFO - Setting next_dagrun for read_dataset_event_from_classic to 2024-12-06 00:00:00+00:00, run_after=2024-12-07 00:00:00+00:00
[2024-12-07T09:20:46.471+0000] {processor.py:208} INFO - Processing /home/airflow/.local/lib/python3.12/site-packages/airflow/example_dags/example_inlet_event_extra.py took 0.569 seconds
[2024-12-07T09:21:16.544+0000] {processor.py:186} INFO - Started process (PID=878) to work on /home/airflow/.local/lib/python3.12/site-packages/airflow/example_dags/example_inlet_event_extra.py
[2024-12-07T09:21:16.545+0000] {processor.py:914} INFO - Processing file /home/airflow/.local/lib/python3.12/site-packages/airflow/example_dags/example_inlet_event_extra.py for tasks to queue
[2024-12-07T09:21:16.547+0000] {logging_mixin.py:190} INFO - [2024-12-07T09:21:16.546+0000] {dagbag.py:588} INFO - Filling up the DagBag from /home/airflow/.local/lib/python3.12/site-packages/airflow/example_dags/example_inlet_event_extra.py
[2024-12-07T09:21:17.044+0000] {processor.py:925} INFO - DAG(s) 'read_dataset_event_from_classic', 'read_dataset_event' retrieved from /home/airflow/.local/lib/python3.12/site-packages/airflow/example_dags/example_inlet_event_extra.py
[2024-12-07T09:21:17.065+0000] {logging_mixin.py:190} INFO - [2024-12-07T09:21:17.065+0000] {dag.py:3239} INFO - Sync 2 DAGs
[2024-12-07T09:21:17.090+0000] {logging_mixin.py:190} INFO - [2024-12-07T09:21:17.090+0000] {dag.py:4180} INFO - Setting next_dagrun for read_dataset_event to 2024-12-06 00:00:00+00:00, run_after=2024-12-07 00:00:00+00:00
[2024-12-07T09:21:17.094+0000] {logging_mixin.py:190} INFO - [2024-12-07T09:21:17.094+0000] {dag.py:4180} INFO - Setting next_dagrun for read_dataset_event_from_classic to 2024-12-06 00:00:00+00:00, run_after=2024-12-07 00:00:00+00:00
[2024-12-07T09:21:17.106+0000] {processor.py:208} INFO - Processing /home/airflow/.local/lib/python3.12/site-packages/airflow/example_dags/example_inlet_event_extra.py took 0.566 seconds
[2024-12-07T09:21:47.613+0000] {processor.py:186} INFO - Started process (PID=941) to work on /home/airflow/.local/lib/python3.12/site-packages/airflow/example_dags/example_inlet_event_extra.py
[2024-12-07T09:21:47.613+0000] {processor.py:914} INFO - Processing file /home/airflow/.local/lib/python3.12/site-packages/airflow/example_dags/example_inlet_event_extra.py for tasks to queue
[2024-12-07T09:21:47.615+0000] {logging_mixin.py:190} INFO - [2024-12-07T09:21:47.615+0000] {dagbag.py:588} INFO - Filling up the DagBag from /home/airflow/.local/lib/python3.12/site-packages/airflow/example_dags/example_inlet_event_extra.py
[2024-12-07T09:21:48.144+0000] {processor.py:925} INFO - DAG(s) 'read_dataset_event_from_classic', 'read_dataset_event' retrieved from /home/airflow/.local/lib/python3.12/site-packages/airflow/example_dags/example_inlet_event_extra.py
[2024-12-07T09:21:48.160+0000] {logging_mixin.py:190} INFO - [2024-12-07T09:21:48.160+0000] {dag.py:3239} INFO - Sync 2 DAGs
[2024-12-07T09:21:48.184+0000] {logging_mixin.py:190} INFO - [2024-12-07T09:21:48.183+0000] {dag.py:4180} INFO - Setting next_dagrun for read_dataset_event to 2024-12-06 00:00:00+00:00, run_after=2024-12-07 00:00:00+00:00
[2024-12-07T09:21:48.190+0000] {logging_mixin.py:190} INFO - [2024-12-07T09:21:48.190+0000] {dag.py:4180} INFO - Setting next_dagrun for read_dataset_event_from_classic to 2024-12-06 00:00:00+00:00, run_after=2024-12-07 00:00:00+00:00
[2024-12-07T09:21:48.205+0000] {processor.py:208} INFO - Processing /home/airflow/.local/lib/python3.12/site-packages/airflow/example_dags/example_inlet_event_extra.py took 0.596 seconds
[2024-12-07T09:22:18.535+0000] {processor.py:186} INFO - Started process (PID=1004) to work on /home/airflow/.local/lib/python3.12/site-packages/airflow/example_dags/example_inlet_event_extra.py
[2024-12-07T09:22:18.536+0000] {processor.py:914} INFO - Processing file /home/airflow/.local/lib/python3.12/site-packages/airflow/example_dags/example_inlet_event_extra.py for tasks to queue
[2024-12-07T09:22:18.538+0000] {logging_mixin.py:190} INFO - [2024-12-07T09:22:18.537+0000] {dagbag.py:588} INFO - Filling up the DagBag from /home/airflow/.local/lib/python3.12/site-packages/airflow/example_dags/example_inlet_event_extra.py
[2024-12-07T09:22:19.017+0000] {processor.py:925} INFO - DAG(s) 'read_dataset_event', 'read_dataset_event_from_classic' retrieved from /home/airflow/.local/lib/python3.12/site-packages/airflow/example_dags/example_inlet_event_extra.py
[2024-12-07T09:22:19.033+0000] {logging_mixin.py:190} INFO - [2024-12-07T09:22:19.032+0000] {dag.py:3239} INFO - Sync 2 DAGs
[2024-12-07T09:22:19.052+0000] {logging_mixin.py:190} INFO - [2024-12-07T09:22:19.052+0000] {dag.py:4180} INFO - Setting next_dagrun for read_dataset_event to 2024-12-06 00:00:00+00:00, run_after=2024-12-07 00:00:00+00:00
[2024-12-07T09:22:19.056+0000] {logging_mixin.py:190} INFO - [2024-12-07T09:22:19.056+0000] {dag.py:4180} INFO - Setting next_dagrun for read_dataset_event_from_classic to 2024-12-06 00:00:00+00:00, run_after=2024-12-07 00:00:00+00:00
[2024-12-07T09:22:19.067+0000] {processor.py:208} INFO - Processing /home/airflow/.local/lib/python3.12/site-packages/airflow/example_dags/example_inlet_event_extra.py took 0.536 seconds
[2024-12-07T09:22:49.267+0000] {processor.py:186} INFO - Started process (PID=1067) to work on /home/airflow/.local/lib/python3.12/site-packages/airflow/example_dags/example_inlet_event_extra.py
[2024-12-07T09:22:49.267+0000] {processor.py:914} INFO - Processing file /home/airflow/.local/lib/python3.12/site-packages/airflow/example_dags/example_inlet_event_extra.py for tasks to queue
[2024-12-07T09:22:49.269+0000] {logging_mixin.py:190} INFO - [2024-12-07T09:22:49.269+0000] {dagbag.py:588} INFO - Filling up the DagBag from /home/airflow/.local/lib/python3.12/site-packages/airflow/example_dags/example_inlet_event_extra.py
[2024-12-07T09:22:49.752+0000] {processor.py:925} INFO - DAG(s) 'read_dataset_event_from_classic', 'read_dataset_event' retrieved from /home/airflow/.local/lib/python3.12/site-packages/airflow/example_dags/example_inlet_event_extra.py
[2024-12-07T09:22:49.768+0000] {logging_mixin.py:190} INFO - [2024-12-07T09:22:49.767+0000] {dag.py:3239} INFO - Sync 2 DAGs
[2024-12-07T09:22:49.786+0000] {logging_mixin.py:190} INFO - [2024-12-07T09:22:49.786+0000] {dag.py:4180} INFO - Setting next_dagrun for read_dataset_event to 2024-12-06 00:00:00+00:00, run_after=2024-12-07 00:00:00+00:00
[2024-12-07T09:22:49.790+0000] {logging_mixin.py:190} INFO - [2024-12-07T09:22:49.789+0000] {dag.py:4180} INFO - Setting next_dagrun for read_dataset_event_from_classic to 2024-12-06 00:00:00+00:00, run_after=2024-12-07 00:00:00+00:00
[2024-12-07T09:22:49.801+0000] {processor.py:208} INFO - Processing /home/airflow/.local/lib/python3.12/site-packages/airflow/example_dags/example_inlet_event_extra.py took 0.538 seconds
[2024-12-07T09:23:20.067+0000] {processor.py:186} INFO - Started process (PID=1130) to work on /home/airflow/.local/lib/python3.12/site-packages/airflow/example_dags/example_inlet_event_extra.py
[2024-12-07T09:23:20.067+0000] {processor.py:914} INFO - Processing file /home/airflow/.local/lib/python3.12/site-packages/airflow/example_dags/example_inlet_event_extra.py for tasks to queue
[2024-12-07T09:23:20.069+0000] {logging_mixin.py:190} INFO - [2024-12-07T09:23:20.069+0000] {dagbag.py:588} INFO - Filling up the DagBag from /home/airflow/.local/lib/python3.12/site-packages/airflow/example_dags/example_inlet_event_extra.py
[2024-12-07T09:23:20.554+0000] {processor.py:925} INFO - DAG(s) 'read_dataset_event_from_classic', 'read_dataset_event' retrieved from /home/airflow/.local/lib/python3.12/site-packages/airflow/example_dags/example_inlet_event_extra.py
[2024-12-07T09:23:20.569+0000] {logging_mixin.py:190} INFO - [2024-12-07T09:23:20.569+0000] {dag.py:3239} INFO - Sync 2 DAGs
[2024-12-07T09:23:20.588+0000] {logging_mixin.py:190} INFO - [2024-12-07T09:23:20.588+0000] {dag.py:4180} INFO - Setting next_dagrun for read_dataset_event to 2024-12-06 00:00:00+00:00, run_after=2024-12-07 00:00:00+00:00
[2024-12-07T09:23:20.592+0000] {logging_mixin.py:190} INFO - [2024-12-07T09:23:20.591+0000] {dag.py:4180} INFO - Setting next_dagrun for read_dataset_event_from_classic to 2024-12-06 00:00:00+00:00, run_after=2024-12-07 00:00:00+00:00
[2024-12-07T09:23:20.602+0000] {processor.py:208} INFO - Processing /home/airflow/.local/lib/python3.12/site-packages/airflow/example_dags/example_inlet_event_extra.py took 0.540 seconds
[2024-12-07T09:23:50.941+0000] {processor.py:186} INFO - Started process (PID=1194) to work on /home/airflow/.local/lib/python3.12/site-packages/airflow/example_dags/example_inlet_event_extra.py
[2024-12-07T09:23:50.942+0000] {processor.py:914} INFO - Processing file /home/airflow/.local/lib/python3.12/site-packages/airflow/example_dags/example_inlet_event_extra.py for tasks to queue
[2024-12-07T09:23:50.943+0000] {logging_mixin.py:190} INFO - [2024-12-07T09:23:50.943+0000] {dagbag.py:588} INFO - Filling up the DagBag from /home/airflow/.local/lib/python3.12/site-packages/airflow/example_dags/example_inlet_event_extra.py
[2024-12-07T09:23:51.453+0000] {processor.py:925} INFO - DAG(s) 'read_dataset_event_from_classic', 'read_dataset_event' retrieved from /home/airflow/.local/lib/python3.12/site-packages/airflow/example_dags/example_inlet_event_extra.py
[2024-12-07T09:23:51.468+0000] {logging_mixin.py:190} INFO - [2024-12-07T09:23:51.468+0000] {dag.py:3239} INFO - Sync 2 DAGs
[2024-12-07T09:23:51.488+0000] {logging_mixin.py:190} INFO - [2024-12-07T09:23:51.487+0000] {dag.py:4180} INFO - Setting next_dagrun for read_dataset_event to 2024-12-06 00:00:00+00:00, run_after=2024-12-07 00:00:00+00:00
[2024-12-07T09:23:51.491+0000] {logging_mixin.py:190} INFO - [2024-12-07T09:23:51.491+0000] {dag.py:4180} INFO - Setting next_dagrun for read_dataset_event_from_classic to 2024-12-06 00:00:00+00:00, run_after=2024-12-07 00:00:00+00:00
[2024-12-07T09:23:51.502+0000] {processor.py:208} INFO - Processing /home/airflow/.local/lib/python3.12/site-packages/airflow/example_dags/example_inlet_event_extra.py took 0.566 seconds
[2024-12-07T09:24:21.721+0000] {processor.py:186} INFO - Started process (PID=1257) to work on /home/airflow/.local/lib/python3.12/site-packages/airflow/example_dags/example_inlet_event_extra.py
[2024-12-07T09:24:21.721+0000] {processor.py:914} INFO - Processing file /home/airflow/.local/lib/python3.12/site-packages/airflow/example_dags/example_inlet_event_extra.py for tasks to queue
[2024-12-07T09:24:21.723+0000] {logging_mixin.py:190} INFO - [2024-12-07T09:24:21.723+0000] {dagbag.py:588} INFO - Filling up the DagBag from /home/airflow/.local/lib/python3.12/site-packages/airflow/example_dags/example_inlet_event_extra.py
[2024-12-07T09:24:22.245+0000] {processor.py:925} INFO - DAG(s) 'read_dataset_event', 'read_dataset_event_from_classic' retrieved from /home/airflow/.local/lib/python3.12/site-packages/airflow/example_dags/example_inlet_event_extra.py
[2024-12-07T09:24:22.262+0000] {logging_mixin.py:190} INFO - [2024-12-07T09:24:22.261+0000] {dag.py:3239} INFO - Sync 2 DAGs
[2024-12-07T09:24:22.286+0000] {logging_mixin.py:190} INFO - [2024-12-07T09:24:22.286+0000] {dag.py:4180} INFO - Setting next_dagrun for read_dataset_event to 2024-12-06 00:00:00+00:00, run_after=2024-12-07 00:00:00+00:00
[2024-12-07T09:24:22.294+0000] {logging_mixin.py:190} INFO - [2024-12-07T09:24:22.294+0000] {dag.py:4180} INFO - Setting next_dagrun for read_dataset_event_from_classic to 2024-12-06 00:00:00+00:00, run_after=2024-12-07 00:00:00+00:00
[2024-12-07T09:24:22.315+0000] {processor.py:208} INFO - Processing /home/airflow/.local/lib/python3.12/site-packages/airflow/example_dags/example_inlet_event_extra.py took 0.599 seconds
[2024-12-07T09:24:52.522+0000] {processor.py:186} INFO - Started process (PID=1320) to work on /home/airflow/.local/lib/python3.12/site-packages/airflow/example_dags/example_inlet_event_extra.py
[2024-12-07T09:24:52.523+0000] {processor.py:914} INFO - Processing file /home/airflow/.local/lib/python3.12/site-packages/airflow/example_dags/example_inlet_event_extra.py for tasks to queue
[2024-12-07T09:24:52.524+0000] {logging_mixin.py:190} INFO - [2024-12-07T09:24:52.524+0000] {dagbag.py:588} INFO - Filling up the DagBag from /home/airflow/.local/lib/python3.12/site-packages/airflow/example_dags/example_inlet_event_extra.py
[2024-12-07T09:24:53.042+0000] {processor.py:925} INFO - DAG(s) 'read_dataset_event_from_classic', 'read_dataset_event' retrieved from /home/airflow/.local/lib/python3.12/site-packages/airflow/example_dags/example_inlet_event_extra.py
[2024-12-07T09:24:53.058+0000] {logging_mixin.py:190} INFO - [2024-12-07T09:24:53.057+0000] {dag.py:3239} INFO - Sync 2 DAGs
[2024-12-07T09:24:53.078+0000] {logging_mixin.py:190} INFO - [2024-12-07T09:24:53.077+0000] {dag.py:4180} INFO - Setting next_dagrun for read_dataset_event to 2024-12-06 00:00:00+00:00, run_after=2024-12-07 00:00:00+00:00
[2024-12-07T09:24:53.081+0000] {logging_mixin.py:190} INFO - [2024-12-07T09:24:53.081+0000] {dag.py:4180} INFO - Setting next_dagrun for read_dataset_event_from_classic to 2024-12-06 00:00:00+00:00, run_after=2024-12-07 00:00:00+00:00
[2024-12-07T09:24:53.092+0000] {processor.py:208} INFO - Processing /home/airflow/.local/lib/python3.12/site-packages/airflow/example_dags/example_inlet_event_extra.py took 0.574 seconds
[2024-12-07T09:25:23.421+0000] {processor.py:186} INFO - Started process (PID=1383) to work on /home/airflow/.local/lib/python3.12/site-packages/airflow/example_dags/example_inlet_event_extra.py
[2024-12-07T09:25:23.422+0000] {processor.py:914} INFO - Processing file /home/airflow/.local/lib/python3.12/site-packages/airflow/example_dags/example_inlet_event_extra.py for tasks to queue
[2024-12-07T09:25:23.424+0000] {logging_mixin.py:190} INFO - [2024-12-07T09:25:23.424+0000] {dagbag.py:588} INFO - Filling up the DagBag from /home/airflow/.local/lib/python3.12/site-packages/airflow/example_dags/example_inlet_event_extra.py
[2024-12-07T09:25:23.931+0000] {processor.py:925} INFO - DAG(s) 'read_dataset_event', 'read_dataset_event_from_classic' retrieved from /home/airflow/.local/lib/python3.12/site-packages/airflow/example_dags/example_inlet_event_extra.py
[2024-12-07T09:25:23.946+0000] {logging_mixin.py:190} INFO - [2024-12-07T09:25:23.946+0000] {dag.py:3239} INFO - Sync 2 DAGs
[2024-12-07T09:25:23.964+0000] {logging_mixin.py:190} INFO - [2024-12-07T09:25:23.964+0000] {dag.py:4180} INFO - Setting next_dagrun for read_dataset_event to 2024-12-06 00:00:00+00:00, run_after=2024-12-07 00:00:00+00:00
[2024-12-07T09:25:23.968+0000] {logging_mixin.py:190} INFO - [2024-12-07T09:25:23.968+0000] {dag.py:4180} INFO - Setting next_dagrun for read_dataset_event_from_classic to 2024-12-06 00:00:00+00:00, run_after=2024-12-07 00:00:00+00:00
[2024-12-07T09:25:23.979+0000] {processor.py:208} INFO - Processing /home/airflow/.local/lib/python3.12/site-packages/airflow/example_dags/example_inlet_event_extra.py took 0.564 seconds
[2024-12-07T09:25:54.155+0000] {processor.py:186} INFO - Started process (PID=1446) to work on /home/airflow/.local/lib/python3.12/site-packages/airflow/example_dags/example_inlet_event_extra.py
[2024-12-07T09:25:54.155+0000] {processor.py:914} INFO - Processing file /home/airflow/.local/lib/python3.12/site-packages/airflow/example_dags/example_inlet_event_extra.py for tasks to queue
[2024-12-07T09:25:54.157+0000] {logging_mixin.py:190} INFO - [2024-12-07T09:25:54.157+0000] {dagbag.py:588} INFO - Filling up the DagBag from /home/airflow/.local/lib/python3.12/site-packages/airflow/example_dags/example_inlet_event_extra.py
[2024-12-07T09:25:54.656+0000] {processor.py:925} INFO - DAG(s) 'read_dataset_event', 'read_dataset_event_from_classic' retrieved from /home/airflow/.local/lib/python3.12/site-packages/airflow/example_dags/example_inlet_event_extra.py
[2024-12-07T09:25:54.678+0000] {logging_mixin.py:190} INFO - [2024-12-07T09:25:54.677+0000] {dag.py:3239} INFO - Sync 2 DAGs
[2024-12-07T09:25:54.705+0000] {logging_mixin.py:190} INFO - [2024-12-07T09:25:54.705+0000] {dag.py:4180} INFO - Setting next_dagrun for read_dataset_event to 2024-12-06 00:00:00+00:00, run_after=2024-12-07 00:00:00+00:00
[2024-12-07T09:25:54.710+0000] {logging_mixin.py:190} INFO - [2024-12-07T09:25:54.710+0000] {dag.py:4180} INFO - Setting next_dagrun for read_dataset_event_from_classic to 2024-12-06 00:00:00+00:00, run_after=2024-12-07 00:00:00+00:00
[2024-12-07T09:25:54.723+0000] {processor.py:208} INFO - Processing /home/airflow/.local/lib/python3.12/site-packages/airflow/example_dags/example_inlet_event_extra.py took 0.572 seconds
[2024-12-07T09:26:25.527+0000] {processor.py:186} INFO - Started process (PID=1515) to work on /home/airflow/.local/lib/python3.12/site-packages/airflow/example_dags/example_inlet_event_extra.py
[2024-12-07T09:26:25.528+0000] {processor.py:914} INFO - Processing file /home/airflow/.local/lib/python3.12/site-packages/airflow/example_dags/example_inlet_event_extra.py for tasks to queue
[2024-12-07T09:26:25.529+0000] {logging_mixin.py:190} INFO - [2024-12-07T09:26:25.529+0000] {dagbag.py:588} INFO - Filling up the DagBag from /home/airflow/.local/lib/python3.12/site-packages/airflow/example_dags/example_inlet_event_extra.py
[2024-12-07T09:26:26.016+0000] {processor.py:925} INFO - DAG(s) 'read_dataset_event_from_classic', 'read_dataset_event' retrieved from /home/airflow/.local/lib/python3.12/site-packages/airflow/example_dags/example_inlet_event_extra.py
[2024-12-07T09:26:26.032+0000] {logging_mixin.py:190} INFO - [2024-12-07T09:26:26.031+0000] {dag.py:3239} INFO - Sync 2 DAGs
[2024-12-07T09:26:26.051+0000] {logging_mixin.py:190} INFO - [2024-12-07T09:26:26.051+0000] {dag.py:4180} INFO - Setting next_dagrun for read_dataset_event to 2024-12-06 00:00:00+00:00, run_after=2024-12-07 00:00:00+00:00
[2024-12-07T09:26:26.054+0000] {logging_mixin.py:190} INFO - [2024-12-07T09:26:26.054+0000] {dag.py:4180} INFO - Setting next_dagrun for read_dataset_event_from_classic to 2024-12-06 00:00:00+00:00, run_after=2024-12-07 00:00:00+00:00
[2024-12-07T09:26:26.065+0000] {processor.py:208} INFO - Processing /home/airflow/.local/lib/python3.12/site-packages/airflow/example_dags/example_inlet_event_extra.py took 0.542 seconds
[2024-12-07T09:26:56.770+0000] {processor.py:186} INFO - Started process (PID=1578) to work on /home/airflow/.local/lib/python3.12/site-packages/airflow/example_dags/example_inlet_event_extra.py
[2024-12-07T09:26:56.770+0000] {processor.py:914} INFO - Processing file /home/airflow/.local/lib/python3.12/site-packages/airflow/example_dags/example_inlet_event_extra.py for tasks to queue
[2024-12-07T09:26:56.772+0000] {logging_mixin.py:190} INFO - [2024-12-07T09:26:56.772+0000] {dagbag.py:588} INFO - Filling up the DagBag from /home/airflow/.local/lib/python3.12/site-packages/airflow/example_dags/example_inlet_event_extra.py
[2024-12-07T09:26:57.282+0000] {processor.py:925} INFO - DAG(s) 'read_dataset_event', 'read_dataset_event_from_classic' retrieved from /home/airflow/.local/lib/python3.12/site-packages/airflow/example_dags/example_inlet_event_extra.py
[2024-12-07T09:26:57.297+0000] {logging_mixin.py:190} INFO - [2024-12-07T09:26:57.297+0000] {dag.py:3239} INFO - Sync 2 DAGs
[2024-12-07T09:26:57.317+0000] {logging_mixin.py:190} INFO - [2024-12-07T09:26:57.316+0000] {dag.py:4180} INFO - Setting next_dagrun for read_dataset_event to 2024-12-06 00:00:00+00:00, run_after=2024-12-07 00:00:00+00:00
[2024-12-07T09:26:57.320+0000] {logging_mixin.py:190} INFO - [2024-12-07T09:26:57.320+0000] {dag.py:4180} INFO - Setting next_dagrun for read_dataset_event_from_classic to 2024-12-06 00:00:00+00:00, run_after=2024-12-07 00:00:00+00:00
[2024-12-07T09:26:57.331+0000] {processor.py:208} INFO - Processing /home/airflow/.local/lib/python3.12/site-packages/airflow/example_dags/example_inlet_event_extra.py took 0.565 seconds
[2024-12-07T09:27:27.927+0000] {processor.py:186} INFO - Started process (PID=1641) to work on /home/airflow/.local/lib/python3.12/site-packages/airflow/example_dags/example_inlet_event_extra.py
[2024-12-07T09:27:27.928+0000] {processor.py:914} INFO - Processing file /home/airflow/.local/lib/python3.12/site-packages/airflow/example_dags/example_inlet_event_extra.py for tasks to queue
[2024-12-07T09:27:27.930+0000] {logging_mixin.py:190} INFO - [2024-12-07T09:27:27.929+0000] {dagbag.py:588} INFO - Filling up the DagBag from /home/airflow/.local/lib/python3.12/site-packages/airflow/example_dags/example_inlet_event_extra.py
[2024-12-07T09:27:28.439+0000] {processor.py:925} INFO - DAG(s) 'read_dataset_event_from_classic', 'read_dataset_event' retrieved from /home/airflow/.local/lib/python3.12/site-packages/airflow/example_dags/example_inlet_event_extra.py
[2024-12-07T09:27:28.460+0000] {logging_mixin.py:190} INFO - [2024-12-07T09:27:28.460+0000] {dag.py:3239} INFO - Sync 2 DAGs
[2024-12-07T09:27:28.485+0000] {logging_mixin.py:190} INFO - [2024-12-07T09:27:28.484+0000] {dag.py:4180} INFO - Setting next_dagrun for read_dataset_event to 2024-12-06 00:00:00+00:00, run_after=2024-12-07 00:00:00+00:00
[2024-12-07T09:27:28.489+0000] {logging_mixin.py:190} INFO - [2024-12-07T09:27:28.488+0000] {dag.py:4180} INFO - Setting next_dagrun for read_dataset_event_from_classic to 2024-12-06 00:00:00+00:00, run_after=2024-12-07 00:00:00+00:00
[2024-12-07T09:27:28.499+0000] {processor.py:208} INFO - Processing /home/airflow/.local/lib/python3.12/site-packages/airflow/example_dags/example_inlet_event_extra.py took 0.576 seconds
