[2024-12-07T09:14:55.213+0000] {processor.py:186} INFO - Started process (PID=75) to work on /home/airflow/.local/lib/python3.12/site-packages/airflow/example_dags/example_bash_operator.py
[2024-12-07T09:14:55.214+0000] {processor.py:914} INFO - Processing file /home/airflow/.local/lib/python3.12/site-packages/airflow/example_dags/example_bash_operator.py for tasks to queue
[2024-12-07T09:14:55.221+0000] {logging_mixin.py:190} INFO - [2024-12-07T09:14:55.220+0000] {dagbag.py:588} INFO - Filling up the DagBag from /home/airflow/.local/lib/python3.12/site-packages/airflow/example_dags/example_bash_operator.py
[2024-12-07T09:14:55.245+0000] {processor.py:925} INFO - DAG(s) 'example_bash_operator' retrieved from /home/airflow/.local/lib/python3.12/site-packages/airflow/example_dags/example_bash_operator.py
[2024-12-07T09:14:55.445+0000] {logging_mixin.py:190} INFO - [2024-12-07T09:14:55.444+0000] {override.py:1911} INFO - Created Permission View: can delete on DAG:example_bash_operator
[2024-12-07T09:14:55.453+0000] {logging_mixin.py:190} INFO - [2024-12-07T09:14:55.453+0000] {override.py:1911} INFO - Created Permission View: can edit on DAG:example_bash_operator
[2024-12-07T09:14:55.459+0000] {logging_mixin.py:190} INFO - [2024-12-07T09:14:55.459+0000] {override.py:1911} INFO - Created Permission View: can read on DAG:example_bash_operator
[2024-12-07T09:14:55.464+0000] {logging_mixin.py:190} INFO - [2024-12-07T09:14:55.464+0000] {override.py:1911} INFO - Created Permission View: can delete on DAG Run:example_bash_operator
[2024-12-07T09:14:55.469+0000] {logging_mixin.py:190} INFO - [2024-12-07T09:14:55.469+0000] {override.py:1911} INFO - Created Permission View: menu access on DAG Run:example_bash_operator
[2024-12-07T09:14:55.474+0000] {logging_mixin.py:190} INFO - [2024-12-07T09:14:55.474+0000] {override.py:1911} INFO - Created Permission View: can create on DAG Run:example_bash_operator
[2024-12-07T09:14:55.479+0000] {logging_mixin.py:190} INFO - [2024-12-07T09:14:55.479+0000] {override.py:1911} INFO - Created Permission View: can read on DAG Run:example_bash_operator
[2024-12-07T09:14:55.480+0000] {logging_mixin.py:190} INFO - [2024-12-07T09:14:55.479+0000] {dag.py:3239} INFO - Sync 1 DAGs
[2024-12-07T09:14:55.491+0000] {logging_mixin.py:190} INFO - [2024-12-07T09:14:55.491+0000] {dag.py:3262} INFO - Creating ORM DAG for example_bash_operator
[2024-12-07T09:14:55.502+0000] {logging_mixin.py:190} INFO - [2024-12-07T09:14:55.501+0000] {dag.py:4180} INFO - Setting next_dagrun for example_bash_operator to 2024-12-06 00:00:00+00:00, run_after=2024-12-07 00:00:00+00:00
[2024-12-07T09:14:55.541+0000] {processor.py:208} INFO - Processing /home/airflow/.local/lib/python3.12/site-packages/airflow/example_dags/example_bash_operator.py took 0.334 seconds
[2024-12-07T09:15:25.908+0000] {processor.py:186} INFO - Started process (PID=138) to work on /home/airflow/.local/lib/python3.12/site-packages/airflow/example_dags/example_bash_operator.py
[2024-12-07T09:15:25.909+0000] {processor.py:914} INFO - Processing file /home/airflow/.local/lib/python3.12/site-packages/airflow/example_dags/example_bash_operator.py for tasks to queue
[2024-12-07T09:15:25.911+0000] {logging_mixin.py:190} INFO - [2024-12-07T09:15:25.910+0000] {dagbag.py:588} INFO - Filling up the DagBag from /home/airflow/.local/lib/python3.12/site-packages/airflow/example_dags/example_bash_operator.py
[2024-12-07T09:15:25.922+0000] {processor.py:925} INFO - DAG(s) 'example_bash_operator' retrieved from /home/airflow/.local/lib/python3.12/site-packages/airflow/example_dags/example_bash_operator.py
[2024-12-07T09:15:25.943+0000] {logging_mixin.py:190} INFO - [2024-12-07T09:15:25.943+0000] {dag.py:3239} INFO - Sync 1 DAGs
[2024-12-07T09:15:25.961+0000] {logging_mixin.py:190} INFO - [2024-12-07T09:15:25.961+0000] {dag.py:4180} INFO - Setting next_dagrun for example_bash_operator to 2024-12-06 00:00:00+00:00, run_after=2024-12-07 00:00:00+00:00
[2024-12-07T09:15:25.974+0000] {processor.py:208} INFO - Processing /home/airflow/.local/lib/python3.12/site-packages/airflow/example_dags/example_bash_operator.py took 0.070 seconds
[2024-12-07T09:15:56.970+0000] {processor.py:186} INFO - Started process (PID=201) to work on /home/airflow/.local/lib/python3.12/site-packages/airflow/example_dags/example_bash_operator.py
[2024-12-07T09:15:56.971+0000] {processor.py:914} INFO - Processing file /home/airflow/.local/lib/python3.12/site-packages/airflow/example_dags/example_bash_operator.py for tasks to queue
[2024-12-07T09:15:56.972+0000] {logging_mixin.py:190} INFO - [2024-12-07T09:15:56.972+0000] {dagbag.py:588} INFO - Filling up the DagBag from /home/airflow/.local/lib/python3.12/site-packages/airflow/example_dags/example_bash_operator.py
[2024-12-07T09:15:56.987+0000] {processor.py:925} INFO - DAG(s) 'example_bash_operator' retrieved from /home/airflow/.local/lib/python3.12/site-packages/airflow/example_dags/example_bash_operator.py
[2024-12-07T09:15:57.015+0000] {logging_mixin.py:190} INFO - [2024-12-07T09:15:57.015+0000] {dag.py:3239} INFO - Sync 1 DAGs
[2024-12-07T09:15:57.042+0000] {logging_mixin.py:190} INFO - [2024-12-07T09:15:57.042+0000] {dag.py:4180} INFO - Setting next_dagrun for example_bash_operator to 2024-12-06 00:00:00+00:00, run_after=2024-12-07 00:00:00+00:00
[2024-12-07T09:15:57.059+0000] {processor.py:208} INFO - Processing /home/airflow/.local/lib/python3.12/site-packages/airflow/example_dags/example_bash_operator.py took 0.093 seconds
[2024-12-07T09:16:27.164+0000] {processor.py:186} INFO - Started process (PID=265) to work on /home/airflow/.local/lib/python3.12/site-packages/airflow/example_dags/example_bash_operator.py
[2024-12-07T09:16:27.164+0000] {processor.py:914} INFO - Processing file /home/airflow/.local/lib/python3.12/site-packages/airflow/example_dags/example_bash_operator.py for tasks to queue
[2024-12-07T09:16:27.166+0000] {logging_mixin.py:190} INFO - [2024-12-07T09:16:27.166+0000] {dagbag.py:588} INFO - Filling up the DagBag from /home/airflow/.local/lib/python3.12/site-packages/airflow/example_dags/example_bash_operator.py
[2024-12-07T09:16:27.178+0000] {processor.py:925} INFO - DAG(s) 'example_bash_operator' retrieved from /home/airflow/.local/lib/python3.12/site-packages/airflow/example_dags/example_bash_operator.py
[2024-12-07T09:16:27.203+0000] {logging_mixin.py:190} INFO - [2024-12-07T09:16:27.203+0000] {dag.py:3239} INFO - Sync 1 DAGs
[2024-12-07T09:16:27.223+0000] {logging_mixin.py:190} INFO - [2024-12-07T09:16:27.222+0000] {dag.py:4180} INFO - Setting next_dagrun for example_bash_operator to 2024-12-06 00:00:00+00:00, run_after=2024-12-07 00:00:00+00:00
[2024-12-07T09:16:27.237+0000] {processor.py:208} INFO - Processing /home/airflow/.local/lib/python3.12/site-packages/airflow/example_dags/example_bash_operator.py took 0.078 seconds
[2024-12-07T09:16:57.859+0000] {processor.py:186} INFO - Started process (PID=327) to work on /home/airflow/.local/lib/python3.12/site-packages/airflow/example_dags/example_bash_operator.py
[2024-12-07T09:16:57.860+0000] {processor.py:914} INFO - Processing file /home/airflow/.local/lib/python3.12/site-packages/airflow/example_dags/example_bash_operator.py for tasks to queue
[2024-12-07T09:16:57.863+0000] {logging_mixin.py:190} INFO - [2024-12-07T09:16:57.862+0000] {dagbag.py:588} INFO - Filling up the DagBag from /home/airflow/.local/lib/python3.12/site-packages/airflow/example_dags/example_bash_operator.py
[2024-12-07T09:16:57.890+0000] {processor.py:925} INFO - DAG(s) 'example_bash_operator' retrieved from /home/airflow/.local/lib/python3.12/site-packages/airflow/example_dags/example_bash_operator.py
[2024-12-07T09:16:57.929+0000] {logging_mixin.py:190} INFO - [2024-12-07T09:16:57.929+0000] {dag.py:3239} INFO - Sync 1 DAGs
[2024-12-07T09:16:57.958+0000] {logging_mixin.py:190} INFO - [2024-12-07T09:16:57.957+0000] {dag.py:4180} INFO - Setting next_dagrun for example_bash_operator to 2024-12-06 00:00:00+00:00, run_after=2024-12-07 00:00:00+00:00
[2024-12-07T09:16:57.983+0000] {processor.py:208} INFO - Processing /home/airflow/.local/lib/python3.12/site-packages/airflow/example_dags/example_bash_operator.py took 0.131 seconds
[2024-12-07T09:17:28.751+0000] {processor.py:186} INFO - Started process (PID=390) to work on /home/airflow/.local/lib/python3.12/site-packages/airflow/example_dags/example_bash_operator.py
[2024-12-07T09:17:28.751+0000] {processor.py:914} INFO - Processing file /home/airflow/.local/lib/python3.12/site-packages/airflow/example_dags/example_bash_operator.py for tasks to queue
[2024-12-07T09:17:28.754+0000] {logging_mixin.py:190} INFO - [2024-12-07T09:17:28.753+0000] {dagbag.py:588} INFO - Filling up the DagBag from /home/airflow/.local/lib/python3.12/site-packages/airflow/example_dags/example_bash_operator.py
[2024-12-07T09:17:28.766+0000] {processor.py:925} INFO - DAG(s) 'example_bash_operator' retrieved from /home/airflow/.local/lib/python3.12/site-packages/airflow/example_dags/example_bash_operator.py
[2024-12-07T09:17:28.791+0000] {logging_mixin.py:190} INFO - [2024-12-07T09:17:28.791+0000] {dag.py:3239} INFO - Sync 1 DAGs
[2024-12-07T09:17:28.820+0000] {logging_mixin.py:190} INFO - [2024-12-07T09:17:28.819+0000] {dag.py:4180} INFO - Setting next_dagrun for example_bash_operator to 2024-12-06 00:00:00+00:00, run_after=2024-12-07 00:00:00+00:00
[2024-12-07T09:17:28.835+0000] {processor.py:208} INFO - Processing /home/airflow/.local/lib/python3.12/site-packages/airflow/example_dags/example_bash_operator.py took 0.090 seconds
[2024-12-07T09:17:59.324+0000] {processor.py:186} INFO - Started process (PID=453) to work on /home/airflow/.local/lib/python3.12/site-packages/airflow/example_dags/example_bash_operator.py
[2024-12-07T09:17:59.324+0000] {processor.py:914} INFO - Processing file /home/airflow/.local/lib/python3.12/site-packages/airflow/example_dags/example_bash_operator.py for tasks to queue
[2024-12-07T09:17:59.326+0000] {logging_mixin.py:190} INFO - [2024-12-07T09:17:59.326+0000] {dagbag.py:588} INFO - Filling up the DagBag from /home/airflow/.local/lib/python3.12/site-packages/airflow/example_dags/example_bash_operator.py
[2024-12-07T09:17:59.336+0000] {processor.py:925} INFO - DAG(s) 'example_bash_operator' retrieved from /home/airflow/.local/lib/python3.12/site-packages/airflow/example_dags/example_bash_operator.py
[2024-12-07T09:17:59.357+0000] {logging_mixin.py:190} INFO - [2024-12-07T09:17:59.356+0000] {dag.py:3239} INFO - Sync 1 DAGs
[2024-12-07T09:17:59.379+0000] {logging_mixin.py:190} INFO - [2024-12-07T09:17:59.379+0000] {dag.py:4180} INFO - Setting next_dagrun for example_bash_operator to 2024-12-06 00:00:00+00:00, run_after=2024-12-07 00:00:00+00:00
[2024-12-07T09:17:59.392+0000] {processor.py:208} INFO - Processing /home/airflow/.local/lib/python3.12/site-packages/airflow/example_dags/example_bash_operator.py took 0.073 seconds
[2024-12-07T09:18:29.499+0000] {processor.py:186} INFO - Started process (PID=516) to work on /home/airflow/.local/lib/python3.12/site-packages/airflow/example_dags/example_bash_operator.py
[2024-12-07T09:18:29.500+0000] {processor.py:914} INFO - Processing file /home/airflow/.local/lib/python3.12/site-packages/airflow/example_dags/example_bash_operator.py for tasks to queue
[2024-12-07T09:18:29.502+0000] {logging_mixin.py:190} INFO - [2024-12-07T09:18:29.502+0000] {dagbag.py:588} INFO - Filling up the DagBag from /home/airflow/.local/lib/python3.12/site-packages/airflow/example_dags/example_bash_operator.py
[2024-12-07T09:18:29.513+0000] {processor.py:925} INFO - DAG(s) 'example_bash_operator' retrieved from /home/airflow/.local/lib/python3.12/site-packages/airflow/example_dags/example_bash_operator.py
[2024-12-07T09:18:29.542+0000] {logging_mixin.py:190} INFO - [2024-12-07T09:18:29.542+0000] {dag.py:3239} INFO - Sync 1 DAGs
[2024-12-07T09:18:29.570+0000] {logging_mixin.py:190} INFO - [2024-12-07T09:18:29.569+0000] {dag.py:4180} INFO - Setting next_dagrun for example_bash_operator to 2024-12-06 00:00:00+00:00, run_after=2024-12-07 00:00:00+00:00
[2024-12-07T09:18:29.583+0000] {processor.py:208} INFO - Processing /home/airflow/.local/lib/python3.12/site-packages/airflow/example_dags/example_bash_operator.py took 0.090 seconds
[2024-12-07T09:18:59.706+0000] {processor.py:186} INFO - Started process (PID=579) to work on /home/airflow/.local/lib/python3.12/site-packages/airflow/example_dags/example_bash_operator.py
[2024-12-07T09:18:59.706+0000] {processor.py:914} INFO - Processing file /home/airflow/.local/lib/python3.12/site-packages/airflow/example_dags/example_bash_operator.py for tasks to queue
[2024-12-07T09:18:59.708+0000] {logging_mixin.py:190} INFO - [2024-12-07T09:18:59.708+0000] {dagbag.py:588} INFO - Filling up the DagBag from /home/airflow/.local/lib/python3.12/site-packages/airflow/example_dags/example_bash_operator.py
[2024-12-07T09:18:59.719+0000] {processor.py:925} INFO - DAG(s) 'example_bash_operator' retrieved from /home/airflow/.local/lib/python3.12/site-packages/airflow/example_dags/example_bash_operator.py
[2024-12-07T09:18:59.741+0000] {logging_mixin.py:190} INFO - [2024-12-07T09:18:59.741+0000] {dag.py:3239} INFO - Sync 1 DAGs
[2024-12-07T09:18:59.761+0000] {logging_mixin.py:190} INFO - [2024-12-07T09:18:59.761+0000] {dag.py:4180} INFO - Setting next_dagrun for example_bash_operator to 2024-12-06 00:00:00+00:00, run_after=2024-12-07 00:00:00+00:00
[2024-12-07T09:18:59.775+0000] {processor.py:208} INFO - Processing /home/airflow/.local/lib/python3.12/site-packages/airflow/example_dags/example_bash_operator.py took 0.074 seconds
[2024-12-07T09:19:30.089+0000] {processor.py:186} INFO - Started process (PID=642) to work on /home/airflow/.local/lib/python3.12/site-packages/airflow/example_dags/example_bash_operator.py
[2024-12-07T09:19:30.090+0000] {processor.py:914} INFO - Processing file /home/airflow/.local/lib/python3.12/site-packages/airflow/example_dags/example_bash_operator.py for tasks to queue
[2024-12-07T09:19:30.092+0000] {logging_mixin.py:190} INFO - [2024-12-07T09:19:30.091+0000] {dagbag.py:588} INFO - Filling up the DagBag from /home/airflow/.local/lib/python3.12/site-packages/airflow/example_dags/example_bash_operator.py
[2024-12-07T09:19:30.103+0000] {processor.py:925} INFO - DAG(s) 'example_bash_operator' retrieved from /home/airflow/.local/lib/python3.12/site-packages/airflow/example_dags/example_bash_operator.py
[2024-12-07T09:19:30.128+0000] {logging_mixin.py:190} INFO - [2024-12-07T09:19:30.128+0000] {dag.py:3239} INFO - Sync 1 DAGs
[2024-12-07T09:19:30.148+0000] {logging_mixin.py:190} INFO - [2024-12-07T09:19:30.148+0000] {dag.py:4180} INFO - Setting next_dagrun for example_bash_operator to 2024-12-06 00:00:00+00:00, run_after=2024-12-07 00:00:00+00:00
[2024-12-07T09:19:30.162+0000] {processor.py:208} INFO - Processing /home/airflow/.local/lib/python3.12/site-packages/airflow/example_dags/example_bash_operator.py took 0.078 seconds
[2024-12-07T09:20:00.527+0000] {processor.py:186} INFO - Started process (PID=705) to work on /home/airflow/.local/lib/python3.12/site-packages/airflow/example_dags/example_bash_operator.py
[2024-12-07T09:20:00.527+0000] {processor.py:914} INFO - Processing file /home/airflow/.local/lib/python3.12/site-packages/airflow/example_dags/example_bash_operator.py for tasks to queue
[2024-12-07T09:20:00.529+0000] {logging_mixin.py:190} INFO - [2024-12-07T09:20:00.529+0000] {dagbag.py:588} INFO - Filling up the DagBag from /home/airflow/.local/lib/python3.12/site-packages/airflow/example_dags/example_bash_operator.py
[2024-12-07T09:20:00.540+0000] {processor.py:925} INFO - DAG(s) 'example_bash_operator' retrieved from /home/airflow/.local/lib/python3.12/site-packages/airflow/example_dags/example_bash_operator.py
[2024-12-07T09:20:00.564+0000] {logging_mixin.py:190} INFO - [2024-12-07T09:20:00.563+0000] {dag.py:3239} INFO - Sync 1 DAGs
[2024-12-07T09:20:00.585+0000] {logging_mixin.py:190} INFO - [2024-12-07T09:20:00.585+0000] {dag.py:4180} INFO - Setting next_dagrun for example_bash_operator to 2024-12-06 00:00:00+00:00, run_after=2024-12-07 00:00:00+00:00
[2024-12-07T09:20:00.600+0000] {processor.py:208} INFO - Processing /home/airflow/.local/lib/python3.12/site-packages/airflow/example_dags/example_bash_operator.py took 0.079 seconds
[2024-12-07T09:20:30.950+0000] {processor.py:186} INFO - Started process (PID=768) to work on /home/airflow/.local/lib/python3.12/site-packages/airflow/example_dags/example_bash_operator.py
[2024-12-07T09:20:30.950+0000] {processor.py:914} INFO - Processing file /home/airflow/.local/lib/python3.12/site-packages/airflow/example_dags/example_bash_operator.py for tasks to queue
[2024-12-07T09:20:30.952+0000] {logging_mixin.py:190} INFO - [2024-12-07T09:20:30.952+0000] {dagbag.py:588} INFO - Filling up the DagBag from /home/airflow/.local/lib/python3.12/site-packages/airflow/example_dags/example_bash_operator.py
[2024-12-07T09:20:30.963+0000] {processor.py:925} INFO - DAG(s) 'example_bash_operator' retrieved from /home/airflow/.local/lib/python3.12/site-packages/airflow/example_dags/example_bash_operator.py
[2024-12-07T09:20:30.990+0000] {logging_mixin.py:190} INFO - [2024-12-07T09:20:30.989+0000] {dag.py:3239} INFO - Sync 1 DAGs
[2024-12-07T09:20:31.010+0000] {logging_mixin.py:190} INFO - [2024-12-07T09:20:31.010+0000] {dag.py:4180} INFO - Setting next_dagrun for example_bash_operator to 2024-12-06 00:00:00+00:00, run_after=2024-12-07 00:00:00+00:00
[2024-12-07T09:20:31.023+0000] {processor.py:208} INFO - Processing /home/airflow/.local/lib/python3.12/site-packages/airflow/example_dags/example_bash_operator.py took 0.077 seconds
[2024-12-07T09:21:01.920+0000] {processor.py:186} INFO - Started process (PID=831) to work on /home/airflow/.local/lib/python3.12/site-packages/airflow/example_dags/example_bash_operator.py
[2024-12-07T09:21:01.921+0000] {processor.py:914} INFO - Processing file /home/airflow/.local/lib/python3.12/site-packages/airflow/example_dags/example_bash_operator.py for tasks to queue
[2024-12-07T09:21:01.923+0000] {logging_mixin.py:190} INFO - [2024-12-07T09:21:01.923+0000] {dagbag.py:588} INFO - Filling up the DagBag from /home/airflow/.local/lib/python3.12/site-packages/airflow/example_dags/example_bash_operator.py
[2024-12-07T09:21:01.938+0000] {processor.py:925} INFO - DAG(s) 'example_bash_operator' retrieved from /home/airflow/.local/lib/python3.12/site-packages/airflow/example_dags/example_bash_operator.py
[2024-12-07T09:21:01.966+0000] {logging_mixin.py:190} INFO - [2024-12-07T09:21:01.966+0000] {dag.py:3239} INFO - Sync 1 DAGs
[2024-12-07T09:21:01.986+0000] {logging_mixin.py:190} INFO - [2024-12-07T09:21:01.985+0000] {dag.py:4180} INFO - Setting next_dagrun for example_bash_operator to 2024-12-06 00:00:00+00:00, run_after=2024-12-07 00:00:00+00:00
[2024-12-07T09:21:01.999+0000] {processor.py:208} INFO - Processing /home/airflow/.local/lib/python3.12/site-packages/airflow/example_dags/example_bash_operator.py took 0.085 seconds
[2024-12-07T09:21:32.336+0000] {processor.py:186} INFO - Started process (PID=894) to work on /home/airflow/.local/lib/python3.12/site-packages/airflow/example_dags/example_bash_operator.py
[2024-12-07T09:21:32.337+0000] {processor.py:914} INFO - Processing file /home/airflow/.local/lib/python3.12/site-packages/airflow/example_dags/example_bash_operator.py for tasks to queue
[2024-12-07T09:21:32.339+0000] {logging_mixin.py:190} INFO - [2024-12-07T09:21:32.339+0000] {dagbag.py:588} INFO - Filling up the DagBag from /home/airflow/.local/lib/python3.12/site-packages/airflow/example_dags/example_bash_operator.py
[2024-12-07T09:21:32.353+0000] {processor.py:925} INFO - DAG(s) 'example_bash_operator' retrieved from /home/airflow/.local/lib/python3.12/site-packages/airflow/example_dags/example_bash_operator.py
[2024-12-07T09:21:32.379+0000] {logging_mixin.py:190} INFO - [2024-12-07T09:21:32.379+0000] {dag.py:3239} INFO - Sync 1 DAGs
[2024-12-07T09:21:32.399+0000] {logging_mixin.py:190} INFO - [2024-12-07T09:21:32.398+0000] {dag.py:4180} INFO - Setting next_dagrun for example_bash_operator to 2024-12-06 00:00:00+00:00, run_after=2024-12-07 00:00:00+00:00
[2024-12-07T09:21:32.412+0000] {processor.py:208} INFO - Processing /home/airflow/.local/lib/python3.12/site-packages/airflow/example_dags/example_bash_operator.py took 0.082 seconds
[2024-12-07T09:22:02.667+0000] {processor.py:186} INFO - Started process (PID=957) to work on /home/airflow/.local/lib/python3.12/site-packages/airflow/example_dags/example_bash_operator.py
[2024-12-07T09:22:02.668+0000] {processor.py:914} INFO - Processing file /home/airflow/.local/lib/python3.12/site-packages/airflow/example_dags/example_bash_operator.py for tasks to queue
[2024-12-07T09:22:02.670+0000] {logging_mixin.py:190} INFO - [2024-12-07T09:22:02.670+0000] {dagbag.py:588} INFO - Filling up the DagBag from /home/airflow/.local/lib/python3.12/site-packages/airflow/example_dags/example_bash_operator.py
[2024-12-07T09:22:02.685+0000] {processor.py:925} INFO - DAG(s) 'example_bash_operator' retrieved from /home/airflow/.local/lib/python3.12/site-packages/airflow/example_dags/example_bash_operator.py
[2024-12-07T09:22:02.718+0000] {logging_mixin.py:190} INFO - [2024-12-07T09:22:02.717+0000] {dag.py:3239} INFO - Sync 1 DAGs
[2024-12-07T09:22:02.746+0000] {logging_mixin.py:190} INFO - [2024-12-07T09:22:02.746+0000] {dag.py:4180} INFO - Setting next_dagrun for example_bash_operator to 2024-12-06 00:00:00+00:00, run_after=2024-12-07 00:00:00+00:00
[2024-12-07T09:22:02.763+0000] {processor.py:208} INFO - Processing /home/airflow/.local/lib/python3.12/site-packages/airflow/example_dags/example_bash_operator.py took 0.102 seconds
[2024-12-07T09:22:33.423+0000] {processor.py:186} INFO - Started process (PID=1020) to work on /home/airflow/.local/lib/python3.12/site-packages/airflow/example_dags/example_bash_operator.py
[2024-12-07T09:22:33.424+0000] {processor.py:914} INFO - Processing file /home/airflow/.local/lib/python3.12/site-packages/airflow/example_dags/example_bash_operator.py for tasks to queue
[2024-12-07T09:22:33.425+0000] {logging_mixin.py:190} INFO - [2024-12-07T09:22:33.425+0000] {dagbag.py:588} INFO - Filling up the DagBag from /home/airflow/.local/lib/python3.12/site-packages/airflow/example_dags/example_bash_operator.py
[2024-12-07T09:22:33.435+0000] {processor.py:925} INFO - DAG(s) 'example_bash_operator' retrieved from /home/airflow/.local/lib/python3.12/site-packages/airflow/example_dags/example_bash_operator.py
[2024-12-07T09:22:33.461+0000] {logging_mixin.py:190} INFO - [2024-12-07T09:22:33.461+0000] {dag.py:3239} INFO - Sync 1 DAGs
[2024-12-07T09:22:33.481+0000] {logging_mixin.py:190} INFO - [2024-12-07T09:22:33.481+0000] {dag.py:4180} INFO - Setting next_dagrun for example_bash_operator to 2024-12-06 00:00:00+00:00, run_after=2024-12-07 00:00:00+00:00
[2024-12-07T09:22:33.497+0000] {processor.py:208} INFO - Processing /home/airflow/.local/lib/python3.12/site-packages/airflow/example_dags/example_bash_operator.py took 0.079 seconds
[2024-12-07T09:23:04.212+0000] {processor.py:186} INFO - Started process (PID=1083) to work on /home/airflow/.local/lib/python3.12/site-packages/airflow/example_dags/example_bash_operator.py
[2024-12-07T09:23:04.212+0000] {processor.py:914} INFO - Processing file /home/airflow/.local/lib/python3.12/site-packages/airflow/example_dags/example_bash_operator.py for tasks to queue
[2024-12-07T09:23:04.214+0000] {logging_mixin.py:190} INFO - [2024-12-07T09:23:04.214+0000] {dagbag.py:588} INFO - Filling up the DagBag from /home/airflow/.local/lib/python3.12/site-packages/airflow/example_dags/example_bash_operator.py
[2024-12-07T09:23:04.225+0000] {processor.py:925} INFO - DAG(s) 'example_bash_operator' retrieved from /home/airflow/.local/lib/python3.12/site-packages/airflow/example_dags/example_bash_operator.py
[2024-12-07T09:23:04.250+0000] {logging_mixin.py:190} INFO - [2024-12-07T09:23:04.250+0000] {dag.py:3239} INFO - Sync 1 DAGs
[2024-12-07T09:23:04.270+0000] {logging_mixin.py:190} INFO - [2024-12-07T09:23:04.270+0000] {dag.py:4180} INFO - Setting next_dagrun for example_bash_operator to 2024-12-06 00:00:00+00:00, run_after=2024-12-07 00:00:00+00:00
[2024-12-07T09:23:04.284+0000] {processor.py:208} INFO - Processing /home/airflow/.local/lib/python3.12/site-packages/airflow/example_dags/example_bash_operator.py took 0.077 seconds
[2024-12-07T09:23:35.008+0000] {processor.py:186} INFO - Started process (PID=1147) to work on /home/airflow/.local/lib/python3.12/site-packages/airflow/example_dags/example_bash_operator.py
[2024-12-07T09:23:35.009+0000] {processor.py:914} INFO - Processing file /home/airflow/.local/lib/python3.12/site-packages/airflow/example_dags/example_bash_operator.py for tasks to queue
[2024-12-07T09:23:35.011+0000] {logging_mixin.py:190} INFO - [2024-12-07T09:23:35.010+0000] {dagbag.py:588} INFO - Filling up the DagBag from /home/airflow/.local/lib/python3.12/site-packages/airflow/example_dags/example_bash_operator.py
[2024-12-07T09:23:35.023+0000] {processor.py:925} INFO - DAG(s) 'example_bash_operator' retrieved from /home/airflow/.local/lib/python3.12/site-packages/airflow/example_dags/example_bash_operator.py
[2024-12-07T09:23:35.045+0000] {logging_mixin.py:190} INFO - [2024-12-07T09:23:35.045+0000] {dag.py:3239} INFO - Sync 1 DAGs
[2024-12-07T09:23:35.066+0000] {logging_mixin.py:190} INFO - [2024-12-07T09:23:35.066+0000] {dag.py:4180} INFO - Setting next_dagrun for example_bash_operator to 2024-12-06 00:00:00+00:00, run_after=2024-12-07 00:00:00+00:00
[2024-12-07T09:23:35.081+0000] {processor.py:208} INFO - Processing /home/airflow/.local/lib/python3.12/site-packages/airflow/example_dags/example_bash_operator.py took 0.077 seconds
[2024-12-07T09:24:05.909+0000] {processor.py:186} INFO - Started process (PID=1210) to work on /home/airflow/.local/lib/python3.12/site-packages/airflow/example_dags/example_bash_operator.py
[2024-12-07T09:24:05.910+0000] {processor.py:914} INFO - Processing file /home/airflow/.local/lib/python3.12/site-packages/airflow/example_dags/example_bash_operator.py for tasks to queue
[2024-12-07T09:24:05.912+0000] {logging_mixin.py:190} INFO - [2024-12-07T09:24:05.911+0000] {dagbag.py:588} INFO - Filling up the DagBag from /home/airflow/.local/lib/python3.12/site-packages/airflow/example_dags/example_bash_operator.py
[2024-12-07T09:24:05.926+0000] {processor.py:925} INFO - DAG(s) 'example_bash_operator' retrieved from /home/airflow/.local/lib/python3.12/site-packages/airflow/example_dags/example_bash_operator.py
[2024-12-07T09:24:05.963+0000] {logging_mixin.py:190} INFO - [2024-12-07T09:24:05.963+0000] {dag.py:3239} INFO - Sync 1 DAGs
[2024-12-07T09:24:05.991+0000] {logging_mixin.py:190} INFO - [2024-12-07T09:24:05.991+0000] {dag.py:4180} INFO - Setting next_dagrun for example_bash_operator to 2024-12-06 00:00:00+00:00, run_after=2024-12-07 00:00:00+00:00
[2024-12-07T09:24:06.011+0000] {processor.py:208} INFO - Processing /home/airflow/.local/lib/python3.12/site-packages/airflow/example_dags/example_bash_operator.py took 0.106 seconds
[2024-12-07T09:24:36.193+0000] {processor.py:186} INFO - Started process (PID=1273) to work on /home/airflow/.local/lib/python3.12/site-packages/airflow/example_dags/example_bash_operator.py
[2024-12-07T09:24:36.194+0000] {processor.py:914} INFO - Processing file /home/airflow/.local/lib/python3.12/site-packages/airflow/example_dags/example_bash_operator.py for tasks to queue
[2024-12-07T09:24:36.196+0000] {logging_mixin.py:190} INFO - [2024-12-07T09:24:36.196+0000] {dagbag.py:588} INFO - Filling up the DagBag from /home/airflow/.local/lib/python3.12/site-packages/airflow/example_dags/example_bash_operator.py
[2024-12-07T09:24:36.211+0000] {processor.py:925} INFO - DAG(s) 'example_bash_operator' retrieved from /home/airflow/.local/lib/python3.12/site-packages/airflow/example_dags/example_bash_operator.py
[2024-12-07T09:24:36.242+0000] {logging_mixin.py:190} INFO - [2024-12-07T09:24:36.241+0000] {dag.py:3239} INFO - Sync 1 DAGs
[2024-12-07T09:24:36.265+0000] {logging_mixin.py:190} INFO - [2024-12-07T09:24:36.265+0000] {dag.py:4180} INFO - Setting next_dagrun for example_bash_operator to 2024-12-06 00:00:00+00:00, run_after=2024-12-07 00:00:00+00:00
[2024-12-07T09:24:36.282+0000] {processor.py:208} INFO - Processing /home/airflow/.local/lib/python3.12/site-packages/airflow/example_dags/example_bash_operator.py took 0.094 seconds
[2024-12-07T09:25:06.582+0000] {processor.py:186} INFO - Started process (PID=1336) to work on /home/airflow/.local/lib/python3.12/site-packages/airflow/example_dags/example_bash_operator.py
[2024-12-07T09:25:06.582+0000] {processor.py:914} INFO - Processing file /home/airflow/.local/lib/python3.12/site-packages/airflow/example_dags/example_bash_operator.py for tasks to queue
[2024-12-07T09:25:06.584+0000] {logging_mixin.py:190} INFO - [2024-12-07T09:25:06.584+0000] {dagbag.py:588} INFO - Filling up the DagBag from /home/airflow/.local/lib/python3.12/site-packages/airflow/example_dags/example_bash_operator.py
[2024-12-07T09:25:06.594+0000] {processor.py:925} INFO - DAG(s) 'example_bash_operator' retrieved from /home/airflow/.local/lib/python3.12/site-packages/airflow/example_dags/example_bash_operator.py
[2024-12-07T09:25:06.615+0000] {logging_mixin.py:190} INFO - [2024-12-07T09:25:06.615+0000] {dag.py:3239} INFO - Sync 1 DAGs
[2024-12-07T09:25:06.634+0000] {logging_mixin.py:190} INFO - [2024-12-07T09:25:06.634+0000] {dag.py:4180} INFO - Setting next_dagrun for example_bash_operator to 2024-12-06 00:00:00+00:00, run_after=2024-12-07 00:00:00+00:00
[2024-12-07T09:25:06.647+0000] {processor.py:208} INFO - Processing /home/airflow/.local/lib/python3.12/site-packages/airflow/example_dags/example_bash_operator.py took 0.069 seconds
[2024-12-07T09:25:36.883+0000] {processor.py:186} INFO - Started process (PID=1399) to work on /home/airflow/.local/lib/python3.12/site-packages/airflow/example_dags/example_bash_operator.py
[2024-12-07T09:25:36.884+0000] {processor.py:914} INFO - Processing file /home/airflow/.local/lib/python3.12/site-packages/airflow/example_dags/example_bash_operator.py for tasks to queue
[2024-12-07T09:25:36.885+0000] {logging_mixin.py:190} INFO - [2024-12-07T09:25:36.885+0000] {dagbag.py:588} INFO - Filling up the DagBag from /home/airflow/.local/lib/python3.12/site-packages/airflow/example_dags/example_bash_operator.py
[2024-12-07T09:25:36.896+0000] {processor.py:925} INFO - DAG(s) 'example_bash_operator' retrieved from /home/airflow/.local/lib/python3.12/site-packages/airflow/example_dags/example_bash_operator.py
[2024-12-07T09:25:36.917+0000] {logging_mixin.py:190} INFO - [2024-12-07T09:25:36.917+0000] {dag.py:3239} INFO - Sync 1 DAGs
[2024-12-07T09:25:36.938+0000] {logging_mixin.py:190} INFO - [2024-12-07T09:25:36.938+0000] {dag.py:4180} INFO - Setting next_dagrun for example_bash_operator to 2024-12-06 00:00:00+00:00, run_after=2024-12-07 00:00:00+00:00
[2024-12-07T09:25:36.951+0000] {processor.py:208} INFO - Processing /home/airflow/.local/lib/python3.12/site-packages/airflow/example_dags/example_bash_operator.py took 0.072 seconds
[2024-12-07T09:26:07.140+0000] {processor.py:186} INFO - Started process (PID=1462) to work on /home/airflow/.local/lib/python3.12/site-packages/airflow/example_dags/example_bash_operator.py
[2024-12-07T09:26:07.140+0000] {processor.py:914} INFO - Processing file /home/airflow/.local/lib/python3.12/site-packages/airflow/example_dags/example_bash_operator.py for tasks to queue
[2024-12-07T09:26:07.142+0000] {logging_mixin.py:190} INFO - [2024-12-07T09:26:07.142+0000] {dagbag.py:588} INFO - Filling up the DagBag from /home/airflow/.local/lib/python3.12/site-packages/airflow/example_dags/example_bash_operator.py
[2024-12-07T09:26:07.157+0000] {processor.py:925} INFO - DAG(s) 'example_bash_operator' retrieved from /home/airflow/.local/lib/python3.12/site-packages/airflow/example_dags/example_bash_operator.py
[2024-12-07T09:26:07.187+0000] {logging_mixin.py:190} INFO - [2024-12-07T09:26:07.187+0000] {dag.py:3239} INFO - Sync 1 DAGs
[2024-12-07T09:26:07.205+0000] {logging_mixin.py:190} INFO - [2024-12-07T09:26:07.205+0000] {dag.py:4180} INFO - Setting next_dagrun for example_bash_operator to 2024-12-06 00:00:00+00:00, run_after=2024-12-07 00:00:00+00:00
[2024-12-07T09:26:07.218+0000] {processor.py:208} INFO - Processing /home/airflow/.local/lib/python3.12/site-packages/airflow/example_dags/example_bash_operator.py took 0.085 seconds
[2024-12-07T09:26:37.461+0000] {processor.py:186} INFO - Started process (PID=1525) to work on /home/airflow/.local/lib/python3.12/site-packages/airflow/example_dags/example_bash_operator.py
[2024-12-07T09:26:37.462+0000] {processor.py:914} INFO - Processing file /home/airflow/.local/lib/python3.12/site-packages/airflow/example_dags/example_bash_operator.py for tasks to queue
[2024-12-07T09:26:37.463+0000] {logging_mixin.py:190} INFO - [2024-12-07T09:26:37.463+0000] {dagbag.py:588} INFO - Filling up the DagBag from /home/airflow/.local/lib/python3.12/site-packages/airflow/example_dags/example_bash_operator.py
[2024-12-07T09:26:37.474+0000] {processor.py:925} INFO - DAG(s) 'example_bash_operator' retrieved from /home/airflow/.local/lib/python3.12/site-packages/airflow/example_dags/example_bash_operator.py
[2024-12-07T09:26:37.495+0000] {logging_mixin.py:190} INFO - [2024-12-07T09:26:37.495+0000] {dag.py:3239} INFO - Sync 1 DAGs
[2024-12-07T09:26:37.518+0000] {logging_mixin.py:190} INFO - [2024-12-07T09:26:37.518+0000] {dag.py:4180} INFO - Setting next_dagrun for example_bash_operator to 2024-12-06 00:00:00+00:00, run_after=2024-12-07 00:00:00+00:00
[2024-12-07T09:26:37.531+0000] {processor.py:208} INFO - Processing /home/airflow/.local/lib/python3.12/site-packages/airflow/example_dags/example_bash_operator.py took 0.074 seconds
[2024-12-07T09:27:07.714+0000] {processor.py:186} INFO - Started process (PID=1588) to work on /home/airflow/.local/lib/python3.12/site-packages/airflow/example_dags/example_bash_operator.py
[2024-12-07T09:27:07.715+0000] {processor.py:914} INFO - Processing file /home/airflow/.local/lib/python3.12/site-packages/airflow/example_dags/example_bash_operator.py for tasks to queue
[2024-12-07T09:27:07.716+0000] {logging_mixin.py:190} INFO - [2024-12-07T09:27:07.716+0000] {dagbag.py:588} INFO - Filling up the DagBag from /home/airflow/.local/lib/python3.12/site-packages/airflow/example_dags/example_bash_operator.py
[2024-12-07T09:27:07.727+0000] {processor.py:925} INFO - DAG(s) 'example_bash_operator' retrieved from /home/airflow/.local/lib/python3.12/site-packages/airflow/example_dags/example_bash_operator.py
[2024-12-07T09:27:07.750+0000] {logging_mixin.py:190} INFO - [2024-12-07T09:27:07.750+0000] {dag.py:3239} INFO - Sync 1 DAGs
[2024-12-07T09:27:07.769+0000] {logging_mixin.py:190} INFO - [2024-12-07T09:27:07.769+0000] {dag.py:4180} INFO - Setting next_dagrun for example_bash_operator to 2024-12-06 00:00:00+00:00, run_after=2024-12-07 00:00:00+00:00
[2024-12-07T09:27:07.783+0000] {processor.py:208} INFO - Processing /home/airflow/.local/lib/python3.12/site-packages/airflow/example_dags/example_bash_operator.py took 0.073 seconds
[2024-12-07T09:27:37.901+0000] {processor.py:186} INFO - Started process (PID=1651) to work on /home/airflow/.local/lib/python3.12/site-packages/airflow/example_dags/example_bash_operator.py
[2024-12-07T09:27:37.902+0000] {processor.py:914} INFO - Processing file /home/airflow/.local/lib/python3.12/site-packages/airflow/example_dags/example_bash_operator.py for tasks to queue
[2024-12-07T09:27:37.903+0000] {logging_mixin.py:190} INFO - [2024-12-07T09:27:37.903+0000] {dagbag.py:588} INFO - Filling up the DagBag from /home/airflow/.local/lib/python3.12/site-packages/airflow/example_dags/example_bash_operator.py
[2024-12-07T09:27:37.914+0000] {processor.py:925} INFO - DAG(s) 'example_bash_operator' retrieved from /home/airflow/.local/lib/python3.12/site-packages/airflow/example_dags/example_bash_operator.py
[2024-12-07T09:27:37.939+0000] {logging_mixin.py:190} INFO - [2024-12-07T09:27:37.939+0000] {dag.py:3239} INFO - Sync 1 DAGs
[2024-12-07T09:27:37.963+0000] {logging_mixin.py:190} INFO - [2024-12-07T09:27:37.962+0000] {dag.py:4180} INFO - Setting next_dagrun for example_bash_operator to 2024-12-06 00:00:00+00:00, run_after=2024-12-07 00:00:00+00:00
[2024-12-07T09:27:37.979+0000] {processor.py:208} INFO - Processing /home/airflow/.local/lib/python3.12/site-packages/airflow/example_dags/example_bash_operator.py took 0.082 seconds
