[2024-12-07T09:14:57.797+0000] {processor.py:186} INFO - Started process (PID=88) to work on /home/airflow/.local/lib/python3.12/site-packages/airflow/example_dags/example_dataset_alias.py
[2024-12-07T09:14:57.798+0000] {processor.py:914} INFO - Processing file /home/airflow/.local/lib/python3.12/site-packages/airflow/example_dags/example_dataset_alias.py for tasks to queue
[2024-12-07T09:14:57.800+0000] {logging_mixin.py:190} INFO - [2024-12-07T09:14:57.800+0000] {dagbag.py:588} INFO - Filling up the DagBag from /home/airflow/.local/lib/python3.12/site-packages/airflow/example_dags/example_dataset_alias.py
[2024-12-07T09:14:59.369+0000] {processor.py:925} INFO - DAG(s) 'dataset_s3_bucket_consumer', 'dataset_s3_bucket_producer', 'dataset_alias_example_alias_producer', 'dataset_alias_example_alias_consumer' retrieved from /home/airflow/.local/lib/python3.12/site-packages/airflow/example_dags/example_dataset_alias.py
[2024-12-07T09:14:59.507+0000] {logging_mixin.py:190} INFO - [2024-12-07T09:14:59.506+0000] {override.py:1911} INFO - Created Permission View: can delete on DAG:dataset_s3_bucket_consumer
[2024-12-07T09:14:59.517+0000] {logging_mixin.py:190} INFO - [2024-12-07T09:14:59.517+0000] {override.py:1911} INFO - Created Permission View: can edit on DAG:dataset_s3_bucket_consumer
[2024-12-07T09:14:59.523+0000] {logging_mixin.py:190} INFO - [2024-12-07T09:14:59.522+0000] {override.py:1911} INFO - Created Permission View: can read on DAG:dataset_s3_bucket_consumer
[2024-12-07T09:14:59.529+0000] {logging_mixin.py:190} INFO - [2024-12-07T09:14:59.528+0000] {override.py:1911} INFO - Created Permission View: can delete on DAG Run:dataset_s3_bucket_consumer
[2024-12-07T09:14:59.535+0000] {logging_mixin.py:190} INFO - [2024-12-07T09:14:59.534+0000] {override.py:1911} INFO - Created Permission View: menu access on DAG Run:dataset_s3_bucket_consumer
[2024-12-07T09:14:59.540+0000] {logging_mixin.py:190} INFO - [2024-12-07T09:14:59.540+0000] {override.py:1911} INFO - Created Permission View: can create on DAG Run:dataset_s3_bucket_consumer
[2024-12-07T09:14:59.546+0000] {logging_mixin.py:190} INFO - [2024-12-07T09:14:59.546+0000] {override.py:1911} INFO - Created Permission View: can read on DAG Run:dataset_s3_bucket_consumer
[2024-12-07T09:14:59.558+0000] {logging_mixin.py:190} INFO - [2024-12-07T09:14:59.557+0000] {override.py:1911} INFO - Created Permission View: can delete on DAG:dataset_s3_bucket_producer
[2024-12-07T09:14:59.564+0000] {logging_mixin.py:190} INFO - [2024-12-07T09:14:59.563+0000] {override.py:1911} INFO - Created Permission View: can edit on DAG:dataset_s3_bucket_producer
[2024-12-07T09:14:59.569+0000] {logging_mixin.py:190} INFO - [2024-12-07T09:14:59.569+0000] {override.py:1911} INFO - Created Permission View: can read on DAG:dataset_s3_bucket_producer
[2024-12-07T09:14:59.575+0000] {logging_mixin.py:190} INFO - [2024-12-07T09:14:59.575+0000] {override.py:1911} INFO - Created Permission View: can delete on DAG Run:dataset_s3_bucket_producer
[2024-12-07T09:14:59.580+0000] {logging_mixin.py:190} INFO - [2024-12-07T09:14:59.580+0000] {override.py:1911} INFO - Created Permission View: menu access on DAG Run:dataset_s3_bucket_producer
[2024-12-07T09:14:59.586+0000] {logging_mixin.py:190} INFO - [2024-12-07T09:14:59.586+0000] {override.py:1911} INFO - Created Permission View: can create on DAG Run:dataset_s3_bucket_producer
[2024-12-07T09:14:59.592+0000] {logging_mixin.py:190} INFO - [2024-12-07T09:14:59.592+0000] {override.py:1911} INFO - Created Permission View: can read on DAG Run:dataset_s3_bucket_producer
[2024-12-07T09:14:59.605+0000] {logging_mixin.py:190} INFO - [2024-12-07T09:14:59.605+0000] {override.py:1911} INFO - Created Permission View: can delete on DAG:dataset_alias_example_alias_producer
[2024-12-07T09:14:59.612+0000] {logging_mixin.py:190} INFO - [2024-12-07T09:14:59.612+0000] {override.py:1911} INFO - Created Permission View: can edit on DAG:dataset_alias_example_alias_producer
[2024-12-07T09:14:59.618+0000] {logging_mixin.py:190} INFO - [2024-12-07T09:14:59.617+0000] {override.py:1911} INFO - Created Permission View: can read on DAG:dataset_alias_example_alias_producer
[2024-12-07T09:14:59.623+0000] {logging_mixin.py:190} INFO - [2024-12-07T09:14:59.623+0000] {override.py:1911} INFO - Created Permission View: can delete on DAG Run:dataset_alias_example_alias_producer
[2024-12-07T09:14:59.628+0000] {logging_mixin.py:190} INFO - [2024-12-07T09:14:59.628+0000] {override.py:1911} INFO - Created Permission View: menu access on DAG Run:dataset_alias_example_alias_producer
[2024-12-07T09:14:59.634+0000] {logging_mixin.py:190} INFO - [2024-12-07T09:14:59.634+0000] {override.py:1911} INFO - Created Permission View: can create on DAG Run:dataset_alias_example_alias_producer
[2024-12-07T09:14:59.640+0000] {logging_mixin.py:190} INFO - [2024-12-07T09:14:59.639+0000] {override.py:1911} INFO - Created Permission View: can read on DAG Run:dataset_alias_example_alias_producer
[2024-12-07T09:14:59.651+0000] {logging_mixin.py:190} INFO - [2024-12-07T09:14:59.650+0000] {override.py:1911} INFO - Created Permission View: can delete on DAG:dataset_alias_example_alias_consumer
[2024-12-07T09:14:59.656+0000] {logging_mixin.py:190} INFO - [2024-12-07T09:14:59.656+0000] {override.py:1911} INFO - Created Permission View: can edit on DAG:dataset_alias_example_alias_consumer
[2024-12-07T09:14:59.662+0000] {logging_mixin.py:190} INFO - [2024-12-07T09:14:59.662+0000] {override.py:1911} INFO - Created Permission View: can read on DAG:dataset_alias_example_alias_consumer
[2024-12-07T09:14:59.667+0000] {logging_mixin.py:190} INFO - [2024-12-07T09:14:59.667+0000] {override.py:1911} INFO - Created Permission View: can delete on DAG Run:dataset_alias_example_alias_consumer
[2024-12-07T09:14:59.673+0000] {logging_mixin.py:190} INFO - [2024-12-07T09:14:59.673+0000] {override.py:1911} INFO - Created Permission View: menu access on DAG Run:dataset_alias_example_alias_consumer
[2024-12-07T09:14:59.679+0000] {logging_mixin.py:190} INFO - [2024-12-07T09:14:59.679+0000] {override.py:1911} INFO - Created Permission View: can create on DAG Run:dataset_alias_example_alias_consumer
[2024-12-07T09:14:59.685+0000] {logging_mixin.py:190} INFO - [2024-12-07T09:14:59.684+0000] {override.py:1911} INFO - Created Permission View: can read on DAG Run:dataset_alias_example_alias_consumer
[2024-12-07T09:14:59.686+0000] {logging_mixin.py:190} INFO - [2024-12-07T09:14:59.685+0000] {dag.py:3239} INFO - Sync 4 DAGs
[2024-12-07T09:14:59.702+0000] {logging_mixin.py:190} INFO - [2024-12-07T09:14:59.702+0000] {dag.py:3262} INFO - Creating ORM DAG for dataset_s3_bucket_consumer
[2024-12-07T09:14:59.703+0000] {logging_mixin.py:190} INFO - [2024-12-07T09:14:59.703+0000] {dag.py:3262} INFO - Creating ORM DAG for dataset_alias_example_alias_consumer
[2024-12-07T09:14:59.704+0000] {logging_mixin.py:190} INFO - [2024-12-07T09:14:59.704+0000] {dag.py:3262} INFO - Creating ORM DAG for dataset_alias_example_alias_producer
[2024-12-07T09:14:59.704+0000] {logging_mixin.py:190} INFO - [2024-12-07T09:14:59.704+0000] {dag.py:3262} INFO - Creating ORM DAG for dataset_s3_bucket_producer
[2024-12-07T09:14:59.714+0000] {logging_mixin.py:190} INFO - [2024-12-07T09:14:59.714+0000] {dag.py:4180} INFO - Setting next_dagrun for dataset_alias_example_alias_consumer to None, run_after=None
[2024-12-07T09:14:59.715+0000] {logging_mixin.py:190} INFO - [2024-12-07T09:14:59.715+0000] {dag.py:4180} INFO - Setting next_dagrun for dataset_alias_example_alias_producer to None, run_after=None
[2024-12-07T09:14:59.715+0000] {logging_mixin.py:190} INFO - [2024-12-07T09:14:59.715+0000] {dag.py:4180} INFO - Setting next_dagrun for dataset_s3_bucket_consumer to None, run_after=None
[2024-12-07T09:14:59.716+0000] {logging_mixin.py:190} INFO - [2024-12-07T09:14:59.716+0000] {dag.py:4180} INFO - Setting next_dagrun for dataset_s3_bucket_producer to None, run_after=None
[2024-12-07T09:14:59.743+0000] {processor.py:208} INFO - Processing /home/airflow/.local/lib/python3.12/site-packages/airflow/example_dags/example_dataset_alias.py took 1.952 seconds
[2024-12-07T09:15:29.805+0000] {processor.py:186} INFO - Started process (PID=154) to work on /home/airflow/.local/lib/python3.12/site-packages/airflow/example_dags/example_dataset_alias.py
[2024-12-07T09:15:29.805+0000] {processor.py:914} INFO - Processing file /home/airflow/.local/lib/python3.12/site-packages/airflow/example_dags/example_dataset_alias.py for tasks to queue
[2024-12-07T09:15:29.807+0000] {logging_mixin.py:190} INFO - [2024-12-07T09:15:29.807+0000] {dagbag.py:588} INFO - Filling up the DagBag from /home/airflow/.local/lib/python3.12/site-packages/airflow/example_dags/example_dataset_alias.py
[2024-12-07T09:15:30.330+0000] {processor.py:925} INFO - DAG(s) 'dataset_s3_bucket_producer', 'dataset_alias_example_alias_producer', 'dataset_s3_bucket_consumer', 'dataset_alias_example_alias_consumer' retrieved from /home/airflow/.local/lib/python3.12/site-packages/airflow/example_dags/example_dataset_alias.py
[2024-12-07T09:15:30.345+0000] {logging_mixin.py:190} INFO - [2024-12-07T09:15:30.344+0000] {dag.py:3239} INFO - Sync 4 DAGs
[2024-12-07T09:15:30.362+0000] {logging_mixin.py:190} INFO - [2024-12-07T09:15:30.362+0000] {dag.py:4180} INFO - Setting next_dagrun for dataset_alias_example_alias_consumer to None, run_after=None
[2024-12-07T09:15:30.364+0000] {logging_mixin.py:190} INFO - [2024-12-07T09:15:30.364+0000] {dag.py:4180} INFO - Setting next_dagrun for dataset_alias_example_alias_producer to None, run_after=None
[2024-12-07T09:15:30.365+0000] {logging_mixin.py:190} INFO - [2024-12-07T09:15:30.365+0000] {dag.py:4180} INFO - Setting next_dagrun for dataset_s3_bucket_consumer to None, run_after=None
[2024-12-07T09:15:30.366+0000] {logging_mixin.py:190} INFO - [2024-12-07T09:15:30.366+0000] {dag.py:4180} INFO - Setting next_dagrun for dataset_s3_bucket_producer to None, run_after=None
[2024-12-07T09:15:30.380+0000] {processor.py:208} INFO - Processing /home/airflow/.local/lib/python3.12/site-packages/airflow/example_dags/example_dataset_alias.py took 0.580 seconds
[2024-12-07T09:16:00.937+0000] {processor.py:186} INFO - Started process (PID=217) to work on /home/airflow/.local/lib/python3.12/site-packages/airflow/example_dags/example_dataset_alias.py
[2024-12-07T09:16:00.938+0000] {processor.py:914} INFO - Processing file /home/airflow/.local/lib/python3.12/site-packages/airflow/example_dags/example_dataset_alias.py for tasks to queue
[2024-12-07T09:16:00.939+0000] {logging_mixin.py:190} INFO - [2024-12-07T09:16:00.939+0000] {dagbag.py:588} INFO - Filling up the DagBag from /home/airflow/.local/lib/python3.12/site-packages/airflow/example_dags/example_dataset_alias.py
[2024-12-07T09:16:01.526+0000] {processor.py:925} INFO - DAG(s) 'dataset_alias_example_alias_producer', 'dataset_s3_bucket_consumer', 'dataset_s3_bucket_producer', 'dataset_alias_example_alias_consumer' retrieved from /home/airflow/.local/lib/python3.12/site-packages/airflow/example_dags/example_dataset_alias.py
[2024-12-07T09:16:01.542+0000] {logging_mixin.py:190} INFO - [2024-12-07T09:16:01.542+0000] {dag.py:3239} INFO - Sync 4 DAGs
[2024-12-07T09:16:01.567+0000] {logging_mixin.py:190} INFO - [2024-12-07T09:16:01.566+0000] {dag.py:4180} INFO - Setting next_dagrun for dataset_alias_example_alias_consumer to None, run_after=None
[2024-12-07T09:16:01.569+0000] {logging_mixin.py:190} INFO - [2024-12-07T09:16:01.569+0000] {dag.py:4180} INFO - Setting next_dagrun for dataset_alias_example_alias_producer to None, run_after=None
[2024-12-07T09:16:01.571+0000] {logging_mixin.py:190} INFO - [2024-12-07T09:16:01.571+0000] {dag.py:4180} INFO - Setting next_dagrun for dataset_s3_bucket_consumer to None, run_after=None
[2024-12-07T09:16:01.572+0000] {logging_mixin.py:190} INFO - [2024-12-07T09:16:01.572+0000] {dag.py:4180} INFO - Setting next_dagrun for dataset_s3_bucket_producer to None, run_after=None
[2024-12-07T09:16:01.593+0000] {processor.py:208} INFO - Processing /home/airflow/.local/lib/python3.12/site-packages/airflow/example_dags/example_dataset_alias.py took 0.660 seconds
[2024-12-07T09:16:32.186+0000] {processor.py:186} INFO - Started process (PID=282) to work on /home/airflow/.local/lib/python3.12/site-packages/airflow/example_dags/example_dataset_alias.py
[2024-12-07T09:16:32.187+0000] {processor.py:914} INFO - Processing file /home/airflow/.local/lib/python3.12/site-packages/airflow/example_dags/example_dataset_alias.py for tasks to queue
[2024-12-07T09:16:32.189+0000] {logging_mixin.py:190} INFO - [2024-12-07T09:16:32.188+0000] {dagbag.py:588} INFO - Filling up the DagBag from /home/airflow/.local/lib/python3.12/site-packages/airflow/example_dags/example_dataset_alias.py
[2024-12-07T09:16:32.753+0000] {processor.py:925} INFO - DAG(s) 'dataset_alias_example_alias_consumer', 'dataset_alias_example_alias_producer', 'dataset_s3_bucket_consumer', 'dataset_s3_bucket_producer' retrieved from /home/airflow/.local/lib/python3.12/site-packages/airflow/example_dags/example_dataset_alias.py
[2024-12-07T09:16:32.769+0000] {logging_mixin.py:190} INFO - [2024-12-07T09:16:32.769+0000] {dag.py:3239} INFO - Sync 4 DAGs
[2024-12-07T09:16:32.787+0000] {logging_mixin.py:190} INFO - [2024-12-07T09:16:32.786+0000] {dag.py:4180} INFO - Setting next_dagrun for dataset_alias_example_alias_consumer to None, run_after=None
[2024-12-07T09:16:32.788+0000] {logging_mixin.py:190} INFO - [2024-12-07T09:16:32.788+0000] {dag.py:4180} INFO - Setting next_dagrun for dataset_alias_example_alias_producer to None, run_after=None
[2024-12-07T09:16:32.789+0000] {logging_mixin.py:190} INFO - [2024-12-07T09:16:32.789+0000] {dag.py:4180} INFO - Setting next_dagrun for dataset_s3_bucket_consumer to None, run_after=None
[2024-12-07T09:16:32.790+0000] {logging_mixin.py:190} INFO - [2024-12-07T09:16:32.790+0000] {dag.py:4180} INFO - Setting next_dagrun for dataset_s3_bucket_producer to None, run_after=None
[2024-12-07T09:16:32.807+0000] {processor.py:208} INFO - Processing /home/airflow/.local/lib/python3.12/site-packages/airflow/example_dags/example_dataset_alias.py took 0.625 seconds
[2024-12-07T09:17:02.950+0000] {processor.py:186} INFO - Started process (PID=345) to work on /home/airflow/.local/lib/python3.12/site-packages/airflow/example_dags/example_dataset_alias.py
[2024-12-07T09:17:02.950+0000] {processor.py:914} INFO - Processing file /home/airflow/.local/lib/python3.12/site-packages/airflow/example_dags/example_dataset_alias.py for tasks to queue
[2024-12-07T09:17:02.952+0000] {logging_mixin.py:190} INFO - [2024-12-07T09:17:02.952+0000] {dagbag.py:588} INFO - Filling up the DagBag from /home/airflow/.local/lib/python3.12/site-packages/airflow/example_dags/example_dataset_alias.py
[2024-12-07T09:17:03.585+0000] {processor.py:925} INFO - DAG(s) 'dataset_alias_example_alias_producer', 'dataset_s3_bucket_consumer', 'dataset_alias_example_alias_consumer', 'dataset_s3_bucket_producer' retrieved from /home/airflow/.local/lib/python3.12/site-packages/airflow/example_dags/example_dataset_alias.py
[2024-12-07T09:17:03.604+0000] {logging_mixin.py:190} INFO - [2024-12-07T09:17:03.603+0000] {dag.py:3239} INFO - Sync 4 DAGs
[2024-12-07T09:17:03.627+0000] {logging_mixin.py:190} INFO - [2024-12-07T09:17:03.627+0000] {dag.py:4180} INFO - Setting next_dagrun for dataset_alias_example_alias_consumer to None, run_after=None
[2024-12-07T09:17:03.629+0000] {logging_mixin.py:190} INFO - [2024-12-07T09:17:03.629+0000] {dag.py:4180} INFO - Setting next_dagrun for dataset_alias_example_alias_producer to None, run_after=None
[2024-12-07T09:17:03.630+0000] {logging_mixin.py:190} INFO - [2024-12-07T09:17:03.630+0000] {dag.py:4180} INFO - Setting next_dagrun for dataset_s3_bucket_consumer to None, run_after=None
[2024-12-07T09:17:03.631+0000] {logging_mixin.py:190} INFO - [2024-12-07T09:17:03.631+0000] {dag.py:4180} INFO - Setting next_dagrun for dataset_s3_bucket_producer to None, run_after=None
[2024-12-07T09:17:03.649+0000] {processor.py:208} INFO - Processing /home/airflow/.local/lib/python3.12/site-packages/airflow/example_dags/example_dataset_alias.py took 0.704 seconds
[2024-12-07T09:17:33.813+0000] {processor.py:186} INFO - Started process (PID=408) to work on /home/airflow/.local/lib/python3.12/site-packages/airflow/example_dags/example_dataset_alias.py
[2024-12-07T09:17:33.814+0000] {processor.py:914} INFO - Processing file /home/airflow/.local/lib/python3.12/site-packages/airflow/example_dags/example_dataset_alias.py for tasks to queue
[2024-12-07T09:17:33.816+0000] {logging_mixin.py:190} INFO - [2024-12-07T09:17:33.815+0000] {dagbag.py:588} INFO - Filling up the DagBag from /home/airflow/.local/lib/python3.12/site-packages/airflow/example_dags/example_dataset_alias.py
[2024-12-07T09:17:34.476+0000] {processor.py:925} INFO - DAG(s) 'dataset_alias_example_alias_consumer', 'dataset_alias_example_alias_producer', 'dataset_s3_bucket_consumer', 'dataset_s3_bucket_producer' retrieved from /home/airflow/.local/lib/python3.12/site-packages/airflow/example_dags/example_dataset_alias.py
[2024-12-07T09:17:34.501+0000] {logging_mixin.py:190} INFO - [2024-12-07T09:17:34.500+0000] {dag.py:3239} INFO - Sync 4 DAGs
[2024-12-07T09:17:34.528+0000] {logging_mixin.py:190} INFO - [2024-12-07T09:17:34.527+0000] {dag.py:4180} INFO - Setting next_dagrun for dataset_alias_example_alias_consumer to None, run_after=None
[2024-12-07T09:17:34.531+0000] {logging_mixin.py:190} INFO - [2024-12-07T09:17:34.530+0000] {dag.py:4180} INFO - Setting next_dagrun for dataset_alias_example_alias_producer to None, run_after=None
[2024-12-07T09:17:34.532+0000] {logging_mixin.py:190} INFO - [2024-12-07T09:17:34.532+0000] {dag.py:4180} INFO - Setting next_dagrun for dataset_s3_bucket_consumer to None, run_after=None
[2024-12-07T09:17:34.533+0000] {logging_mixin.py:190} INFO - [2024-12-07T09:17:34.533+0000] {dag.py:4180} INFO - Setting next_dagrun for dataset_s3_bucket_producer to None, run_after=None
[2024-12-07T09:17:34.556+0000] {processor.py:208} INFO - Processing /home/airflow/.local/lib/python3.12/site-packages/airflow/example_dags/example_dataset_alias.py took 0.748 seconds
[2024-12-07T09:18:04.600+0000] {processor.py:186} INFO - Started process (PID=476) to work on /home/airflow/.local/lib/python3.12/site-packages/airflow/example_dags/example_dataset_alias.py
[2024-12-07T09:18:04.600+0000] {processor.py:914} INFO - Processing file /home/airflow/.local/lib/python3.12/site-packages/airflow/example_dags/example_dataset_alias.py for tasks to queue
[2024-12-07T09:18:04.602+0000] {logging_mixin.py:190} INFO - [2024-12-07T09:18:04.602+0000] {dagbag.py:588} INFO - Filling up the DagBag from /home/airflow/.local/lib/python3.12/site-packages/airflow/example_dags/example_dataset_alias.py
[2024-12-07T09:18:05.211+0000] {processor.py:925} INFO - DAG(s) 'dataset_s3_bucket_producer', 'dataset_s3_bucket_consumer', 'dataset_alias_example_alias_consumer', 'dataset_alias_example_alias_producer' retrieved from /home/airflow/.local/lib/python3.12/site-packages/airflow/example_dags/example_dataset_alias.py
[2024-12-07T09:18:05.226+0000] {logging_mixin.py:190} INFO - [2024-12-07T09:18:05.226+0000] {dag.py:3239} INFO - Sync 4 DAGs
[2024-12-07T09:18:05.251+0000] {logging_mixin.py:190} INFO - [2024-12-07T09:18:05.251+0000] {dag.py:4180} INFO - Setting next_dagrun for dataset_alias_example_alias_consumer to None, run_after=None
[2024-12-07T09:18:05.254+0000] {logging_mixin.py:190} INFO - [2024-12-07T09:18:05.254+0000] {dag.py:4180} INFO - Setting next_dagrun for dataset_alias_example_alias_producer to None, run_after=None
[2024-12-07T09:18:05.255+0000] {logging_mixin.py:190} INFO - [2024-12-07T09:18:05.255+0000] {dag.py:4180} INFO - Setting next_dagrun for dataset_s3_bucket_consumer to None, run_after=None
[2024-12-07T09:18:05.256+0000] {logging_mixin.py:190} INFO - [2024-12-07T09:18:05.256+0000] {dag.py:4180} INFO - Setting next_dagrun for dataset_s3_bucket_producer to None, run_after=None
[2024-12-07T09:18:05.280+0000] {processor.py:208} INFO - Processing /home/airflow/.local/lib/python3.12/site-packages/airflow/example_dags/example_dataset_alias.py took 0.686 seconds
[2024-12-07T09:18:35.854+0000] {processor.py:186} INFO - Started process (PID=541) to work on /home/airflow/.local/lib/python3.12/site-packages/airflow/example_dags/example_dataset_alias.py
[2024-12-07T09:18:35.855+0000] {processor.py:914} INFO - Processing file /home/airflow/.local/lib/python3.12/site-packages/airflow/example_dags/example_dataset_alias.py for tasks to queue
[2024-12-07T09:18:35.857+0000] {logging_mixin.py:190} INFO - [2024-12-07T09:18:35.857+0000] {dagbag.py:588} INFO - Filling up the DagBag from /home/airflow/.local/lib/python3.12/site-packages/airflow/example_dags/example_dataset_alias.py
[2024-12-07T09:18:36.451+0000] {processor.py:925} INFO - DAG(s) 'dataset_alias_example_alias_producer', 'dataset_alias_example_alias_consumer', 'dataset_s3_bucket_producer', 'dataset_s3_bucket_consumer' retrieved from /home/airflow/.local/lib/python3.12/site-packages/airflow/example_dags/example_dataset_alias.py
[2024-12-07T09:18:36.473+0000] {logging_mixin.py:190} INFO - [2024-12-07T09:18:36.473+0000] {dag.py:3239} INFO - Sync 4 DAGs
[2024-12-07T09:18:36.498+0000] {logging_mixin.py:190} INFO - [2024-12-07T09:18:36.497+0000] {dag.py:4180} INFO - Setting next_dagrun for dataset_alias_example_alias_consumer to None, run_after=None
[2024-12-07T09:18:36.499+0000] {logging_mixin.py:190} INFO - [2024-12-07T09:18:36.499+0000] {dag.py:4180} INFO - Setting next_dagrun for dataset_alias_example_alias_producer to None, run_after=None
[2024-12-07T09:18:36.501+0000] {logging_mixin.py:190} INFO - [2024-12-07T09:18:36.500+0000] {dag.py:4180} INFO - Setting next_dagrun for dataset_s3_bucket_consumer to None, run_after=None
[2024-12-07T09:18:36.501+0000] {logging_mixin.py:190} INFO - [2024-12-07T09:18:36.501+0000] {dag.py:4180} INFO - Setting next_dagrun for dataset_s3_bucket_producer to None, run_after=None
[2024-12-07T09:18:36.517+0000] {processor.py:208} INFO - Processing /home/airflow/.local/lib/python3.12/site-packages/airflow/example_dags/example_dataset_alias.py took 0.669 seconds
[2024-12-07T09:19:06.983+0000] {processor.py:186} INFO - Started process (PID=605) to work on /home/airflow/.local/lib/python3.12/site-packages/airflow/example_dags/example_dataset_alias.py
[2024-12-07T09:19:06.984+0000] {processor.py:914} INFO - Processing file /home/airflow/.local/lib/python3.12/site-packages/airflow/example_dags/example_dataset_alias.py for tasks to queue
[2024-12-07T09:19:06.986+0000] {logging_mixin.py:190} INFO - [2024-12-07T09:19:06.985+0000] {dagbag.py:588} INFO - Filling up the DagBag from /home/airflow/.local/lib/python3.12/site-packages/airflow/example_dags/example_dataset_alias.py
[2024-12-07T09:19:07.625+0000] {processor.py:925} INFO - DAG(s) 'dataset_s3_bucket_consumer', 'dataset_alias_example_alias_producer', 'dataset_s3_bucket_producer', 'dataset_alias_example_alias_consumer' retrieved from /home/airflow/.local/lib/python3.12/site-packages/airflow/example_dags/example_dataset_alias.py
[2024-12-07T09:19:07.641+0000] {logging_mixin.py:190} INFO - [2024-12-07T09:19:07.640+0000] {dag.py:3239} INFO - Sync 4 DAGs
[2024-12-07T09:19:07.658+0000] {logging_mixin.py:190} INFO - [2024-12-07T09:19:07.658+0000] {dag.py:4180} INFO - Setting next_dagrun for dataset_alias_example_alias_consumer to None, run_after=None
[2024-12-07T09:19:07.660+0000] {logging_mixin.py:190} INFO - [2024-12-07T09:19:07.660+0000] {dag.py:4180} INFO - Setting next_dagrun for dataset_alias_example_alias_producer to None, run_after=None
[2024-12-07T09:19:07.661+0000] {logging_mixin.py:190} INFO - [2024-12-07T09:19:07.661+0000] {dag.py:4180} INFO - Setting next_dagrun for dataset_s3_bucket_consumer to None, run_after=None
[2024-12-07T09:19:07.662+0000] {logging_mixin.py:190} INFO - [2024-12-07T09:19:07.662+0000] {dag.py:4180} INFO - Setting next_dagrun for dataset_s3_bucket_producer to None, run_after=None
[2024-12-07T09:19:07.678+0000] {processor.py:208} INFO - Processing /home/airflow/.local/lib/python3.12/site-packages/airflow/example_dags/example_dataset_alias.py took 0.700 seconds
[2024-12-07T09:19:37.757+0000] {processor.py:186} INFO - Started process (PID=672) to work on /home/airflow/.local/lib/python3.12/site-packages/airflow/example_dags/example_dataset_alias.py
[2024-12-07T09:19:37.757+0000] {processor.py:914} INFO - Processing file /home/airflow/.local/lib/python3.12/site-packages/airflow/example_dags/example_dataset_alias.py for tasks to queue
[2024-12-07T09:19:37.759+0000] {logging_mixin.py:190} INFO - [2024-12-07T09:19:37.759+0000] {dagbag.py:588} INFO - Filling up the DagBag from /home/airflow/.local/lib/python3.12/site-packages/airflow/example_dags/example_dataset_alias.py
[2024-12-07T09:19:38.319+0000] {processor.py:925} INFO - DAG(s) 'dataset_alias_example_alias_consumer', 'dataset_s3_bucket_consumer', 'dataset_s3_bucket_producer', 'dataset_alias_example_alias_producer' retrieved from /home/airflow/.local/lib/python3.12/site-packages/airflow/example_dags/example_dataset_alias.py
[2024-12-07T09:19:38.336+0000] {logging_mixin.py:190} INFO - [2024-12-07T09:19:38.335+0000] {dag.py:3239} INFO - Sync 4 DAGs
[2024-12-07T09:19:38.356+0000] {logging_mixin.py:190} INFO - [2024-12-07T09:19:38.356+0000] {dag.py:4180} INFO - Setting next_dagrun for dataset_alias_example_alias_consumer to None, run_after=None
[2024-12-07T09:19:38.359+0000] {logging_mixin.py:190} INFO - [2024-12-07T09:19:38.358+0000] {dag.py:4180} INFO - Setting next_dagrun for dataset_alias_example_alias_producer to None, run_after=None
[2024-12-07T09:19:38.360+0000] {logging_mixin.py:190} INFO - [2024-12-07T09:19:38.360+0000] {dag.py:4180} INFO - Setting next_dagrun for dataset_s3_bucket_consumer to None, run_after=None
[2024-12-07T09:19:38.361+0000] {logging_mixin.py:190} INFO - [2024-12-07T09:19:38.361+0000] {dag.py:4180} INFO - Setting next_dagrun for dataset_s3_bucket_producer to None, run_after=None
[2024-12-07T09:19:38.378+0000] {processor.py:208} INFO - Processing /home/airflow/.local/lib/python3.12/site-packages/airflow/example_dags/example_dataset_alias.py took 0.626 seconds
[2024-12-07T09:20:09.165+0000] {processor.py:186} INFO - Started process (PID=737) to work on /home/airflow/.local/lib/python3.12/site-packages/airflow/example_dags/example_dataset_alias.py
[2024-12-07T09:20:09.165+0000] {processor.py:914} INFO - Processing file /home/airflow/.local/lib/python3.12/site-packages/airflow/example_dags/example_dataset_alias.py for tasks to queue
[2024-12-07T09:20:09.167+0000] {logging_mixin.py:190} INFO - [2024-12-07T09:20:09.167+0000] {dagbag.py:588} INFO - Filling up the DagBag from /home/airflow/.local/lib/python3.12/site-packages/airflow/example_dags/example_dataset_alias.py
[2024-12-07T09:20:09.753+0000] {processor.py:925} INFO - DAG(s) 'dataset_s3_bucket_producer', 'dataset_alias_example_alias_producer', 'dataset_alias_example_alias_consumer', 'dataset_s3_bucket_consumer' retrieved from /home/airflow/.local/lib/python3.12/site-packages/airflow/example_dags/example_dataset_alias.py
[2024-12-07T09:20:09.777+0000] {logging_mixin.py:190} INFO - [2024-12-07T09:20:09.777+0000] {dag.py:3239} INFO - Sync 4 DAGs
[2024-12-07T09:20:09.801+0000] {logging_mixin.py:190} INFO - [2024-12-07T09:20:09.801+0000] {dag.py:4180} INFO - Setting next_dagrun for dataset_alias_example_alias_consumer to None, run_after=None
[2024-12-07T09:20:09.804+0000] {logging_mixin.py:190} INFO - [2024-12-07T09:20:09.804+0000] {dag.py:4180} INFO - Setting next_dagrun for dataset_alias_example_alias_producer to None, run_after=None
[2024-12-07T09:20:09.806+0000] {logging_mixin.py:190} INFO - [2024-12-07T09:20:09.805+0000] {dag.py:4180} INFO - Setting next_dagrun for dataset_s3_bucket_consumer to None, run_after=None
[2024-12-07T09:20:09.807+0000] {logging_mixin.py:190} INFO - [2024-12-07T09:20:09.806+0000] {dag.py:4180} INFO - Setting next_dagrun for dataset_s3_bucket_producer to None, run_after=None
[2024-12-07T09:20:09.825+0000] {processor.py:208} INFO - Processing /home/airflow/.local/lib/python3.12/site-packages/airflow/example_dags/example_dataset_alias.py took 0.665 seconds
[2024-12-07T09:20:40.663+0000] {processor.py:186} INFO - Started process (PID=802) to work on /home/airflow/.local/lib/python3.12/site-packages/airflow/example_dags/example_dataset_alias.py
[2024-12-07T09:20:40.664+0000] {processor.py:914} INFO - Processing file /home/airflow/.local/lib/python3.12/site-packages/airflow/example_dags/example_dataset_alias.py for tasks to queue
[2024-12-07T09:20:40.666+0000] {logging_mixin.py:190} INFO - [2024-12-07T09:20:40.665+0000] {dagbag.py:588} INFO - Filling up the DagBag from /home/airflow/.local/lib/python3.12/site-packages/airflow/example_dags/example_dataset_alias.py
[2024-12-07T09:20:41.214+0000] {processor.py:925} INFO - DAG(s) 'dataset_alias_example_alias_consumer', 'dataset_s3_bucket_producer', 'dataset_s3_bucket_consumer', 'dataset_alias_example_alias_producer' retrieved from /home/airflow/.local/lib/python3.12/site-packages/airflow/example_dags/example_dataset_alias.py
[2024-12-07T09:20:41.229+0000] {logging_mixin.py:190} INFO - [2024-12-07T09:20:41.228+0000] {dag.py:3239} INFO - Sync 4 DAGs
[2024-12-07T09:20:41.246+0000] {logging_mixin.py:190} INFO - [2024-12-07T09:20:41.246+0000] {dag.py:4180} INFO - Setting next_dagrun for dataset_alias_example_alias_consumer to None, run_after=None
[2024-12-07T09:20:41.248+0000] {logging_mixin.py:190} INFO - [2024-12-07T09:20:41.248+0000] {dag.py:4180} INFO - Setting next_dagrun for dataset_alias_example_alias_producer to None, run_after=None
[2024-12-07T09:20:41.249+0000] {logging_mixin.py:190} INFO - [2024-12-07T09:20:41.249+0000] {dag.py:4180} INFO - Setting next_dagrun for dataset_s3_bucket_consumer to None, run_after=None
[2024-12-07T09:20:41.250+0000] {logging_mixin.py:190} INFO - [2024-12-07T09:20:41.250+0000] {dag.py:4180} INFO - Setting next_dagrun for dataset_s3_bucket_producer to None, run_after=None
[2024-12-07T09:20:41.266+0000] {processor.py:208} INFO - Processing /home/airflow/.local/lib/python3.12/site-packages/airflow/example_dags/example_dataset_alias.py took 0.607 seconds
[2024-12-07T09:21:11.664+0000] {processor.py:186} INFO - Started process (PID=865) to work on /home/airflow/.local/lib/python3.12/site-packages/airflow/example_dags/example_dataset_alias.py
[2024-12-07T09:21:11.664+0000] {processor.py:914} INFO - Processing file /home/airflow/.local/lib/python3.12/site-packages/airflow/example_dags/example_dataset_alias.py for tasks to queue
[2024-12-07T09:21:11.666+0000] {logging_mixin.py:190} INFO - [2024-12-07T09:21:11.666+0000] {dagbag.py:588} INFO - Filling up the DagBag from /home/airflow/.local/lib/python3.12/site-packages/airflow/example_dags/example_dataset_alias.py
[2024-12-07T09:21:12.252+0000] {processor.py:925} INFO - DAG(s) 'dataset_s3_bucket_producer', 'dataset_alias_example_alias_consumer', 'dataset_s3_bucket_consumer', 'dataset_alias_example_alias_producer' retrieved from /home/airflow/.local/lib/python3.12/site-packages/airflow/example_dags/example_dataset_alias.py
[2024-12-07T09:21:12.272+0000] {logging_mixin.py:190} INFO - [2024-12-07T09:21:12.271+0000] {dag.py:3239} INFO - Sync 4 DAGs
[2024-12-07T09:21:12.291+0000] {logging_mixin.py:190} INFO - [2024-12-07T09:21:12.291+0000] {dag.py:4180} INFO - Setting next_dagrun for dataset_alias_example_alias_consumer to None, run_after=None
[2024-12-07T09:21:12.293+0000] {logging_mixin.py:190} INFO - [2024-12-07T09:21:12.293+0000] {dag.py:4180} INFO - Setting next_dagrun for dataset_alias_example_alias_producer to None, run_after=None
[2024-12-07T09:21:12.295+0000] {logging_mixin.py:190} INFO - [2024-12-07T09:21:12.294+0000] {dag.py:4180} INFO - Setting next_dagrun for dataset_s3_bucket_consumer to None, run_after=None
[2024-12-07T09:21:12.295+0000] {logging_mixin.py:190} INFO - [2024-12-07T09:21:12.295+0000] {dag.py:4180} INFO - Setting next_dagrun for dataset_s3_bucket_producer to None, run_after=None
[2024-12-07T09:21:12.312+0000] {processor.py:208} INFO - Processing /home/airflow/.local/lib/python3.12/site-packages/airflow/example_dags/example_dataset_alias.py took 0.653 seconds
[2024-12-07T09:21:43.208+0000] {processor.py:186} INFO - Started process (PID=936) to work on /home/airflow/.local/lib/python3.12/site-packages/airflow/example_dags/example_dataset_alias.py
[2024-12-07T09:21:43.209+0000] {processor.py:914} INFO - Processing file /home/airflow/.local/lib/python3.12/site-packages/airflow/example_dags/example_dataset_alias.py for tasks to queue
[2024-12-07T09:21:43.211+0000] {logging_mixin.py:190} INFO - [2024-12-07T09:21:43.211+0000] {dagbag.py:588} INFO - Filling up the DagBag from /home/airflow/.local/lib/python3.12/site-packages/airflow/example_dags/example_dataset_alias.py
[2024-12-07T09:21:43.747+0000] {processor.py:925} INFO - DAG(s) 'dataset_s3_bucket_producer', 'dataset_s3_bucket_consumer', 'dataset_alias_example_alias_producer', 'dataset_alias_example_alias_consumer' retrieved from /home/airflow/.local/lib/python3.12/site-packages/airflow/example_dags/example_dataset_alias.py
[2024-12-07T09:21:43.762+0000] {logging_mixin.py:190} INFO - [2024-12-07T09:21:43.761+0000] {dag.py:3239} INFO - Sync 4 DAGs
[2024-12-07T09:21:43.779+0000] {logging_mixin.py:190} INFO - [2024-12-07T09:21:43.779+0000] {dag.py:4180} INFO - Setting next_dagrun for dataset_alias_example_alias_consumer to None, run_after=None
[2024-12-07T09:21:43.781+0000] {logging_mixin.py:190} INFO - [2024-12-07T09:21:43.781+0000] {dag.py:4180} INFO - Setting next_dagrun for dataset_alias_example_alias_producer to None, run_after=None
[2024-12-07T09:21:43.782+0000] {logging_mixin.py:190} INFO - [2024-12-07T09:21:43.782+0000] {dag.py:4180} INFO - Setting next_dagrun for dataset_s3_bucket_consumer to None, run_after=None
[2024-12-07T09:21:43.783+0000] {logging_mixin.py:190} INFO - [2024-12-07T09:21:43.782+0000] {dag.py:4180} INFO - Setting next_dagrun for dataset_s3_bucket_producer to None, run_after=None
[2024-12-07T09:21:43.800+0000] {processor.py:208} INFO - Processing /home/airflow/.local/lib/python3.12/site-packages/airflow/example_dags/example_dataset_alias.py took 0.596 seconds
[2024-12-07T09:22:14.693+0000] {processor.py:186} INFO - Started process (PID=1000) to work on /home/airflow/.local/lib/python3.12/site-packages/airflow/example_dags/example_dataset_alias.py
[2024-12-07T09:22:14.694+0000] {processor.py:914} INFO - Processing file /home/airflow/.local/lib/python3.12/site-packages/airflow/example_dags/example_dataset_alias.py for tasks to queue
[2024-12-07T09:22:14.695+0000] {logging_mixin.py:190} INFO - [2024-12-07T09:22:14.695+0000] {dagbag.py:588} INFO - Filling up the DagBag from /home/airflow/.local/lib/python3.12/site-packages/airflow/example_dags/example_dataset_alias.py
[2024-12-07T09:22:15.203+0000] {processor.py:925} INFO - DAG(s) 'dataset_alias_example_alias_consumer', 'dataset_s3_bucket_consumer', 'dataset_s3_bucket_producer', 'dataset_alias_example_alias_producer' retrieved from /home/airflow/.local/lib/python3.12/site-packages/airflow/example_dags/example_dataset_alias.py
[2024-12-07T09:22:15.219+0000] {logging_mixin.py:190} INFO - [2024-12-07T09:22:15.219+0000] {dag.py:3239} INFO - Sync 4 DAGs
[2024-12-07T09:22:15.237+0000] {logging_mixin.py:190} INFO - [2024-12-07T09:22:15.237+0000] {dag.py:4180} INFO - Setting next_dagrun for dataset_alias_example_alias_consumer to None, run_after=None
[2024-12-07T09:22:15.238+0000] {logging_mixin.py:190} INFO - [2024-12-07T09:22:15.238+0000] {dag.py:4180} INFO - Setting next_dagrun for dataset_alias_example_alias_producer to None, run_after=None
[2024-12-07T09:22:15.239+0000] {logging_mixin.py:190} INFO - [2024-12-07T09:22:15.239+0000] {dag.py:4180} INFO - Setting next_dagrun for dataset_s3_bucket_consumer to None, run_after=None
[2024-12-07T09:22:15.240+0000] {logging_mixin.py:190} INFO - [2024-12-07T09:22:15.240+0000] {dag.py:4180} INFO - Setting next_dagrun for dataset_s3_bucket_producer to None, run_after=None
[2024-12-07T09:22:15.256+0000] {processor.py:208} INFO - Processing /home/airflow/.local/lib/python3.12/site-packages/airflow/example_dags/example_dataset_alias.py took 0.567 seconds
[2024-12-07T09:22:45.449+0000] {processor.py:186} INFO - Started process (PID=1063) to work on /home/airflow/.local/lib/python3.12/site-packages/airflow/example_dags/example_dataset_alias.py
[2024-12-07T09:22:45.450+0000] {processor.py:914} INFO - Processing file /home/airflow/.local/lib/python3.12/site-packages/airflow/example_dags/example_dataset_alias.py for tasks to queue
[2024-12-07T09:22:45.452+0000] {logging_mixin.py:190} INFO - [2024-12-07T09:22:45.452+0000] {dagbag.py:588} INFO - Filling up the DagBag from /home/airflow/.local/lib/python3.12/site-packages/airflow/example_dags/example_dataset_alias.py
[2024-12-07T09:22:45.948+0000] {processor.py:925} INFO - DAG(s) 'dataset_s3_bucket_consumer', 'dataset_alias_example_alias_producer', 'dataset_s3_bucket_producer', 'dataset_alias_example_alias_consumer' retrieved from /home/airflow/.local/lib/python3.12/site-packages/airflow/example_dags/example_dataset_alias.py
[2024-12-07T09:22:45.964+0000] {logging_mixin.py:190} INFO - [2024-12-07T09:22:45.963+0000] {dag.py:3239} INFO - Sync 4 DAGs
[2024-12-07T09:22:45.981+0000] {logging_mixin.py:190} INFO - [2024-12-07T09:22:45.981+0000] {dag.py:4180} INFO - Setting next_dagrun for dataset_alias_example_alias_consumer to None, run_after=None
[2024-12-07T09:22:45.983+0000] {logging_mixin.py:190} INFO - [2024-12-07T09:22:45.982+0000] {dag.py:4180} INFO - Setting next_dagrun for dataset_alias_example_alias_producer to None, run_after=None
[2024-12-07T09:22:45.984+0000] {logging_mixin.py:190} INFO - [2024-12-07T09:22:45.983+0000] {dag.py:4180} INFO - Setting next_dagrun for dataset_s3_bucket_consumer to None, run_after=None
[2024-12-07T09:22:45.984+0000] {logging_mixin.py:190} INFO - [2024-12-07T09:22:45.984+0000] {dag.py:4180} INFO - Setting next_dagrun for dataset_s3_bucket_producer to None, run_after=None
[2024-12-07T09:22:45.999+0000] {processor.py:208} INFO - Processing /home/airflow/.local/lib/python3.12/site-packages/airflow/example_dags/example_dataset_alias.py took 0.554 seconds
[2024-12-07T09:23:16.199+0000] {processor.py:186} INFO - Started process (PID=1126) to work on /home/airflow/.local/lib/python3.12/site-packages/airflow/example_dags/example_dataset_alias.py
[2024-12-07T09:23:16.200+0000] {processor.py:914} INFO - Processing file /home/airflow/.local/lib/python3.12/site-packages/airflow/example_dags/example_dataset_alias.py for tasks to queue
[2024-12-07T09:23:16.201+0000] {logging_mixin.py:190} INFO - [2024-12-07T09:23:16.201+0000] {dagbag.py:588} INFO - Filling up the DagBag from /home/airflow/.local/lib/python3.12/site-packages/airflow/example_dags/example_dataset_alias.py
[2024-12-07T09:23:16.693+0000] {processor.py:925} INFO - DAG(s) 'dataset_alias_example_alias_producer', 'dataset_s3_bucket_producer', 'dataset_s3_bucket_consumer', 'dataset_alias_example_alias_consumer' retrieved from /home/airflow/.local/lib/python3.12/site-packages/airflow/example_dags/example_dataset_alias.py
[2024-12-07T09:23:16.708+0000] {logging_mixin.py:190} INFO - [2024-12-07T09:23:16.707+0000] {dag.py:3239} INFO - Sync 4 DAGs
[2024-12-07T09:23:16.726+0000] {logging_mixin.py:190} INFO - [2024-12-07T09:23:16.726+0000] {dag.py:4180} INFO - Setting next_dagrun for dataset_alias_example_alias_consumer to None, run_after=None
[2024-12-07T09:23:16.728+0000] {logging_mixin.py:190} INFO - [2024-12-07T09:23:16.727+0000] {dag.py:4180} INFO - Setting next_dagrun for dataset_alias_example_alias_producer to None, run_after=None
[2024-12-07T09:23:16.729+0000] {logging_mixin.py:190} INFO - [2024-12-07T09:23:16.728+0000] {dag.py:4180} INFO - Setting next_dagrun for dataset_s3_bucket_consumer to None, run_after=None
[2024-12-07T09:23:16.729+0000] {logging_mixin.py:190} INFO - [2024-12-07T09:23:16.729+0000] {dag.py:4180} INFO - Setting next_dagrun for dataset_s3_bucket_producer to None, run_after=None
[2024-12-07T09:23:16.745+0000] {processor.py:208} INFO - Processing /home/airflow/.local/lib/python3.12/site-packages/airflow/example_dags/example_dataset_alias.py took 0.551 seconds
[2024-12-07T09:23:47.040+0000] {processor.py:186} INFO - Started process (PID=1190) to work on /home/airflow/.local/lib/python3.12/site-packages/airflow/example_dags/example_dataset_alias.py
[2024-12-07T09:23:47.040+0000] {processor.py:914} INFO - Processing file /home/airflow/.local/lib/python3.12/site-packages/airflow/example_dags/example_dataset_alias.py for tasks to queue
[2024-12-07T09:23:47.042+0000] {logging_mixin.py:190} INFO - [2024-12-07T09:23:47.042+0000] {dagbag.py:588} INFO - Filling up the DagBag from /home/airflow/.local/lib/python3.12/site-packages/airflow/example_dags/example_dataset_alias.py
[2024-12-07T09:23:47.585+0000] {processor.py:925} INFO - DAG(s) 'dataset_s3_bucket_consumer', 'dataset_alias_example_alias_consumer', 'dataset_s3_bucket_producer', 'dataset_alias_example_alias_producer' retrieved from /home/airflow/.local/lib/python3.12/site-packages/airflow/example_dags/example_dataset_alias.py
[2024-12-07T09:23:47.603+0000] {logging_mixin.py:190} INFO - [2024-12-07T09:23:47.603+0000] {dag.py:3239} INFO - Sync 4 DAGs
[2024-12-07T09:23:47.625+0000] {logging_mixin.py:190} INFO - [2024-12-07T09:23:47.625+0000] {dag.py:4180} INFO - Setting next_dagrun for dataset_alias_example_alias_consumer to None, run_after=None
[2024-12-07T09:23:47.628+0000] {logging_mixin.py:190} INFO - [2024-12-07T09:23:47.627+0000] {dag.py:4180} INFO - Setting next_dagrun for dataset_alias_example_alias_producer to None, run_after=None
[2024-12-07T09:23:47.629+0000] {logging_mixin.py:190} INFO - [2024-12-07T09:23:47.629+0000] {dag.py:4180} INFO - Setting next_dagrun for dataset_s3_bucket_consumer to None, run_after=None
[2024-12-07T09:23:47.630+0000] {logging_mixin.py:190} INFO - [2024-12-07T09:23:47.630+0000] {dag.py:4180} INFO - Setting next_dagrun for dataset_s3_bucket_producer to None, run_after=None
[2024-12-07T09:23:47.647+0000] {processor.py:208} INFO - Processing /home/airflow/.local/lib/python3.12/site-packages/airflow/example_dags/example_dataset_alias.py took 0.611 seconds
[2024-12-07T09:24:18.316+0000] {processor.py:186} INFO - Started process (PID=1253) to work on /home/airflow/.local/lib/python3.12/site-packages/airflow/example_dags/example_dataset_alias.py
[2024-12-07T09:24:18.317+0000] {processor.py:914} INFO - Processing file /home/airflow/.local/lib/python3.12/site-packages/airflow/example_dags/example_dataset_alias.py for tasks to queue
[2024-12-07T09:24:18.318+0000] {logging_mixin.py:190} INFO - [2024-12-07T09:24:18.318+0000] {dagbag.py:588} INFO - Filling up the DagBag from /home/airflow/.local/lib/python3.12/site-packages/airflow/example_dags/example_dataset_alias.py
[2024-12-07T09:24:18.869+0000] {processor.py:925} INFO - DAG(s) 'dataset_s3_bucket_producer', 'dataset_alias_example_alias_producer', 'dataset_s3_bucket_consumer', 'dataset_alias_example_alias_consumer' retrieved from /home/airflow/.local/lib/python3.12/site-packages/airflow/example_dags/example_dataset_alias.py
[2024-12-07T09:24:18.885+0000] {logging_mixin.py:190} INFO - [2024-12-07T09:24:18.884+0000] {dag.py:3239} INFO - Sync 4 DAGs
[2024-12-07T09:24:18.905+0000] {logging_mixin.py:190} INFO - [2024-12-07T09:24:18.905+0000] {dag.py:4180} INFO - Setting next_dagrun for dataset_alias_example_alias_consumer to None, run_after=None
[2024-12-07T09:24:18.908+0000] {logging_mixin.py:190} INFO - [2024-12-07T09:24:18.907+0000] {dag.py:4180} INFO - Setting next_dagrun for dataset_alias_example_alias_producer to None, run_after=None
[2024-12-07T09:24:18.909+0000] {logging_mixin.py:190} INFO - [2024-12-07T09:24:18.908+0000] {dag.py:4180} INFO - Setting next_dagrun for dataset_s3_bucket_consumer to None, run_after=None
[2024-12-07T09:24:18.909+0000] {logging_mixin.py:190} INFO - [2024-12-07T09:24:18.909+0000] {dag.py:4180} INFO - Setting next_dagrun for dataset_s3_bucket_producer to None, run_after=None
[2024-12-07T09:24:18.925+0000] {processor.py:208} INFO - Processing /home/airflow/.local/lib/python3.12/site-packages/airflow/example_dags/example_dataset_alias.py took 0.614 seconds
[2024-12-07T09:24:49.654+0000] {processor.py:186} INFO - Started process (PID=1316) to work on /home/airflow/.local/lib/python3.12/site-packages/airflow/example_dags/example_dataset_alias.py
[2024-12-07T09:24:49.655+0000] {processor.py:914} INFO - Processing file /home/airflow/.local/lib/python3.12/site-packages/airflow/example_dags/example_dataset_alias.py for tasks to queue
[2024-12-07T09:24:49.657+0000] {logging_mixin.py:190} INFO - [2024-12-07T09:24:49.656+0000] {dagbag.py:588} INFO - Filling up the DagBag from /home/airflow/.local/lib/python3.12/site-packages/airflow/example_dags/example_dataset_alias.py
[2024-12-07T09:24:50.148+0000] {processor.py:925} INFO - DAG(s) 'dataset_s3_bucket_producer', 'dataset_alias_example_alias_producer', 'dataset_s3_bucket_consumer', 'dataset_alias_example_alias_consumer' retrieved from /home/airflow/.local/lib/python3.12/site-packages/airflow/example_dags/example_dataset_alias.py
[2024-12-07T09:24:50.163+0000] {logging_mixin.py:190} INFO - [2024-12-07T09:24:50.163+0000] {dag.py:3239} INFO - Sync 4 DAGs
[2024-12-07T09:24:50.181+0000] {logging_mixin.py:190} INFO - [2024-12-07T09:24:50.181+0000] {dag.py:4180} INFO - Setting next_dagrun for dataset_alias_example_alias_consumer to None, run_after=None
[2024-12-07T09:24:50.183+0000] {logging_mixin.py:190} INFO - [2024-12-07T09:24:50.182+0000] {dag.py:4180} INFO - Setting next_dagrun for dataset_alias_example_alias_producer to None, run_after=None
[2024-12-07T09:24:50.184+0000] {logging_mixin.py:190} INFO - [2024-12-07T09:24:50.183+0000] {dag.py:4180} INFO - Setting next_dagrun for dataset_s3_bucket_consumer to None, run_after=None
[2024-12-07T09:24:50.184+0000] {logging_mixin.py:190} INFO - [2024-12-07T09:24:50.184+0000] {dag.py:4180} INFO - Setting next_dagrun for dataset_s3_bucket_producer to None, run_after=None
[2024-12-07T09:24:50.198+0000] {processor.py:208} INFO - Processing /home/airflow/.local/lib/python3.12/site-packages/airflow/example_dags/example_dataset_alias.py took 0.548 seconds
[2024-12-07T09:25:20.725+0000] {processor.py:186} INFO - Started process (PID=1379) to work on /home/airflow/.local/lib/python3.12/site-packages/airflow/example_dags/example_dataset_alias.py
[2024-12-07T09:25:20.726+0000] {processor.py:914} INFO - Processing file /home/airflow/.local/lib/python3.12/site-packages/airflow/example_dags/example_dataset_alias.py for tasks to queue
[2024-12-07T09:25:20.727+0000] {logging_mixin.py:190} INFO - [2024-12-07T09:25:20.727+0000] {dagbag.py:588} INFO - Filling up the DagBag from /home/airflow/.local/lib/python3.12/site-packages/airflow/example_dags/example_dataset_alias.py
[2024-12-07T09:25:21.239+0000] {processor.py:925} INFO - DAG(s) 'dataset_alias_example_alias_consumer', 'dataset_s3_bucket_consumer', 'dataset_alias_example_alias_producer', 'dataset_s3_bucket_producer' retrieved from /home/airflow/.local/lib/python3.12/site-packages/airflow/example_dags/example_dataset_alias.py
[2024-12-07T09:25:21.254+0000] {logging_mixin.py:190} INFO - [2024-12-07T09:25:21.253+0000] {dag.py:3239} INFO - Sync 4 DAGs
[2024-12-07T09:25:21.271+0000] {logging_mixin.py:190} INFO - [2024-12-07T09:25:21.271+0000] {dag.py:4180} INFO - Setting next_dagrun for dataset_alias_example_alias_consumer to None, run_after=None
[2024-12-07T09:25:21.273+0000] {logging_mixin.py:190} INFO - [2024-12-07T09:25:21.273+0000] {dag.py:4180} INFO - Setting next_dagrun for dataset_alias_example_alias_producer to None, run_after=None
[2024-12-07T09:25:21.275+0000] {logging_mixin.py:190} INFO - [2024-12-07T09:25:21.275+0000] {dag.py:4180} INFO - Setting next_dagrun for dataset_s3_bucket_consumer to None, run_after=None
[2024-12-07T09:25:21.276+0000] {logging_mixin.py:190} INFO - [2024-12-07T09:25:21.276+0000] {dag.py:4180} INFO - Setting next_dagrun for dataset_s3_bucket_producer to None, run_after=None
[2024-12-07T09:25:21.290+0000] {processor.py:208} INFO - Processing /home/airflow/.local/lib/python3.12/site-packages/airflow/example_dags/example_dataset_alias.py took 0.569 seconds
[2024-12-07T09:25:51.922+0000] {processor.py:186} INFO - Started process (PID=1442) to work on /home/airflow/.local/lib/python3.12/site-packages/airflow/example_dags/example_dataset_alias.py
[2024-12-07T09:25:51.923+0000] {processor.py:914} INFO - Processing file /home/airflow/.local/lib/python3.12/site-packages/airflow/example_dags/example_dataset_alias.py for tasks to queue
[2024-12-07T09:25:51.925+0000] {logging_mixin.py:190} INFO - [2024-12-07T09:25:51.925+0000] {dagbag.py:588} INFO - Filling up the DagBag from /home/airflow/.local/lib/python3.12/site-packages/airflow/example_dags/example_dataset_alias.py
[2024-12-07T09:25:52.440+0000] {processor.py:925} INFO - DAG(s) 'dataset_s3_bucket_producer', 'dataset_alias_example_alias_consumer', 'dataset_alias_example_alias_producer', 'dataset_s3_bucket_consumer' retrieved from /home/airflow/.local/lib/python3.12/site-packages/airflow/example_dags/example_dataset_alias.py
[2024-12-07T09:25:52.456+0000] {logging_mixin.py:190} INFO - [2024-12-07T09:25:52.455+0000] {dag.py:3239} INFO - Sync 4 DAGs
[2024-12-07T09:25:52.473+0000] {logging_mixin.py:190} INFO - [2024-12-07T09:25:52.472+0000] {dag.py:4180} INFO - Setting next_dagrun for dataset_alias_example_alias_consumer to None, run_after=None
[2024-12-07T09:25:52.474+0000] {logging_mixin.py:190} INFO - [2024-12-07T09:25:52.474+0000] {dag.py:4180} INFO - Setting next_dagrun for dataset_alias_example_alias_producer to None, run_after=None
[2024-12-07T09:25:52.475+0000] {logging_mixin.py:190} INFO - [2024-12-07T09:25:52.475+0000] {dag.py:4180} INFO - Setting next_dagrun for dataset_s3_bucket_consumer to None, run_after=None
[2024-12-07T09:25:52.476+0000] {logging_mixin.py:190} INFO - [2024-12-07T09:25:52.476+0000] {dag.py:4180} INFO - Setting next_dagrun for dataset_s3_bucket_producer to None, run_after=None
[2024-12-07T09:25:52.494+0000] {processor.py:208} INFO - Processing /home/airflow/.local/lib/python3.12/site-packages/airflow/example_dags/example_dataset_alias.py took 0.576 seconds
[2024-12-07T09:26:23.242+0000] {processor.py:186} INFO - Started process (PID=1505) to work on /home/airflow/.local/lib/python3.12/site-packages/airflow/example_dags/example_dataset_alias.py
[2024-12-07T09:26:23.242+0000] {processor.py:914} INFO - Processing file /home/airflow/.local/lib/python3.12/site-packages/airflow/example_dags/example_dataset_alias.py for tasks to queue
[2024-12-07T09:26:23.244+0000] {logging_mixin.py:190} INFO - [2024-12-07T09:26:23.244+0000] {dagbag.py:588} INFO - Filling up the DagBag from /home/airflow/.local/lib/python3.12/site-packages/airflow/example_dags/example_dataset_alias.py
[2024-12-07T09:26:23.795+0000] {processor.py:925} INFO - DAG(s) 'dataset_s3_bucket_consumer', 'dataset_alias_example_alias_consumer', 'dataset_s3_bucket_producer', 'dataset_alias_example_alias_producer' retrieved from /home/airflow/.local/lib/python3.12/site-packages/airflow/example_dags/example_dataset_alias.py
[2024-12-07T09:26:23.812+0000] {logging_mixin.py:190} INFO - [2024-12-07T09:26:23.812+0000] {dag.py:3239} INFO - Sync 4 DAGs
[2024-12-07T09:26:23.829+0000] {logging_mixin.py:190} INFO - [2024-12-07T09:26:23.829+0000] {dag.py:4180} INFO - Setting next_dagrun for dataset_alias_example_alias_consumer to None, run_after=None
[2024-12-07T09:26:23.831+0000] {logging_mixin.py:190} INFO - [2024-12-07T09:26:23.831+0000] {dag.py:4180} INFO - Setting next_dagrun for dataset_alias_example_alias_producer to None, run_after=None
[2024-12-07T09:26:23.832+0000] {logging_mixin.py:190} INFO - [2024-12-07T09:26:23.832+0000] {dag.py:4180} INFO - Setting next_dagrun for dataset_s3_bucket_consumer to None, run_after=None
[2024-12-07T09:26:23.833+0000] {logging_mixin.py:190} INFO - [2024-12-07T09:26:23.833+0000] {dag.py:4180} INFO - Setting next_dagrun for dataset_s3_bucket_producer to None, run_after=None
[2024-12-07T09:26:23.849+0000] {processor.py:208} INFO - Processing /home/airflow/.local/lib/python3.12/site-packages/airflow/example_dags/example_dataset_alias.py took 0.612 seconds
[2024-12-07T09:26:54.402+0000] {processor.py:186} INFO - Started process (PID=1568) to work on /home/airflow/.local/lib/python3.12/site-packages/airflow/example_dags/example_dataset_alias.py
[2024-12-07T09:26:54.403+0000] {processor.py:914} INFO - Processing file /home/airflow/.local/lib/python3.12/site-packages/airflow/example_dags/example_dataset_alias.py for tasks to queue
[2024-12-07T09:26:54.404+0000] {logging_mixin.py:190} INFO - [2024-12-07T09:26:54.404+0000] {dagbag.py:588} INFO - Filling up the DagBag from /home/airflow/.local/lib/python3.12/site-packages/airflow/example_dags/example_dataset_alias.py
[2024-12-07T09:26:54.992+0000] {processor.py:925} INFO - DAG(s) 'dataset_s3_bucket_consumer', 'dataset_s3_bucket_producer', 'dataset_alias_example_alias_producer', 'dataset_alias_example_alias_consumer' retrieved from /home/airflow/.local/lib/python3.12/site-packages/airflow/example_dags/example_dataset_alias.py
[2024-12-07T09:26:55.013+0000] {logging_mixin.py:190} INFO - [2024-12-07T09:26:55.013+0000] {dag.py:3239} INFO - Sync 4 DAGs
[2024-12-07T09:26:55.039+0000] {logging_mixin.py:190} INFO - [2024-12-07T09:26:55.038+0000] {dag.py:4180} INFO - Setting next_dagrun for dataset_alias_example_alias_consumer to None, run_after=None
[2024-12-07T09:26:55.041+0000] {logging_mixin.py:190} INFO - [2024-12-07T09:26:55.041+0000] {dag.py:4180} INFO - Setting next_dagrun for dataset_alias_example_alias_producer to None, run_after=None
[2024-12-07T09:26:55.042+0000] {logging_mixin.py:190} INFO - [2024-12-07T09:26:55.042+0000] {dag.py:4180} INFO - Setting next_dagrun for dataset_s3_bucket_consumer to None, run_after=None
[2024-12-07T09:26:55.044+0000] {logging_mixin.py:190} INFO - [2024-12-07T09:26:55.043+0000] {dag.py:4180} INFO - Setting next_dagrun for dataset_s3_bucket_producer to None, run_after=None
[2024-12-07T09:26:55.063+0000] {processor.py:208} INFO - Processing /home/airflow/.local/lib/python3.12/site-packages/airflow/example_dags/example_dataset_alias.py took 0.665 seconds
[2024-12-07T09:27:25.651+0000] {processor.py:186} INFO - Started process (PID=1637) to work on /home/airflow/.local/lib/python3.12/site-packages/airflow/example_dags/example_dataset_alias.py
[2024-12-07T09:27:25.652+0000] {processor.py:914} INFO - Processing file /home/airflow/.local/lib/python3.12/site-packages/airflow/example_dags/example_dataset_alias.py for tasks to queue
[2024-12-07T09:27:25.653+0000] {logging_mixin.py:190} INFO - [2024-12-07T09:27:25.653+0000] {dagbag.py:588} INFO - Filling up the DagBag from /home/airflow/.local/lib/python3.12/site-packages/airflow/example_dags/example_dataset_alias.py
[2024-12-07T09:27:26.206+0000] {processor.py:925} INFO - DAG(s) 'dataset_s3_bucket_producer', 'dataset_alias_example_alias_consumer', 'dataset_alias_example_alias_producer', 'dataset_s3_bucket_consumer' retrieved from /home/airflow/.local/lib/python3.12/site-packages/airflow/example_dags/example_dataset_alias.py
[2024-12-07T09:27:26.229+0000] {logging_mixin.py:190} INFO - [2024-12-07T09:27:26.228+0000] {dag.py:3239} INFO - Sync 4 DAGs
[2024-12-07T09:27:26.252+0000] {logging_mixin.py:190} INFO - [2024-12-07T09:27:26.252+0000] {dag.py:4180} INFO - Setting next_dagrun for dataset_alias_example_alias_consumer to None, run_after=None
[2024-12-07T09:27:26.255+0000] {logging_mixin.py:190} INFO - [2024-12-07T09:27:26.255+0000] {dag.py:4180} INFO - Setting next_dagrun for dataset_alias_example_alias_producer to None, run_after=None
[2024-12-07T09:27:26.256+0000] {logging_mixin.py:190} INFO - [2024-12-07T09:27:26.256+0000] {dag.py:4180} INFO - Setting next_dagrun for dataset_s3_bucket_consumer to None, run_after=None
[2024-12-07T09:27:26.258+0000] {logging_mixin.py:190} INFO - [2024-12-07T09:27:26.257+0000] {dag.py:4180} INFO - Setting next_dagrun for dataset_s3_bucket_producer to None, run_after=None
[2024-12-07T09:27:26.276+0000] {processor.py:208} INFO - Processing /home/airflow/.local/lib/python3.12/site-packages/airflow/example_dags/example_dataset_alias.py took 0.630 seconds
