[2024-12-07T09:15:00.455+0000] {processor.py:186} INFO - Started process (PID=97) to work on /home/airflow/.local/lib/python3.12/site-packages/airflow/example_dags/example_short_circuit_operator.py
[2024-12-07T09:15:00.456+0000] {processor.py:914} INFO - Processing file /home/airflow/.local/lib/python3.12/site-packages/airflow/example_dags/example_short_circuit_operator.py for tasks to queue
[2024-12-07T09:15:00.458+0000] {logging_mixin.py:190} INFO - [2024-12-07T09:15:00.458+0000] {dagbag.py:588} INFO - Filling up the DagBag from /home/airflow/.local/lib/python3.12/site-packages/airflow/example_dags/example_short_circuit_operator.py
[2024-12-07T09:15:00.471+0000] {processor.py:925} INFO - DAG(s) 'example_short_circuit_operator' retrieved from /home/airflow/.local/lib/python3.12/site-packages/airflow/example_dags/example_short_circuit_operator.py
[2024-12-07T09:15:00.592+0000] {logging_mixin.py:190} INFO - [2024-12-07T09:15:00.591+0000] {override.py:1911} INFO - Created Permission View: can delete on DAG:example_short_circuit_operator
[2024-12-07T09:15:00.599+0000] {logging_mixin.py:190} INFO - [2024-12-07T09:15:00.599+0000] {override.py:1911} INFO - Created Permission View: can edit on DAG:example_short_circuit_operator
[2024-12-07T09:15:00.604+0000] {logging_mixin.py:190} INFO - [2024-12-07T09:15:00.604+0000] {override.py:1911} INFO - Created Permission View: can read on DAG:example_short_circuit_operator
[2024-12-07T09:15:00.610+0000] {logging_mixin.py:190} INFO - [2024-12-07T09:15:00.609+0000] {override.py:1911} INFO - Created Permission View: can delete on DAG Run:example_short_circuit_operator
[2024-12-07T09:15:00.614+0000] {logging_mixin.py:190} INFO - [2024-12-07T09:15:00.614+0000] {override.py:1911} INFO - Created Permission View: menu access on DAG Run:example_short_circuit_operator
[2024-12-07T09:15:00.618+0000] {logging_mixin.py:190} INFO - [2024-12-07T09:15:00.618+0000] {override.py:1911} INFO - Created Permission View: can create on DAG Run:example_short_circuit_operator
[2024-12-07T09:15:00.622+0000] {logging_mixin.py:190} INFO - [2024-12-07T09:15:00.622+0000] {override.py:1911} INFO - Created Permission View: can read on DAG Run:example_short_circuit_operator
[2024-12-07T09:15:00.622+0000] {logging_mixin.py:190} INFO - [2024-12-07T09:15:00.622+0000] {dag.py:3239} INFO - Sync 1 DAGs
[2024-12-07T09:15:00.632+0000] {logging_mixin.py:190} INFO - [2024-12-07T09:15:00.632+0000] {dag.py:3262} INFO - Creating ORM DAG for example_short_circuit_operator
[2024-12-07T09:15:00.632+0000] {logging_mixin.py:190} INFO - [2024-12-07T09:15:00.632+0000] {dag.py:4180} INFO - Setting next_dagrun for example_short_circuit_operator to None, run_after=None
[2024-12-07T09:15:00.644+0000] {processor.py:208} INFO - Processing /home/airflow/.local/lib/python3.12/site-packages/airflow/example_dags/example_short_circuit_operator.py took 0.195 seconds
[2024-12-07T09:15:30.814+0000] {processor.py:186} INFO - Started process (PID=160) to work on /home/airflow/.local/lib/python3.12/site-packages/airflow/example_dags/example_short_circuit_operator.py
[2024-12-07T09:15:30.815+0000] {processor.py:914} INFO - Processing file /home/airflow/.local/lib/python3.12/site-packages/airflow/example_dags/example_short_circuit_operator.py for tasks to queue
[2024-12-07T09:15:30.817+0000] {logging_mixin.py:190} INFO - [2024-12-07T09:15:30.816+0000] {dagbag.py:588} INFO - Filling up the DagBag from /home/airflow/.local/lib/python3.12/site-packages/airflow/example_dags/example_short_circuit_operator.py
[2024-12-07T09:15:30.825+0000] {processor.py:925} INFO - DAG(s) 'example_short_circuit_operator' retrieved from /home/airflow/.local/lib/python3.12/site-packages/airflow/example_dags/example_short_circuit_operator.py
[2024-12-07T09:15:30.847+0000] {logging_mixin.py:190} INFO - [2024-12-07T09:15:30.847+0000] {dag.py:3239} INFO - Sync 1 DAGs
[2024-12-07T09:15:30.861+0000] {logging_mixin.py:190} INFO - [2024-12-07T09:15:30.861+0000] {dag.py:4180} INFO - Setting next_dagrun for example_short_circuit_operator to None, run_after=None
[2024-12-07T09:15:30.876+0000] {processor.py:208} INFO - Processing /home/airflow/.local/lib/python3.12/site-packages/airflow/example_dags/example_short_circuit_operator.py took 0.068 seconds
[2024-12-07T09:16:01.343+0000] {processor.py:186} INFO - Started process (PID=222) to work on /home/airflow/.local/lib/python3.12/site-packages/airflow/example_dags/example_short_circuit_operator.py
[2024-12-07T09:16:01.344+0000] {processor.py:914} INFO - Processing file /home/airflow/.local/lib/python3.12/site-packages/airflow/example_dags/example_short_circuit_operator.py for tasks to queue
[2024-12-07T09:16:01.346+0000] {logging_mixin.py:190} INFO - [2024-12-07T09:16:01.345+0000] {dagbag.py:588} INFO - Filling up the DagBag from /home/airflow/.local/lib/python3.12/site-packages/airflow/example_dags/example_short_circuit_operator.py
[2024-12-07T09:16:01.353+0000] {processor.py:925} INFO - DAG(s) 'example_short_circuit_operator' retrieved from /home/airflow/.local/lib/python3.12/site-packages/airflow/example_dags/example_short_circuit_operator.py
[2024-12-07T09:16:01.371+0000] {logging_mixin.py:190} INFO - [2024-12-07T09:16:01.371+0000] {dag.py:3239} INFO - Sync 1 DAGs
[2024-12-07T09:16:01.383+0000] {logging_mixin.py:190} INFO - [2024-12-07T09:16:01.383+0000] {dag.py:4180} INFO - Setting next_dagrun for example_short_circuit_operator to None, run_after=None
[2024-12-07T09:16:01.398+0000] {processor.py:208} INFO - Processing /home/airflow/.local/lib/python3.12/site-packages/airflow/example_dags/example_short_circuit_operator.py took 0.060 seconds
[2024-12-07T09:16:32.361+0000] {processor.py:186} INFO - Started process (PID=285) to work on /home/airflow/.local/lib/python3.12/site-packages/airflow/example_dags/example_short_circuit_operator.py
[2024-12-07T09:16:32.362+0000] {processor.py:914} INFO - Processing file /home/airflow/.local/lib/python3.12/site-packages/airflow/example_dags/example_short_circuit_operator.py for tasks to queue
[2024-12-07T09:16:32.364+0000] {logging_mixin.py:190} INFO - [2024-12-07T09:16:32.363+0000] {dagbag.py:588} INFO - Filling up the DagBag from /home/airflow/.local/lib/python3.12/site-packages/airflow/example_dags/example_short_circuit_operator.py
[2024-12-07T09:16:32.370+0000] {processor.py:925} INFO - DAG(s) 'example_short_circuit_operator' retrieved from /home/airflow/.local/lib/python3.12/site-packages/airflow/example_dags/example_short_circuit_operator.py
[2024-12-07T09:16:32.395+0000] {logging_mixin.py:190} INFO - [2024-12-07T09:16:32.395+0000] {dag.py:3239} INFO - Sync 1 DAGs
[2024-12-07T09:16:32.408+0000] {logging_mixin.py:190} INFO - [2024-12-07T09:16:32.408+0000] {dag.py:4180} INFO - Setting next_dagrun for example_short_circuit_operator to None, run_after=None
[2024-12-07T09:16:32.421+0000] {processor.py:208} INFO - Processing /home/airflow/.local/lib/python3.12/site-packages/airflow/example_dags/example_short_circuit_operator.py took 0.064 seconds
[2024-12-07T09:17:03.201+0000] {processor.py:186} INFO - Started process (PID=348) to work on /home/airflow/.local/lib/python3.12/site-packages/airflow/example_dags/example_short_circuit_operator.py
[2024-12-07T09:17:03.202+0000] {processor.py:914} INFO - Processing file /home/airflow/.local/lib/python3.12/site-packages/airflow/example_dags/example_short_circuit_operator.py for tasks to queue
[2024-12-07T09:17:03.204+0000] {logging_mixin.py:190} INFO - [2024-12-07T09:17:03.204+0000] {dagbag.py:588} INFO - Filling up the DagBag from /home/airflow/.local/lib/python3.12/site-packages/airflow/example_dags/example_short_circuit_operator.py
[2024-12-07T09:17:03.214+0000] {processor.py:925} INFO - DAG(s) 'example_short_circuit_operator' retrieved from /home/airflow/.local/lib/python3.12/site-packages/airflow/example_dags/example_short_circuit_operator.py
[2024-12-07T09:17:03.240+0000] {logging_mixin.py:190} INFO - [2024-12-07T09:17:03.239+0000] {dag.py:3239} INFO - Sync 1 DAGs
[2024-12-07T09:17:03.255+0000] {logging_mixin.py:190} INFO - [2024-12-07T09:17:03.255+0000] {dag.py:4180} INFO - Setting next_dagrun for example_short_circuit_operator to None, run_after=None
[2024-12-07T09:17:03.275+0000] {processor.py:208} INFO - Processing /home/airflow/.local/lib/python3.12/site-packages/airflow/example_dags/example_short_circuit_operator.py took 0.081 seconds
[2024-12-07T09:17:34.073+0000] {processor.py:186} INFO - Started process (PID=411) to work on /home/airflow/.local/lib/python3.12/site-packages/airflow/example_dags/example_short_circuit_operator.py
[2024-12-07T09:17:34.074+0000] {processor.py:914} INFO - Processing file /home/airflow/.local/lib/python3.12/site-packages/airflow/example_dags/example_short_circuit_operator.py for tasks to queue
[2024-12-07T09:17:34.076+0000] {logging_mixin.py:190} INFO - [2024-12-07T09:17:34.076+0000] {dagbag.py:588} INFO - Filling up the DagBag from /home/airflow/.local/lib/python3.12/site-packages/airflow/example_dags/example_short_circuit_operator.py
[2024-12-07T09:17:34.086+0000] {processor.py:925} INFO - DAG(s) 'example_short_circuit_operator' retrieved from /home/airflow/.local/lib/python3.12/site-packages/airflow/example_dags/example_short_circuit_operator.py
[2024-12-07T09:17:34.113+0000] {logging_mixin.py:190} INFO - [2024-12-07T09:17:34.113+0000] {dag.py:3239} INFO - Sync 1 DAGs
[2024-12-07T09:17:34.130+0000] {logging_mixin.py:190} INFO - [2024-12-07T09:17:34.130+0000] {dag.py:4180} INFO - Setting next_dagrun for example_short_circuit_operator to None, run_after=None
[2024-12-07T09:17:34.148+0000] {processor.py:208} INFO - Processing /home/airflow/.local/lib/python3.12/site-packages/airflow/example_dags/example_short_circuit_operator.py took 0.081 seconds
[2024-12-07T09:18:04.381+0000] {processor.py:186} INFO - Started process (PID=473) to work on /home/airflow/.local/lib/python3.12/site-packages/airflow/example_dags/example_short_circuit_operator.py
[2024-12-07T09:18:04.381+0000] {processor.py:914} INFO - Processing file /home/airflow/.local/lib/python3.12/site-packages/airflow/example_dags/example_short_circuit_operator.py for tasks to queue
[2024-12-07T09:18:04.383+0000] {logging_mixin.py:190} INFO - [2024-12-07T09:18:04.383+0000] {dagbag.py:588} INFO - Filling up the DagBag from /home/airflow/.local/lib/python3.12/site-packages/airflow/example_dags/example_short_circuit_operator.py
[2024-12-07T09:18:04.390+0000] {processor.py:925} INFO - DAG(s) 'example_short_circuit_operator' retrieved from /home/airflow/.local/lib/python3.12/site-packages/airflow/example_dags/example_short_circuit_operator.py
[2024-12-07T09:18:04.413+0000] {logging_mixin.py:190} INFO - [2024-12-07T09:18:04.413+0000] {dag.py:3239} INFO - Sync 1 DAGs
[2024-12-07T09:18:04.430+0000] {logging_mixin.py:190} INFO - [2024-12-07T09:18:04.430+0000] {dag.py:4180} INFO - Setting next_dagrun for example_short_circuit_operator to None, run_after=None
[2024-12-07T09:18:04.448+0000] {processor.py:208} INFO - Processing /home/airflow/.local/lib/python3.12/site-packages/airflow/example_dags/example_short_circuit_operator.py took 0.072 seconds
[2024-12-07T09:18:34.578+0000] {processor.py:186} INFO - Started process (PID=536) to work on /home/airflow/.local/lib/python3.12/site-packages/airflow/example_dags/example_short_circuit_operator.py
[2024-12-07T09:18:34.579+0000] {processor.py:914} INFO - Processing file /home/airflow/.local/lib/python3.12/site-packages/airflow/example_dags/example_short_circuit_operator.py for tasks to queue
[2024-12-07T09:18:34.581+0000] {logging_mixin.py:190} INFO - [2024-12-07T09:18:34.580+0000] {dagbag.py:588} INFO - Filling up the DagBag from /home/airflow/.local/lib/python3.12/site-packages/airflow/example_dags/example_short_circuit_operator.py
[2024-12-07T09:18:34.587+0000] {processor.py:925} INFO - DAG(s) 'example_short_circuit_operator' retrieved from /home/airflow/.local/lib/python3.12/site-packages/airflow/example_dags/example_short_circuit_operator.py
[2024-12-07T09:18:34.605+0000] {logging_mixin.py:190} INFO - [2024-12-07T09:18:34.604+0000] {dag.py:3239} INFO - Sync 1 DAGs
[2024-12-07T09:18:34.616+0000] {logging_mixin.py:190} INFO - [2024-12-07T09:18:34.615+0000] {dag.py:4180} INFO - Setting next_dagrun for example_short_circuit_operator to None, run_after=None
[2024-12-07T09:18:34.628+0000] {processor.py:208} INFO - Processing /home/airflow/.local/lib/python3.12/site-packages/airflow/example_dags/example_short_circuit_operator.py took 0.054 seconds
[2024-12-07T09:19:04.766+0000] {processor.py:186} INFO - Started process (PID=599) to work on /home/airflow/.local/lib/python3.12/site-packages/airflow/example_dags/example_short_circuit_operator.py
[2024-12-07T09:19:04.766+0000] {processor.py:914} INFO - Processing file /home/airflow/.local/lib/python3.12/site-packages/airflow/example_dags/example_short_circuit_operator.py for tasks to queue
[2024-12-07T09:19:04.768+0000] {logging_mixin.py:190} INFO - [2024-12-07T09:19:04.768+0000] {dagbag.py:588} INFO - Filling up the DagBag from /home/airflow/.local/lib/python3.12/site-packages/airflow/example_dags/example_short_circuit_operator.py
[2024-12-07T09:19:04.775+0000] {processor.py:925} INFO - DAG(s) 'example_short_circuit_operator' retrieved from /home/airflow/.local/lib/python3.12/site-packages/airflow/example_dags/example_short_circuit_operator.py
[2024-12-07T09:19:04.791+0000] {logging_mixin.py:190} INFO - [2024-12-07T09:19:04.791+0000] {dag.py:3239} INFO - Sync 1 DAGs
[2024-12-07T09:19:04.802+0000] {logging_mixin.py:190} INFO - [2024-12-07T09:19:04.802+0000] {dag.py:4180} INFO - Setting next_dagrun for example_short_circuit_operator to None, run_after=None
[2024-12-07T09:19:04.814+0000] {processor.py:208} INFO - Processing /home/airflow/.local/lib/python3.12/site-packages/airflow/example_dags/example_short_circuit_operator.py took 0.053 seconds
[2024-12-07T09:19:35.225+0000] {processor.py:186} INFO - Started process (PID=662) to work on /home/airflow/.local/lib/python3.12/site-packages/airflow/example_dags/example_short_circuit_operator.py
[2024-12-07T09:19:35.226+0000] {processor.py:914} INFO - Processing file /home/airflow/.local/lib/python3.12/site-packages/airflow/example_dags/example_short_circuit_operator.py for tasks to queue
[2024-12-07T09:19:35.228+0000] {logging_mixin.py:190} INFO - [2024-12-07T09:19:35.227+0000] {dagbag.py:588} INFO - Filling up the DagBag from /home/airflow/.local/lib/python3.12/site-packages/airflow/example_dags/example_short_circuit_operator.py
[2024-12-07T09:19:35.235+0000] {processor.py:925} INFO - DAG(s) 'example_short_circuit_operator' retrieved from /home/airflow/.local/lib/python3.12/site-packages/airflow/example_dags/example_short_circuit_operator.py
[2024-12-07T09:19:35.254+0000] {logging_mixin.py:190} INFO - [2024-12-07T09:19:35.253+0000] {dag.py:3239} INFO - Sync 1 DAGs
[2024-12-07T09:19:35.266+0000] {logging_mixin.py:190} INFO - [2024-12-07T09:19:35.266+0000] {dag.py:4180} INFO - Setting next_dagrun for example_short_circuit_operator to None, run_after=None
[2024-12-07T09:19:35.279+0000] {processor.py:208} INFO - Processing /home/airflow/.local/lib/python3.12/site-packages/airflow/example_dags/example_short_circuit_operator.py took 0.058 seconds
[2024-12-07T09:20:05.587+0000] {processor.py:186} INFO - Started process (PID=725) to work on /home/airflow/.local/lib/python3.12/site-packages/airflow/example_dags/example_short_circuit_operator.py
[2024-12-07T09:20:05.587+0000] {processor.py:914} INFO - Processing file /home/airflow/.local/lib/python3.12/site-packages/airflow/example_dags/example_short_circuit_operator.py for tasks to queue
[2024-12-07T09:20:05.589+0000] {logging_mixin.py:190} INFO - [2024-12-07T09:20:05.589+0000] {dagbag.py:588} INFO - Filling up the DagBag from /home/airflow/.local/lib/python3.12/site-packages/airflow/example_dags/example_short_circuit_operator.py
[2024-12-07T09:20:05.596+0000] {processor.py:925} INFO - DAG(s) 'example_short_circuit_operator' retrieved from /home/airflow/.local/lib/python3.12/site-packages/airflow/example_dags/example_short_circuit_operator.py
[2024-12-07T09:20:05.613+0000] {logging_mixin.py:190} INFO - [2024-12-07T09:20:05.613+0000] {dag.py:3239} INFO - Sync 1 DAGs
[2024-12-07T09:20:05.624+0000] {logging_mixin.py:190} INFO - [2024-12-07T09:20:05.624+0000] {dag.py:4180} INFO - Setting next_dagrun for example_short_circuit_operator to None, run_after=None
[2024-12-07T09:20:05.636+0000] {processor.py:208} INFO - Processing /home/airflow/.local/lib/python3.12/site-packages/airflow/example_dags/example_short_circuit_operator.py took 0.053 seconds
[2024-12-07T09:20:36.037+0000] {processor.py:186} INFO - Started process (PID=788) to work on /home/airflow/.local/lib/python3.12/site-packages/airflow/example_dags/example_short_circuit_operator.py
[2024-12-07T09:20:36.038+0000] {processor.py:914} INFO - Processing file /home/airflow/.local/lib/python3.12/site-packages/airflow/example_dags/example_short_circuit_operator.py for tasks to queue
[2024-12-07T09:20:36.039+0000] {logging_mixin.py:190} INFO - [2024-12-07T09:20:36.039+0000] {dagbag.py:588} INFO - Filling up the DagBag from /home/airflow/.local/lib/python3.12/site-packages/airflow/example_dags/example_short_circuit_operator.py
[2024-12-07T09:20:36.046+0000] {processor.py:925} INFO - DAG(s) 'example_short_circuit_operator' retrieved from /home/airflow/.local/lib/python3.12/site-packages/airflow/example_dags/example_short_circuit_operator.py
[2024-12-07T09:20:36.063+0000] {logging_mixin.py:190} INFO - [2024-12-07T09:20:36.063+0000] {dag.py:3239} INFO - Sync 1 DAGs
[2024-12-07T09:20:36.074+0000] {logging_mixin.py:190} INFO - [2024-12-07T09:20:36.074+0000] {dag.py:4180} INFO - Setting next_dagrun for example_short_circuit_operator to None, run_after=None
[2024-12-07T09:20:36.086+0000] {processor.py:208} INFO - Processing /home/airflow/.local/lib/python3.12/site-packages/airflow/example_dags/example_short_circuit_operator.py took 0.054 seconds
[2024-12-07T09:21:06.989+0000] {processor.py:186} INFO - Started process (PID=851) to work on /home/airflow/.local/lib/python3.12/site-packages/airflow/example_dags/example_short_circuit_operator.py
[2024-12-07T09:21:06.990+0000] {processor.py:914} INFO - Processing file /home/airflow/.local/lib/python3.12/site-packages/airflow/example_dags/example_short_circuit_operator.py for tasks to queue
[2024-12-07T09:21:06.992+0000] {logging_mixin.py:190} INFO - [2024-12-07T09:21:06.991+0000] {dagbag.py:588} INFO - Filling up the DagBag from /home/airflow/.local/lib/python3.12/site-packages/airflow/example_dags/example_short_circuit_operator.py
[2024-12-07T09:21:07.000+0000] {processor.py:925} INFO - DAG(s) 'example_short_circuit_operator' retrieved from /home/airflow/.local/lib/python3.12/site-packages/airflow/example_dags/example_short_circuit_operator.py
[2024-12-07T09:21:07.023+0000] {logging_mixin.py:190} INFO - [2024-12-07T09:21:07.022+0000] {dag.py:3239} INFO - Sync 1 DAGs
[2024-12-07T09:21:07.037+0000] {logging_mixin.py:190} INFO - [2024-12-07T09:21:07.037+0000] {dag.py:4180} INFO - Setting next_dagrun for example_short_circuit_operator to None, run_after=None
[2024-12-07T09:21:07.053+0000] {processor.py:208} INFO - Processing /home/airflow/.local/lib/python3.12/site-packages/airflow/example_dags/example_short_circuit_operator.py took 0.070 seconds
[2024-12-07T09:21:37.347+0000] {processor.py:186} INFO - Started process (PID=914) to work on /home/airflow/.local/lib/python3.12/site-packages/airflow/example_dags/example_short_circuit_operator.py
[2024-12-07T09:21:37.348+0000] {processor.py:914} INFO - Processing file /home/airflow/.local/lib/python3.12/site-packages/airflow/example_dags/example_short_circuit_operator.py for tasks to queue
[2024-12-07T09:21:37.350+0000] {logging_mixin.py:190} INFO - [2024-12-07T09:21:37.349+0000] {dagbag.py:588} INFO - Filling up the DagBag from /home/airflow/.local/lib/python3.12/site-packages/airflow/example_dags/example_short_circuit_operator.py
[2024-12-07T09:21:37.356+0000] {processor.py:925} INFO - DAG(s) 'example_short_circuit_operator' retrieved from /home/airflow/.local/lib/python3.12/site-packages/airflow/example_dags/example_short_circuit_operator.py
[2024-12-07T09:21:37.373+0000] {logging_mixin.py:190} INFO - [2024-12-07T09:21:37.373+0000] {dag.py:3239} INFO - Sync 1 DAGs
[2024-12-07T09:21:37.384+0000] {logging_mixin.py:190} INFO - [2024-12-07T09:21:37.384+0000] {dag.py:4180} INFO - Setting next_dagrun for example_short_circuit_operator to None, run_after=None
[2024-12-07T09:21:37.397+0000] {processor.py:208} INFO - Processing /home/airflow/.local/lib/python3.12/site-packages/airflow/example_dags/example_short_circuit_operator.py took 0.054 seconds
[2024-12-07T09:22:07.705+0000] {processor.py:186} INFO - Started process (PID=977) to work on /home/airflow/.local/lib/python3.12/site-packages/airflow/example_dags/example_short_circuit_operator.py
[2024-12-07T09:22:07.706+0000] {processor.py:914} INFO - Processing file /home/airflow/.local/lib/python3.12/site-packages/airflow/example_dags/example_short_circuit_operator.py for tasks to queue
[2024-12-07T09:22:07.707+0000] {logging_mixin.py:190} INFO - [2024-12-07T09:22:07.707+0000] {dagbag.py:588} INFO - Filling up the DagBag from /home/airflow/.local/lib/python3.12/site-packages/airflow/example_dags/example_short_circuit_operator.py
[2024-12-07T09:22:07.714+0000] {processor.py:925} INFO - DAG(s) 'example_short_circuit_operator' retrieved from /home/airflow/.local/lib/python3.12/site-packages/airflow/example_dags/example_short_circuit_operator.py
[2024-12-07T09:22:07.731+0000] {logging_mixin.py:190} INFO - [2024-12-07T09:22:07.731+0000] {dag.py:3239} INFO - Sync 1 DAGs
[2024-12-07T09:22:07.742+0000] {logging_mixin.py:190} INFO - [2024-12-07T09:22:07.742+0000] {dag.py:4180} INFO - Setting next_dagrun for example_short_circuit_operator to None, run_after=None
[2024-12-07T09:22:07.754+0000] {processor.py:208} INFO - Processing /home/airflow/.local/lib/python3.12/site-packages/airflow/example_dags/example_short_circuit_operator.py took 0.053 seconds
[2024-12-07T09:22:38.481+0000] {processor.py:186} INFO - Started process (PID=1040) to work on /home/airflow/.local/lib/python3.12/site-packages/airflow/example_dags/example_short_circuit_operator.py
[2024-12-07T09:22:38.482+0000] {processor.py:914} INFO - Processing file /home/airflow/.local/lib/python3.12/site-packages/airflow/example_dags/example_short_circuit_operator.py for tasks to queue
[2024-12-07T09:22:38.483+0000] {logging_mixin.py:190} INFO - [2024-12-07T09:22:38.483+0000] {dagbag.py:588} INFO - Filling up the DagBag from /home/airflow/.local/lib/python3.12/site-packages/airflow/example_dags/example_short_circuit_operator.py
[2024-12-07T09:22:38.490+0000] {processor.py:925} INFO - DAG(s) 'example_short_circuit_operator' retrieved from /home/airflow/.local/lib/python3.12/site-packages/airflow/example_dags/example_short_circuit_operator.py
[2024-12-07T09:22:38.508+0000] {logging_mixin.py:190} INFO - [2024-12-07T09:22:38.507+0000] {dag.py:3239} INFO - Sync 1 DAGs
[2024-12-07T09:22:38.518+0000] {logging_mixin.py:190} INFO - [2024-12-07T09:22:38.518+0000] {dag.py:4180} INFO - Setting next_dagrun for example_short_circuit_operator to None, run_after=None
[2024-12-07T09:22:38.531+0000] {processor.py:208} INFO - Processing /home/airflow/.local/lib/python3.12/site-packages/airflow/example_dags/example_short_circuit_operator.py took 0.054 seconds
[2024-12-07T09:23:09.253+0000] {processor.py:186} INFO - Started process (PID=1103) to work on /home/airflow/.local/lib/python3.12/site-packages/airflow/example_dags/example_short_circuit_operator.py
[2024-12-07T09:23:09.253+0000] {processor.py:914} INFO - Processing file /home/airflow/.local/lib/python3.12/site-packages/airflow/example_dags/example_short_circuit_operator.py for tasks to queue
[2024-12-07T09:23:09.255+0000] {logging_mixin.py:190} INFO - [2024-12-07T09:23:09.255+0000] {dagbag.py:588} INFO - Filling up the DagBag from /home/airflow/.local/lib/python3.12/site-packages/airflow/example_dags/example_short_circuit_operator.py
[2024-12-07T09:23:09.262+0000] {processor.py:925} INFO - DAG(s) 'example_short_circuit_operator' retrieved from /home/airflow/.local/lib/python3.12/site-packages/airflow/example_dags/example_short_circuit_operator.py
[2024-12-07T09:23:09.279+0000] {logging_mixin.py:190} INFO - [2024-12-07T09:23:09.279+0000] {dag.py:3239} INFO - Sync 1 DAGs
[2024-12-07T09:23:09.291+0000] {logging_mixin.py:190} INFO - [2024-12-07T09:23:09.290+0000] {dag.py:4180} INFO - Setting next_dagrun for example_short_circuit_operator to None, run_after=None
[2024-12-07T09:23:09.303+0000] {processor.py:208} INFO - Processing /home/airflow/.local/lib/python3.12/site-packages/airflow/example_dags/example_short_circuit_operator.py took 0.055 seconds
[2024-12-07T09:23:40.156+0000] {processor.py:186} INFO - Started process (PID=1167) to work on /home/airflow/.local/lib/python3.12/site-packages/airflow/example_dags/example_short_circuit_operator.py
[2024-12-07T09:23:40.156+0000] {processor.py:914} INFO - Processing file /home/airflow/.local/lib/python3.12/site-packages/airflow/example_dags/example_short_circuit_operator.py for tasks to queue
[2024-12-07T09:23:40.158+0000] {logging_mixin.py:190} INFO - [2024-12-07T09:23:40.158+0000] {dagbag.py:588} INFO - Filling up the DagBag from /home/airflow/.local/lib/python3.12/site-packages/airflow/example_dags/example_short_circuit_operator.py
[2024-12-07T09:23:40.165+0000] {processor.py:925} INFO - DAG(s) 'example_short_circuit_operator' retrieved from /home/airflow/.local/lib/python3.12/site-packages/airflow/example_dags/example_short_circuit_operator.py
[2024-12-07T09:23:40.185+0000] {logging_mixin.py:190} INFO - [2024-12-07T09:23:40.185+0000] {dag.py:3239} INFO - Sync 1 DAGs
[2024-12-07T09:23:40.198+0000] {logging_mixin.py:190} INFO - [2024-12-07T09:23:40.197+0000] {dag.py:4180} INFO - Setting next_dagrun for example_short_circuit_operator to None, run_after=None
[2024-12-07T09:23:40.210+0000] {processor.py:208} INFO - Processing /home/airflow/.local/lib/python3.12/site-packages/airflow/example_dags/example_short_circuit_operator.py took 0.059 seconds
[2024-12-07T09:24:10.349+0000] {processor.py:186} INFO - Started process (PID=1230) to work on /home/airflow/.local/lib/python3.12/site-packages/airflow/example_dags/example_short_circuit_operator.py
[2024-12-07T09:24:10.350+0000] {processor.py:914} INFO - Processing file /home/airflow/.local/lib/python3.12/site-packages/airflow/example_dags/example_short_circuit_operator.py for tasks to queue
[2024-12-07T09:24:10.351+0000] {logging_mixin.py:190} INFO - [2024-12-07T09:24:10.351+0000] {dagbag.py:588} INFO - Filling up the DagBag from /home/airflow/.local/lib/python3.12/site-packages/airflow/example_dags/example_short_circuit_operator.py
[2024-12-07T09:24:10.358+0000] {processor.py:925} INFO - DAG(s) 'example_short_circuit_operator' retrieved from /home/airflow/.local/lib/python3.12/site-packages/airflow/example_dags/example_short_circuit_operator.py
[2024-12-07T09:24:10.377+0000] {logging_mixin.py:190} INFO - [2024-12-07T09:24:10.377+0000] {dag.py:3239} INFO - Sync 1 DAGs
[2024-12-07T09:24:10.389+0000] {logging_mixin.py:190} INFO - [2024-12-07T09:24:10.389+0000] {dag.py:4180} INFO - Setting next_dagrun for example_short_circuit_operator to None, run_after=None
[2024-12-07T09:24:10.406+0000] {processor.py:208} INFO - Processing /home/airflow/.local/lib/python3.12/site-packages/airflow/example_dags/example_short_circuit_operator.py took 0.062 seconds
[2024-12-07T09:24:40.497+0000] {processor.py:186} INFO - Started process (PID=1293) to work on /home/airflow/.local/lib/python3.12/site-packages/airflow/example_dags/example_short_circuit_operator.py
[2024-12-07T09:24:40.498+0000] {processor.py:914} INFO - Processing file /home/airflow/.local/lib/python3.12/site-packages/airflow/example_dags/example_short_circuit_operator.py for tasks to queue
[2024-12-07T09:24:40.500+0000] {logging_mixin.py:190} INFO - [2024-12-07T09:24:40.499+0000] {dagbag.py:588} INFO - Filling up the DagBag from /home/airflow/.local/lib/python3.12/site-packages/airflow/example_dags/example_short_circuit_operator.py
[2024-12-07T09:24:40.507+0000] {processor.py:925} INFO - DAG(s) 'example_short_circuit_operator' retrieved from /home/airflow/.local/lib/python3.12/site-packages/airflow/example_dags/example_short_circuit_operator.py
[2024-12-07T09:24:40.526+0000] {logging_mixin.py:190} INFO - [2024-12-07T09:24:40.525+0000] {dag.py:3239} INFO - Sync 1 DAGs
[2024-12-07T09:24:40.538+0000] {logging_mixin.py:190} INFO - [2024-12-07T09:24:40.538+0000] {dag.py:4180} INFO - Setting next_dagrun for example_short_circuit_operator to None, run_after=None
[2024-12-07T09:24:40.553+0000] {processor.py:208} INFO - Processing /home/airflow/.local/lib/python3.12/site-packages/airflow/example_dags/example_short_circuit_operator.py took 0.060 seconds
[2024-12-07T09:25:10.676+0000] {processor.py:186} INFO - Started process (PID=1356) to work on /home/airflow/.local/lib/python3.12/site-packages/airflow/example_dags/example_short_circuit_operator.py
[2024-12-07T09:25:10.677+0000] {processor.py:914} INFO - Processing file /home/airflow/.local/lib/python3.12/site-packages/airflow/example_dags/example_short_circuit_operator.py for tasks to queue
[2024-12-07T09:25:10.679+0000] {logging_mixin.py:190} INFO - [2024-12-07T09:25:10.679+0000] {dagbag.py:588} INFO - Filling up the DagBag from /home/airflow/.local/lib/python3.12/site-packages/airflow/example_dags/example_short_circuit_operator.py
[2024-12-07T09:25:10.688+0000] {processor.py:925} INFO - DAG(s) 'example_short_circuit_operator' retrieved from /home/airflow/.local/lib/python3.12/site-packages/airflow/example_dags/example_short_circuit_operator.py
[2024-12-07T09:25:10.707+0000] {logging_mixin.py:190} INFO - [2024-12-07T09:25:10.707+0000] {dag.py:3239} INFO - Sync 1 DAGs
[2024-12-07T09:25:10.718+0000] {logging_mixin.py:190} INFO - [2024-12-07T09:25:10.718+0000] {dag.py:4180} INFO - Setting next_dagrun for example_short_circuit_operator to None, run_after=None
[2024-12-07T09:25:10.731+0000] {processor.py:208} INFO - Processing /home/airflow/.local/lib/python3.12/site-packages/airflow/example_dags/example_short_circuit_operator.py took 0.061 seconds
[2024-12-07T09:25:40.862+0000] {processor.py:186} INFO - Started process (PID=1419) to work on /home/airflow/.local/lib/python3.12/site-packages/airflow/example_dags/example_short_circuit_operator.py
[2024-12-07T09:25:40.863+0000] {processor.py:914} INFO - Processing file /home/airflow/.local/lib/python3.12/site-packages/airflow/example_dags/example_short_circuit_operator.py for tasks to queue
[2024-12-07T09:25:40.864+0000] {logging_mixin.py:190} INFO - [2024-12-07T09:25:40.864+0000] {dagbag.py:588} INFO - Filling up the DagBag from /home/airflow/.local/lib/python3.12/site-packages/airflow/example_dags/example_short_circuit_operator.py
[2024-12-07T09:25:40.871+0000] {processor.py:925} INFO - DAG(s) 'example_short_circuit_operator' retrieved from /home/airflow/.local/lib/python3.12/site-packages/airflow/example_dags/example_short_circuit_operator.py
[2024-12-07T09:25:40.888+0000] {logging_mixin.py:190} INFO - [2024-12-07T09:25:40.888+0000] {dag.py:3239} INFO - Sync 1 DAGs
[2024-12-07T09:25:40.899+0000] {logging_mixin.py:190} INFO - [2024-12-07T09:25:40.899+0000] {dag.py:4180} INFO - Setting next_dagrun for example_short_circuit_operator to None, run_after=None
[2024-12-07T09:25:40.911+0000] {processor.py:208} INFO - Processing /home/airflow/.local/lib/python3.12/site-packages/airflow/example_dags/example_short_circuit_operator.py took 0.053 seconds
[2024-12-07T09:26:11.222+0000] {processor.py:186} INFO - Started process (PID=1482) to work on /home/airflow/.local/lib/python3.12/site-packages/airflow/example_dags/example_short_circuit_operator.py
[2024-12-07T09:26:11.223+0000] {processor.py:914} INFO - Processing file /home/airflow/.local/lib/python3.12/site-packages/airflow/example_dags/example_short_circuit_operator.py for tasks to queue
[2024-12-07T09:26:11.225+0000] {logging_mixin.py:190} INFO - [2024-12-07T09:26:11.225+0000] {dagbag.py:588} INFO - Filling up the DagBag from /home/airflow/.local/lib/python3.12/site-packages/airflow/example_dags/example_short_circuit_operator.py
[2024-12-07T09:26:11.232+0000] {processor.py:925} INFO - DAG(s) 'example_short_circuit_operator' retrieved from /home/airflow/.local/lib/python3.12/site-packages/airflow/example_dags/example_short_circuit_operator.py
[2024-12-07T09:26:11.257+0000] {logging_mixin.py:190} INFO - [2024-12-07T09:26:11.257+0000] {dag.py:3239} INFO - Sync 1 DAGs
[2024-12-07T09:26:11.272+0000] {logging_mixin.py:190} INFO - [2024-12-07T09:26:11.272+0000] {dag.py:4180} INFO - Setting next_dagrun for example_short_circuit_operator to None, run_after=None
[2024-12-07T09:26:11.290+0000] {processor.py:208} INFO - Processing /home/airflow/.local/lib/python3.12/site-packages/airflow/example_dags/example_short_circuit_operator.py took 0.072 seconds
[2024-12-07T09:26:41.541+0000] {processor.py:186} INFO - Started process (PID=1545) to work on /home/airflow/.local/lib/python3.12/site-packages/airflow/example_dags/example_short_circuit_operator.py
[2024-12-07T09:26:41.542+0000] {processor.py:914} INFO - Processing file /home/airflow/.local/lib/python3.12/site-packages/airflow/example_dags/example_short_circuit_operator.py for tasks to queue
[2024-12-07T09:26:41.544+0000] {logging_mixin.py:190} INFO - [2024-12-07T09:26:41.543+0000] {dagbag.py:588} INFO - Filling up the DagBag from /home/airflow/.local/lib/python3.12/site-packages/airflow/example_dags/example_short_circuit_operator.py
[2024-12-07T09:26:41.550+0000] {processor.py:925} INFO - DAG(s) 'example_short_circuit_operator' retrieved from /home/airflow/.local/lib/python3.12/site-packages/airflow/example_dags/example_short_circuit_operator.py
[2024-12-07T09:26:41.568+0000] {logging_mixin.py:190} INFO - [2024-12-07T09:26:41.567+0000] {dag.py:3239} INFO - Sync 1 DAGs
[2024-12-07T09:26:41.579+0000] {logging_mixin.py:190} INFO - [2024-12-07T09:26:41.578+0000] {dag.py:4180} INFO - Setting next_dagrun for example_short_circuit_operator to None, run_after=None
[2024-12-07T09:26:41.591+0000] {processor.py:208} INFO - Processing /home/airflow/.local/lib/python3.12/site-packages/airflow/example_dags/example_short_circuit_operator.py took 0.054 seconds
[2024-12-07T09:27:11.795+0000] {processor.py:186} INFO - Started process (PID=1608) to work on /home/airflow/.local/lib/python3.12/site-packages/airflow/example_dags/example_short_circuit_operator.py
[2024-12-07T09:27:11.796+0000] {processor.py:914} INFO - Processing file /home/airflow/.local/lib/python3.12/site-packages/airflow/example_dags/example_short_circuit_operator.py for tasks to queue
[2024-12-07T09:27:11.798+0000] {logging_mixin.py:190} INFO - [2024-12-07T09:27:11.797+0000] {dagbag.py:588} INFO - Filling up the DagBag from /home/airflow/.local/lib/python3.12/site-packages/airflow/example_dags/example_short_circuit_operator.py
[2024-12-07T09:27:11.804+0000] {processor.py:925} INFO - DAG(s) 'example_short_circuit_operator' retrieved from /home/airflow/.local/lib/python3.12/site-packages/airflow/example_dags/example_short_circuit_operator.py
[2024-12-07T09:27:11.822+0000] {logging_mixin.py:190} INFO - [2024-12-07T09:27:11.822+0000] {dag.py:3239} INFO - Sync 1 DAGs
[2024-12-07T09:27:11.833+0000] {logging_mixin.py:190} INFO - [2024-12-07T09:27:11.833+0000] {dag.py:4180} INFO - Setting next_dagrun for example_short_circuit_operator to None, run_after=None
[2024-12-07T09:27:11.845+0000] {processor.py:208} INFO - Processing /home/airflow/.local/lib/python3.12/site-packages/airflow/example_dags/example_short_circuit_operator.py took 0.054 seconds
