[2024-12-07T09:14:57.262+0000] {processor.py:186} INFO - Started process (PID=83) to work on /home/airflow/.local/lib/python3.12/site-packages/airflow/example_dags/example_display_name.py
[2024-12-07T09:14:57.263+0000] {processor.py:914} INFO - Processing file /home/airflow/.local/lib/python3.12/site-packages/airflow/example_dags/example_display_name.py for tasks to queue
[2024-12-07T09:14:57.266+0000] {logging_mixin.py:190} INFO - [2024-12-07T09:14:57.265+0000] {dagbag.py:588} INFO - Filling up the DagBag from /home/airflow/.local/lib/python3.12/site-packages/airflow/example_dags/example_display_name.py
[2024-12-07T09:14:57.275+0000] {processor.py:925} INFO - DAG(s) 'example_display_name' retrieved from /home/airflow/.local/lib/python3.12/site-packages/airflow/example_dags/example_display_name.py
[2024-12-07T09:14:57.411+0000] {logging_mixin.py:190} INFO - [2024-12-07T09:14:57.411+0000] {override.py:1911} INFO - Created Permission View: can delete on DAG:example_display_name
[2024-12-07T09:14:57.420+0000] {logging_mixin.py:190} INFO - [2024-12-07T09:14:57.420+0000] {override.py:1911} INFO - Created Permission View: can edit on DAG:example_display_name
[2024-12-07T09:14:57.425+0000] {logging_mixin.py:190} INFO - [2024-12-07T09:14:57.425+0000] {override.py:1911} INFO - Created Permission View: can read on DAG:example_display_name
[2024-12-07T09:14:57.439+0000] {logging_mixin.py:190} INFO - [2024-12-07T09:14:57.438+0000] {override.py:1911} INFO - Created Permission View: can delete on DAG Run:example_display_name
[2024-12-07T09:14:57.446+0000] {logging_mixin.py:190} INFO - [2024-12-07T09:14:57.446+0000] {override.py:1911} INFO - Created Permission View: menu access on DAG Run:example_display_name
[2024-12-07T09:14:57.451+0000] {logging_mixin.py:190} INFO - [2024-12-07T09:14:57.451+0000] {override.py:1911} INFO - Created Permission View: can create on DAG Run:example_display_name
[2024-12-07T09:14:57.457+0000] {logging_mixin.py:190} INFO - [2024-12-07T09:14:57.457+0000] {override.py:1911} INFO - Created Permission View: can read on DAG Run:example_display_name
[2024-12-07T09:14:57.457+0000] {logging_mixin.py:190} INFO - [2024-12-07T09:14:57.457+0000] {dag.py:3239} INFO - Sync 1 DAGs
[2024-12-07T09:14:57.470+0000] {logging_mixin.py:190} INFO - [2024-12-07T09:14:57.469+0000] {dag.py:3262} INFO - Creating ORM DAG for example_display_name
[2024-12-07T09:14:57.470+0000] {logging_mixin.py:190} INFO - [2024-12-07T09:14:57.470+0000] {dag.py:4180} INFO - Setting next_dagrun for example_display_name to None, run_after=None
[2024-12-07T09:14:57.482+0000] {processor.py:208} INFO - Processing /home/airflow/.local/lib/python3.12/site-packages/airflow/example_dags/example_display_name.py took 0.226 seconds
[2024-12-07T09:15:28.342+0000] {processor.py:186} INFO - Started process (PID=146) to work on /home/airflow/.local/lib/python3.12/site-packages/airflow/example_dags/example_display_name.py
[2024-12-07T09:15:28.342+0000] {processor.py:914} INFO - Processing file /home/airflow/.local/lib/python3.12/site-packages/airflow/example_dags/example_display_name.py for tasks to queue
[2024-12-07T09:15:28.344+0000] {logging_mixin.py:190} INFO - [2024-12-07T09:15:28.344+0000] {dagbag.py:588} INFO - Filling up the DagBag from /home/airflow/.local/lib/python3.12/site-packages/airflow/example_dags/example_display_name.py
[2024-12-07T09:15:28.350+0000] {processor.py:925} INFO - DAG(s) 'example_display_name' retrieved from /home/airflow/.local/lib/python3.12/site-packages/airflow/example_dags/example_display_name.py
[2024-12-07T09:15:28.366+0000] {logging_mixin.py:190} INFO - [2024-12-07T09:15:28.366+0000] {dag.py:3239} INFO - Sync 1 DAGs
[2024-12-07T09:15:28.381+0000] {logging_mixin.py:190} INFO - [2024-12-07T09:15:28.381+0000] {dag.py:4180} INFO - Setting next_dagrun for example_display_name to None, run_after=None
[2024-12-07T09:15:28.397+0000] {processor.py:208} INFO - Processing /home/airflow/.local/lib/python3.12/site-packages/airflow/example_dags/example_display_name.py took 0.060 seconds
[2024-12-07T09:15:58.422+0000] {processor.py:186} INFO - Started process (PID=209) to work on /home/airflow/.local/lib/python3.12/site-packages/airflow/example_dags/example_display_name.py
[2024-12-07T09:15:58.423+0000] {processor.py:914} INFO - Processing file /home/airflow/.local/lib/python3.12/site-packages/airflow/example_dags/example_display_name.py for tasks to queue
[2024-12-07T09:15:58.424+0000] {logging_mixin.py:190} INFO - [2024-12-07T09:15:58.424+0000] {dagbag.py:588} INFO - Filling up the DagBag from /home/airflow/.local/lib/python3.12/site-packages/airflow/example_dags/example_display_name.py
[2024-12-07T09:15:58.430+0000] {processor.py:925} INFO - DAG(s) 'example_display_name' retrieved from /home/airflow/.local/lib/python3.12/site-packages/airflow/example_dags/example_display_name.py
[2024-12-07T09:15:58.444+0000] {logging_mixin.py:190} INFO - [2024-12-07T09:15:58.444+0000] {dag.py:3239} INFO - Sync 1 DAGs
[2024-12-07T09:15:58.456+0000] {logging_mixin.py:190} INFO - [2024-12-07T09:15:58.455+0000] {dag.py:4180} INFO - Setting next_dagrun for example_display_name to None, run_after=None
[2024-12-07T09:15:58.468+0000] {processor.py:208} INFO - Processing /home/airflow/.local/lib/python3.12/site-packages/airflow/example_dags/example_display_name.py took 0.050 seconds
[2024-12-07T09:16:28.601+0000] {processor.py:186} INFO - Started process (PID=272) to work on /home/airflow/.local/lib/python3.12/site-packages/airflow/example_dags/example_display_name.py
[2024-12-07T09:16:28.602+0000] {processor.py:914} INFO - Processing file /home/airflow/.local/lib/python3.12/site-packages/airflow/example_dags/example_display_name.py for tasks to queue
[2024-12-07T09:16:28.603+0000] {logging_mixin.py:190} INFO - [2024-12-07T09:16:28.603+0000] {dagbag.py:588} INFO - Filling up the DagBag from /home/airflow/.local/lib/python3.12/site-packages/airflow/example_dags/example_display_name.py
[2024-12-07T09:16:28.609+0000] {processor.py:925} INFO - DAG(s) 'example_display_name' retrieved from /home/airflow/.local/lib/python3.12/site-packages/airflow/example_dags/example_display_name.py
[2024-12-07T09:16:28.623+0000] {logging_mixin.py:190} INFO - [2024-12-07T09:16:28.623+0000] {dag.py:3239} INFO - Sync 1 DAGs
[2024-12-07T09:16:28.633+0000] {logging_mixin.py:190} INFO - [2024-12-07T09:16:28.633+0000] {dag.py:4180} INFO - Setting next_dagrun for example_display_name to None, run_after=None
[2024-12-07T09:16:28.646+0000] {processor.py:208} INFO - Processing /home/airflow/.local/lib/python3.12/site-packages/airflow/example_dags/example_display_name.py took 0.049 seconds
[2024-12-07T09:16:59.341+0000] {processor.py:186} INFO - Started process (PID=335) to work on /home/airflow/.local/lib/python3.12/site-packages/airflow/example_dags/example_display_name.py
[2024-12-07T09:16:59.342+0000] {processor.py:914} INFO - Processing file /home/airflow/.local/lib/python3.12/site-packages/airflow/example_dags/example_display_name.py for tasks to queue
[2024-12-07T09:16:59.344+0000] {logging_mixin.py:190} INFO - [2024-12-07T09:16:59.344+0000] {dagbag.py:588} INFO - Filling up the DagBag from /home/airflow/.local/lib/python3.12/site-packages/airflow/example_dags/example_display_name.py
[2024-12-07T09:16:59.351+0000] {processor.py:925} INFO - DAG(s) 'example_display_name' retrieved from /home/airflow/.local/lib/python3.12/site-packages/airflow/example_dags/example_display_name.py
[2024-12-07T09:16:59.370+0000] {logging_mixin.py:190} INFO - [2024-12-07T09:16:59.369+0000] {dag.py:3239} INFO - Sync 1 DAGs
[2024-12-07T09:16:59.389+0000] {logging_mixin.py:190} INFO - [2024-12-07T09:16:59.389+0000] {dag.py:4180} INFO - Setting next_dagrun for example_display_name to None, run_after=None
[2024-12-07T09:16:59.409+0000] {processor.py:208} INFO - Processing /home/airflow/.local/lib/python3.12/site-packages/airflow/example_dags/example_display_name.py took 0.074 seconds
[2024-12-07T09:17:30.256+0000] {processor.py:186} INFO - Started process (PID=398) to work on /home/airflow/.local/lib/python3.12/site-packages/airflow/example_dags/example_display_name.py
[2024-12-07T09:17:30.256+0000] {processor.py:914} INFO - Processing file /home/airflow/.local/lib/python3.12/site-packages/airflow/example_dags/example_display_name.py for tasks to queue
[2024-12-07T09:17:30.258+0000] {logging_mixin.py:190} INFO - [2024-12-07T09:17:30.258+0000] {dagbag.py:588} INFO - Filling up the DagBag from /home/airflow/.local/lib/python3.12/site-packages/airflow/example_dags/example_display_name.py
[2024-12-07T09:17:30.266+0000] {processor.py:925} INFO - DAG(s) 'example_display_name' retrieved from /home/airflow/.local/lib/python3.12/site-packages/airflow/example_dags/example_display_name.py
[2024-12-07T09:17:30.285+0000] {logging_mixin.py:190} INFO - [2024-12-07T09:17:30.285+0000] {dag.py:3239} INFO - Sync 1 DAGs
[2024-12-07T09:17:30.300+0000] {logging_mixin.py:190} INFO - [2024-12-07T09:17:30.300+0000] {dag.py:4180} INFO - Setting next_dagrun for example_display_name to None, run_after=None
[2024-12-07T09:17:30.317+0000] {processor.py:208} INFO - Processing /home/airflow/.local/lib/python3.12/site-packages/airflow/example_dags/example_display_name.py took 0.066 seconds
[2024-12-07T09:18:00.755+0000] {processor.py:186} INFO - Started process (PID=461) to work on /home/airflow/.local/lib/python3.12/site-packages/airflow/example_dags/example_display_name.py
[2024-12-07T09:18:00.756+0000] {processor.py:914} INFO - Processing file /home/airflow/.local/lib/python3.12/site-packages/airflow/example_dags/example_display_name.py for tasks to queue
[2024-12-07T09:18:00.758+0000] {logging_mixin.py:190} INFO - [2024-12-07T09:18:00.757+0000] {dagbag.py:588} INFO - Filling up the DagBag from /home/airflow/.local/lib/python3.12/site-packages/airflow/example_dags/example_display_name.py
[2024-12-07T09:18:00.764+0000] {processor.py:925} INFO - DAG(s) 'example_display_name' retrieved from /home/airflow/.local/lib/python3.12/site-packages/airflow/example_dags/example_display_name.py
[2024-12-07T09:18:00.779+0000] {logging_mixin.py:190} INFO - [2024-12-07T09:18:00.779+0000] {dag.py:3239} INFO - Sync 1 DAGs
[2024-12-07T09:18:00.790+0000] {logging_mixin.py:190} INFO - [2024-12-07T09:18:00.790+0000] {dag.py:4180} INFO - Setting next_dagrun for example_display_name to None, run_after=None
[2024-12-07T09:18:00.804+0000] {processor.py:208} INFO - Processing /home/airflow/.local/lib/python3.12/site-packages/airflow/example_dags/example_display_name.py took 0.053 seconds
[2024-12-07T09:18:30.965+0000] {processor.py:186} INFO - Started process (PID=524) to work on /home/airflow/.local/lib/python3.12/site-packages/airflow/example_dags/example_display_name.py
[2024-12-07T09:18:30.966+0000] {processor.py:914} INFO - Processing file /home/airflow/.local/lib/python3.12/site-packages/airflow/example_dags/example_display_name.py for tasks to queue
[2024-12-07T09:18:30.968+0000] {logging_mixin.py:190} INFO - [2024-12-07T09:18:30.967+0000] {dagbag.py:588} INFO - Filling up the DagBag from /home/airflow/.local/lib/python3.12/site-packages/airflow/example_dags/example_display_name.py
[2024-12-07T09:18:30.974+0000] {processor.py:925} INFO - DAG(s) 'example_display_name' retrieved from /home/airflow/.local/lib/python3.12/site-packages/airflow/example_dags/example_display_name.py
[2024-12-07T09:18:30.991+0000] {logging_mixin.py:190} INFO - [2024-12-07T09:18:30.991+0000] {dag.py:3239} INFO - Sync 1 DAGs
[2024-12-07T09:18:31.007+0000] {logging_mixin.py:190} INFO - [2024-12-07T09:18:31.007+0000] {dag.py:4180} INFO - Setting next_dagrun for example_display_name to None, run_after=None
[2024-12-07T09:18:31.024+0000] {processor.py:208} INFO - Processing /home/airflow/.local/lib/python3.12/site-packages/airflow/example_dags/example_display_name.py took 0.063 seconds
[2024-12-07T09:19:01.145+0000] {processor.py:186} INFO - Started process (PID=587) to work on /home/airflow/.local/lib/python3.12/site-packages/airflow/example_dags/example_display_name.py
[2024-12-07T09:19:01.145+0000] {processor.py:914} INFO - Processing file /home/airflow/.local/lib/python3.12/site-packages/airflow/example_dags/example_display_name.py for tasks to queue
[2024-12-07T09:19:01.147+0000] {logging_mixin.py:190} INFO - [2024-12-07T09:19:01.147+0000] {dagbag.py:588} INFO - Filling up the DagBag from /home/airflow/.local/lib/python3.12/site-packages/airflow/example_dags/example_display_name.py
[2024-12-07T09:19:01.153+0000] {processor.py:925} INFO - DAG(s) 'example_display_name' retrieved from /home/airflow/.local/lib/python3.12/site-packages/airflow/example_dags/example_display_name.py
[2024-12-07T09:19:01.169+0000] {logging_mixin.py:190} INFO - [2024-12-07T09:19:01.169+0000] {dag.py:3239} INFO - Sync 1 DAGs
[2024-12-07T09:19:01.180+0000] {logging_mixin.py:190} INFO - [2024-12-07T09:19:01.180+0000] {dag.py:4180} INFO - Setting next_dagrun for example_display_name to None, run_after=None
[2024-12-07T09:19:01.193+0000] {processor.py:208} INFO - Processing /home/airflow/.local/lib/python3.12/site-packages/airflow/example_dags/example_display_name.py took 0.052 seconds
[2024-12-07T09:19:31.561+0000] {processor.py:186} INFO - Started process (PID=650) to work on /home/airflow/.local/lib/python3.12/site-packages/airflow/example_dags/example_display_name.py
[2024-12-07T09:19:31.562+0000] {processor.py:914} INFO - Processing file /home/airflow/.local/lib/python3.12/site-packages/airflow/example_dags/example_display_name.py for tasks to queue
[2024-12-07T09:19:31.564+0000] {logging_mixin.py:190} INFO - [2024-12-07T09:19:31.564+0000] {dagbag.py:588} INFO - Filling up the DagBag from /home/airflow/.local/lib/python3.12/site-packages/airflow/example_dags/example_display_name.py
[2024-12-07T09:19:31.571+0000] {processor.py:925} INFO - DAG(s) 'example_display_name' retrieved from /home/airflow/.local/lib/python3.12/site-packages/airflow/example_dags/example_display_name.py
[2024-12-07T09:19:31.588+0000] {logging_mixin.py:190} INFO - [2024-12-07T09:19:31.588+0000] {dag.py:3239} INFO - Sync 1 DAGs
[2024-12-07T09:19:31.604+0000] {logging_mixin.py:190} INFO - [2024-12-07T09:19:31.604+0000] {dag.py:4180} INFO - Setting next_dagrun for example_display_name to None, run_after=None
[2024-12-07T09:19:31.622+0000] {processor.py:208} INFO - Processing /home/airflow/.local/lib/python3.12/site-packages/airflow/example_dags/example_display_name.py took 0.065 seconds
[2024-12-07T09:20:01.905+0000] {processor.py:186} INFO - Started process (PID=713) to work on /home/airflow/.local/lib/python3.12/site-packages/airflow/example_dags/example_display_name.py
[2024-12-07T09:20:01.905+0000] {processor.py:914} INFO - Processing file /home/airflow/.local/lib/python3.12/site-packages/airflow/example_dags/example_display_name.py for tasks to queue
[2024-12-07T09:20:01.907+0000] {logging_mixin.py:190} INFO - [2024-12-07T09:20:01.907+0000] {dagbag.py:588} INFO - Filling up the DagBag from /home/airflow/.local/lib/python3.12/site-packages/airflow/example_dags/example_display_name.py
[2024-12-07T09:20:01.913+0000] {processor.py:925} INFO - DAG(s) 'example_display_name' retrieved from /home/airflow/.local/lib/python3.12/site-packages/airflow/example_dags/example_display_name.py
[2024-12-07T09:20:01.930+0000] {logging_mixin.py:190} INFO - [2024-12-07T09:20:01.930+0000] {dag.py:3239} INFO - Sync 1 DAGs
[2024-12-07T09:20:01.945+0000] {logging_mixin.py:190} INFO - [2024-12-07T09:20:01.945+0000] {dag.py:4180} INFO - Setting next_dagrun for example_display_name to None, run_after=None
[2024-12-07T09:20:01.958+0000] {processor.py:208} INFO - Processing /home/airflow/.local/lib/python3.12/site-packages/airflow/example_dags/example_display_name.py took 0.058 seconds
[2024-12-07T09:20:32.404+0000] {processor.py:186} INFO - Started process (PID=776) to work on /home/airflow/.local/lib/python3.12/site-packages/airflow/example_dags/example_display_name.py
[2024-12-07T09:20:32.405+0000] {processor.py:914} INFO - Processing file /home/airflow/.local/lib/python3.12/site-packages/airflow/example_dags/example_display_name.py for tasks to queue
[2024-12-07T09:20:32.406+0000] {logging_mixin.py:190} INFO - [2024-12-07T09:20:32.406+0000] {dagbag.py:588} INFO - Filling up the DagBag from /home/airflow/.local/lib/python3.12/site-packages/airflow/example_dags/example_display_name.py
[2024-12-07T09:20:32.412+0000] {processor.py:925} INFO - DAG(s) 'example_display_name' retrieved from /home/airflow/.local/lib/python3.12/site-packages/airflow/example_dags/example_display_name.py
[2024-12-07T09:20:32.427+0000] {logging_mixin.py:190} INFO - [2024-12-07T09:20:32.427+0000] {dag.py:3239} INFO - Sync 1 DAGs
[2024-12-07T09:20:32.438+0000] {logging_mixin.py:190} INFO - [2024-12-07T09:20:32.438+0000] {dag.py:4180} INFO - Setting next_dagrun for example_display_name to None, run_after=None
[2024-12-07T09:20:32.451+0000] {processor.py:208} INFO - Processing /home/airflow/.local/lib/python3.12/site-packages/airflow/example_dags/example_display_name.py took 0.051 seconds
[2024-12-07T09:21:03.402+0000] {processor.py:186} INFO - Started process (PID=839) to work on /home/airflow/.local/lib/python3.12/site-packages/airflow/example_dags/example_display_name.py
[2024-12-07T09:21:03.403+0000] {processor.py:914} INFO - Processing file /home/airflow/.local/lib/python3.12/site-packages/airflow/example_dags/example_display_name.py for tasks to queue
[2024-12-07T09:21:03.404+0000] {logging_mixin.py:190} INFO - [2024-12-07T09:21:03.404+0000] {dagbag.py:588} INFO - Filling up the DagBag from /home/airflow/.local/lib/python3.12/site-packages/airflow/example_dags/example_display_name.py
[2024-12-07T09:21:03.411+0000] {processor.py:925} INFO - DAG(s) 'example_display_name' retrieved from /home/airflow/.local/lib/python3.12/site-packages/airflow/example_dags/example_display_name.py
[2024-12-07T09:21:03.427+0000] {logging_mixin.py:190} INFO - [2024-12-07T09:21:03.427+0000] {dag.py:3239} INFO - Sync 1 DAGs
[2024-12-07T09:21:03.439+0000] {logging_mixin.py:190} INFO - [2024-12-07T09:21:03.439+0000] {dag.py:4180} INFO - Setting next_dagrun for example_display_name to None, run_after=None
[2024-12-07T09:21:03.454+0000] {processor.py:208} INFO - Processing /home/airflow/.local/lib/python3.12/site-packages/airflow/example_dags/example_display_name.py took 0.057 seconds
[2024-12-07T09:21:33.803+0000] {processor.py:186} INFO - Started process (PID=902) to work on /home/airflow/.local/lib/python3.12/site-packages/airflow/example_dags/example_display_name.py
[2024-12-07T09:21:33.803+0000] {processor.py:914} INFO - Processing file /home/airflow/.local/lib/python3.12/site-packages/airflow/example_dags/example_display_name.py for tasks to queue
[2024-12-07T09:21:33.805+0000] {logging_mixin.py:190} INFO - [2024-12-07T09:21:33.805+0000] {dagbag.py:588} INFO - Filling up the DagBag from /home/airflow/.local/lib/python3.12/site-packages/airflow/example_dags/example_display_name.py
[2024-12-07T09:21:33.811+0000] {processor.py:925} INFO - DAG(s) 'example_display_name' retrieved from /home/airflow/.local/lib/python3.12/site-packages/airflow/example_dags/example_display_name.py
[2024-12-07T09:21:33.827+0000] {logging_mixin.py:190} INFO - [2024-12-07T09:21:33.826+0000] {dag.py:3239} INFO - Sync 1 DAGs
[2024-12-07T09:21:33.838+0000] {logging_mixin.py:190} INFO - [2024-12-07T09:21:33.838+0000] {dag.py:4180} INFO - Setting next_dagrun for example_display_name to None, run_after=None
[2024-12-07T09:21:33.852+0000] {processor.py:208} INFO - Processing /home/airflow/.local/lib/python3.12/site-packages/airflow/example_dags/example_display_name.py took 0.053 seconds
[2024-12-07T09:22:04.079+0000] {processor.py:186} INFO - Started process (PID=965) to work on /home/airflow/.local/lib/python3.12/site-packages/airflow/example_dags/example_display_name.py
[2024-12-07T09:22:04.080+0000] {processor.py:914} INFO - Processing file /home/airflow/.local/lib/python3.12/site-packages/airflow/example_dags/example_display_name.py for tasks to queue
[2024-12-07T09:22:04.081+0000] {logging_mixin.py:190} INFO - [2024-12-07T09:22:04.081+0000] {dagbag.py:588} INFO - Filling up the DagBag from /home/airflow/.local/lib/python3.12/site-packages/airflow/example_dags/example_display_name.py
[2024-12-07T09:22:04.088+0000] {processor.py:925} INFO - DAG(s) 'example_display_name' retrieved from /home/airflow/.local/lib/python3.12/site-packages/airflow/example_dags/example_display_name.py
[2024-12-07T09:22:04.103+0000] {logging_mixin.py:190} INFO - [2024-12-07T09:22:04.102+0000] {dag.py:3239} INFO - Sync 1 DAGs
[2024-12-07T09:22:04.114+0000] {logging_mixin.py:190} INFO - [2024-12-07T09:22:04.114+0000] {dag.py:4180} INFO - Setting next_dagrun for example_display_name to None, run_after=None
[2024-12-07T09:22:04.127+0000] {processor.py:208} INFO - Processing /home/airflow/.local/lib/python3.12/site-packages/airflow/example_dags/example_display_name.py took 0.052 seconds
[2024-12-07T09:22:34.877+0000] {processor.py:186} INFO - Started process (PID=1028) to work on /home/airflow/.local/lib/python3.12/site-packages/airflow/example_dags/example_display_name.py
[2024-12-07T09:22:34.878+0000] {processor.py:914} INFO - Processing file /home/airflow/.local/lib/python3.12/site-packages/airflow/example_dags/example_display_name.py for tasks to queue
[2024-12-07T09:22:34.879+0000] {logging_mixin.py:190} INFO - [2024-12-07T09:22:34.879+0000] {dagbag.py:588} INFO - Filling up the DagBag from /home/airflow/.local/lib/python3.12/site-packages/airflow/example_dags/example_display_name.py
[2024-12-07T09:22:34.885+0000] {processor.py:925} INFO - DAG(s) 'example_display_name' retrieved from /home/airflow/.local/lib/python3.12/site-packages/airflow/example_dags/example_display_name.py
[2024-12-07T09:22:34.900+0000] {logging_mixin.py:190} INFO - [2024-12-07T09:22:34.900+0000] {dag.py:3239} INFO - Sync 1 DAGs
[2024-12-07T09:22:34.912+0000] {logging_mixin.py:190} INFO - [2024-12-07T09:22:34.912+0000] {dag.py:4180} INFO - Setting next_dagrun for example_display_name to None, run_after=None
[2024-12-07T09:22:34.925+0000] {processor.py:208} INFO - Processing /home/airflow/.local/lib/python3.12/site-packages/airflow/example_dags/example_display_name.py took 0.052 seconds
[2024-12-07T09:23:05.654+0000] {processor.py:186} INFO - Started process (PID=1091) to work on /home/airflow/.local/lib/python3.12/site-packages/airflow/example_dags/example_display_name.py
[2024-12-07T09:23:05.655+0000] {processor.py:914} INFO - Processing file /home/airflow/.local/lib/python3.12/site-packages/airflow/example_dags/example_display_name.py for tasks to queue
[2024-12-07T09:23:05.656+0000] {logging_mixin.py:190} INFO - [2024-12-07T09:23:05.656+0000] {dagbag.py:588} INFO - Filling up the DagBag from /home/airflow/.local/lib/python3.12/site-packages/airflow/example_dags/example_display_name.py
[2024-12-07T09:23:05.662+0000] {processor.py:925} INFO - DAG(s) 'example_display_name' retrieved from /home/airflow/.local/lib/python3.12/site-packages/airflow/example_dags/example_display_name.py
[2024-12-07T09:23:05.678+0000] {logging_mixin.py:190} INFO - [2024-12-07T09:23:05.678+0000] {dag.py:3239} INFO - Sync 1 DAGs
[2024-12-07T09:23:05.693+0000] {logging_mixin.py:190} INFO - [2024-12-07T09:23:05.693+0000] {dag.py:4180} INFO - Setting next_dagrun for example_display_name to None, run_after=None
[2024-12-07T09:23:05.709+0000] {processor.py:208} INFO - Processing /home/airflow/.local/lib/python3.12/site-packages/airflow/example_dags/example_display_name.py took 0.059 seconds
[2024-12-07T09:23:36.444+0000] {processor.py:186} INFO - Started process (PID=1155) to work on /home/airflow/.local/lib/python3.12/site-packages/airflow/example_dags/example_display_name.py
[2024-12-07T09:23:36.444+0000] {processor.py:914} INFO - Processing file /home/airflow/.local/lib/python3.12/site-packages/airflow/example_dags/example_display_name.py for tasks to queue
[2024-12-07T09:23:36.447+0000] {logging_mixin.py:190} INFO - [2024-12-07T09:23:36.446+0000] {dagbag.py:588} INFO - Filling up the DagBag from /home/airflow/.local/lib/python3.12/site-packages/airflow/example_dags/example_display_name.py
[2024-12-07T09:23:36.458+0000] {processor.py:925} INFO - DAG(s) 'example_display_name' retrieved from /home/airflow/.local/lib/python3.12/site-packages/airflow/example_dags/example_display_name.py
[2024-12-07T09:23:36.478+0000] {logging_mixin.py:190} INFO - [2024-12-07T09:23:36.478+0000] {dag.py:3239} INFO - Sync 1 DAGs
[2024-12-07T09:23:36.493+0000] {logging_mixin.py:190} INFO - [2024-12-07T09:23:36.493+0000] {dag.py:4180} INFO - Setting next_dagrun for example_display_name to None, run_after=None
[2024-12-07T09:23:36.509+0000] {processor.py:208} INFO - Processing /home/airflow/.local/lib/python3.12/site-packages/airflow/example_dags/example_display_name.py took 0.071 seconds
[2024-12-07T09:24:07.524+0000] {processor.py:186} INFO - Started process (PID=1218) to work on /home/airflow/.local/lib/python3.12/site-packages/airflow/example_dags/example_display_name.py
[2024-12-07T09:24:07.525+0000] {processor.py:914} INFO - Processing file /home/airflow/.local/lib/python3.12/site-packages/airflow/example_dags/example_display_name.py for tasks to queue
[2024-12-07T09:24:07.527+0000] {logging_mixin.py:190} INFO - [2024-12-07T09:24:07.527+0000] {dagbag.py:588} INFO - Filling up the DagBag from /home/airflow/.local/lib/python3.12/site-packages/airflow/example_dags/example_display_name.py
[2024-12-07T09:24:07.533+0000] {processor.py:925} INFO - DAG(s) 'example_display_name' retrieved from /home/airflow/.local/lib/python3.12/site-packages/airflow/example_dags/example_display_name.py
[2024-12-07T09:24:07.549+0000] {logging_mixin.py:190} INFO - [2024-12-07T09:24:07.549+0000] {dag.py:3239} INFO - Sync 1 DAGs
[2024-12-07T09:24:07.562+0000] {logging_mixin.py:190} INFO - [2024-12-07T09:24:07.562+0000] {dag.py:4180} INFO - Setting next_dagrun for example_display_name to None, run_after=None
[2024-12-07T09:24:07.575+0000] {processor.py:208} INFO - Processing /home/airflow/.local/lib/python3.12/site-packages/airflow/example_dags/example_display_name.py took 0.057 seconds
[2024-12-07T09:24:37.760+0000] {processor.py:186} INFO - Started process (PID=1281) to work on /home/airflow/.local/lib/python3.12/site-packages/airflow/example_dags/example_display_name.py
[2024-12-07T09:24:37.760+0000] {processor.py:914} INFO - Processing file /home/airflow/.local/lib/python3.12/site-packages/airflow/example_dags/example_display_name.py for tasks to queue
[2024-12-07T09:24:37.762+0000] {logging_mixin.py:190} INFO - [2024-12-07T09:24:37.762+0000] {dagbag.py:588} INFO - Filling up the DagBag from /home/airflow/.local/lib/python3.12/site-packages/airflow/example_dags/example_display_name.py
[2024-12-07T09:24:37.769+0000] {processor.py:925} INFO - DAG(s) 'example_display_name' retrieved from /home/airflow/.local/lib/python3.12/site-packages/airflow/example_dags/example_display_name.py
[2024-12-07T09:24:37.786+0000] {logging_mixin.py:190} INFO - [2024-12-07T09:24:37.786+0000] {dag.py:3239} INFO - Sync 1 DAGs
[2024-12-07T09:24:37.799+0000] {logging_mixin.py:190} INFO - [2024-12-07T09:24:37.799+0000] {dag.py:4180} INFO - Setting next_dagrun for example_display_name to None, run_after=None
[2024-12-07T09:24:37.813+0000] {processor.py:208} INFO - Processing /home/airflow/.local/lib/python3.12/site-packages/airflow/example_dags/example_display_name.py took 0.059 seconds
[2024-12-07T09:25:08.022+0000] {processor.py:186} INFO - Started process (PID=1344) to work on /home/airflow/.local/lib/python3.12/site-packages/airflow/example_dags/example_display_name.py
[2024-12-07T09:25:08.023+0000] {processor.py:914} INFO - Processing file /home/airflow/.local/lib/python3.12/site-packages/airflow/example_dags/example_display_name.py for tasks to queue
[2024-12-07T09:25:08.024+0000] {logging_mixin.py:190} INFO - [2024-12-07T09:25:08.024+0000] {dagbag.py:588} INFO - Filling up the DagBag from /home/airflow/.local/lib/python3.12/site-packages/airflow/example_dags/example_display_name.py
[2024-12-07T09:25:08.031+0000] {processor.py:925} INFO - DAG(s) 'example_display_name' retrieved from /home/airflow/.local/lib/python3.12/site-packages/airflow/example_dags/example_display_name.py
[2024-12-07T09:25:08.047+0000] {logging_mixin.py:190} INFO - [2024-12-07T09:25:08.047+0000] {dag.py:3239} INFO - Sync 1 DAGs
[2024-12-07T09:25:08.059+0000] {logging_mixin.py:190} INFO - [2024-12-07T09:25:08.059+0000] {dag.py:4180} INFO - Setting next_dagrun for example_display_name to None, run_after=None
[2024-12-07T09:25:08.074+0000] {processor.py:208} INFO - Processing /home/airflow/.local/lib/python3.12/site-packages/airflow/example_dags/example_display_name.py took 0.056 seconds
[2024-12-07T09:25:38.322+0000] {processor.py:186} INFO - Started process (PID=1407) to work on /home/airflow/.local/lib/python3.12/site-packages/airflow/example_dags/example_display_name.py
[2024-12-07T09:25:38.323+0000] {processor.py:914} INFO - Processing file /home/airflow/.local/lib/python3.12/site-packages/airflow/example_dags/example_display_name.py for tasks to queue
[2024-12-07T09:25:38.325+0000] {logging_mixin.py:190} INFO - [2024-12-07T09:25:38.324+0000] {dagbag.py:588} INFO - Filling up the DagBag from /home/airflow/.local/lib/python3.12/site-packages/airflow/example_dags/example_display_name.py
[2024-12-07T09:25:38.331+0000] {processor.py:925} INFO - DAG(s) 'example_display_name' retrieved from /home/airflow/.local/lib/python3.12/site-packages/airflow/example_dags/example_display_name.py
[2024-12-07T09:25:38.346+0000] {logging_mixin.py:190} INFO - [2024-12-07T09:25:38.345+0000] {dag.py:3239} INFO - Sync 1 DAGs
[2024-12-07T09:25:38.357+0000] {logging_mixin.py:190} INFO - [2024-12-07T09:25:38.357+0000] {dag.py:4180} INFO - Setting next_dagrun for example_display_name to None, run_after=None
[2024-12-07T09:25:38.370+0000] {processor.py:208} INFO - Processing /home/airflow/.local/lib/python3.12/site-packages/airflow/example_dags/example_display_name.py took 0.051 seconds
[2024-12-07T09:26:08.617+0000] {processor.py:186} INFO - Started process (PID=1470) to work on /home/airflow/.local/lib/python3.12/site-packages/airflow/example_dags/example_display_name.py
[2024-12-07T09:26:08.618+0000] {processor.py:914} INFO - Processing file /home/airflow/.local/lib/python3.12/site-packages/airflow/example_dags/example_display_name.py for tasks to queue
[2024-12-07T09:26:08.619+0000] {logging_mixin.py:190} INFO - [2024-12-07T09:26:08.619+0000] {dagbag.py:588} INFO - Filling up the DagBag from /home/airflow/.local/lib/python3.12/site-packages/airflow/example_dags/example_display_name.py
[2024-12-07T09:26:08.625+0000] {processor.py:925} INFO - DAG(s) 'example_display_name' retrieved from /home/airflow/.local/lib/python3.12/site-packages/airflow/example_dags/example_display_name.py
[2024-12-07T09:26:08.639+0000] {logging_mixin.py:190} INFO - [2024-12-07T09:26:08.639+0000] {dag.py:3239} INFO - Sync 1 DAGs
[2024-12-07T09:26:08.650+0000] {logging_mixin.py:190} INFO - [2024-12-07T09:26:08.650+0000] {dag.py:4180} INFO - Setting next_dagrun for example_display_name to None, run_after=None
[2024-12-07T09:26:08.662+0000] {processor.py:208} INFO - Processing /home/airflow/.local/lib/python3.12/site-packages/airflow/example_dags/example_display_name.py took 0.050 seconds
[2024-12-07T09:26:38.909+0000] {processor.py:186} INFO - Started process (PID=1533) to work on /home/airflow/.local/lib/python3.12/site-packages/airflow/example_dags/example_display_name.py
[2024-12-07T09:26:38.910+0000] {processor.py:914} INFO - Processing file /home/airflow/.local/lib/python3.12/site-packages/airflow/example_dags/example_display_name.py for tasks to queue
[2024-12-07T09:26:38.911+0000] {logging_mixin.py:190} INFO - [2024-12-07T09:26:38.911+0000] {dagbag.py:588} INFO - Filling up the DagBag from /home/airflow/.local/lib/python3.12/site-packages/airflow/example_dags/example_display_name.py
[2024-12-07T09:26:38.918+0000] {processor.py:925} INFO - DAG(s) 'example_display_name' retrieved from /home/airflow/.local/lib/python3.12/site-packages/airflow/example_dags/example_display_name.py
[2024-12-07T09:26:38.933+0000] {logging_mixin.py:190} INFO - [2024-12-07T09:26:38.932+0000] {dag.py:3239} INFO - Sync 1 DAGs
[2024-12-07T09:26:38.945+0000] {logging_mixin.py:190} INFO - [2024-12-07T09:26:38.945+0000] {dag.py:4180} INFO - Setting next_dagrun for example_display_name to None, run_after=None
[2024-12-07T09:26:38.961+0000] {processor.py:208} INFO - Processing /home/airflow/.local/lib/python3.12/site-packages/airflow/example_dags/example_display_name.py took 0.057 seconds
[2024-12-07T09:27:09.138+0000] {processor.py:186} INFO - Started process (PID=1596) to work on /home/airflow/.local/lib/python3.12/site-packages/airflow/example_dags/example_display_name.py
[2024-12-07T09:27:09.138+0000] {processor.py:914} INFO - Processing file /home/airflow/.local/lib/python3.12/site-packages/airflow/example_dags/example_display_name.py for tasks to queue
[2024-12-07T09:27:09.140+0000] {logging_mixin.py:190} INFO - [2024-12-07T09:27:09.140+0000] {dagbag.py:588} INFO - Filling up the DagBag from /home/airflow/.local/lib/python3.12/site-packages/airflow/example_dags/example_display_name.py
[2024-12-07T09:27:09.146+0000] {processor.py:925} INFO - DAG(s) 'example_display_name' retrieved from /home/airflow/.local/lib/python3.12/site-packages/airflow/example_dags/example_display_name.py
[2024-12-07T09:27:09.160+0000] {logging_mixin.py:190} INFO - [2024-12-07T09:27:09.160+0000] {dag.py:3239} INFO - Sync 1 DAGs
[2024-12-07T09:27:09.172+0000] {logging_mixin.py:190} INFO - [2024-12-07T09:27:09.172+0000] {dag.py:4180} INFO - Setting next_dagrun for example_display_name to None, run_after=None
[2024-12-07T09:27:09.185+0000] {processor.py:208} INFO - Processing /home/airflow/.local/lib/python3.12/site-packages/airflow/example_dags/example_display_name.py took 0.052 seconds
[2024-12-07T09:27:39.352+0000] {processor.py:186} INFO - Started process (PID=1659) to work on /home/airflow/.local/lib/python3.12/site-packages/airflow/example_dags/example_display_name.py
[2024-12-07T09:27:39.353+0000] {processor.py:914} INFO - Processing file /home/airflow/.local/lib/python3.12/site-packages/airflow/example_dags/example_display_name.py for tasks to queue
[2024-12-07T09:27:39.355+0000] {logging_mixin.py:190} INFO - [2024-12-07T09:27:39.354+0000] {dagbag.py:588} INFO - Filling up the DagBag from /home/airflow/.local/lib/python3.12/site-packages/airflow/example_dags/example_display_name.py
[2024-12-07T09:27:39.361+0000] {processor.py:925} INFO - DAG(s) 'example_display_name' retrieved from /home/airflow/.local/lib/python3.12/site-packages/airflow/example_dags/example_display_name.py
[2024-12-07T09:27:39.378+0000] {logging_mixin.py:190} INFO - [2024-12-07T09:27:39.378+0000] {dag.py:3239} INFO - Sync 1 DAGs
[2024-12-07T09:27:39.393+0000] {logging_mixin.py:190} INFO - [2024-12-07T09:27:39.393+0000] {dag.py:4180} INFO - Setting next_dagrun for example_display_name to None, run_after=None
[2024-12-07T09:27:39.407+0000] {processor.py:208} INFO - Processing /home/airflow/.local/lib/python3.12/site-packages/airflow/example_dags/example_display_name.py took 0.061 seconds
