[2024-12-07T09:15:02.920+0000] {processor.py:186} INFO - Started process (PID=109) to work on /home/airflow/.local/lib/python3.12/site-packages/airflow/example_dags/example_sla_dag.py
[2024-12-07T09:15:02.921+0000] {processor.py:914} INFO - Processing file /home/airflow/.local/lib/python3.12/site-packages/airflow/example_dags/example_sla_dag.py for tasks to queue
[2024-12-07T09:15:02.924+0000] {logging_mixin.py:190} INFO - [2024-12-07T09:15:02.923+0000] {dagbag.py:588} INFO - Filling up the DagBag from /home/airflow/.local/lib/python3.12/site-packages/airflow/example_dags/example_sla_dag.py
[2024-12-07T09:15:02.936+0000] {processor.py:925} INFO - DAG(s) 'example_sla_dag' retrieved from /home/airflow/.local/lib/python3.12/site-packages/airflow/example_dags/example_sla_dag.py
[2024-12-07T09:15:03.089+0000] {logging_mixin.py:190} INFO - [2024-12-07T09:15:03.088+0000] {override.py:1911} INFO - Created Permission View: can delete on DAG:example_sla_dag
[2024-12-07T09:15:03.158+0000] {logging_mixin.py:190} INFO - [2024-12-07T09:15:03.157+0000] {override.py:1911} INFO - Created Permission View: can edit on DAG:example_sla_dag
[2024-12-07T09:15:03.168+0000] {logging_mixin.py:190} INFO - [2024-12-07T09:15:03.168+0000] {override.py:1911} INFO - Created Permission View: can read on DAG:example_sla_dag
[2024-12-07T09:15:03.173+0000] {logging_mixin.py:190} INFO - [2024-12-07T09:15:03.173+0000] {override.py:1911} INFO - Created Permission View: can delete on DAG Run:example_sla_dag
[2024-12-07T09:15:03.179+0000] {logging_mixin.py:190} INFO - [2024-12-07T09:15:03.179+0000] {override.py:1911} INFO - Created Permission View: menu access on DAG Run:example_sla_dag
[2024-12-07T09:15:03.184+0000] {logging_mixin.py:190} INFO - [2024-12-07T09:15:03.184+0000] {override.py:1911} INFO - Created Permission View: can create on DAG Run:example_sla_dag
[2024-12-07T09:15:03.189+0000] {logging_mixin.py:190} INFO - [2024-12-07T09:15:03.189+0000] {override.py:1911} INFO - Created Permission View: can read on DAG Run:example_sla_dag
[2024-12-07T09:15:03.190+0000] {logging_mixin.py:190} INFO - [2024-12-07T09:15:03.190+0000] {dag.py:3239} INFO - Sync 1 DAGs
[2024-12-07T09:15:03.206+0000] {logging_mixin.py:190} INFO - [2024-12-07T09:15:03.206+0000] {dag.py:3262} INFO - Creating ORM DAG for example_sla_dag
[2024-12-07T09:15:03.221+0000] {logging_mixin.py:190} INFO - [2024-12-07T09:15:03.221+0000] {dag.py:4180} INFO - Setting next_dagrun for example_sla_dag to 2024-12-07 09:12:00+00:00, run_after=2024-12-07 09:14:00+00:00
[2024-12-07T09:15:03.236+0000] {processor.py:208} INFO - Processing /home/airflow/.local/lib/python3.12/site-packages/airflow/example_dags/example_sla_dag.py took 0.323 seconds
[2024-12-07T09:15:33.502+0000] {processor.py:186} INFO - Started process (PID=172) to work on /home/airflow/.local/lib/python3.12/site-packages/airflow/example_dags/example_sla_dag.py
[2024-12-07T09:15:33.503+0000] {processor.py:914} INFO - Processing file /home/airflow/.local/lib/python3.12/site-packages/airflow/example_dags/example_sla_dag.py for tasks to queue
[2024-12-07T09:15:33.504+0000] {logging_mixin.py:190} INFO - [2024-12-07T09:15:33.504+0000] {dagbag.py:588} INFO - Filling up the DagBag from /home/airflow/.local/lib/python3.12/site-packages/airflow/example_dags/example_sla_dag.py
[2024-12-07T09:15:33.512+0000] {processor.py:925} INFO - DAG(s) 'example_sla_dag' retrieved from /home/airflow/.local/lib/python3.12/site-packages/airflow/example_dags/example_sla_dag.py
[2024-12-07T09:15:33.530+0000] {logging_mixin.py:190} INFO - [2024-12-07T09:15:33.529+0000] {dag.py:3239} INFO - Sync 1 DAGs
[2024-12-07T09:15:33.557+0000] {logging_mixin.py:190} INFO - [2024-12-07T09:15:33.557+0000] {dag.py:4180} INFO - Setting next_dagrun for example_sla_dag to 2024-12-07 09:12:00+00:00, run_after=2024-12-07 09:14:00+00:00
[2024-12-07T09:15:33.573+0000] {processor.py:208} INFO - Processing /home/airflow/.local/lib/python3.12/site-packages/airflow/example_dags/example_sla_dag.py took 0.075 seconds
[2024-12-07T09:16:04.430+0000] {processor.py:186} INFO - Started process (PID=235) to work on /home/airflow/.local/lib/python3.12/site-packages/airflow/example_dags/example_sla_dag.py
[2024-12-07T09:16:04.431+0000] {processor.py:914} INFO - Processing file /home/airflow/.local/lib/python3.12/site-packages/airflow/example_dags/example_sla_dag.py for tasks to queue
[2024-12-07T09:16:04.432+0000] {logging_mixin.py:190} INFO - [2024-12-07T09:16:04.432+0000] {dagbag.py:588} INFO - Filling up the DagBag from /home/airflow/.local/lib/python3.12/site-packages/airflow/example_dags/example_sla_dag.py
[2024-12-07T09:16:04.440+0000] {processor.py:925} INFO - DAG(s) 'example_sla_dag' retrieved from /home/airflow/.local/lib/python3.12/site-packages/airflow/example_dags/example_sla_dag.py
[2024-12-07T09:16:04.455+0000] {logging_mixin.py:190} INFO - [2024-12-07T09:16:04.455+0000] {dag.py:3239} INFO - Sync 1 DAGs
[2024-12-07T09:16:04.473+0000] {logging_mixin.py:190} INFO - [2024-12-07T09:16:04.473+0000] {dag.py:4180} INFO - Setting next_dagrun for example_sla_dag to 2024-12-07 09:14:00+00:00, run_after=2024-12-07 09:16:00+00:00
[2024-12-07T09:16:04.485+0000] {processor.py:208} INFO - Processing /home/airflow/.local/lib/python3.12/site-packages/airflow/example_dags/example_sla_dag.py took 0.060 seconds
[2024-12-07T09:16:34.633+0000] {processor.py:186} INFO - Started process (PID=297) to work on /home/airflow/.local/lib/python3.12/site-packages/airflow/example_dags/example_sla_dag.py
[2024-12-07T09:16:34.633+0000] {processor.py:914} INFO - Processing file /home/airflow/.local/lib/python3.12/site-packages/airflow/example_dags/example_sla_dag.py for tasks to queue
[2024-12-07T09:16:34.635+0000] {logging_mixin.py:190} INFO - [2024-12-07T09:16:34.635+0000] {dagbag.py:588} INFO - Filling up the DagBag from /home/airflow/.local/lib/python3.12/site-packages/airflow/example_dags/example_sla_dag.py
[2024-12-07T09:16:34.644+0000] {processor.py:925} INFO - DAG(s) 'example_sla_dag' retrieved from /home/airflow/.local/lib/python3.12/site-packages/airflow/example_dags/example_sla_dag.py
[2024-12-07T09:16:34.661+0000] {logging_mixin.py:190} INFO - [2024-12-07T09:16:34.661+0000] {dag.py:3239} INFO - Sync 1 DAGs
[2024-12-07T09:16:34.686+0000] {logging_mixin.py:190} INFO - [2024-12-07T09:16:34.685+0000] {dag.py:4180} INFO - Setting next_dagrun for example_sla_dag to 2024-12-07 09:14:00+00:00, run_after=2024-12-07 09:16:00+00:00
[2024-12-07T09:16:34.699+0000] {processor.py:208} INFO - Processing /home/airflow/.local/lib/python3.12/site-packages/airflow/example_dags/example_sla_dag.py took 0.071 seconds
[2024-12-07T09:17:05.528+0000] {processor.py:186} INFO - Started process (PID=360) to work on /home/airflow/.local/lib/python3.12/site-packages/airflow/example_dags/example_sla_dag.py
[2024-12-07T09:17:05.529+0000] {processor.py:914} INFO - Processing file /home/airflow/.local/lib/python3.12/site-packages/airflow/example_dags/example_sla_dag.py for tasks to queue
[2024-12-07T09:17:05.530+0000] {logging_mixin.py:190} INFO - [2024-12-07T09:17:05.530+0000] {dagbag.py:588} INFO - Filling up the DagBag from /home/airflow/.local/lib/python3.12/site-packages/airflow/example_dags/example_sla_dag.py
[2024-12-07T09:17:05.539+0000] {processor.py:925} INFO - DAG(s) 'example_sla_dag' retrieved from /home/airflow/.local/lib/python3.12/site-packages/airflow/example_dags/example_sla_dag.py
[2024-12-07T09:17:05.557+0000] {logging_mixin.py:190} INFO - [2024-12-07T09:17:05.557+0000] {dag.py:3239} INFO - Sync 1 DAGs
[2024-12-07T09:17:05.583+0000] {logging_mixin.py:190} INFO - [2024-12-07T09:17:05.583+0000] {dag.py:4180} INFO - Setting next_dagrun for example_sla_dag to 2024-12-07 09:14:00+00:00, run_after=2024-12-07 09:16:00+00:00
[2024-12-07T09:17:05.597+0000] {processor.py:208} INFO - Processing /home/airflow/.local/lib/python3.12/site-packages/airflow/example_dags/example_sla_dag.py took 0.073 seconds
[2024-12-07T09:17:36.216+0000] {processor.py:186} INFO - Started process (PID=423) to work on /home/airflow/.local/lib/python3.12/site-packages/airflow/example_dags/example_sla_dag.py
[2024-12-07T09:17:36.217+0000] {processor.py:914} INFO - Processing file /home/airflow/.local/lib/python3.12/site-packages/airflow/example_dags/example_sla_dag.py for tasks to queue
[2024-12-07T09:17:36.219+0000] {logging_mixin.py:190} INFO - [2024-12-07T09:17:36.218+0000] {dagbag.py:588} INFO - Filling up the DagBag from /home/airflow/.local/lib/python3.12/site-packages/airflow/example_dags/example_sla_dag.py
[2024-12-07T09:17:36.228+0000] {processor.py:925} INFO - DAG(s) 'example_sla_dag' retrieved from /home/airflow/.local/lib/python3.12/site-packages/airflow/example_dags/example_sla_dag.py
[2024-12-07T09:17:36.242+0000] {logging_mixin.py:190} INFO - [2024-12-07T09:17:36.242+0000] {dag.py:3239} INFO - Sync 1 DAGs
[2024-12-07T09:17:36.261+0000] {logging_mixin.py:190} INFO - [2024-12-07T09:17:36.261+0000] {dag.py:4180} INFO - Setting next_dagrun for example_sla_dag to 2024-12-07 09:14:00+00:00, run_after=2024-12-07 09:16:00+00:00
[2024-12-07T09:17:36.273+0000] {processor.py:208} INFO - Processing /home/airflow/.local/lib/python3.12/site-packages/airflow/example_dags/example_sla_dag.py took 0.061 seconds
[2024-12-07T09:18:06.962+0000] {processor.py:186} INFO - Started process (PID=486) to work on /home/airflow/.local/lib/python3.12/site-packages/airflow/example_dags/example_sla_dag.py
[2024-12-07T09:18:06.963+0000] {processor.py:914} INFO - Processing file /home/airflow/.local/lib/python3.12/site-packages/airflow/example_dags/example_sla_dag.py for tasks to queue
[2024-12-07T09:18:06.964+0000] {logging_mixin.py:190} INFO - [2024-12-07T09:18:06.964+0000] {dagbag.py:588} INFO - Filling up the DagBag from /home/airflow/.local/lib/python3.12/site-packages/airflow/example_dags/example_sla_dag.py
[2024-12-07T09:18:06.972+0000] {processor.py:925} INFO - DAG(s) 'example_sla_dag' retrieved from /home/airflow/.local/lib/python3.12/site-packages/airflow/example_dags/example_sla_dag.py
[2024-12-07T09:18:06.990+0000] {logging_mixin.py:190} INFO - [2024-12-07T09:18:06.990+0000] {dag.py:3239} INFO - Sync 1 DAGs
[2024-12-07T09:18:07.020+0000] {logging_mixin.py:190} INFO - [2024-12-07T09:18:07.020+0000] {dag.py:4180} INFO - Setting next_dagrun for example_sla_dag to 2024-12-07 09:16:00+00:00, run_after=2024-12-07 09:18:00+00:00
[2024-12-07T09:18:07.037+0000] {processor.py:208} INFO - Processing /home/airflow/.local/lib/python3.12/site-packages/airflow/example_dags/example_sla_dag.py took 0.080 seconds
[2024-12-07T09:18:37.572+0000] {processor.py:186} INFO - Started process (PID=549) to work on /home/airflow/.local/lib/python3.12/site-packages/airflow/example_dags/example_sla_dag.py
[2024-12-07T09:18:37.573+0000] {processor.py:914} INFO - Processing file /home/airflow/.local/lib/python3.12/site-packages/airflow/example_dags/example_sla_dag.py for tasks to queue
[2024-12-07T09:18:37.575+0000] {logging_mixin.py:190} INFO - [2024-12-07T09:18:37.574+0000] {dagbag.py:588} INFO - Filling up the DagBag from /home/airflow/.local/lib/python3.12/site-packages/airflow/example_dags/example_sla_dag.py
[2024-12-07T09:18:37.586+0000] {processor.py:925} INFO - DAG(s) 'example_sla_dag' retrieved from /home/airflow/.local/lib/python3.12/site-packages/airflow/example_dags/example_sla_dag.py
[2024-12-07T09:18:37.606+0000] {logging_mixin.py:190} INFO - [2024-12-07T09:18:37.605+0000] {dag.py:3239} INFO - Sync 1 DAGs
[2024-12-07T09:18:37.633+0000] {logging_mixin.py:190} INFO - [2024-12-07T09:18:37.632+0000] {dag.py:4180} INFO - Setting next_dagrun for example_sla_dag to 2024-12-07 09:16:00+00:00, run_after=2024-12-07 09:18:00+00:00
[2024-12-07T09:18:37.648+0000] {processor.py:208} INFO - Processing /home/airflow/.local/lib/python3.12/site-packages/airflow/example_dags/example_sla_dag.py took 0.082 seconds
[2024-12-07T09:19:07.709+0000] {processor.py:186} INFO - Started process (PID=611) to work on /home/airflow/.local/lib/python3.12/site-packages/airflow/example_dags/example_sla_dag.py
[2024-12-07T09:19:07.710+0000] {processor.py:914} INFO - Processing file /home/airflow/.local/lib/python3.12/site-packages/airflow/example_dags/example_sla_dag.py for tasks to queue
[2024-12-07T09:19:07.712+0000] {logging_mixin.py:190} INFO - [2024-12-07T09:19:07.711+0000] {dagbag.py:588} INFO - Filling up the DagBag from /home/airflow/.local/lib/python3.12/site-packages/airflow/example_dags/example_sla_dag.py
[2024-12-07T09:19:07.721+0000] {processor.py:925} INFO - DAG(s) 'example_sla_dag' retrieved from /home/airflow/.local/lib/python3.12/site-packages/airflow/example_dags/example_sla_dag.py
[2024-12-07T09:19:07.735+0000] {logging_mixin.py:190} INFO - [2024-12-07T09:19:07.735+0000] {dag.py:3239} INFO - Sync 1 DAGs
[2024-12-07T09:19:07.756+0000] {logging_mixin.py:190} INFO - [2024-12-07T09:19:07.755+0000] {dag.py:4180} INFO - Setting next_dagrun for example_sla_dag to 2024-12-07 09:16:00+00:00, run_after=2024-12-07 09:18:00+00:00
[2024-12-07T09:19:07.769+0000] {processor.py:208} INFO - Processing /home/airflow/.local/lib/python3.12/site-packages/airflow/example_dags/example_sla_dag.py took 0.064 seconds
[2024-12-07T09:19:37.857+0000] {processor.py:186} INFO - Started process (PID=674) to work on /home/airflow/.local/lib/python3.12/site-packages/airflow/example_dags/example_sla_dag.py
[2024-12-07T09:19:37.857+0000] {processor.py:914} INFO - Processing file /home/airflow/.local/lib/python3.12/site-packages/airflow/example_dags/example_sla_dag.py for tasks to queue
[2024-12-07T09:19:37.859+0000] {logging_mixin.py:190} INFO - [2024-12-07T09:19:37.859+0000] {dagbag.py:588} INFO - Filling up the DagBag from /home/airflow/.local/lib/python3.12/site-packages/airflow/example_dags/example_sla_dag.py
[2024-12-07T09:19:37.867+0000] {processor.py:925} INFO - DAG(s) 'example_sla_dag' retrieved from /home/airflow/.local/lib/python3.12/site-packages/airflow/example_dags/example_sla_dag.py
[2024-12-07T09:19:37.884+0000] {logging_mixin.py:190} INFO - [2024-12-07T09:19:37.884+0000] {dag.py:3239} INFO - Sync 1 DAGs
[2024-12-07T09:19:37.906+0000] {logging_mixin.py:190} INFO - [2024-12-07T09:19:37.906+0000] {dag.py:4180} INFO - Setting next_dagrun for example_sla_dag to 2024-12-07 09:16:00+00:00, run_after=2024-12-07 09:18:00+00:00
[2024-12-07T09:19:37.921+0000] {processor.py:208} INFO - Processing /home/airflow/.local/lib/python3.12/site-packages/airflow/example_dags/example_sla_dag.py took 0.070 seconds
[2024-12-07T09:20:08.153+0000] {processor.py:186} INFO - Started process (PID=736) to work on /home/airflow/.local/lib/python3.12/site-packages/airflow/example_dags/example_sla_dag.py
[2024-12-07T09:20:08.154+0000] {processor.py:914} INFO - Processing file /home/airflow/.local/lib/python3.12/site-packages/airflow/example_dags/example_sla_dag.py for tasks to queue
[2024-12-07T09:20:08.156+0000] {logging_mixin.py:190} INFO - [2024-12-07T09:20:08.155+0000] {dagbag.py:588} INFO - Filling up the DagBag from /home/airflow/.local/lib/python3.12/site-packages/airflow/example_dags/example_sla_dag.py
[2024-12-07T09:20:08.165+0000] {processor.py:925} INFO - DAG(s) 'example_sla_dag' retrieved from /home/airflow/.local/lib/python3.12/site-packages/airflow/example_dags/example_sla_dag.py
[2024-12-07T09:20:08.182+0000] {logging_mixin.py:190} INFO - [2024-12-07T09:20:08.182+0000] {dag.py:3239} INFO - Sync 1 DAGs
[2024-12-07T09:20:08.204+0000] {logging_mixin.py:190} INFO - [2024-12-07T09:20:08.204+0000] {dag.py:4180} INFO - Setting next_dagrun for example_sla_dag to 2024-12-07 09:18:00+00:00, run_after=2024-12-07 09:20:00+00:00
[2024-12-07T09:20:08.219+0000] {processor.py:208} INFO - Processing /home/airflow/.local/lib/python3.12/site-packages/airflow/example_dags/example_sla_dag.py took 0.071 seconds
[2024-12-07T09:20:38.567+0000] {processor.py:186} INFO - Started process (PID=799) to work on /home/airflow/.local/lib/python3.12/site-packages/airflow/example_dags/example_sla_dag.py
[2024-12-07T09:20:38.568+0000] {processor.py:914} INFO - Processing file /home/airflow/.local/lib/python3.12/site-packages/airflow/example_dags/example_sla_dag.py for tasks to queue
[2024-12-07T09:20:38.569+0000] {logging_mixin.py:190} INFO - [2024-12-07T09:20:38.569+0000] {dagbag.py:588} INFO - Filling up the DagBag from /home/airflow/.local/lib/python3.12/site-packages/airflow/example_dags/example_sla_dag.py
[2024-12-07T09:20:38.577+0000] {processor.py:925} INFO - DAG(s) 'example_sla_dag' retrieved from /home/airflow/.local/lib/python3.12/site-packages/airflow/example_dags/example_sla_dag.py
[2024-12-07T09:20:38.591+0000] {logging_mixin.py:190} INFO - [2024-12-07T09:20:38.591+0000] {dag.py:3239} INFO - Sync 1 DAGs
[2024-12-07T09:20:38.611+0000] {logging_mixin.py:190} INFO - [2024-12-07T09:20:38.610+0000] {dag.py:4180} INFO - Setting next_dagrun for example_sla_dag to 2024-12-07 09:18:00+00:00, run_after=2024-12-07 09:20:00+00:00
[2024-12-07T09:20:38.622+0000] {processor.py:208} INFO - Processing /home/airflow/.local/lib/python3.12/site-packages/airflow/example_dags/example_sla_dag.py took 0.060 seconds
[2024-12-07T09:21:09.549+0000] {processor.py:186} INFO - Started process (PID=862) to work on /home/airflow/.local/lib/python3.12/site-packages/airflow/example_dags/example_sla_dag.py
[2024-12-07T09:21:09.549+0000] {processor.py:914} INFO - Processing file /home/airflow/.local/lib/python3.12/site-packages/airflow/example_dags/example_sla_dag.py for tasks to queue
[2024-12-07T09:21:09.551+0000] {logging_mixin.py:190} INFO - [2024-12-07T09:21:09.551+0000] {dagbag.py:588} INFO - Filling up the DagBag from /home/airflow/.local/lib/python3.12/site-packages/airflow/example_dags/example_sla_dag.py
[2024-12-07T09:21:09.559+0000] {processor.py:925} INFO - DAG(s) 'example_sla_dag' retrieved from /home/airflow/.local/lib/python3.12/site-packages/airflow/example_dags/example_sla_dag.py
[2024-12-07T09:21:09.574+0000] {logging_mixin.py:190} INFO - [2024-12-07T09:21:09.574+0000] {dag.py:3239} INFO - Sync 1 DAGs
[2024-12-07T09:21:09.594+0000] {logging_mixin.py:190} INFO - [2024-12-07T09:21:09.593+0000] {dag.py:4180} INFO - Setting next_dagrun for example_sla_dag to 2024-12-07 09:18:00+00:00, run_after=2024-12-07 09:20:00+00:00
[2024-12-07T09:21:09.607+0000] {processor.py:208} INFO - Processing /home/airflow/.local/lib/python3.12/site-packages/airflow/example_dags/example_sla_dag.py took 0.064 seconds
[2024-12-07T09:21:39.791+0000] {processor.py:186} INFO - Started process (PID=925) to work on /home/airflow/.local/lib/python3.12/site-packages/airflow/example_dags/example_sla_dag.py
[2024-12-07T09:21:39.792+0000] {processor.py:914} INFO - Processing file /home/airflow/.local/lib/python3.12/site-packages/airflow/example_dags/example_sla_dag.py for tasks to queue
[2024-12-07T09:21:39.794+0000] {logging_mixin.py:190} INFO - [2024-12-07T09:21:39.793+0000] {dagbag.py:588} INFO - Filling up the DagBag from /home/airflow/.local/lib/python3.12/site-packages/airflow/example_dags/example_sla_dag.py
[2024-12-07T09:21:39.802+0000] {processor.py:925} INFO - DAG(s) 'example_sla_dag' retrieved from /home/airflow/.local/lib/python3.12/site-packages/airflow/example_dags/example_sla_dag.py
[2024-12-07T09:21:39.820+0000] {logging_mixin.py:190} INFO - [2024-12-07T09:21:39.819+0000] {dag.py:3239} INFO - Sync 1 DAGs
[2024-12-07T09:21:39.848+0000] {logging_mixin.py:190} INFO - [2024-12-07T09:21:39.847+0000] {dag.py:4180} INFO - Setting next_dagrun for example_sla_dag to 2024-12-07 09:18:00+00:00, run_after=2024-12-07 09:20:00+00:00
[2024-12-07T09:21:39.863+0000] {processor.py:208} INFO - Processing /home/airflow/.local/lib/python3.12/site-packages/airflow/example_dags/example_sla_dag.py took 0.076 seconds
[2024-12-07T09:22:10.229+0000] {processor.py:186} INFO - Started process (PID=988) to work on /home/airflow/.local/lib/python3.12/site-packages/airflow/example_dags/example_sla_dag.py
[2024-12-07T09:22:10.229+0000] {processor.py:914} INFO - Processing file /home/airflow/.local/lib/python3.12/site-packages/airflow/example_dags/example_sla_dag.py for tasks to queue
[2024-12-07T09:22:10.231+0000] {logging_mixin.py:190} INFO - [2024-12-07T09:22:10.231+0000] {dagbag.py:588} INFO - Filling up the DagBag from /home/airflow/.local/lib/python3.12/site-packages/airflow/example_dags/example_sla_dag.py
[2024-12-07T09:22:10.239+0000] {processor.py:925} INFO - DAG(s) 'example_sla_dag' retrieved from /home/airflow/.local/lib/python3.12/site-packages/airflow/example_dags/example_sla_dag.py
[2024-12-07T09:22:10.253+0000] {logging_mixin.py:190} INFO - [2024-12-07T09:22:10.253+0000] {dag.py:3239} INFO - Sync 1 DAGs
[2024-12-07T09:22:10.272+0000] {logging_mixin.py:190} INFO - [2024-12-07T09:22:10.272+0000] {dag.py:4180} INFO - Setting next_dagrun for example_sla_dag to 2024-12-07 09:20:00+00:00, run_after=2024-12-07 09:22:00+00:00
[2024-12-07T09:22:10.285+0000] {processor.py:208} INFO - Processing /home/airflow/.local/lib/python3.12/site-packages/airflow/example_dags/example_sla_dag.py took 0.061 seconds
[2024-12-07T09:22:41.006+0000] {processor.py:186} INFO - Started process (PID=1051) to work on /home/airflow/.local/lib/python3.12/site-packages/airflow/example_dags/example_sla_dag.py
[2024-12-07T09:22:41.006+0000] {processor.py:914} INFO - Processing file /home/airflow/.local/lib/python3.12/site-packages/airflow/example_dags/example_sla_dag.py for tasks to queue
[2024-12-07T09:22:41.008+0000] {logging_mixin.py:190} INFO - [2024-12-07T09:22:41.008+0000] {dagbag.py:588} INFO - Filling up the DagBag from /home/airflow/.local/lib/python3.12/site-packages/airflow/example_dags/example_sla_dag.py
[2024-12-07T09:22:41.016+0000] {processor.py:925} INFO - DAG(s) 'example_sla_dag' retrieved from /home/airflow/.local/lib/python3.12/site-packages/airflow/example_dags/example_sla_dag.py
[2024-12-07T09:22:41.030+0000] {logging_mixin.py:190} INFO - [2024-12-07T09:22:41.030+0000] {dag.py:3239} INFO - Sync 1 DAGs
[2024-12-07T09:22:41.050+0000] {logging_mixin.py:190} INFO - [2024-12-07T09:22:41.050+0000] {dag.py:4180} INFO - Setting next_dagrun for example_sla_dag to 2024-12-07 09:20:00+00:00, run_after=2024-12-07 09:22:00+00:00
[2024-12-07T09:22:41.062+0000] {processor.py:208} INFO - Processing /home/airflow/.local/lib/python3.12/site-packages/airflow/example_dags/example_sla_dag.py took 0.060 seconds
[2024-12-07T09:23:11.766+0000] {processor.py:186} INFO - Started process (PID=1114) to work on /home/airflow/.local/lib/python3.12/site-packages/airflow/example_dags/example_sla_dag.py
[2024-12-07T09:23:11.767+0000] {processor.py:914} INFO - Processing file /home/airflow/.local/lib/python3.12/site-packages/airflow/example_dags/example_sla_dag.py for tasks to queue
[2024-12-07T09:23:11.768+0000] {logging_mixin.py:190} INFO - [2024-12-07T09:23:11.768+0000] {dagbag.py:588} INFO - Filling up the DagBag from /home/airflow/.local/lib/python3.12/site-packages/airflow/example_dags/example_sla_dag.py
[2024-12-07T09:23:11.776+0000] {processor.py:925} INFO - DAG(s) 'example_sla_dag' retrieved from /home/airflow/.local/lib/python3.12/site-packages/airflow/example_dags/example_sla_dag.py
[2024-12-07T09:23:11.790+0000] {logging_mixin.py:190} INFO - [2024-12-07T09:23:11.790+0000] {dag.py:3239} INFO - Sync 1 DAGs
[2024-12-07T09:23:11.809+0000] {logging_mixin.py:190} INFO - [2024-12-07T09:23:11.809+0000] {dag.py:4180} INFO - Setting next_dagrun for example_sla_dag to 2024-12-07 09:20:00+00:00, run_after=2024-12-07 09:22:00+00:00
[2024-12-07T09:23:11.821+0000] {processor.py:208} INFO - Processing /home/airflow/.local/lib/python3.12/site-packages/airflow/example_dags/example_sla_dag.py took 0.060 seconds
[2024-12-07T09:23:42.605+0000] {processor.py:186} INFO - Started process (PID=1178) to work on /home/airflow/.local/lib/python3.12/site-packages/airflow/example_dags/example_sla_dag.py
[2024-12-07T09:23:42.605+0000] {processor.py:914} INFO - Processing file /home/airflow/.local/lib/python3.12/site-packages/airflow/example_dags/example_sla_dag.py for tasks to queue
[2024-12-07T09:23:42.607+0000] {logging_mixin.py:190} INFO - [2024-12-07T09:23:42.607+0000] {dagbag.py:588} INFO - Filling up the DagBag from /home/airflow/.local/lib/python3.12/site-packages/airflow/example_dags/example_sla_dag.py
[2024-12-07T09:23:42.615+0000] {processor.py:925} INFO - DAG(s) 'example_sla_dag' retrieved from /home/airflow/.local/lib/python3.12/site-packages/airflow/example_dags/example_sla_dag.py
[2024-12-07T09:23:42.629+0000] {logging_mixin.py:190} INFO - [2024-12-07T09:23:42.629+0000] {dag.py:3239} INFO - Sync 1 DAGs
[2024-12-07T09:23:42.648+0000] {logging_mixin.py:190} INFO - [2024-12-07T09:23:42.648+0000] {dag.py:4180} INFO - Setting next_dagrun for example_sla_dag to 2024-12-07 09:20:00+00:00, run_after=2024-12-07 09:22:00+00:00
[2024-12-07T09:23:42.660+0000] {processor.py:208} INFO - Processing /home/airflow/.local/lib/python3.12/site-packages/airflow/example_dags/example_sla_dag.py took 0.059 seconds
[2024-12-07T09:24:12.859+0000] {processor.py:186} INFO - Started process (PID=1241) to work on /home/airflow/.local/lib/python3.12/site-packages/airflow/example_dags/example_sla_dag.py
[2024-12-07T09:24:12.859+0000] {processor.py:914} INFO - Processing file /home/airflow/.local/lib/python3.12/site-packages/airflow/example_dags/example_sla_dag.py for tasks to queue
[2024-12-07T09:24:12.861+0000] {logging_mixin.py:190} INFO - [2024-12-07T09:24:12.861+0000] {dagbag.py:588} INFO - Filling up the DagBag from /home/airflow/.local/lib/python3.12/site-packages/airflow/example_dags/example_sla_dag.py
[2024-12-07T09:24:12.869+0000] {processor.py:925} INFO - DAG(s) 'example_sla_dag' retrieved from /home/airflow/.local/lib/python3.12/site-packages/airflow/example_dags/example_sla_dag.py
[2024-12-07T09:24:12.883+0000] {logging_mixin.py:190} INFO - [2024-12-07T09:24:12.883+0000] {dag.py:3239} INFO - Sync 1 DAGs
[2024-12-07T09:24:12.902+0000] {logging_mixin.py:190} INFO - [2024-12-07T09:24:12.902+0000] {dag.py:4180} INFO - Setting next_dagrun for example_sla_dag to 2024-12-07 09:22:00+00:00, run_after=2024-12-07 09:24:00+00:00
[2024-12-07T09:24:12.914+0000] {processor.py:208} INFO - Processing /home/airflow/.local/lib/python3.12/site-packages/airflow/example_dags/example_sla_dag.py took 0.060 seconds
[2024-12-07T09:24:43.143+0000] {processor.py:186} INFO - Started process (PID=1304) to work on /home/airflow/.local/lib/python3.12/site-packages/airflow/example_dags/example_sla_dag.py
[2024-12-07T09:24:43.144+0000] {processor.py:914} INFO - Processing file /home/airflow/.local/lib/python3.12/site-packages/airflow/example_dags/example_sla_dag.py for tasks to queue
[2024-12-07T09:24:43.146+0000] {logging_mixin.py:190} INFO - [2024-12-07T09:24:43.146+0000] {dagbag.py:588} INFO - Filling up the DagBag from /home/airflow/.local/lib/python3.12/site-packages/airflow/example_dags/example_sla_dag.py
[2024-12-07T09:24:43.154+0000] {processor.py:925} INFO - DAG(s) 'example_sla_dag' retrieved from /home/airflow/.local/lib/python3.12/site-packages/airflow/example_dags/example_sla_dag.py
[2024-12-07T09:24:43.169+0000] {logging_mixin.py:190} INFO - [2024-12-07T09:24:43.169+0000] {dag.py:3239} INFO - Sync 1 DAGs
[2024-12-07T09:24:43.190+0000] {logging_mixin.py:190} INFO - [2024-12-07T09:24:43.190+0000] {dag.py:4180} INFO - Setting next_dagrun for example_sla_dag to 2024-12-07 09:22:00+00:00, run_after=2024-12-07 09:24:00+00:00
[2024-12-07T09:24:43.202+0000] {processor.py:208} INFO - Processing /home/airflow/.local/lib/python3.12/site-packages/airflow/example_dags/example_sla_dag.py took 0.063 seconds
[2024-12-07T09:25:13.295+0000] {processor.py:186} INFO - Started process (PID=1367) to work on /home/airflow/.local/lib/python3.12/site-packages/airflow/example_dags/example_sla_dag.py
[2024-12-07T09:25:13.296+0000] {processor.py:914} INFO - Processing file /home/airflow/.local/lib/python3.12/site-packages/airflow/example_dags/example_sla_dag.py for tasks to queue
[2024-12-07T09:25:13.298+0000] {logging_mixin.py:190} INFO - [2024-12-07T09:25:13.297+0000] {dagbag.py:588} INFO - Filling up the DagBag from /home/airflow/.local/lib/python3.12/site-packages/airflow/example_dags/example_sla_dag.py
[2024-12-07T09:25:13.307+0000] {processor.py:925} INFO - DAG(s) 'example_sla_dag' retrieved from /home/airflow/.local/lib/python3.12/site-packages/airflow/example_dags/example_sla_dag.py
[2024-12-07T09:25:13.325+0000] {logging_mixin.py:190} INFO - [2024-12-07T09:25:13.325+0000] {dag.py:3239} INFO - Sync 1 DAGs
[2024-12-07T09:25:13.346+0000] {logging_mixin.py:190} INFO - [2024-12-07T09:25:13.346+0000] {dag.py:4180} INFO - Setting next_dagrun for example_sla_dag to 2024-12-07 09:22:00+00:00, run_after=2024-12-07 09:24:00+00:00
[2024-12-07T09:25:13.358+0000] {processor.py:208} INFO - Processing /home/airflow/.local/lib/python3.12/site-packages/airflow/example_dags/example_sla_dag.py took 0.069 seconds
[2024-12-07T09:25:43.437+0000] {processor.py:186} INFO - Started process (PID=1430) to work on /home/airflow/.local/lib/python3.12/site-packages/airflow/example_dags/example_sla_dag.py
[2024-12-07T09:25:43.437+0000] {processor.py:914} INFO - Processing file /home/airflow/.local/lib/python3.12/site-packages/airflow/example_dags/example_sla_dag.py for tasks to queue
[2024-12-07T09:25:43.439+0000] {logging_mixin.py:190} INFO - [2024-12-07T09:25:43.439+0000] {dagbag.py:588} INFO - Filling up the DagBag from /home/airflow/.local/lib/python3.12/site-packages/airflow/example_dags/example_sla_dag.py
[2024-12-07T09:25:43.447+0000] {processor.py:925} INFO - DAG(s) 'example_sla_dag' retrieved from /home/airflow/.local/lib/python3.12/site-packages/airflow/example_dags/example_sla_dag.py
[2024-12-07T09:25:43.465+0000] {logging_mixin.py:190} INFO - [2024-12-07T09:25:43.465+0000] {dag.py:3239} INFO - Sync 1 DAGs
[2024-12-07T09:25:43.492+0000] {logging_mixin.py:190} INFO - [2024-12-07T09:25:43.492+0000] {dag.py:4180} INFO - Setting next_dagrun for example_sla_dag to 2024-12-07 09:22:00+00:00, run_after=2024-12-07 09:24:00+00:00
[2024-12-07T09:25:43.508+0000] {processor.py:208} INFO - Processing /home/airflow/.local/lib/python3.12/site-packages/airflow/example_dags/example_sla_dag.py took 0.075 seconds
[2024-12-07T09:26:13.784+0000] {processor.py:186} INFO - Started process (PID=1493) to work on /home/airflow/.local/lib/python3.12/site-packages/airflow/example_dags/example_sla_dag.py
[2024-12-07T09:26:13.785+0000] {processor.py:914} INFO - Processing file /home/airflow/.local/lib/python3.12/site-packages/airflow/example_dags/example_sla_dag.py for tasks to queue
[2024-12-07T09:26:13.786+0000] {logging_mixin.py:190} INFO - [2024-12-07T09:26:13.786+0000] {dagbag.py:588} INFO - Filling up the DagBag from /home/airflow/.local/lib/python3.12/site-packages/airflow/example_dags/example_sla_dag.py
[2024-12-07T09:26:13.794+0000] {processor.py:925} INFO - DAG(s) 'example_sla_dag' retrieved from /home/airflow/.local/lib/python3.12/site-packages/airflow/example_dags/example_sla_dag.py
[2024-12-07T09:26:13.809+0000] {logging_mixin.py:190} INFO - [2024-12-07T09:26:13.808+0000] {dag.py:3239} INFO - Sync 1 DAGs
[2024-12-07T09:26:13.829+0000] {logging_mixin.py:190} INFO - [2024-12-07T09:26:13.829+0000] {dag.py:4180} INFO - Setting next_dagrun for example_sla_dag to 2024-12-07 09:24:00+00:00, run_after=2024-12-07 09:26:00+00:00
[2024-12-07T09:26:13.841+0000] {processor.py:208} INFO - Processing /home/airflow/.local/lib/python3.12/site-packages/airflow/example_dags/example_sla_dag.py took 0.061 seconds
[2024-12-07T09:26:43.976+0000] {processor.py:186} INFO - Started process (PID=1556) to work on /home/airflow/.local/lib/python3.12/site-packages/airflow/example_dags/example_sla_dag.py
[2024-12-07T09:26:43.976+0000] {processor.py:914} INFO - Processing file /home/airflow/.local/lib/python3.12/site-packages/airflow/example_dags/example_sla_dag.py for tasks to queue
[2024-12-07T09:26:43.978+0000] {logging_mixin.py:190} INFO - [2024-12-07T09:26:43.978+0000] {dagbag.py:588} INFO - Filling up the DagBag from /home/airflow/.local/lib/python3.12/site-packages/airflow/example_dags/example_sla_dag.py
[2024-12-07T09:26:43.986+0000] {processor.py:925} INFO - DAG(s) 'example_sla_dag' retrieved from /home/airflow/.local/lib/python3.12/site-packages/airflow/example_dags/example_sla_dag.py
[2024-12-07T09:26:44.000+0000] {logging_mixin.py:190} INFO - [2024-12-07T09:26:44.000+0000] {dag.py:3239} INFO - Sync 1 DAGs
[2024-12-07T09:26:44.019+0000] {logging_mixin.py:190} INFO - [2024-12-07T09:26:44.019+0000] {dag.py:4180} INFO - Setting next_dagrun for example_sla_dag to 2024-12-07 09:24:00+00:00, run_after=2024-12-07 09:26:00+00:00
[2024-12-07T09:26:44.031+0000] {processor.py:208} INFO - Processing /home/airflow/.local/lib/python3.12/site-packages/airflow/example_dags/example_sla_dag.py took 0.060 seconds
[2024-12-07T09:27:14.230+0000] {processor.py:186} INFO - Started process (PID=1619) to work on /home/airflow/.local/lib/python3.12/site-packages/airflow/example_dags/example_sla_dag.py
[2024-12-07T09:27:14.230+0000] {processor.py:914} INFO - Processing file /home/airflow/.local/lib/python3.12/site-packages/airflow/example_dags/example_sla_dag.py for tasks to queue
[2024-12-07T09:27:14.232+0000] {logging_mixin.py:190} INFO - [2024-12-07T09:27:14.232+0000] {dagbag.py:588} INFO - Filling up the DagBag from /home/airflow/.local/lib/python3.12/site-packages/airflow/example_dags/example_sla_dag.py
[2024-12-07T09:27:14.240+0000] {processor.py:925} INFO - DAG(s) 'example_sla_dag' retrieved from /home/airflow/.local/lib/python3.12/site-packages/airflow/example_dags/example_sla_dag.py
[2024-12-07T09:27:14.257+0000] {logging_mixin.py:190} INFO - [2024-12-07T09:27:14.256+0000] {dag.py:3239} INFO - Sync 1 DAGs
[2024-12-07T09:27:14.278+0000] {logging_mixin.py:190} INFO - [2024-12-07T09:27:14.277+0000] {dag.py:4180} INFO - Setting next_dagrun for example_sla_dag to 2024-12-07 09:24:00+00:00, run_after=2024-12-07 09:26:00+00:00
[2024-12-07T09:27:14.289+0000] {processor.py:208} INFO - Processing /home/airflow/.local/lib/python3.12/site-packages/airflow/example_dags/example_sla_dag.py took 0.064 seconds
