[2024-12-07T09:15:04.791+0000] {processor.py:186} INFO - Started process (PID=117) to work on /home/airflow/.local/lib/python3.12/site-packages/airflow/example_dags/example_branch_python_dop_operator_3.py
[2024-12-07T09:15:04.792+0000] {processor.py:914} INFO - Processing file /home/airflow/.local/lib/python3.12/site-packages/airflow/example_dags/example_branch_python_dop_operator_3.py for tasks to queue
[2024-12-07T09:15:04.794+0000] {logging_mixin.py:190} INFO - [2024-12-07T09:15:04.794+0000] {dagbag.py:588} INFO - Filling up the DagBag from /home/airflow/.local/lib/python3.12/site-packages/airflow/example_dags/example_branch_python_dop_operator_3.py
[2024-12-07T09:15:04.806+0000] {processor.py:925} INFO - DAG(s) 'example_branch_dop_operator_v3' retrieved from /home/airflow/.local/lib/python3.12/site-packages/airflow/example_dags/example_branch_python_dop_operator_3.py
[2024-12-07T09:15:04.925+0000] {logging_mixin.py:190} INFO - [2024-12-07T09:15:04.925+0000] {override.py:1911} INFO - Created Permission View: can delete on DAG:example_branch_dop_operator_v3
[2024-12-07T09:15:04.934+0000] {logging_mixin.py:190} INFO - [2024-12-07T09:15:04.934+0000] {override.py:1911} INFO - Created Permission View: can edit on DAG:example_branch_dop_operator_v3
[2024-12-07T09:15:04.940+0000] {logging_mixin.py:190} INFO - [2024-12-07T09:15:04.939+0000] {override.py:1911} INFO - Created Permission View: can read on DAG:example_branch_dop_operator_v3
[2024-12-07T09:15:04.945+0000] {logging_mixin.py:190} INFO - [2024-12-07T09:15:04.945+0000] {override.py:1911} INFO - Created Permission View: can delete on DAG Run:example_branch_dop_operator_v3
[2024-12-07T09:15:04.952+0000] {logging_mixin.py:190} INFO - [2024-12-07T09:15:04.952+0000] {override.py:1911} INFO - Created Permission View: menu access on DAG Run:example_branch_dop_operator_v3
[2024-12-07T09:15:04.957+0000] {logging_mixin.py:190} INFO - [2024-12-07T09:15:04.957+0000] {override.py:1911} INFO - Created Permission View: can create on DAG Run:example_branch_dop_operator_v3
[2024-12-07T09:15:04.963+0000] {logging_mixin.py:190} INFO - [2024-12-07T09:15:04.962+0000] {override.py:1911} INFO - Created Permission View: can read on DAG Run:example_branch_dop_operator_v3
[2024-12-07T09:15:04.963+0000] {logging_mixin.py:190} INFO - [2024-12-07T09:15:04.963+0000] {dag.py:3239} INFO - Sync 1 DAGs
[2024-12-07T09:15:04.977+0000] {logging_mixin.py:190} INFO - [2024-12-07T09:15:04.977+0000] {dag.py:3262} INFO - Creating ORM DAG for example_branch_dop_operator_v3
[2024-12-07T09:15:04.992+0000] {logging_mixin.py:190} INFO - [2024-12-07T09:15:04.992+0000] {dag.py:4180} INFO - Setting next_dagrun for example_branch_dop_operator_v3 to 2024-12-07 09:14:00+00:00, run_after=2024-12-07 09:15:00+00:00
[2024-12-07T09:15:05.007+0000] {processor.py:208} INFO - Processing /home/airflow/.local/lib/python3.12/site-packages/airflow/example_dags/example_branch_python_dop_operator_3.py took 0.222 seconds
[2024-12-07T09:15:35.135+0000] {processor.py:186} INFO - Started process (PID=179) to work on /home/airflow/.local/lib/python3.12/site-packages/airflow/example_dags/example_branch_python_dop_operator_3.py
[2024-12-07T09:15:35.135+0000] {processor.py:914} INFO - Processing file /home/airflow/.local/lib/python3.12/site-packages/airflow/example_dags/example_branch_python_dop_operator_3.py for tasks to queue
[2024-12-07T09:15:35.137+0000] {logging_mixin.py:190} INFO - [2024-12-07T09:15:35.137+0000] {dagbag.py:588} INFO - Filling up the DagBag from /home/airflow/.local/lib/python3.12/site-packages/airflow/example_dags/example_branch_python_dop_operator_3.py
[2024-12-07T09:15:35.145+0000] {processor.py:925} INFO - DAG(s) 'example_branch_dop_operator_v3' retrieved from /home/airflow/.local/lib/python3.12/site-packages/airflow/example_dags/example_branch_python_dop_operator_3.py
[2024-12-07T09:15:35.160+0000] {logging_mixin.py:190} INFO - [2024-12-07T09:15:35.160+0000] {dag.py:3239} INFO - Sync 1 DAGs
[2024-12-07T09:15:35.181+0000] {logging_mixin.py:190} INFO - [2024-12-07T09:15:35.181+0000] {dag.py:4180} INFO - Setting next_dagrun for example_branch_dop_operator_v3 to 2024-12-07 09:14:00+00:00, run_after=2024-12-07 09:15:00+00:00
[2024-12-07T09:15:35.194+0000] {processor.py:208} INFO - Processing /home/airflow/.local/lib/python3.12/site-packages/airflow/example_dags/example_branch_python_dop_operator_3.py took 0.064 seconds
[2024-12-07T09:16:05.222+0000] {processor.py:186} INFO - Started process (PID=241) to work on /home/airflow/.local/lib/python3.12/site-packages/airflow/example_dags/example_branch_python_dop_operator_3.py
[2024-12-07T09:16:05.223+0000] {processor.py:914} INFO - Processing file /home/airflow/.local/lib/python3.12/site-packages/airflow/example_dags/example_branch_python_dop_operator_3.py for tasks to queue
[2024-12-07T09:16:05.225+0000] {logging_mixin.py:190} INFO - [2024-12-07T09:16:05.224+0000] {dagbag.py:588} INFO - Filling up the DagBag from /home/airflow/.local/lib/python3.12/site-packages/airflow/example_dags/example_branch_python_dop_operator_3.py
[2024-12-07T09:16:05.234+0000] {processor.py:925} INFO - DAG(s) 'example_branch_dop_operator_v3' retrieved from /home/airflow/.local/lib/python3.12/site-packages/airflow/example_dags/example_branch_python_dop_operator_3.py
[2024-12-07T09:16:05.250+0000] {logging_mixin.py:190} INFO - [2024-12-07T09:16:05.250+0000] {dag.py:3239} INFO - Sync 1 DAGs
[2024-12-07T09:16:05.274+0000] {logging_mixin.py:190} INFO - [2024-12-07T09:16:05.273+0000] {dag.py:4180} INFO - Setting next_dagrun for example_branch_dop_operator_v3 to 2024-12-07 09:15:00+00:00, run_after=2024-12-07 09:16:00+00:00
[2024-12-07T09:16:05.288+0000] {processor.py:208} INFO - Processing /home/airflow/.local/lib/python3.12/site-packages/airflow/example_dags/example_branch_python_dop_operator_3.py took 0.070 seconds
[2024-12-07T09:16:36.065+0000] {processor.py:186} INFO - Started process (PID=304) to work on /home/airflow/.local/lib/python3.12/site-packages/airflow/example_dags/example_branch_python_dop_operator_3.py
[2024-12-07T09:16:36.065+0000] {processor.py:914} INFO - Processing file /home/airflow/.local/lib/python3.12/site-packages/airflow/example_dags/example_branch_python_dop_operator_3.py for tasks to queue
[2024-12-07T09:16:36.067+0000] {logging_mixin.py:190} INFO - [2024-12-07T09:16:36.067+0000] {dagbag.py:588} INFO - Filling up the DagBag from /home/airflow/.local/lib/python3.12/site-packages/airflow/example_dags/example_branch_python_dop_operator_3.py
[2024-12-07T09:16:36.075+0000] {processor.py:925} INFO - DAG(s) 'example_branch_dop_operator_v3' retrieved from /home/airflow/.local/lib/python3.12/site-packages/airflow/example_dags/example_branch_python_dop_operator_3.py
[2024-12-07T09:16:36.090+0000] {logging_mixin.py:190} INFO - [2024-12-07T09:16:36.090+0000] {dag.py:3239} INFO - Sync 1 DAGs
[2024-12-07T09:16:36.110+0000] {logging_mixin.py:190} INFO - [2024-12-07T09:16:36.110+0000] {dag.py:4180} INFO - Setting next_dagrun for example_branch_dop_operator_v3 to 2024-12-07 09:15:00+00:00, run_after=2024-12-07 09:16:00+00:00
[2024-12-07T09:16:36.122+0000] {processor.py:208} INFO - Processing /home/airflow/.local/lib/python3.12/site-packages/airflow/example_dags/example_branch_python_dop_operator_3.py took 0.062 seconds
[2024-12-07T09:17:06.989+0000] {processor.py:186} INFO - Started process (PID=367) to work on /home/airflow/.local/lib/python3.12/site-packages/airflow/example_dags/example_branch_python_dop_operator_3.py
[2024-12-07T09:17:06.990+0000] {processor.py:914} INFO - Processing file /home/airflow/.local/lib/python3.12/site-packages/airflow/example_dags/example_branch_python_dop_operator_3.py for tasks to queue
[2024-12-07T09:17:06.992+0000] {logging_mixin.py:190} INFO - [2024-12-07T09:17:06.991+0000] {dagbag.py:588} INFO - Filling up the DagBag from /home/airflow/.local/lib/python3.12/site-packages/airflow/example_dags/example_branch_python_dop_operator_3.py
[2024-12-07T09:17:07.002+0000] {processor.py:925} INFO - DAG(s) 'example_branch_dop_operator_v3' retrieved from /home/airflow/.local/lib/python3.12/site-packages/airflow/example_dags/example_branch_python_dop_operator_3.py
[2024-12-07T09:17:07.019+0000] {logging_mixin.py:190} INFO - [2024-12-07T09:17:07.019+0000] {dag.py:3239} INFO - Sync 1 DAGs
[2024-12-07T09:17:07.044+0000] {logging_mixin.py:190} INFO - [2024-12-07T09:17:07.044+0000] {dag.py:4180} INFO - Setting next_dagrun for example_branch_dop_operator_v3 to 2024-12-07 09:16:00+00:00, run_after=2024-12-07 09:17:00+00:00
[2024-12-07T09:17:07.057+0000] {processor.py:208} INFO - Processing /home/airflow/.local/lib/python3.12/site-packages/airflow/example_dags/example_branch_python_dop_operator_3.py took 0.075 seconds
[2024-12-07T09:17:37.490+0000] {processor.py:186} INFO - Started process (PID=429) to work on /home/airflow/.local/lib/python3.12/site-packages/airflow/example_dags/example_branch_python_dop_operator_3.py
[2024-12-07T09:17:37.490+0000] {processor.py:914} INFO - Processing file /home/airflow/.local/lib/python3.12/site-packages/airflow/example_dags/example_branch_python_dop_operator_3.py for tasks to queue
[2024-12-07T09:17:37.492+0000] {logging_mixin.py:190} INFO - [2024-12-07T09:17:37.492+0000] {dagbag.py:588} INFO - Filling up the DagBag from /home/airflow/.local/lib/python3.12/site-packages/airflow/example_dags/example_branch_python_dop_operator_3.py
[2024-12-07T09:17:37.500+0000] {processor.py:925} INFO - DAG(s) 'example_branch_dop_operator_v3' retrieved from /home/airflow/.local/lib/python3.12/site-packages/airflow/example_dags/example_branch_python_dop_operator_3.py
[2024-12-07T09:17:37.514+0000] {logging_mixin.py:190} INFO - [2024-12-07T09:17:37.514+0000] {dag.py:3239} INFO - Sync 1 DAGs
[2024-12-07T09:17:37.534+0000] {logging_mixin.py:190} INFO - [2024-12-07T09:17:37.533+0000] {dag.py:4180} INFO - Setting next_dagrun for example_branch_dop_operator_v3 to 2024-12-07 09:16:00+00:00, run_after=2024-12-07 09:17:00+00:00
[2024-12-07T09:17:37.545+0000] {processor.py:208} INFO - Processing /home/airflow/.local/lib/python3.12/site-packages/airflow/example_dags/example_branch_python_dop_operator_3.py took 0.060 seconds
[2024-12-07T09:18:08.307+0000] {processor.py:186} INFO - Started process (PID=492) to work on /home/airflow/.local/lib/python3.12/site-packages/airflow/example_dags/example_branch_python_dop_operator_3.py
[2024-12-07T09:18:08.308+0000] {processor.py:914} INFO - Processing file /home/airflow/.local/lib/python3.12/site-packages/airflow/example_dags/example_branch_python_dop_operator_3.py for tasks to queue
[2024-12-07T09:18:08.310+0000] {logging_mixin.py:190} INFO - [2024-12-07T09:18:08.309+0000] {dagbag.py:588} INFO - Filling up the DagBag from /home/airflow/.local/lib/python3.12/site-packages/airflow/example_dags/example_branch_python_dop_operator_3.py
[2024-12-07T09:18:08.320+0000] {processor.py:925} INFO - DAG(s) 'example_branch_dop_operator_v3' retrieved from /home/airflow/.local/lib/python3.12/site-packages/airflow/example_dags/example_branch_python_dop_operator_3.py
[2024-12-07T09:18:08.336+0000] {logging_mixin.py:190} INFO - [2024-12-07T09:18:08.335+0000] {dag.py:3239} INFO - Sync 1 DAGs
[2024-12-07T09:18:08.357+0000] {logging_mixin.py:190} INFO - [2024-12-07T09:18:08.357+0000] {dag.py:4180} INFO - Setting next_dagrun for example_branch_dop_operator_v3 to 2024-12-07 09:17:00+00:00, run_after=2024-12-07 09:18:00+00:00
[2024-12-07T09:18:08.370+0000] {processor.py:208} INFO - Processing /home/airflow/.local/lib/python3.12/site-packages/airflow/example_dags/example_branch_python_dop_operator_3.py took 0.069 seconds
[2024-12-07T09:18:38.475+0000] {processor.py:186} INFO - Started process (PID=555) to work on /home/airflow/.local/lib/python3.12/site-packages/airflow/example_dags/example_branch_python_dop_operator_3.py
[2024-12-07T09:18:38.476+0000] {processor.py:914} INFO - Processing file /home/airflow/.local/lib/python3.12/site-packages/airflow/example_dags/example_branch_python_dop_operator_3.py for tasks to queue
[2024-12-07T09:18:38.478+0000] {logging_mixin.py:190} INFO - [2024-12-07T09:18:38.477+0000] {dagbag.py:588} INFO - Filling up the DagBag from /home/airflow/.local/lib/python3.12/site-packages/airflow/example_dags/example_branch_python_dop_operator_3.py
[2024-12-07T09:18:38.486+0000] {processor.py:925} INFO - DAG(s) 'example_branch_dop_operator_v3' retrieved from /home/airflow/.local/lib/python3.12/site-packages/airflow/example_dags/example_branch_python_dop_operator_3.py
[2024-12-07T09:18:38.502+0000] {logging_mixin.py:190} INFO - [2024-12-07T09:18:38.502+0000] {dag.py:3239} INFO - Sync 1 DAGs
[2024-12-07T09:18:38.523+0000] {logging_mixin.py:190} INFO - [2024-12-07T09:18:38.522+0000] {dag.py:4180} INFO - Setting next_dagrun for example_branch_dop_operator_v3 to 2024-12-07 09:17:00+00:00, run_after=2024-12-07 09:18:00+00:00
[2024-12-07T09:18:38.537+0000] {processor.py:208} INFO - Processing /home/airflow/.local/lib/python3.12/site-packages/airflow/example_dags/example_branch_python_dop_operator_3.py took 0.066 seconds
[2024-12-07T09:19:09.473+0000] {processor.py:186} INFO - Started process (PID=618) to work on /home/airflow/.local/lib/python3.12/site-packages/airflow/example_dags/example_branch_python_dop_operator_3.py
[2024-12-07T09:19:09.474+0000] {processor.py:914} INFO - Processing file /home/airflow/.local/lib/python3.12/site-packages/airflow/example_dags/example_branch_python_dop_operator_3.py for tasks to queue
[2024-12-07T09:19:09.476+0000] {logging_mixin.py:190} INFO - [2024-12-07T09:19:09.476+0000] {dagbag.py:588} INFO - Filling up the DagBag from /home/airflow/.local/lib/python3.12/site-packages/airflow/example_dags/example_branch_python_dop_operator_3.py
[2024-12-07T09:19:09.487+0000] {processor.py:925} INFO - DAG(s) 'example_branch_dop_operator_v3' retrieved from /home/airflow/.local/lib/python3.12/site-packages/airflow/example_dags/example_branch_python_dop_operator_3.py
[2024-12-07T09:19:09.508+0000] {logging_mixin.py:190} INFO - [2024-12-07T09:19:09.508+0000] {dag.py:3239} INFO - Sync 1 DAGs
[2024-12-07T09:19:09.538+0000] {logging_mixin.py:190} INFO - [2024-12-07T09:19:09.538+0000] {dag.py:4180} INFO - Setting next_dagrun for example_branch_dop_operator_v3 to 2024-12-07 09:18:00+00:00, run_after=2024-12-07 09:19:00+00:00
[2024-12-07T09:19:09.557+0000] {processor.py:208} INFO - Processing /home/airflow/.local/lib/python3.12/site-packages/airflow/example_dags/example_branch_python_dop_operator_3.py took 0.090 seconds
[2024-12-07T09:19:40.422+0000] {processor.py:186} INFO - Started process (PID=681) to work on /home/airflow/.local/lib/python3.12/site-packages/airflow/example_dags/example_branch_python_dop_operator_3.py
[2024-12-07T09:19:40.423+0000] {processor.py:914} INFO - Processing file /home/airflow/.local/lib/python3.12/site-packages/airflow/example_dags/example_branch_python_dop_operator_3.py for tasks to queue
[2024-12-07T09:19:40.425+0000] {logging_mixin.py:190} INFO - [2024-12-07T09:19:40.425+0000] {dagbag.py:588} INFO - Filling up the DagBag from /home/airflow/.local/lib/python3.12/site-packages/airflow/example_dags/example_branch_python_dop_operator_3.py
[2024-12-07T09:19:40.436+0000] {processor.py:925} INFO - DAG(s) 'example_branch_dop_operator_v3' retrieved from /home/airflow/.local/lib/python3.12/site-packages/airflow/example_dags/example_branch_python_dop_operator_3.py
[2024-12-07T09:19:40.454+0000] {logging_mixin.py:190} INFO - [2024-12-07T09:19:40.454+0000] {dag.py:3239} INFO - Sync 1 DAGs
[2024-12-07T09:19:40.482+0000] {logging_mixin.py:190} INFO - [2024-12-07T09:19:40.481+0000] {dag.py:4180} INFO - Setting next_dagrun for example_branch_dop_operator_v3 to 2024-12-07 09:18:00+00:00, run_after=2024-12-07 09:19:00+00:00
[2024-12-07T09:19:40.497+0000] {processor.py:208} INFO - Processing /home/airflow/.local/lib/python3.12/site-packages/airflow/example_dags/example_branch_python_dop_operator_3.py took 0.081 seconds
[2024-12-07T09:20:10.606+0000] {processor.py:186} INFO - Started process (PID=743) to work on /home/airflow/.local/lib/python3.12/site-packages/airflow/example_dags/example_branch_python_dop_operator_3.py
[2024-12-07T09:20:10.606+0000] {processor.py:914} INFO - Processing file /home/airflow/.local/lib/python3.12/site-packages/airflow/example_dags/example_branch_python_dop_operator_3.py for tasks to queue
[2024-12-07T09:20:10.608+0000] {logging_mixin.py:190} INFO - [2024-12-07T09:20:10.608+0000] {dagbag.py:588} INFO - Filling up the DagBag from /home/airflow/.local/lib/python3.12/site-packages/airflow/example_dags/example_branch_python_dop_operator_3.py
[2024-12-07T09:20:10.617+0000] {processor.py:925} INFO - DAG(s) 'example_branch_dop_operator_v3' retrieved from /home/airflow/.local/lib/python3.12/site-packages/airflow/example_dags/example_branch_python_dop_operator_3.py
[2024-12-07T09:20:10.634+0000] {logging_mixin.py:190} INFO - [2024-12-07T09:20:10.634+0000] {dag.py:3239} INFO - Sync 1 DAGs
[2024-12-07T09:20:10.656+0000] {logging_mixin.py:190} INFO - [2024-12-07T09:20:10.656+0000] {dag.py:4180} INFO - Setting next_dagrun for example_branch_dop_operator_v3 to 2024-12-07 09:19:00+00:00, run_after=2024-12-07 09:20:00+00:00
[2024-12-07T09:20:10.675+0000] {processor.py:208} INFO - Processing /home/airflow/.local/lib/python3.12/site-packages/airflow/example_dags/example_branch_python_dop_operator_3.py took 0.074 seconds
[2024-12-07T09:20:40.954+0000] {processor.py:186} INFO - Started process (PID=807) to work on /home/airflow/.local/lib/python3.12/site-packages/airflow/example_dags/example_branch_python_dop_operator_3.py
[2024-12-07T09:20:40.955+0000] {processor.py:914} INFO - Processing file /home/airflow/.local/lib/python3.12/site-packages/airflow/example_dags/example_branch_python_dop_operator_3.py for tasks to queue
[2024-12-07T09:20:40.957+0000] {logging_mixin.py:190} INFO - [2024-12-07T09:20:40.956+0000] {dagbag.py:588} INFO - Filling up the DagBag from /home/airflow/.local/lib/python3.12/site-packages/airflow/example_dags/example_branch_python_dop_operator_3.py
[2024-12-07T09:20:40.965+0000] {processor.py:925} INFO - DAG(s) 'example_branch_dop_operator_v3' retrieved from /home/airflow/.local/lib/python3.12/site-packages/airflow/example_dags/example_branch_python_dop_operator_3.py
[2024-12-07T09:20:40.981+0000] {logging_mixin.py:190} INFO - [2024-12-07T09:20:40.981+0000] {dag.py:3239} INFO - Sync 1 DAGs
[2024-12-07T09:20:41.005+0000] {logging_mixin.py:190} INFO - [2024-12-07T09:20:41.005+0000] {dag.py:4180} INFO - Setting next_dagrun for example_branch_dop_operator_v3 to 2024-12-07 09:19:00+00:00, run_after=2024-12-07 09:20:00+00:00
[2024-12-07T09:20:41.020+0000] {processor.py:208} INFO - Processing /home/airflow/.local/lib/python3.12/site-packages/airflow/example_dags/example_branch_python_dop_operator_3.py took 0.070 seconds
[2024-12-07T09:21:11.935+0000] {processor.py:186} INFO - Started process (PID=869) to work on /home/airflow/.local/lib/python3.12/site-packages/airflow/example_dags/example_branch_python_dop_operator_3.py
[2024-12-07T09:21:11.936+0000] {processor.py:914} INFO - Processing file /home/airflow/.local/lib/python3.12/site-packages/airflow/example_dags/example_branch_python_dop_operator_3.py for tasks to queue
[2024-12-07T09:21:11.937+0000] {logging_mixin.py:190} INFO - [2024-12-07T09:21:11.937+0000] {dagbag.py:588} INFO - Filling up the DagBag from /home/airflow/.local/lib/python3.12/site-packages/airflow/example_dags/example_branch_python_dop_operator_3.py
[2024-12-07T09:21:11.945+0000] {processor.py:925} INFO - DAG(s) 'example_branch_dop_operator_v3' retrieved from /home/airflow/.local/lib/python3.12/site-packages/airflow/example_dags/example_branch_python_dop_operator_3.py
[2024-12-07T09:21:11.963+0000] {logging_mixin.py:190} INFO - [2024-12-07T09:21:11.963+0000] {dag.py:3239} INFO - Sync 1 DAGs
[2024-12-07T09:21:11.986+0000] {logging_mixin.py:190} INFO - [2024-12-07T09:21:11.986+0000] {dag.py:4180} INFO - Setting next_dagrun for example_branch_dop_operator_v3 to 2024-12-07 09:20:00+00:00, run_after=2024-12-07 09:21:00+00:00
[2024-12-07T09:21:12.001+0000] {processor.py:208} INFO - Processing /home/airflow/.local/lib/python3.12/site-packages/airflow/example_dags/example_branch_python_dop_operator_3.py took 0.071 seconds
[2024-12-07T09:21:42.074+0000] {processor.py:186} INFO - Started process (PID=931) to work on /home/airflow/.local/lib/python3.12/site-packages/airflow/example_dags/example_branch_python_dop_operator_3.py
[2024-12-07T09:21:42.074+0000] {processor.py:914} INFO - Processing file /home/airflow/.local/lib/python3.12/site-packages/airflow/example_dags/example_branch_python_dop_operator_3.py for tasks to queue
[2024-12-07T09:21:42.076+0000] {logging_mixin.py:190} INFO - [2024-12-07T09:21:42.076+0000] {dagbag.py:588} INFO - Filling up the DagBag from /home/airflow/.local/lib/python3.12/site-packages/airflow/example_dags/example_branch_python_dop_operator_3.py
[2024-12-07T09:21:42.084+0000] {processor.py:925} INFO - DAG(s) 'example_branch_dop_operator_v3' retrieved from /home/airflow/.local/lib/python3.12/site-packages/airflow/example_dags/example_branch_python_dop_operator_3.py
[2024-12-07T09:21:42.100+0000] {logging_mixin.py:190} INFO - [2024-12-07T09:21:42.100+0000] {dag.py:3239} INFO - Sync 1 DAGs
[2024-12-07T09:21:42.124+0000] {logging_mixin.py:190} INFO - [2024-12-07T09:21:42.123+0000] {dag.py:4180} INFO - Setting next_dagrun for example_branch_dop_operator_v3 to 2024-12-07 09:20:00+00:00, run_after=2024-12-07 09:21:00+00:00
[2024-12-07T09:21:42.138+0000] {processor.py:208} INFO - Processing /home/airflow/.local/lib/python3.12/site-packages/airflow/example_dags/example_branch_python_dop_operator_3.py took 0.069 seconds
[2024-12-07T09:22:12.510+0000] {processor.py:186} INFO - Started process (PID=994) to work on /home/airflow/.local/lib/python3.12/site-packages/airflow/example_dags/example_branch_python_dop_operator_3.py
[2024-12-07T09:22:12.511+0000] {processor.py:914} INFO - Processing file /home/airflow/.local/lib/python3.12/site-packages/airflow/example_dags/example_branch_python_dop_operator_3.py for tasks to queue
[2024-12-07T09:22:12.513+0000] {logging_mixin.py:190} INFO - [2024-12-07T09:22:12.512+0000] {dagbag.py:588} INFO - Filling up the DagBag from /home/airflow/.local/lib/python3.12/site-packages/airflow/example_dags/example_branch_python_dop_operator_3.py
[2024-12-07T09:22:12.521+0000] {processor.py:925} INFO - DAG(s) 'example_branch_dop_operator_v3' retrieved from /home/airflow/.local/lib/python3.12/site-packages/airflow/example_dags/example_branch_python_dop_operator_3.py
[2024-12-07T09:22:12.536+0000] {logging_mixin.py:190} INFO - [2024-12-07T09:22:12.536+0000] {dag.py:3239} INFO - Sync 1 DAGs
[2024-12-07T09:22:12.557+0000] {logging_mixin.py:190} INFO - [2024-12-07T09:22:12.557+0000] {dag.py:4180} INFO - Setting next_dagrun for example_branch_dop_operator_v3 to 2024-12-07 09:21:00+00:00, run_after=2024-12-07 09:22:00+00:00
[2024-12-07T09:22:12.574+0000] {processor.py:208} INFO - Processing /home/airflow/.local/lib/python3.12/site-packages/airflow/example_dags/example_branch_python_dop_operator_3.py took 0.068 seconds
[2024-12-07T09:22:43.276+0000] {processor.py:186} INFO - Started process (PID=1057) to work on /home/airflow/.local/lib/python3.12/site-packages/airflow/example_dags/example_branch_python_dop_operator_3.py
[2024-12-07T09:22:43.277+0000] {processor.py:914} INFO - Processing file /home/airflow/.local/lib/python3.12/site-packages/airflow/example_dags/example_branch_python_dop_operator_3.py for tasks to queue
[2024-12-07T09:22:43.278+0000] {logging_mixin.py:190} INFO - [2024-12-07T09:22:43.278+0000] {dagbag.py:588} INFO - Filling up the DagBag from /home/airflow/.local/lib/python3.12/site-packages/airflow/example_dags/example_branch_python_dop_operator_3.py
[2024-12-07T09:22:43.288+0000] {processor.py:925} INFO - DAG(s) 'example_branch_dop_operator_v3' retrieved from /home/airflow/.local/lib/python3.12/site-packages/airflow/example_dags/example_branch_python_dop_operator_3.py
[2024-12-07T09:22:43.305+0000] {logging_mixin.py:190} INFO - [2024-12-07T09:22:43.305+0000] {dag.py:3239} INFO - Sync 1 DAGs
[2024-12-07T09:22:43.331+0000] {logging_mixin.py:190} INFO - [2024-12-07T09:22:43.331+0000] {dag.py:4180} INFO - Setting next_dagrun for example_branch_dop_operator_v3 to 2024-12-07 09:21:00+00:00, run_after=2024-12-07 09:22:00+00:00
[2024-12-07T09:22:43.346+0000] {processor.py:208} INFO - Processing /home/airflow/.local/lib/python3.12/site-packages/airflow/example_dags/example_branch_python_dop_operator_3.py took 0.075 seconds
[2024-12-07T09:23:14.043+0000] {processor.py:186} INFO - Started process (PID=1120) to work on /home/airflow/.local/lib/python3.12/site-packages/airflow/example_dags/example_branch_python_dop_operator_3.py
[2024-12-07T09:23:14.043+0000] {processor.py:914} INFO - Processing file /home/airflow/.local/lib/python3.12/site-packages/airflow/example_dags/example_branch_python_dop_operator_3.py for tasks to queue
[2024-12-07T09:23:14.045+0000] {logging_mixin.py:190} INFO - [2024-12-07T09:23:14.044+0000] {dagbag.py:588} INFO - Filling up the DagBag from /home/airflow/.local/lib/python3.12/site-packages/airflow/example_dags/example_branch_python_dop_operator_3.py
[2024-12-07T09:23:14.053+0000] {processor.py:925} INFO - DAG(s) 'example_branch_dop_operator_v3' retrieved from /home/airflow/.local/lib/python3.12/site-packages/airflow/example_dags/example_branch_python_dop_operator_3.py
[2024-12-07T09:23:14.071+0000] {logging_mixin.py:190} INFO - [2024-12-07T09:23:14.071+0000] {dag.py:3239} INFO - Sync 1 DAGs
[2024-12-07T09:23:14.099+0000] {logging_mixin.py:190} INFO - [2024-12-07T09:23:14.099+0000] {dag.py:4180} INFO - Setting next_dagrun for example_branch_dop_operator_v3 to 2024-12-07 09:22:00+00:00, run_after=2024-12-07 09:23:00+00:00
[2024-12-07T09:23:14.117+0000] {processor.py:208} INFO - Processing /home/airflow/.local/lib/python3.12/site-packages/airflow/example_dags/example_branch_python_dop_operator_3.py took 0.079 seconds
[2024-12-07T09:23:44.837+0000] {processor.py:186} INFO - Started process (PID=1184) to work on /home/airflow/.local/lib/python3.12/site-packages/airflow/example_dags/example_branch_python_dop_operator_3.py
[2024-12-07T09:23:44.838+0000] {processor.py:914} INFO - Processing file /home/airflow/.local/lib/python3.12/site-packages/airflow/example_dags/example_branch_python_dop_operator_3.py for tasks to queue
[2024-12-07T09:23:44.839+0000] {logging_mixin.py:190} INFO - [2024-12-07T09:23:44.839+0000] {dagbag.py:588} INFO - Filling up the DagBag from /home/airflow/.local/lib/python3.12/site-packages/airflow/example_dags/example_branch_python_dop_operator_3.py
[2024-12-07T09:23:44.849+0000] {processor.py:925} INFO - DAG(s) 'example_branch_dop_operator_v3' retrieved from /home/airflow/.local/lib/python3.12/site-packages/airflow/example_dags/example_branch_python_dop_operator_3.py
[2024-12-07T09:23:44.868+0000] {logging_mixin.py:190} INFO - [2024-12-07T09:23:44.868+0000] {dag.py:3239} INFO - Sync 1 DAGs
[2024-12-07T09:23:44.897+0000] {logging_mixin.py:190} INFO - [2024-12-07T09:23:44.897+0000] {dag.py:4180} INFO - Setting next_dagrun for example_branch_dop_operator_v3 to 2024-12-07 09:22:00+00:00, run_after=2024-12-07 09:23:00+00:00
[2024-12-07T09:23:44.913+0000] {processor.py:208} INFO - Processing /home/airflow/.local/lib/python3.12/site-packages/airflow/example_dags/example_branch_python_dop_operator_3.py took 0.081 seconds
[2024-12-07T09:24:15.082+0000] {processor.py:186} INFO - Started process (PID=1247) to work on /home/airflow/.local/lib/python3.12/site-packages/airflow/example_dags/example_branch_python_dop_operator_3.py
[2024-12-07T09:24:15.083+0000] {processor.py:914} INFO - Processing file /home/airflow/.local/lib/python3.12/site-packages/airflow/example_dags/example_branch_python_dop_operator_3.py for tasks to queue
[2024-12-07T09:24:15.085+0000] {logging_mixin.py:190} INFO - [2024-12-07T09:24:15.084+0000] {dagbag.py:588} INFO - Filling up the DagBag from /home/airflow/.local/lib/python3.12/site-packages/airflow/example_dags/example_branch_python_dop_operator_3.py
[2024-12-07T09:24:15.095+0000] {processor.py:925} INFO - DAG(s) 'example_branch_dop_operator_v3' retrieved from /home/airflow/.local/lib/python3.12/site-packages/airflow/example_dags/example_branch_python_dop_operator_3.py
[2024-12-07T09:24:15.116+0000] {logging_mixin.py:190} INFO - [2024-12-07T09:24:15.116+0000] {dag.py:3239} INFO - Sync 1 DAGs
[2024-12-07T09:24:15.147+0000] {logging_mixin.py:190} INFO - [2024-12-07T09:24:15.147+0000] {dag.py:4180} INFO - Setting next_dagrun for example_branch_dop_operator_v3 to 2024-12-07 09:23:00+00:00, run_after=2024-12-07 09:24:00+00:00
[2024-12-07T09:24:15.166+0000] {processor.py:208} INFO - Processing /home/airflow/.local/lib/python3.12/site-packages/airflow/example_dags/example_branch_python_dop_operator_3.py took 0.089 seconds
[2024-12-07T09:24:45.444+0000] {processor.py:186} INFO - Started process (PID=1310) to work on /home/airflow/.local/lib/python3.12/site-packages/airflow/example_dags/example_branch_python_dop_operator_3.py
[2024-12-07T09:24:45.445+0000] {processor.py:914} INFO - Processing file /home/airflow/.local/lib/python3.12/site-packages/airflow/example_dags/example_branch_python_dop_operator_3.py for tasks to queue
[2024-12-07T09:24:45.447+0000] {logging_mixin.py:190} INFO - [2024-12-07T09:24:45.446+0000] {dagbag.py:588} INFO - Filling up the DagBag from /home/airflow/.local/lib/python3.12/site-packages/airflow/example_dags/example_branch_python_dop_operator_3.py
[2024-12-07T09:24:45.456+0000] {processor.py:925} INFO - DAG(s) 'example_branch_dop_operator_v3' retrieved from /home/airflow/.local/lib/python3.12/site-packages/airflow/example_dags/example_branch_python_dop_operator_3.py
[2024-12-07T09:24:45.473+0000] {logging_mixin.py:190} INFO - [2024-12-07T09:24:45.472+0000] {dag.py:3239} INFO - Sync 1 DAGs
[2024-12-07T09:24:45.504+0000] {logging_mixin.py:190} INFO - [2024-12-07T09:24:45.504+0000] {dag.py:4180} INFO - Setting next_dagrun for example_branch_dop_operator_v3 to 2024-12-07 09:23:00+00:00, run_after=2024-12-07 09:24:00+00:00
[2024-12-07T09:24:45.537+0000] {processor.py:208} INFO - Processing /home/airflow/.local/lib/python3.12/site-packages/airflow/example_dags/example_branch_python_dop_operator_3.py took 0.098 seconds
[2024-12-07T09:25:15.601+0000] {processor.py:186} INFO - Started process (PID=1374) to work on /home/airflow/.local/lib/python3.12/site-packages/airflow/example_dags/example_branch_python_dop_operator_3.py
[2024-12-07T09:25:15.602+0000] {processor.py:914} INFO - Processing file /home/airflow/.local/lib/python3.12/site-packages/airflow/example_dags/example_branch_python_dop_operator_3.py for tasks to queue
[2024-12-07T09:25:15.603+0000] {logging_mixin.py:190} INFO - [2024-12-07T09:25:15.603+0000] {dagbag.py:588} INFO - Filling up the DagBag from /home/airflow/.local/lib/python3.12/site-packages/airflow/example_dags/example_branch_python_dop_operator_3.py
[2024-12-07T09:25:15.613+0000] {processor.py:925} INFO - DAG(s) 'example_branch_dop_operator_v3' retrieved from /home/airflow/.local/lib/python3.12/site-packages/airflow/example_dags/example_branch_python_dop_operator_3.py
[2024-12-07T09:25:15.629+0000] {logging_mixin.py:190} INFO - [2024-12-07T09:25:15.629+0000] {dag.py:3239} INFO - Sync 1 DAGs
[2024-12-07T09:25:15.649+0000] {logging_mixin.py:190} INFO - [2024-12-07T09:25:15.649+0000] {dag.py:4180} INFO - Setting next_dagrun for example_branch_dop_operator_v3 to 2024-12-07 09:24:00+00:00, run_after=2024-12-07 09:25:00+00:00
[2024-12-07T09:25:15.662+0000] {processor.py:208} INFO - Processing /home/airflow/.local/lib/python3.12/site-packages/airflow/example_dags/example_branch_python_dop_operator_3.py took 0.066 seconds
[2024-12-07T09:25:45.775+0000] {processor.py:186} INFO - Started process (PID=1438) to work on /home/airflow/.local/lib/python3.12/site-packages/airflow/example_dags/example_branch_python_dop_operator_3.py
[2024-12-07T09:25:45.776+0000] {processor.py:914} INFO - Processing file /home/airflow/.local/lib/python3.12/site-packages/airflow/example_dags/example_branch_python_dop_operator_3.py for tasks to queue
[2024-12-07T09:25:45.778+0000] {logging_mixin.py:190} INFO - [2024-12-07T09:25:45.778+0000] {dagbag.py:588} INFO - Filling up the DagBag from /home/airflow/.local/lib/python3.12/site-packages/airflow/example_dags/example_branch_python_dop_operator_3.py
[2024-12-07T09:25:45.789+0000] {processor.py:925} INFO - DAG(s) 'example_branch_dop_operator_v3' retrieved from /home/airflow/.local/lib/python3.12/site-packages/airflow/example_dags/example_branch_python_dop_operator_3.py
[2024-12-07T09:25:45.809+0000] {logging_mixin.py:190} INFO - [2024-12-07T09:25:45.809+0000] {dag.py:3239} INFO - Sync 1 DAGs
[2024-12-07T09:25:45.836+0000] {logging_mixin.py:190} INFO - [2024-12-07T09:25:45.835+0000] {dag.py:4180} INFO - Setting next_dagrun for example_branch_dop_operator_v3 to 2024-12-07 09:24:00+00:00, run_after=2024-12-07 09:25:00+00:00
[2024-12-07T09:25:45.851+0000] {processor.py:208} INFO - Processing /home/airflow/.local/lib/python3.12/site-packages/airflow/example_dags/example_branch_python_dop_operator_3.py took 0.082 seconds
[2024-12-07T09:26:16.087+0000] {processor.py:186} INFO - Started process (PID=1501) to work on /home/airflow/.local/lib/python3.12/site-packages/airflow/example_dags/example_branch_python_dop_operator_3.py
[2024-12-07T09:26:16.088+0000] {processor.py:914} INFO - Processing file /home/airflow/.local/lib/python3.12/site-packages/airflow/example_dags/example_branch_python_dop_operator_3.py for tasks to queue
[2024-12-07T09:26:16.090+0000] {logging_mixin.py:190} INFO - [2024-12-07T09:26:16.089+0000] {dagbag.py:588} INFO - Filling up the DagBag from /home/airflow/.local/lib/python3.12/site-packages/airflow/example_dags/example_branch_python_dop_operator_3.py
[2024-12-07T09:26:16.100+0000] {processor.py:925} INFO - DAG(s) 'example_branch_dop_operator_v3' retrieved from /home/airflow/.local/lib/python3.12/site-packages/airflow/example_dags/example_branch_python_dop_operator_3.py
[2024-12-07T09:26:16.121+0000] {logging_mixin.py:190} INFO - [2024-12-07T09:26:16.120+0000] {dag.py:3239} INFO - Sync 1 DAGs
[2024-12-07T09:26:16.150+0000] {logging_mixin.py:190} INFO - [2024-12-07T09:26:16.150+0000] {dag.py:4180} INFO - Setting next_dagrun for example_branch_dop_operator_v3 to 2024-12-07 09:25:00+00:00, run_after=2024-12-07 09:26:00+00:00
[2024-12-07T09:26:16.167+0000] {processor.py:208} INFO - Processing /home/airflow/.local/lib/python3.12/site-packages/airflow/example_dags/example_branch_python_dop_operator_3.py took 0.087 seconds
[2024-12-07T09:26:46.280+0000] {processor.py:186} INFO - Started process (PID=1565) to work on /home/airflow/.local/lib/python3.12/site-packages/airflow/example_dags/example_branch_python_dop_operator_3.py
[2024-12-07T09:26:46.280+0000] {processor.py:914} INFO - Processing file /home/airflow/.local/lib/python3.12/site-packages/airflow/example_dags/example_branch_python_dop_operator_3.py for tasks to queue
[2024-12-07T09:26:46.282+0000] {logging_mixin.py:190} INFO - [2024-12-07T09:26:46.282+0000] {dagbag.py:588} INFO - Filling up the DagBag from /home/airflow/.local/lib/python3.12/site-packages/airflow/example_dags/example_branch_python_dop_operator_3.py
[2024-12-07T09:26:46.291+0000] {processor.py:925} INFO - DAG(s) 'example_branch_dop_operator_v3' retrieved from /home/airflow/.local/lib/python3.12/site-packages/airflow/example_dags/example_branch_python_dop_operator_3.py
[2024-12-07T09:26:46.307+0000] {logging_mixin.py:190} INFO - [2024-12-07T09:26:46.307+0000] {dag.py:3239} INFO - Sync 1 DAGs
[2024-12-07T09:26:46.328+0000] {logging_mixin.py:190} INFO - [2024-12-07T09:26:46.327+0000] {dag.py:4180} INFO - Setting next_dagrun for example_branch_dop_operator_v3 to 2024-12-07 09:25:00+00:00, run_after=2024-12-07 09:26:00+00:00
[2024-12-07T09:26:46.340+0000] {processor.py:208} INFO - Processing /home/airflow/.local/lib/python3.12/site-packages/airflow/example_dags/example_branch_python_dop_operator_3.py took 0.065 seconds
[2024-12-07T09:27:16.484+0000] {processor.py:186} INFO - Started process (PID=1626) to work on /home/airflow/.local/lib/python3.12/site-packages/airflow/example_dags/example_branch_python_dop_operator_3.py
[2024-12-07T09:27:16.485+0000] {processor.py:914} INFO - Processing file /home/airflow/.local/lib/python3.12/site-packages/airflow/example_dags/example_branch_python_dop_operator_3.py for tasks to queue
[2024-12-07T09:27:16.487+0000] {logging_mixin.py:190} INFO - [2024-12-07T09:27:16.486+0000] {dagbag.py:588} INFO - Filling up the DagBag from /home/airflow/.local/lib/python3.12/site-packages/airflow/example_dags/example_branch_python_dop_operator_3.py
[2024-12-07T09:27:16.494+0000] {processor.py:925} INFO - DAG(s) 'example_branch_dop_operator_v3' retrieved from /home/airflow/.local/lib/python3.12/site-packages/airflow/example_dags/example_branch_python_dop_operator_3.py
[2024-12-07T09:27:16.509+0000] {logging_mixin.py:190} INFO - [2024-12-07T09:27:16.509+0000] {dag.py:3239} INFO - Sync 1 DAGs
[2024-12-07T09:27:16.529+0000] {logging_mixin.py:190} INFO - [2024-12-07T09:27:16.529+0000] {dag.py:4180} INFO - Setting next_dagrun for example_branch_dop_operator_v3 to 2024-12-07 09:26:00+00:00, run_after=2024-12-07 09:27:00+00:00
[2024-12-07T09:27:16.543+0000] {processor.py:208} INFO - Processing /home/airflow/.local/lib/python3.12/site-packages/airflow/example_dags/example_branch_python_dop_operator_3.py took 0.063 seconds
