[2024-12-07T09:14:53.131+0000] {processor.py:186} INFO - Started process (PID=66) to work on /home/airflow/.local/lib/python3.12/site-packages/airflow/example_dags/example_branch_operator.py
[2024-12-07T09:14:53.132+0000] {processor.py:914} INFO - Processing file /home/airflow/.local/lib/python3.12/site-packages/airflow/example_dags/example_branch_operator.py for tasks to queue
[2024-12-07T09:14:53.142+0000] {logging_mixin.py:190} INFO - [2024-12-07T09:14:53.142+0000] {dagbag.py:588} INFO - Filling up the DagBag from /home/airflow/.local/lib/python3.12/site-packages/airflow/example_dags/example_branch_operator.py
[2024-12-07T09:14:53.216+0000] {processor.py:925} INFO - DAG(s) 'example_branch_operator' retrieved from /home/airflow/.local/lib/python3.12/site-packages/airflow/example_dags/example_branch_operator.py
[2024-12-07T09:14:53.630+0000] {logging_mixin.py:190} INFO - [2024-12-07T09:14:53.629+0000] {override.py:1911} INFO - Created Permission View: can delete on DAG:example_branch_operator
[2024-12-07T09:14:53.649+0000] {logging_mixin.py:190} INFO - [2024-12-07T09:14:53.649+0000] {override.py:1911} INFO - Created Permission View: can edit on DAG:example_branch_operator
[2024-12-07T09:14:53.658+0000] {logging_mixin.py:190} INFO - [2024-12-07T09:14:53.658+0000] {override.py:1911} INFO - Created Permission View: can read on DAG:example_branch_operator
[2024-12-07T09:14:53.668+0000] {logging_mixin.py:190} INFO - [2024-12-07T09:14:53.667+0000] {override.py:1911} INFO - Created Permission View: can delete on DAG Run:example_branch_operator
[2024-12-07T09:14:53.690+0000] {logging_mixin.py:190} INFO - [2024-12-07T09:14:53.689+0000] {override.py:1911} INFO - Created Permission View: menu access on DAG Run:example_branch_operator
[2024-12-07T09:14:53.697+0000] {logging_mixin.py:190} INFO - [2024-12-07T09:14:53.697+0000] {override.py:1911} INFO - Created Permission View: can create on DAG Run:example_branch_operator
[2024-12-07T09:14:53.704+0000] {logging_mixin.py:190} INFO - [2024-12-07T09:14:53.704+0000] {override.py:1911} INFO - Created Permission View: can read on DAG Run:example_branch_operator
[2024-12-07T09:14:53.705+0000] {logging_mixin.py:190} INFO - [2024-12-07T09:14:53.704+0000] {dag.py:3239} INFO - Sync 1 DAGs
[2024-12-07T09:14:53.724+0000] {logging_mixin.py:190} INFO - [2024-12-07T09:14:53.724+0000] {dag.py:3262} INFO - Creating ORM DAG for example_branch_operator
[2024-12-07T09:14:53.751+0000] {logging_mixin.py:190} INFO - [2024-12-07T09:14:53.750+0000] {dag.py:4180} INFO - Setting next_dagrun for example_branch_operator to 2024-12-06 00:00:00+00:00, run_after=2024-12-07 00:00:00+00:00
[2024-12-07T09:14:53.781+0000] {processor.py:208} INFO - Processing /home/airflow/.local/lib/python3.12/site-packages/airflow/example_dags/example_branch_operator.py took 0.656 seconds
[2024-12-07T09:15:24.393+0000] {processor.py:186} INFO - Started process (PID=129) to work on /home/airflow/.local/lib/python3.12/site-packages/airflow/example_dags/example_branch_operator.py
[2024-12-07T09:15:24.394+0000] {processor.py:914} INFO - Processing file /home/airflow/.local/lib/python3.12/site-packages/airflow/example_dags/example_branch_operator.py for tasks to queue
[2024-12-07T09:15:24.395+0000] {logging_mixin.py:190} INFO - [2024-12-07T09:15:24.395+0000] {dagbag.py:588} INFO - Filling up the DagBag from /home/airflow/.local/lib/python3.12/site-packages/airflow/example_dags/example_branch_operator.py
[2024-12-07T09:15:24.412+0000] {processor.py:925} INFO - DAG(s) 'example_branch_operator' retrieved from /home/airflow/.local/lib/python3.12/site-packages/airflow/example_dags/example_branch_operator.py
[2024-12-07T09:15:24.440+0000] {logging_mixin.py:190} INFO - [2024-12-07T09:15:24.440+0000] {dag.py:3239} INFO - Sync 1 DAGs
[2024-12-07T09:15:24.469+0000] {logging_mixin.py:190} INFO - [2024-12-07T09:15:24.469+0000] {dag.py:4180} INFO - Setting next_dagrun for example_branch_operator to 2024-12-06 00:00:00+00:00, run_after=2024-12-07 00:00:00+00:00
[2024-12-07T09:15:24.487+0000] {processor.py:208} INFO - Processing /home/airflow/.local/lib/python3.12/site-packages/airflow/example_dags/example_branch_operator.py took 0.098 seconds
[2024-12-07T09:15:54.535+0000] {processor.py:186} INFO - Started process (PID=192) to work on /home/airflow/.local/lib/python3.12/site-packages/airflow/example_dags/example_branch_operator.py
[2024-12-07T09:15:54.536+0000] {processor.py:914} INFO - Processing file /home/airflow/.local/lib/python3.12/site-packages/airflow/example_dags/example_branch_operator.py for tasks to queue
[2024-12-07T09:15:54.538+0000] {logging_mixin.py:190} INFO - [2024-12-07T09:15:54.537+0000] {dagbag.py:588} INFO - Filling up the DagBag from /home/airflow/.local/lib/python3.12/site-packages/airflow/example_dags/example_branch_operator.py
[2024-12-07T09:15:54.552+0000] {processor.py:925} INFO - DAG(s) 'example_branch_operator' retrieved from /home/airflow/.local/lib/python3.12/site-packages/airflow/example_dags/example_branch_operator.py
[2024-12-07T09:15:54.574+0000] {logging_mixin.py:190} INFO - [2024-12-07T09:15:54.574+0000] {dag.py:3239} INFO - Sync 1 DAGs
[2024-12-07T09:15:54.595+0000] {logging_mixin.py:190} INFO - [2024-12-07T09:15:54.595+0000] {dag.py:4180} INFO - Setting next_dagrun for example_branch_operator to 2024-12-06 00:00:00+00:00, run_after=2024-12-07 00:00:00+00:00
[2024-12-07T09:15:54.609+0000] {processor.py:208} INFO - Processing /home/airflow/.local/lib/python3.12/site-packages/airflow/example_dags/example_branch_operator.py took 0.078 seconds
[2024-12-07T09:16:24.692+0000] {processor.py:186} INFO - Started process (PID=255) to work on /home/airflow/.local/lib/python3.12/site-packages/airflow/example_dags/example_branch_operator.py
[2024-12-07T09:16:24.693+0000] {processor.py:914} INFO - Processing file /home/airflow/.local/lib/python3.12/site-packages/airflow/example_dags/example_branch_operator.py for tasks to queue
[2024-12-07T09:16:24.695+0000] {logging_mixin.py:190} INFO - [2024-12-07T09:16:24.694+0000] {dagbag.py:588} INFO - Filling up the DagBag from /home/airflow/.local/lib/python3.12/site-packages/airflow/example_dags/example_branch_operator.py
[2024-12-07T09:16:24.716+0000] {processor.py:925} INFO - DAG(s) 'example_branch_operator' retrieved from /home/airflow/.local/lib/python3.12/site-packages/airflow/example_dags/example_branch_operator.py
[2024-12-07T09:16:24.749+0000] {logging_mixin.py:190} INFO - [2024-12-07T09:16:24.748+0000] {dag.py:3239} INFO - Sync 1 DAGs
[2024-12-07T09:16:24.778+0000] {logging_mixin.py:190} INFO - [2024-12-07T09:16:24.778+0000] {dag.py:4180} INFO - Setting next_dagrun for example_branch_operator to 2024-12-06 00:00:00+00:00, run_after=2024-12-07 00:00:00+00:00
[2024-12-07T09:16:24.795+0000] {processor.py:208} INFO - Processing /home/airflow/.local/lib/python3.12/site-packages/airflow/example_dags/example_branch_operator.py took 0.109 seconds
[2024-12-07T09:16:55.478+0000] {processor.py:186} INFO - Started process (PID=318) to work on /home/airflow/.local/lib/python3.12/site-packages/airflow/example_dags/example_branch_operator.py
[2024-12-07T09:16:55.479+0000] {processor.py:914} INFO - Processing file /home/airflow/.local/lib/python3.12/site-packages/airflow/example_dags/example_branch_operator.py for tasks to queue
[2024-12-07T09:16:55.480+0000] {logging_mixin.py:190} INFO - [2024-12-07T09:16:55.480+0000] {dagbag.py:588} INFO - Filling up the DagBag from /home/airflow/.local/lib/python3.12/site-packages/airflow/example_dags/example_branch_operator.py
[2024-12-07T09:16:55.494+0000] {processor.py:925} INFO - DAG(s) 'example_branch_operator' retrieved from /home/airflow/.local/lib/python3.12/site-packages/airflow/example_dags/example_branch_operator.py
[2024-12-07T09:16:55.515+0000] {logging_mixin.py:190} INFO - [2024-12-07T09:16:55.515+0000] {dag.py:3239} INFO - Sync 1 DAGs
[2024-12-07T09:16:55.537+0000] {logging_mixin.py:190} INFO - [2024-12-07T09:16:55.537+0000] {dag.py:4180} INFO - Setting next_dagrun for example_branch_operator to 2024-12-06 00:00:00+00:00, run_after=2024-12-07 00:00:00+00:00
[2024-12-07T09:16:55.551+0000] {processor.py:208} INFO - Processing /home/airflow/.local/lib/python3.12/site-packages/airflow/example_dags/example_branch_operator.py took 0.078 seconds
[2024-12-07T09:17:26.428+0000] {processor.py:186} INFO - Started process (PID=381) to work on /home/airflow/.local/lib/python3.12/site-packages/airflow/example_dags/example_branch_operator.py
[2024-12-07T09:17:26.428+0000] {processor.py:914} INFO - Processing file /home/airflow/.local/lib/python3.12/site-packages/airflow/example_dags/example_branch_operator.py for tasks to queue
[2024-12-07T09:17:26.430+0000] {logging_mixin.py:190} INFO - [2024-12-07T09:17:26.430+0000] {dagbag.py:588} INFO - Filling up the DagBag from /home/airflow/.local/lib/python3.12/site-packages/airflow/example_dags/example_branch_operator.py
[2024-12-07T09:17:26.444+0000] {processor.py:925} INFO - DAG(s) 'example_branch_operator' retrieved from /home/airflow/.local/lib/python3.12/site-packages/airflow/example_dags/example_branch_operator.py
[2024-12-07T09:17:26.473+0000] {logging_mixin.py:190} INFO - [2024-12-07T09:17:26.473+0000] {dag.py:3239} INFO - Sync 1 DAGs
[2024-12-07T09:17:26.497+0000] {logging_mixin.py:190} INFO - [2024-12-07T09:17:26.497+0000] {dag.py:4180} INFO - Setting next_dagrun for example_branch_operator to 2024-12-06 00:00:00+00:00, run_after=2024-12-07 00:00:00+00:00
[2024-12-07T09:17:26.512+0000] {processor.py:208} INFO - Processing /home/airflow/.local/lib/python3.12/site-packages/airflow/example_dags/example_branch_operator.py took 0.089 seconds
[2024-12-07T09:17:56.950+0000] {processor.py:186} INFO - Started process (PID=444) to work on /home/airflow/.local/lib/python3.12/site-packages/airflow/example_dags/example_branch_operator.py
[2024-12-07T09:17:56.950+0000] {processor.py:914} INFO - Processing file /home/airflow/.local/lib/python3.12/site-packages/airflow/example_dags/example_branch_operator.py for tasks to queue
[2024-12-07T09:17:56.952+0000] {logging_mixin.py:190} INFO - [2024-12-07T09:17:56.952+0000] {dagbag.py:588} INFO - Filling up the DagBag from /home/airflow/.local/lib/python3.12/site-packages/airflow/example_dags/example_branch_operator.py
[2024-12-07T09:17:56.965+0000] {processor.py:925} INFO - DAG(s) 'example_branch_operator' retrieved from /home/airflow/.local/lib/python3.12/site-packages/airflow/example_dags/example_branch_operator.py
[2024-12-07T09:17:56.995+0000] {logging_mixin.py:190} INFO - [2024-12-07T09:17:56.995+0000] {dag.py:3239} INFO - Sync 1 DAGs
[2024-12-07T09:17:57.016+0000] {logging_mixin.py:190} INFO - [2024-12-07T09:17:57.016+0000] {dag.py:4180} INFO - Setting next_dagrun for example_branch_operator to 2024-12-06 00:00:00+00:00, run_after=2024-12-07 00:00:00+00:00
[2024-12-07T09:17:57.030+0000] {processor.py:208} INFO - Processing /home/airflow/.local/lib/python3.12/site-packages/airflow/example_dags/example_branch_operator.py took 0.085 seconds
[2024-12-07T09:18:27.174+0000] {processor.py:186} INFO - Started process (PID=507) to work on /home/airflow/.local/lib/python3.12/site-packages/airflow/example_dags/example_branch_operator.py
[2024-12-07T09:18:27.175+0000] {processor.py:914} INFO - Processing file /home/airflow/.local/lib/python3.12/site-packages/airflow/example_dags/example_branch_operator.py for tasks to queue
[2024-12-07T09:18:27.177+0000] {logging_mixin.py:190} INFO - [2024-12-07T09:18:27.177+0000] {dagbag.py:588} INFO - Filling up the DagBag from /home/airflow/.local/lib/python3.12/site-packages/airflow/example_dags/example_branch_operator.py
[2024-12-07T09:18:27.195+0000] {processor.py:925} INFO - DAG(s) 'example_branch_operator' retrieved from /home/airflow/.local/lib/python3.12/site-packages/airflow/example_dags/example_branch_operator.py
[2024-12-07T09:18:27.225+0000] {logging_mixin.py:190} INFO - [2024-12-07T09:18:27.225+0000] {dag.py:3239} INFO - Sync 1 DAGs
[2024-12-07T09:18:27.248+0000] {logging_mixin.py:190} INFO - [2024-12-07T09:18:27.248+0000] {dag.py:4180} INFO - Setting next_dagrun for example_branch_operator to 2024-12-06 00:00:00+00:00, run_after=2024-12-07 00:00:00+00:00
[2024-12-07T09:18:27.263+0000] {processor.py:208} INFO - Processing /home/airflow/.local/lib/python3.12/site-packages/airflow/example_dags/example_branch_operator.py took 0.093 seconds
[2024-12-07T09:18:57.340+0000] {processor.py:186} INFO - Started process (PID=570) to work on /home/airflow/.local/lib/python3.12/site-packages/airflow/example_dags/example_branch_operator.py
[2024-12-07T09:18:57.340+0000] {processor.py:914} INFO - Processing file /home/airflow/.local/lib/python3.12/site-packages/airflow/example_dags/example_branch_operator.py for tasks to queue
[2024-12-07T09:18:57.342+0000] {logging_mixin.py:190} INFO - [2024-12-07T09:18:57.342+0000] {dagbag.py:588} INFO - Filling up the DagBag from /home/airflow/.local/lib/python3.12/site-packages/airflow/example_dags/example_branch_operator.py
[2024-12-07T09:18:57.361+0000] {processor.py:925} INFO - DAG(s) 'example_branch_operator' retrieved from /home/airflow/.local/lib/python3.12/site-packages/airflow/example_dags/example_branch_operator.py
[2024-12-07T09:18:57.386+0000] {logging_mixin.py:190} INFO - [2024-12-07T09:18:57.385+0000] {dag.py:3239} INFO - Sync 1 DAGs
[2024-12-07T09:18:57.406+0000] {logging_mixin.py:190} INFO - [2024-12-07T09:18:57.406+0000] {dag.py:4180} INFO - Setting next_dagrun for example_branch_operator to 2024-12-06 00:00:00+00:00, run_after=2024-12-07 00:00:00+00:00
[2024-12-07T09:18:57.419+0000] {processor.py:208} INFO - Processing /home/airflow/.local/lib/python3.12/site-packages/airflow/example_dags/example_branch_operator.py took 0.083 seconds
[2024-12-07T09:19:27.646+0000] {processor.py:186} INFO - Started process (PID=633) to work on /home/airflow/.local/lib/python3.12/site-packages/airflow/example_dags/example_branch_operator.py
[2024-12-07T09:19:27.646+0000] {processor.py:914} INFO - Processing file /home/airflow/.local/lib/python3.12/site-packages/airflow/example_dags/example_branch_operator.py for tasks to queue
[2024-12-07T09:19:27.649+0000] {logging_mixin.py:190} INFO - [2024-12-07T09:19:27.648+0000] {dagbag.py:588} INFO - Filling up the DagBag from /home/airflow/.local/lib/python3.12/site-packages/airflow/example_dags/example_branch_operator.py
[2024-12-07T09:19:27.671+0000] {processor.py:925} INFO - DAG(s) 'example_branch_operator' retrieved from /home/airflow/.local/lib/python3.12/site-packages/airflow/example_dags/example_branch_operator.py
[2024-12-07T09:19:27.698+0000] {logging_mixin.py:190} INFO - [2024-12-07T09:19:27.698+0000] {dag.py:3239} INFO - Sync 1 DAGs
[2024-12-07T09:19:27.720+0000] {logging_mixin.py:190} INFO - [2024-12-07T09:19:27.720+0000] {dag.py:4180} INFO - Setting next_dagrun for example_branch_operator to 2024-12-06 00:00:00+00:00, run_after=2024-12-07 00:00:00+00:00
[2024-12-07T09:19:27.736+0000] {processor.py:208} INFO - Processing /home/airflow/.local/lib/python3.12/site-packages/airflow/example_dags/example_branch_operator.py took 0.096 seconds
[2024-12-07T09:19:58.116+0000] {processor.py:186} INFO - Started process (PID=696) to work on /home/airflow/.local/lib/python3.12/site-packages/airflow/example_dags/example_branch_operator.py
[2024-12-07T09:19:58.117+0000] {processor.py:914} INFO - Processing file /home/airflow/.local/lib/python3.12/site-packages/airflow/example_dags/example_branch_operator.py for tasks to queue
[2024-12-07T09:19:58.118+0000] {logging_mixin.py:190} INFO - [2024-12-07T09:19:58.118+0000] {dagbag.py:588} INFO - Filling up the DagBag from /home/airflow/.local/lib/python3.12/site-packages/airflow/example_dags/example_branch_operator.py
[2024-12-07T09:19:58.134+0000] {processor.py:925} INFO - DAG(s) 'example_branch_operator' retrieved from /home/airflow/.local/lib/python3.12/site-packages/airflow/example_dags/example_branch_operator.py
[2024-12-07T09:19:58.157+0000] {logging_mixin.py:190} INFO - [2024-12-07T09:19:58.157+0000] {dag.py:3239} INFO - Sync 1 DAGs
[2024-12-07T09:19:58.177+0000] {logging_mixin.py:190} INFO - [2024-12-07T09:19:58.176+0000] {dag.py:4180} INFO - Setting next_dagrun for example_branch_operator to 2024-12-06 00:00:00+00:00, run_after=2024-12-07 00:00:00+00:00
[2024-12-07T09:19:58.191+0000] {processor.py:208} INFO - Processing /home/airflow/.local/lib/python3.12/site-packages/airflow/example_dags/example_branch_operator.py took 0.080 seconds
[2024-12-07T09:20:28.562+0000] {processor.py:186} INFO - Started process (PID=759) to work on /home/airflow/.local/lib/python3.12/site-packages/airflow/example_dags/example_branch_operator.py
[2024-12-07T09:20:28.563+0000] {processor.py:914} INFO - Processing file /home/airflow/.local/lib/python3.12/site-packages/airflow/example_dags/example_branch_operator.py for tasks to queue
[2024-12-07T09:20:28.565+0000] {logging_mixin.py:190} INFO - [2024-12-07T09:20:28.564+0000] {dagbag.py:588} INFO - Filling up the DagBag from /home/airflow/.local/lib/python3.12/site-packages/airflow/example_dags/example_branch_operator.py
[2024-12-07T09:20:28.578+0000] {processor.py:925} INFO - DAG(s) 'example_branch_operator' retrieved from /home/airflow/.local/lib/python3.12/site-packages/airflow/example_dags/example_branch_operator.py
[2024-12-07T09:20:28.608+0000] {logging_mixin.py:190} INFO - [2024-12-07T09:20:28.607+0000] {dag.py:3239} INFO - Sync 1 DAGs
[2024-12-07T09:20:28.629+0000] {logging_mixin.py:190} INFO - [2024-12-07T09:20:28.629+0000] {dag.py:4180} INFO - Setting next_dagrun for example_branch_operator to 2024-12-06 00:00:00+00:00, run_after=2024-12-07 00:00:00+00:00
[2024-12-07T09:20:28.643+0000] {processor.py:208} INFO - Processing /home/airflow/.local/lib/python3.12/site-packages/airflow/example_dags/example_branch_operator.py took 0.085 seconds
[2024-12-07T09:20:59.520+0000] {processor.py:186} INFO - Started process (PID=822) to work on /home/airflow/.local/lib/python3.12/site-packages/airflow/example_dags/example_branch_operator.py
[2024-12-07T09:20:59.521+0000] {processor.py:914} INFO - Processing file /home/airflow/.local/lib/python3.12/site-packages/airflow/example_dags/example_branch_operator.py for tasks to queue
[2024-12-07T09:20:59.523+0000] {logging_mixin.py:190} INFO - [2024-12-07T09:20:59.522+0000] {dagbag.py:588} INFO - Filling up the DagBag from /home/airflow/.local/lib/python3.12/site-packages/airflow/example_dags/example_branch_operator.py
[2024-12-07T09:20:59.537+0000] {processor.py:925} INFO - DAG(s) 'example_branch_operator' retrieved from /home/airflow/.local/lib/python3.12/site-packages/airflow/example_dags/example_branch_operator.py
[2024-12-07T09:20:59.559+0000] {logging_mixin.py:190} INFO - [2024-12-07T09:20:59.559+0000] {dag.py:3239} INFO - Sync 1 DAGs
[2024-12-07T09:20:59.578+0000] {logging_mixin.py:190} INFO - [2024-12-07T09:20:59.577+0000] {dag.py:4180} INFO - Setting next_dagrun for example_branch_operator to 2024-12-06 00:00:00+00:00, run_after=2024-12-07 00:00:00+00:00
[2024-12-07T09:20:59.590+0000] {processor.py:208} INFO - Processing /home/airflow/.local/lib/python3.12/site-packages/airflow/example_dags/example_branch_operator.py took 0.074 seconds
[2024-12-07T09:21:30.034+0000] {processor.py:186} INFO - Started process (PID=885) to work on /home/airflow/.local/lib/python3.12/site-packages/airflow/example_dags/example_branch_operator.py
[2024-12-07T09:21:30.035+0000] {processor.py:914} INFO - Processing file /home/airflow/.local/lib/python3.12/site-packages/airflow/example_dags/example_branch_operator.py for tasks to queue
[2024-12-07T09:21:30.036+0000] {logging_mixin.py:190} INFO - [2024-12-07T09:21:30.036+0000] {dagbag.py:588} INFO - Filling up the DagBag from /home/airflow/.local/lib/python3.12/site-packages/airflow/example_dags/example_branch_operator.py
[2024-12-07T09:21:30.050+0000] {processor.py:925} INFO - DAG(s) 'example_branch_operator' retrieved from /home/airflow/.local/lib/python3.12/site-packages/airflow/example_dags/example_branch_operator.py
[2024-12-07T09:21:30.072+0000] {logging_mixin.py:190} INFO - [2024-12-07T09:21:30.072+0000] {dag.py:3239} INFO - Sync 1 DAGs
[2024-12-07T09:21:30.093+0000] {logging_mixin.py:190} INFO - [2024-12-07T09:21:30.093+0000] {dag.py:4180} INFO - Setting next_dagrun for example_branch_operator to 2024-12-06 00:00:00+00:00, run_after=2024-12-07 00:00:00+00:00
[2024-12-07T09:21:30.108+0000] {processor.py:208} INFO - Processing /home/airflow/.local/lib/python3.12/site-packages/airflow/example_dags/example_branch_operator.py took 0.078 seconds
[2024-12-07T09:22:00.288+0000] {processor.py:186} INFO - Started process (PID=948) to work on /home/airflow/.local/lib/python3.12/site-packages/airflow/example_dags/example_branch_operator.py
[2024-12-07T09:22:00.289+0000] {processor.py:914} INFO - Processing file /home/airflow/.local/lib/python3.12/site-packages/airflow/example_dags/example_branch_operator.py for tasks to queue
[2024-12-07T09:22:00.291+0000] {logging_mixin.py:190} INFO - [2024-12-07T09:22:00.290+0000] {dagbag.py:588} INFO - Filling up the DagBag from /home/airflow/.local/lib/python3.12/site-packages/airflow/example_dags/example_branch_operator.py
[2024-12-07T09:22:00.305+0000] {processor.py:925} INFO - DAG(s) 'example_branch_operator' retrieved from /home/airflow/.local/lib/python3.12/site-packages/airflow/example_dags/example_branch_operator.py
[2024-12-07T09:22:00.327+0000] {logging_mixin.py:190} INFO - [2024-12-07T09:22:00.326+0000] {dag.py:3239} INFO - Sync 1 DAGs
[2024-12-07T09:22:00.346+0000] {logging_mixin.py:190} INFO - [2024-12-07T09:22:00.346+0000] {dag.py:4180} INFO - Setting next_dagrun for example_branch_operator to 2024-12-06 00:00:00+00:00, run_after=2024-12-07 00:00:00+00:00
[2024-12-07T09:22:00.361+0000] {processor.py:208} INFO - Processing /home/airflow/.local/lib/python3.12/site-packages/airflow/example_dags/example_branch_operator.py took 0.077 seconds
[2024-12-07T09:22:31.039+0000] {processor.py:186} INFO - Started process (PID=1011) to work on /home/airflow/.local/lib/python3.12/site-packages/airflow/example_dags/example_branch_operator.py
[2024-12-07T09:22:31.040+0000] {processor.py:914} INFO - Processing file /home/airflow/.local/lib/python3.12/site-packages/airflow/example_dags/example_branch_operator.py for tasks to queue
[2024-12-07T09:22:31.042+0000] {logging_mixin.py:190} INFO - [2024-12-07T09:22:31.042+0000] {dagbag.py:588} INFO - Filling up the DagBag from /home/airflow/.local/lib/python3.12/site-packages/airflow/example_dags/example_branch_operator.py
[2024-12-07T09:22:31.056+0000] {processor.py:925} INFO - DAG(s) 'example_branch_operator' retrieved from /home/airflow/.local/lib/python3.12/site-packages/airflow/example_dags/example_branch_operator.py
[2024-12-07T09:22:31.082+0000] {logging_mixin.py:190} INFO - [2024-12-07T09:22:31.081+0000] {dag.py:3239} INFO - Sync 1 DAGs
[2024-12-07T09:22:31.102+0000] {logging_mixin.py:190} INFO - [2024-12-07T09:22:31.102+0000] {dag.py:4180} INFO - Setting next_dagrun for example_branch_operator to 2024-12-06 00:00:00+00:00, run_after=2024-12-07 00:00:00+00:00
[2024-12-07T09:22:31.117+0000] {processor.py:208} INFO - Processing /home/airflow/.local/lib/python3.12/site-packages/airflow/example_dags/example_branch_operator.py took 0.083 seconds
[2024-12-07T09:23:01.782+0000] {processor.py:186} INFO - Started process (PID=1074) to work on /home/airflow/.local/lib/python3.12/site-packages/airflow/example_dags/example_branch_operator.py
[2024-12-07T09:23:01.783+0000] {processor.py:914} INFO - Processing file /home/airflow/.local/lib/python3.12/site-packages/airflow/example_dags/example_branch_operator.py for tasks to queue
[2024-12-07T09:23:01.785+0000] {logging_mixin.py:190} INFO - [2024-12-07T09:23:01.784+0000] {dagbag.py:588} INFO - Filling up the DagBag from /home/airflow/.local/lib/python3.12/site-packages/airflow/example_dags/example_branch_operator.py
[2024-12-07T09:23:01.821+0000] {processor.py:925} INFO - DAG(s) 'example_branch_operator' retrieved from /home/airflow/.local/lib/python3.12/site-packages/airflow/example_dags/example_branch_operator.py
[2024-12-07T09:23:01.854+0000] {logging_mixin.py:190} INFO - [2024-12-07T09:23:01.853+0000] {dag.py:3239} INFO - Sync 1 DAGs
[2024-12-07T09:23:01.884+0000] {logging_mixin.py:190} INFO - [2024-12-07T09:23:01.884+0000] {dag.py:4180} INFO - Setting next_dagrun for example_branch_operator to 2024-12-06 00:00:00+00:00, run_after=2024-12-07 00:00:00+00:00
[2024-12-07T09:23:01.901+0000] {processor.py:208} INFO - Processing /home/airflow/.local/lib/python3.12/site-packages/airflow/example_dags/example_branch_operator.py took 0.124 seconds
[2024-12-07T09:23:32.571+0000] {processor.py:186} INFO - Started process (PID=1138) to work on /home/airflow/.local/lib/python3.12/site-packages/airflow/example_dags/example_branch_operator.py
[2024-12-07T09:23:32.571+0000] {processor.py:914} INFO - Processing file /home/airflow/.local/lib/python3.12/site-packages/airflow/example_dags/example_branch_operator.py for tasks to queue
[2024-12-07T09:23:32.573+0000] {logging_mixin.py:190} INFO - [2024-12-07T09:23:32.573+0000] {dagbag.py:588} INFO - Filling up the DagBag from /home/airflow/.local/lib/python3.12/site-packages/airflow/example_dags/example_branch_operator.py
[2024-12-07T09:23:32.593+0000] {processor.py:925} INFO - DAG(s) 'example_branch_operator' retrieved from /home/airflow/.local/lib/python3.12/site-packages/airflow/example_dags/example_branch_operator.py
[2024-12-07T09:23:32.626+0000] {logging_mixin.py:190} INFO - [2024-12-07T09:23:32.626+0000] {dag.py:3239} INFO - Sync 1 DAGs
[2024-12-07T09:23:32.655+0000] {logging_mixin.py:190} INFO - [2024-12-07T09:23:32.654+0000] {dag.py:4180} INFO - Setting next_dagrun for example_branch_operator to 2024-12-06 00:00:00+00:00, run_after=2024-12-07 00:00:00+00:00
[2024-12-07T09:23:32.674+0000] {processor.py:208} INFO - Processing /home/airflow/.local/lib/python3.12/site-packages/airflow/example_dags/example_branch_operator.py took 0.107 seconds
[2024-12-07T09:24:03.439+0000] {processor.py:186} INFO - Started process (PID=1201) to work on /home/airflow/.local/lib/python3.12/site-packages/airflow/example_dags/example_branch_operator.py
[2024-12-07T09:24:03.440+0000] {processor.py:914} INFO - Processing file /home/airflow/.local/lib/python3.12/site-packages/airflow/example_dags/example_branch_operator.py for tasks to queue
[2024-12-07T09:24:03.442+0000] {logging_mixin.py:190} INFO - [2024-12-07T09:24:03.441+0000] {dagbag.py:588} INFO - Filling up the DagBag from /home/airflow/.local/lib/python3.12/site-packages/airflow/example_dags/example_branch_operator.py
[2024-12-07T09:24:03.456+0000] {processor.py:925} INFO - DAG(s) 'example_branch_operator' retrieved from /home/airflow/.local/lib/python3.12/site-packages/airflow/example_dags/example_branch_operator.py
[2024-12-07T09:24:03.478+0000] {logging_mixin.py:190} INFO - [2024-12-07T09:24:03.478+0000] {dag.py:3239} INFO - Sync 1 DAGs
[2024-12-07T09:24:03.499+0000] {logging_mixin.py:190} INFO - [2024-12-07T09:24:03.499+0000] {dag.py:4180} INFO - Setting next_dagrun for example_branch_operator to 2024-12-06 00:00:00+00:00, run_after=2024-12-07 00:00:00+00:00
[2024-12-07T09:24:03.512+0000] {processor.py:208} INFO - Processing /home/airflow/.local/lib/python3.12/site-packages/airflow/example_dags/example_branch_operator.py took 0.078 seconds
[2024-12-07T09:24:33.801+0000] {processor.py:186} INFO - Started process (PID=1264) to work on /home/airflow/.local/lib/python3.12/site-packages/airflow/example_dags/example_branch_operator.py
[2024-12-07T09:24:33.801+0000] {processor.py:914} INFO - Processing file /home/airflow/.local/lib/python3.12/site-packages/airflow/example_dags/example_branch_operator.py for tasks to queue
[2024-12-07T09:24:33.804+0000] {logging_mixin.py:190} INFO - [2024-12-07T09:24:33.803+0000] {dagbag.py:588} INFO - Filling up the DagBag from /home/airflow/.local/lib/python3.12/site-packages/airflow/example_dags/example_branch_operator.py
[2024-12-07T09:24:33.819+0000] {processor.py:925} INFO - DAG(s) 'example_branch_operator' retrieved from /home/airflow/.local/lib/python3.12/site-packages/airflow/example_dags/example_branch_operator.py
[2024-12-07T09:24:33.849+0000] {logging_mixin.py:190} INFO - [2024-12-07T09:24:33.849+0000] {dag.py:3239} INFO - Sync 1 DAGs
[2024-12-07T09:24:33.873+0000] {logging_mixin.py:190} INFO - [2024-12-07T09:24:33.872+0000] {dag.py:4180} INFO - Setting next_dagrun for example_branch_operator to 2024-12-06 00:00:00+00:00, run_after=2024-12-07 00:00:00+00:00
[2024-12-07T09:24:33.886+0000] {processor.py:208} INFO - Processing /home/airflow/.local/lib/python3.12/site-packages/airflow/example_dags/example_branch_operator.py took 0.091 seconds
[2024-12-07T09:25:04.198+0000] {processor.py:186} INFO - Started process (PID=1327) to work on /home/airflow/.local/lib/python3.12/site-packages/airflow/example_dags/example_branch_operator.py
[2024-12-07T09:25:04.199+0000] {processor.py:914} INFO - Processing file /home/airflow/.local/lib/python3.12/site-packages/airflow/example_dags/example_branch_operator.py for tasks to queue
[2024-12-07T09:25:04.201+0000] {logging_mixin.py:190} INFO - [2024-12-07T09:25:04.200+0000] {dagbag.py:588} INFO - Filling up the DagBag from /home/airflow/.local/lib/python3.12/site-packages/airflow/example_dags/example_branch_operator.py
[2024-12-07T09:25:04.214+0000] {processor.py:925} INFO - DAG(s) 'example_branch_operator' retrieved from /home/airflow/.local/lib/python3.12/site-packages/airflow/example_dags/example_branch_operator.py
[2024-12-07T09:25:04.236+0000] {logging_mixin.py:190} INFO - [2024-12-07T09:25:04.236+0000] {dag.py:3239} INFO - Sync 1 DAGs
[2024-12-07T09:25:04.254+0000] {logging_mixin.py:190} INFO - [2024-12-07T09:25:04.254+0000] {dag.py:4180} INFO - Setting next_dagrun for example_branch_operator to 2024-12-06 00:00:00+00:00, run_after=2024-12-07 00:00:00+00:00
[2024-12-07T09:25:04.267+0000] {processor.py:208} INFO - Processing /home/airflow/.local/lib/python3.12/site-packages/airflow/example_dags/example_branch_operator.py took 0.073 seconds
[2024-12-07T09:25:34.580+0000] {processor.py:186} INFO - Started process (PID=1390) to work on /home/airflow/.local/lib/python3.12/site-packages/airflow/example_dags/example_branch_operator.py
[2024-12-07T09:25:34.580+0000] {processor.py:914} INFO - Processing file /home/airflow/.local/lib/python3.12/site-packages/airflow/example_dags/example_branch_operator.py for tasks to queue
[2024-12-07T09:25:34.582+0000] {logging_mixin.py:190} INFO - [2024-12-07T09:25:34.582+0000] {dagbag.py:588} INFO - Filling up the DagBag from /home/airflow/.local/lib/python3.12/site-packages/airflow/example_dags/example_branch_operator.py
[2024-12-07T09:25:34.596+0000] {processor.py:925} INFO - DAG(s) 'example_branch_operator' retrieved from /home/airflow/.local/lib/python3.12/site-packages/airflow/example_dags/example_branch_operator.py
[2024-12-07T09:25:34.618+0000] {logging_mixin.py:190} INFO - [2024-12-07T09:25:34.618+0000] {dag.py:3239} INFO - Sync 1 DAGs
[2024-12-07T09:25:34.640+0000] {logging_mixin.py:190} INFO - [2024-12-07T09:25:34.640+0000] {dag.py:4180} INFO - Setting next_dagrun for example_branch_operator to 2024-12-06 00:00:00+00:00, run_after=2024-12-07 00:00:00+00:00
[2024-12-07T09:25:34.654+0000] {processor.py:208} INFO - Processing /home/airflow/.local/lib/python3.12/site-packages/airflow/example_dags/example_branch_operator.py took 0.079 seconds
[2024-12-07T09:26:04.802+0000] {processor.py:186} INFO - Started process (PID=1453) to work on /home/airflow/.local/lib/python3.12/site-packages/airflow/example_dags/example_branch_operator.py
[2024-12-07T09:26:04.803+0000] {processor.py:914} INFO - Processing file /home/airflow/.local/lib/python3.12/site-packages/airflow/example_dags/example_branch_operator.py for tasks to queue
[2024-12-07T09:26:04.805+0000] {logging_mixin.py:190} INFO - [2024-12-07T09:26:04.805+0000] {dagbag.py:588} INFO - Filling up the DagBag from /home/airflow/.local/lib/python3.12/site-packages/airflow/example_dags/example_branch_operator.py
[2024-12-07T09:26:04.819+0000] {processor.py:925} INFO - DAG(s) 'example_branch_operator' retrieved from /home/airflow/.local/lib/python3.12/site-packages/airflow/example_dags/example_branch_operator.py
[2024-12-07T09:26:04.840+0000] {logging_mixin.py:190} INFO - [2024-12-07T09:26:04.840+0000] {dag.py:3239} INFO - Sync 1 DAGs
[2024-12-07T09:26:04.859+0000] {logging_mixin.py:190} INFO - [2024-12-07T09:26:04.859+0000] {dag.py:4180} INFO - Setting next_dagrun for example_branch_operator to 2024-12-06 00:00:00+00:00, run_after=2024-12-07 00:00:00+00:00
[2024-12-07T09:26:04.872+0000] {processor.py:208} INFO - Processing /home/airflow/.local/lib/python3.12/site-packages/airflow/example_dags/example_branch_operator.py took 0.076 seconds
[2024-12-07T09:26:35.142+0000] {processor.py:186} INFO - Started process (PID=1516) to work on /home/airflow/.local/lib/python3.12/site-packages/airflow/example_dags/example_branch_operator.py
[2024-12-07T09:26:35.143+0000] {processor.py:914} INFO - Processing file /home/airflow/.local/lib/python3.12/site-packages/airflow/example_dags/example_branch_operator.py for tasks to queue
[2024-12-07T09:26:35.144+0000] {logging_mixin.py:190} INFO - [2024-12-07T09:26:35.144+0000] {dagbag.py:588} INFO - Filling up the DagBag from /home/airflow/.local/lib/python3.12/site-packages/airflow/example_dags/example_branch_operator.py
[2024-12-07T09:26:35.161+0000] {processor.py:925} INFO - DAG(s) 'example_branch_operator' retrieved from /home/airflow/.local/lib/python3.12/site-packages/airflow/example_dags/example_branch_operator.py
[2024-12-07T09:26:35.189+0000] {logging_mixin.py:190} INFO - [2024-12-07T09:26:35.189+0000] {dag.py:3239} INFO - Sync 1 DAGs
[2024-12-07T09:26:35.214+0000] {logging_mixin.py:190} INFO - [2024-12-07T09:26:35.213+0000] {dag.py:4180} INFO - Setting next_dagrun for example_branch_operator to 2024-12-06 00:00:00+00:00, run_after=2024-12-07 00:00:00+00:00
[2024-12-07T09:26:35.227+0000] {processor.py:208} INFO - Processing /home/airflow/.local/lib/python3.12/site-packages/airflow/example_dags/example_branch_operator.py took 0.090 seconds
[2024-12-07T09:27:05.404+0000] {processor.py:186} INFO - Started process (PID=1579) to work on /home/airflow/.local/lib/python3.12/site-packages/airflow/example_dags/example_branch_operator.py
[2024-12-07T09:27:05.404+0000] {processor.py:914} INFO - Processing file /home/airflow/.local/lib/python3.12/site-packages/airflow/example_dags/example_branch_operator.py for tasks to queue
[2024-12-07T09:27:05.406+0000] {logging_mixin.py:190} INFO - [2024-12-07T09:27:05.406+0000] {dagbag.py:588} INFO - Filling up the DagBag from /home/airflow/.local/lib/python3.12/site-packages/airflow/example_dags/example_branch_operator.py
[2024-12-07T09:27:05.420+0000] {processor.py:925} INFO - DAG(s) 'example_branch_operator' retrieved from /home/airflow/.local/lib/python3.12/site-packages/airflow/example_dags/example_branch_operator.py
[2024-12-07T09:27:05.450+0000] {logging_mixin.py:190} INFO - [2024-12-07T09:27:05.450+0000] {dag.py:3239} INFO - Sync 1 DAGs
[2024-12-07T09:27:05.473+0000] {logging_mixin.py:190} INFO - [2024-12-07T09:27:05.472+0000] {dag.py:4180} INFO - Setting next_dagrun for example_branch_operator to 2024-12-06 00:00:00+00:00, run_after=2024-12-07 00:00:00+00:00
[2024-12-07T09:27:05.486+0000] {processor.py:208} INFO - Processing /home/airflow/.local/lib/python3.12/site-packages/airflow/example_dags/example_branch_operator.py took 0.087 seconds
[2024-12-07T09:27:35.565+0000] {processor.py:186} INFO - Started process (PID=1642) to work on /home/airflow/.local/lib/python3.12/site-packages/airflow/example_dags/example_branch_operator.py
[2024-12-07T09:27:35.566+0000] {processor.py:914} INFO - Processing file /home/airflow/.local/lib/python3.12/site-packages/airflow/example_dags/example_branch_operator.py for tasks to queue
[2024-12-07T09:27:35.567+0000] {logging_mixin.py:190} INFO - [2024-12-07T09:27:35.567+0000] {dagbag.py:588} INFO - Filling up the DagBag from /home/airflow/.local/lib/python3.12/site-packages/airflow/example_dags/example_branch_operator.py
[2024-12-07T09:27:35.581+0000] {processor.py:925} INFO - DAG(s) 'example_branch_operator' retrieved from /home/airflow/.local/lib/python3.12/site-packages/airflow/example_dags/example_branch_operator.py
[2024-12-07T09:27:35.611+0000] {logging_mixin.py:190} INFO - [2024-12-07T09:27:35.611+0000] {dag.py:3239} INFO - Sync 1 DAGs
[2024-12-07T09:27:35.635+0000] {logging_mixin.py:190} INFO - [2024-12-07T09:27:35.635+0000] {dag.py:4180} INFO - Setting next_dagrun for example_branch_operator to 2024-12-06 00:00:00+00:00, run_after=2024-12-07 00:00:00+00:00
[2024-12-07T09:27:35.650+0000] {processor.py:208} INFO - Processing /home/airflow/.local/lib/python3.12/site-packages/airflow/example_dags/example_branch_operator.py took 0.089 seconds
