[2024-12-07T09:14:56.078+0000] {processor.py:186} INFO - Started process (PID=79) to work on /home/airflow/.local/lib/python3.12/site-packages/airflow/example_dags/example_params_trigger_ui.py
[2024-12-07T09:14:56.079+0000] {processor.py:914} INFO - Processing file /home/airflow/.local/lib/python3.12/site-packages/airflow/example_dags/example_params_trigger_ui.py for tasks to queue
[2024-12-07T09:14:56.087+0000] {logging_mixin.py:190} INFO - [2024-12-07T09:14:56.086+0000] {dagbag.py:588} INFO - Filling up the DagBag from /home/airflow/.local/lib/python3.12/site-packages/airflow/example_dags/example_params_trigger_ui.py
[2024-12-07T09:14:56.103+0000] {processor.py:925} INFO - DAG(s) 'example_params_trigger_ui' retrieved from /home/airflow/.local/lib/python3.12/site-packages/airflow/example_dags/example_params_trigger_ui.py
[2024-12-07T09:14:56.304+0000] {logging_mixin.py:190} INFO - [2024-12-07T09:14:56.304+0000] {override.py:1911} INFO - Created Permission View: can delete on DAG:example_params_trigger_ui
[2024-12-07T09:14:56.322+0000] {logging_mixin.py:190} INFO - [2024-12-07T09:14:56.321+0000] {override.py:1911} INFO - Created Permission View: can edit on DAG:example_params_trigger_ui
[2024-12-07T09:14:56.331+0000] {logging_mixin.py:190} INFO - [2024-12-07T09:14:56.331+0000] {override.py:1911} INFO - Created Permission View: can read on DAG:example_params_trigger_ui
[2024-12-07T09:14:56.355+0000] {logging_mixin.py:190} INFO - [2024-12-07T09:14:56.354+0000] {override.py:1911} INFO - Created Permission View: can delete on DAG Run:example_params_trigger_ui
[2024-12-07T09:14:56.360+0000] {logging_mixin.py:190} INFO - [2024-12-07T09:14:56.360+0000] {override.py:1911} INFO - Created Permission View: menu access on DAG Run:example_params_trigger_ui
[2024-12-07T09:14:56.366+0000] {logging_mixin.py:190} INFO - [2024-12-07T09:14:56.365+0000] {override.py:1911} INFO - Created Permission View: can create on DAG Run:example_params_trigger_ui
[2024-12-07T09:14:56.371+0000] {logging_mixin.py:190} INFO - [2024-12-07T09:14:56.370+0000] {override.py:1911} INFO - Created Permission View: can read on DAG Run:example_params_trigger_ui
[2024-12-07T09:14:56.371+0000] {logging_mixin.py:190} INFO - [2024-12-07T09:14:56.371+0000] {dag.py:3239} INFO - Sync 1 DAGs
[2024-12-07T09:14:56.385+0000] {logging_mixin.py:190} INFO - [2024-12-07T09:14:56.385+0000] {dag.py:3262} INFO - Creating ORM DAG for example_params_trigger_ui
[2024-12-07T09:14:56.386+0000] {logging_mixin.py:190} INFO - [2024-12-07T09:14:56.386+0000] {dag.py:4180} INFO - Setting next_dagrun for example_params_trigger_ui to None, run_after=None
[2024-12-07T09:14:56.402+0000] {processor.py:208} INFO - Processing /home/airflow/.local/lib/python3.12/site-packages/airflow/example_dags/example_params_trigger_ui.py took 0.329 seconds
[2024-12-07T09:15:27.088+0000] {processor.py:186} INFO - Started process (PID=142) to work on /home/airflow/.local/lib/python3.12/site-packages/airflow/example_dags/example_params_trigger_ui.py
[2024-12-07T09:15:27.090+0000] {processor.py:914} INFO - Processing file /home/airflow/.local/lib/python3.12/site-packages/airflow/example_dags/example_params_trigger_ui.py for tasks to queue
[2024-12-07T09:15:27.091+0000] {logging_mixin.py:190} INFO - [2024-12-07T09:15:27.091+0000] {dagbag.py:588} INFO - Filling up the DagBag from /home/airflow/.local/lib/python3.12/site-packages/airflow/example_dags/example_params_trigger_ui.py
[2024-12-07T09:15:27.100+0000] {processor.py:925} INFO - DAG(s) 'example_params_trigger_ui' retrieved from /home/airflow/.local/lib/python3.12/site-packages/airflow/example_dags/example_params_trigger_ui.py
[2024-12-07T09:15:27.133+0000] {logging_mixin.py:190} INFO - [2024-12-07T09:15:27.133+0000] {dag.py:3239} INFO - Sync 1 DAGs
[2024-12-07T09:15:27.144+0000] {logging_mixin.py:190} INFO - [2024-12-07T09:15:27.144+0000] {dag.py:4180} INFO - Setting next_dagrun for example_params_trigger_ui to None, run_after=None
[2024-12-07T09:15:27.157+0000] {processor.py:208} INFO - Processing /home/airflow/.local/lib/python3.12/site-packages/airflow/example_dags/example_params_trigger_ui.py took 0.073 seconds
[2024-12-07T09:15:58.169+0000] {processor.py:186} INFO - Started process (PID=205) to work on /home/airflow/.local/lib/python3.12/site-packages/airflow/example_dags/example_params_trigger_ui.py
[2024-12-07T09:15:58.170+0000] {processor.py:914} INFO - Processing file /home/airflow/.local/lib/python3.12/site-packages/airflow/example_dags/example_params_trigger_ui.py for tasks to queue
[2024-12-07T09:15:58.171+0000] {logging_mixin.py:190} INFO - [2024-12-07T09:15:58.171+0000] {dagbag.py:588} INFO - Filling up the DagBag from /home/airflow/.local/lib/python3.12/site-packages/airflow/example_dags/example_params_trigger_ui.py
[2024-12-07T09:15:58.180+0000] {processor.py:925} INFO - DAG(s) 'example_params_trigger_ui' retrieved from /home/airflow/.local/lib/python3.12/site-packages/airflow/example_dags/example_params_trigger_ui.py
[2024-12-07T09:15:58.227+0000] {logging_mixin.py:190} INFO - [2024-12-07T09:15:58.227+0000] {dag.py:3239} INFO - Sync 1 DAGs
[2024-12-07T09:15:58.243+0000] {logging_mixin.py:190} INFO - [2024-12-07T09:15:58.243+0000] {dag.py:4180} INFO - Setting next_dagrun for example_params_trigger_ui to None, run_after=None
[2024-12-07T09:15:58.258+0000] {processor.py:208} INFO - Processing /home/airflow/.local/lib/python3.12/site-packages/airflow/example_dags/example_params_trigger_ui.py took 0.093 seconds
[2024-12-07T09:16:28.371+0000] {processor.py:186} INFO - Started process (PID=269) to work on /home/airflow/.local/lib/python3.12/site-packages/airflow/example_dags/example_params_trigger_ui.py
[2024-12-07T09:16:28.371+0000] {processor.py:914} INFO - Processing file /home/airflow/.local/lib/python3.12/site-packages/airflow/example_dags/example_params_trigger_ui.py for tasks to queue
[2024-12-07T09:16:28.374+0000] {logging_mixin.py:190} INFO - [2024-12-07T09:16:28.373+0000] {dagbag.py:588} INFO - Filling up the DagBag from /home/airflow/.local/lib/python3.12/site-packages/airflow/example_dags/example_params_trigger_ui.py
[2024-12-07T09:16:28.386+0000] {processor.py:925} INFO - DAG(s) 'example_params_trigger_ui' retrieved from /home/airflow/.local/lib/python3.12/site-packages/airflow/example_dags/example_params_trigger_ui.py
[2024-12-07T09:16:28.439+0000] {logging_mixin.py:190} INFO - [2024-12-07T09:16:28.439+0000] {dag.py:3239} INFO - Sync 1 DAGs
[2024-12-07T09:16:28.456+0000] {logging_mixin.py:190} INFO - [2024-12-07T09:16:28.456+0000] {dag.py:4180} INFO - Setting next_dagrun for example_params_trigger_ui to None, run_after=None
[2024-12-07T09:16:28.471+0000] {processor.py:208} INFO - Processing /home/airflow/.local/lib/python3.12/site-packages/airflow/example_dags/example_params_trigger_ui.py took 0.107 seconds
[2024-12-07T09:16:59.115+0000] {processor.py:186} INFO - Started process (PID=331) to work on /home/airflow/.local/lib/python3.12/site-packages/airflow/example_dags/example_params_trigger_ui.py
[2024-12-07T09:16:59.116+0000] {processor.py:914} INFO - Processing file /home/airflow/.local/lib/python3.12/site-packages/airflow/example_dags/example_params_trigger_ui.py for tasks to queue
[2024-12-07T09:16:59.118+0000] {logging_mixin.py:190} INFO - [2024-12-07T09:16:59.117+0000] {dagbag.py:588} INFO - Filling up the DagBag from /home/airflow/.local/lib/python3.12/site-packages/airflow/example_dags/example_params_trigger_ui.py
[2024-12-07T09:16:59.126+0000] {processor.py:925} INFO - DAG(s) 'example_params_trigger_ui' retrieved from /home/airflow/.local/lib/python3.12/site-packages/airflow/example_dags/example_params_trigger_ui.py
[2024-12-07T09:16:59.176+0000] {logging_mixin.py:190} INFO - [2024-12-07T09:16:59.176+0000] {dag.py:3239} INFO - Sync 1 DAGs
[2024-12-07T09:16:59.192+0000] {logging_mixin.py:190} INFO - [2024-12-07T09:16:59.192+0000] {dag.py:4180} INFO - Setting next_dagrun for example_params_trigger_ui to None, run_after=None
[2024-12-07T09:16:59.208+0000] {processor.py:208} INFO - Processing /home/airflow/.local/lib/python3.12/site-packages/airflow/example_dags/example_params_trigger_ui.py took 0.097 seconds
[2024-12-07T09:17:29.961+0000] {processor.py:186} INFO - Started process (PID=394) to work on /home/airflow/.local/lib/python3.12/site-packages/airflow/example_dags/example_params_trigger_ui.py
[2024-12-07T09:17:29.962+0000] {processor.py:914} INFO - Processing file /home/airflow/.local/lib/python3.12/site-packages/airflow/example_dags/example_params_trigger_ui.py for tasks to queue
[2024-12-07T09:17:29.964+0000] {logging_mixin.py:190} INFO - [2024-12-07T09:17:29.963+0000] {dagbag.py:588} INFO - Filling up the DagBag from /home/airflow/.local/lib/python3.12/site-packages/airflow/example_dags/example_params_trigger_ui.py
[2024-12-07T09:17:29.972+0000] {processor.py:925} INFO - DAG(s) 'example_params_trigger_ui' retrieved from /home/airflow/.local/lib/python3.12/site-packages/airflow/example_dags/example_params_trigger_ui.py
[2024-12-07T09:17:30.021+0000] {logging_mixin.py:190} INFO - [2024-12-07T09:17:30.020+0000] {dag.py:3239} INFO - Sync 1 DAGs
[2024-12-07T09:17:30.032+0000] {logging_mixin.py:190} INFO - [2024-12-07T09:17:30.032+0000] {dag.py:4180} INFO - Setting next_dagrun for example_params_trigger_ui to None, run_after=None
[2024-12-07T09:17:30.046+0000] {processor.py:208} INFO - Processing /home/airflow/.local/lib/python3.12/site-packages/airflow/example_dags/example_params_trigger_ui.py took 0.090 seconds
[2024-12-07T09:18:00.511+0000] {processor.py:186} INFO - Started process (PID=457) to work on /home/airflow/.local/lib/python3.12/site-packages/airflow/example_dags/example_params_trigger_ui.py
[2024-12-07T09:18:00.512+0000] {processor.py:914} INFO - Processing file /home/airflow/.local/lib/python3.12/site-packages/airflow/example_dags/example_params_trigger_ui.py for tasks to queue
[2024-12-07T09:18:00.513+0000] {logging_mixin.py:190} INFO - [2024-12-07T09:18:00.513+0000] {dagbag.py:588} INFO - Filling up the DagBag from /home/airflow/.local/lib/python3.12/site-packages/airflow/example_dags/example_params_trigger_ui.py
[2024-12-07T09:18:00.522+0000] {processor.py:925} INFO - DAG(s) 'example_params_trigger_ui' retrieved from /home/airflow/.local/lib/python3.12/site-packages/airflow/example_dags/example_params_trigger_ui.py
[2024-12-07T09:18:00.555+0000] {logging_mixin.py:190} INFO - [2024-12-07T09:18:00.555+0000] {dag.py:3239} INFO - Sync 1 DAGs
[2024-12-07T09:18:00.567+0000] {logging_mixin.py:190} INFO - [2024-12-07T09:18:00.566+0000] {dag.py:4180} INFO - Setting next_dagrun for example_params_trigger_ui to None, run_after=None
[2024-12-07T09:18:00.579+0000] {processor.py:208} INFO - Processing /home/airflow/.local/lib/python3.12/site-packages/airflow/example_dags/example_params_trigger_ui.py took 0.072 seconds
[2024-12-07T09:18:30.719+0000] {processor.py:186} INFO - Started process (PID=520) to work on /home/airflow/.local/lib/python3.12/site-packages/airflow/example_dags/example_params_trigger_ui.py
[2024-12-07T09:18:30.719+0000] {processor.py:914} INFO - Processing file /home/airflow/.local/lib/python3.12/site-packages/airflow/example_dags/example_params_trigger_ui.py for tasks to queue
[2024-12-07T09:18:30.721+0000] {logging_mixin.py:190} INFO - [2024-12-07T09:18:30.721+0000] {dagbag.py:588} INFO - Filling up the DagBag from /home/airflow/.local/lib/python3.12/site-packages/airflow/example_dags/example_params_trigger_ui.py
[2024-12-07T09:18:30.730+0000] {processor.py:925} INFO - DAG(s) 'example_params_trigger_ui' retrieved from /home/airflow/.local/lib/python3.12/site-packages/airflow/example_dags/example_params_trigger_ui.py
[2024-12-07T09:18:30.764+0000] {logging_mixin.py:190} INFO - [2024-12-07T09:18:30.764+0000] {dag.py:3239} INFO - Sync 1 DAGs
[2024-12-07T09:18:30.775+0000] {logging_mixin.py:190} INFO - [2024-12-07T09:18:30.775+0000] {dag.py:4180} INFO - Setting next_dagrun for example_params_trigger_ui to None, run_after=None
[2024-12-07T09:18:30.788+0000] {processor.py:208} INFO - Processing /home/airflow/.local/lib/python3.12/site-packages/airflow/example_dags/example_params_trigger_ui.py took 0.074 seconds
[2024-12-07T09:19:00.893+0000] {processor.py:186} INFO - Started process (PID=583) to work on /home/airflow/.local/lib/python3.12/site-packages/airflow/example_dags/example_params_trigger_ui.py
[2024-12-07T09:19:00.894+0000] {processor.py:914} INFO - Processing file /home/airflow/.local/lib/python3.12/site-packages/airflow/example_dags/example_params_trigger_ui.py for tasks to queue
[2024-12-07T09:19:00.895+0000] {logging_mixin.py:190} INFO - [2024-12-07T09:19:00.895+0000] {dagbag.py:588} INFO - Filling up the DagBag from /home/airflow/.local/lib/python3.12/site-packages/airflow/example_dags/example_params_trigger_ui.py
[2024-12-07T09:19:00.904+0000] {processor.py:925} INFO - DAG(s) 'example_params_trigger_ui' retrieved from /home/airflow/.local/lib/python3.12/site-packages/airflow/example_dags/example_params_trigger_ui.py
[2024-12-07T09:19:00.937+0000] {logging_mixin.py:190} INFO - [2024-12-07T09:19:00.937+0000] {dag.py:3239} INFO - Sync 1 DAGs
[2024-12-07T09:19:00.947+0000] {logging_mixin.py:190} INFO - [2024-12-07T09:19:00.947+0000] {dag.py:4180} INFO - Setting next_dagrun for example_params_trigger_ui to None, run_after=None
[2024-12-07T09:19:00.960+0000] {processor.py:208} INFO - Processing /home/airflow/.local/lib/python3.12/site-packages/airflow/example_dags/example_params_trigger_ui.py took 0.071 seconds
[2024-12-07T09:19:31.300+0000] {processor.py:186} INFO - Started process (PID=646) to work on /home/airflow/.local/lib/python3.12/site-packages/airflow/example_dags/example_params_trigger_ui.py
[2024-12-07T09:19:31.301+0000] {processor.py:914} INFO - Processing file /home/airflow/.local/lib/python3.12/site-packages/airflow/example_dags/example_params_trigger_ui.py for tasks to queue
[2024-12-07T09:19:31.303+0000] {logging_mixin.py:190} INFO - [2024-12-07T09:19:31.302+0000] {dagbag.py:588} INFO - Filling up the DagBag from /home/airflow/.local/lib/python3.12/site-packages/airflow/example_dags/example_params_trigger_ui.py
[2024-12-07T09:19:31.312+0000] {processor.py:925} INFO - DAG(s) 'example_params_trigger_ui' retrieved from /home/airflow/.local/lib/python3.12/site-packages/airflow/example_dags/example_params_trigger_ui.py
[2024-12-07T09:19:31.347+0000] {logging_mixin.py:190} INFO - [2024-12-07T09:19:31.346+0000] {dag.py:3239} INFO - Sync 1 DAGs
[2024-12-07T09:19:31.358+0000] {logging_mixin.py:190} INFO - [2024-12-07T09:19:31.358+0000] {dag.py:4180} INFO - Setting next_dagrun for example_params_trigger_ui to None, run_after=None
[2024-12-07T09:19:31.371+0000] {processor.py:208} INFO - Processing /home/airflow/.local/lib/python3.12/site-packages/airflow/example_dags/example_params_trigger_ui.py took 0.076 seconds
[2024-12-07T09:20:01.715+0000] {processor.py:186} INFO - Started process (PID=709) to work on /home/airflow/.local/lib/python3.12/site-packages/airflow/example_dags/example_params_trigger_ui.py
[2024-12-07T09:20:01.716+0000] {processor.py:914} INFO - Processing file /home/airflow/.local/lib/python3.12/site-packages/airflow/example_dags/example_params_trigger_ui.py for tasks to queue
[2024-12-07T09:20:01.718+0000] {logging_mixin.py:190} INFO - [2024-12-07T09:20:01.717+0000] {dagbag.py:588} INFO - Filling up the DagBag from /home/airflow/.local/lib/python3.12/site-packages/airflow/example_dags/example_params_trigger_ui.py
[2024-12-07T09:20:01.726+0000] {processor.py:925} INFO - DAG(s) 'example_params_trigger_ui' retrieved from /home/airflow/.local/lib/python3.12/site-packages/airflow/example_dags/example_params_trigger_ui.py
[2024-12-07T09:20:01.759+0000] {logging_mixin.py:190} INFO - [2024-12-07T09:20:01.758+0000] {dag.py:3239} INFO - Sync 1 DAGs
[2024-12-07T09:20:01.769+0000] {logging_mixin.py:190} INFO - [2024-12-07T09:20:01.769+0000] {dag.py:4180} INFO - Setting next_dagrun for example_params_trigger_ui to None, run_after=None
[2024-12-07T09:20:01.782+0000] {processor.py:208} INFO - Processing /home/airflow/.local/lib/python3.12/site-packages/airflow/example_dags/example_params_trigger_ui.py took 0.071 seconds
[2024-12-07T09:20:32.151+0000] {processor.py:186} INFO - Started process (PID=772) to work on /home/airflow/.local/lib/python3.12/site-packages/airflow/example_dags/example_params_trigger_ui.py
[2024-12-07T09:20:32.152+0000] {processor.py:914} INFO - Processing file /home/airflow/.local/lib/python3.12/site-packages/airflow/example_dags/example_params_trigger_ui.py for tasks to queue
[2024-12-07T09:20:32.153+0000] {logging_mixin.py:190} INFO - [2024-12-07T09:20:32.153+0000] {dagbag.py:588} INFO - Filling up the DagBag from /home/airflow/.local/lib/python3.12/site-packages/airflow/example_dags/example_params_trigger_ui.py
[2024-12-07T09:20:32.162+0000] {processor.py:925} INFO - DAG(s) 'example_params_trigger_ui' retrieved from /home/airflow/.local/lib/python3.12/site-packages/airflow/example_dags/example_params_trigger_ui.py
[2024-12-07T09:20:32.196+0000] {logging_mixin.py:190} INFO - [2024-12-07T09:20:32.196+0000] {dag.py:3239} INFO - Sync 1 DAGs
[2024-12-07T09:20:32.208+0000] {logging_mixin.py:190} INFO - [2024-12-07T09:20:32.208+0000] {dag.py:4180} INFO - Setting next_dagrun for example_params_trigger_ui to None, run_after=None
[2024-12-07T09:20:32.221+0000] {processor.py:208} INFO - Processing /home/airflow/.local/lib/python3.12/site-packages/airflow/example_dags/example_params_trigger_ui.py took 0.074 seconds
[2024-12-07T09:21:03.121+0000] {processor.py:186} INFO - Started process (PID=835) to work on /home/airflow/.local/lib/python3.12/site-packages/airflow/example_dags/example_params_trigger_ui.py
[2024-12-07T09:21:03.122+0000] {processor.py:914} INFO - Processing file /home/airflow/.local/lib/python3.12/site-packages/airflow/example_dags/example_params_trigger_ui.py for tasks to queue
[2024-12-07T09:21:03.123+0000] {logging_mixin.py:190} INFO - [2024-12-07T09:21:03.123+0000] {dagbag.py:588} INFO - Filling up the DagBag from /home/airflow/.local/lib/python3.12/site-packages/airflow/example_dags/example_params_trigger_ui.py
[2024-12-07T09:21:03.132+0000] {processor.py:925} INFO - DAG(s) 'example_params_trigger_ui' retrieved from /home/airflow/.local/lib/python3.12/site-packages/airflow/example_dags/example_params_trigger_ui.py
[2024-12-07T09:21:03.172+0000] {logging_mixin.py:190} INFO - [2024-12-07T09:21:03.172+0000] {dag.py:3239} INFO - Sync 1 DAGs
[2024-12-07T09:21:03.184+0000] {logging_mixin.py:190} INFO - [2024-12-07T09:21:03.184+0000] {dag.py:4180} INFO - Setting next_dagrun for example_params_trigger_ui to None, run_after=None
[2024-12-07T09:21:03.197+0000] {processor.py:208} INFO - Processing /home/airflow/.local/lib/python3.12/site-packages/airflow/example_dags/example_params_trigger_ui.py took 0.081 seconds
[2024-12-07T09:21:33.536+0000] {processor.py:186} INFO - Started process (PID=898) to work on /home/airflow/.local/lib/python3.12/site-packages/airflow/example_dags/example_params_trigger_ui.py
[2024-12-07T09:21:33.537+0000] {processor.py:914} INFO - Processing file /home/airflow/.local/lib/python3.12/site-packages/airflow/example_dags/example_params_trigger_ui.py for tasks to queue
[2024-12-07T09:21:33.539+0000] {logging_mixin.py:190} INFO - [2024-12-07T09:21:33.538+0000] {dagbag.py:588} INFO - Filling up the DagBag from /home/airflow/.local/lib/python3.12/site-packages/airflow/example_dags/example_params_trigger_ui.py
[2024-12-07T09:21:33.547+0000] {processor.py:925} INFO - DAG(s) 'example_params_trigger_ui' retrieved from /home/airflow/.local/lib/python3.12/site-packages/airflow/example_dags/example_params_trigger_ui.py
[2024-12-07T09:21:33.580+0000] {logging_mixin.py:190} INFO - [2024-12-07T09:21:33.580+0000] {dag.py:3239} INFO - Sync 1 DAGs
[2024-12-07T09:21:33.596+0000] {logging_mixin.py:190} INFO - [2024-12-07T09:21:33.596+0000] {dag.py:4180} INFO - Setting next_dagrun for example_params_trigger_ui to None, run_after=None
[2024-12-07T09:21:33.612+0000] {processor.py:208} INFO - Processing /home/airflow/.local/lib/python3.12/site-packages/airflow/example_dags/example_params_trigger_ui.py took 0.080 seconds
[2024-12-07T09:22:03.898+0000] {processor.py:186} INFO - Started process (PID=961) to work on /home/airflow/.local/lib/python3.12/site-packages/airflow/example_dags/example_params_trigger_ui.py
[2024-12-07T09:22:03.899+0000] {processor.py:914} INFO - Processing file /home/airflow/.local/lib/python3.12/site-packages/airflow/example_dags/example_params_trigger_ui.py for tasks to queue
[2024-12-07T09:22:03.900+0000] {logging_mixin.py:190} INFO - [2024-12-07T09:22:03.900+0000] {dagbag.py:588} INFO - Filling up the DagBag from /home/airflow/.local/lib/python3.12/site-packages/airflow/example_dags/example_params_trigger_ui.py
[2024-12-07T09:22:03.909+0000] {processor.py:925} INFO - DAG(s) 'example_params_trigger_ui' retrieved from /home/airflow/.local/lib/python3.12/site-packages/airflow/example_dags/example_params_trigger_ui.py
[2024-12-07T09:22:03.957+0000] {logging_mixin.py:190} INFO - [2024-12-07T09:22:03.957+0000] {dag.py:3239} INFO - Sync 1 DAGs
[2024-12-07T09:22:03.971+0000] {logging_mixin.py:190} INFO - [2024-12-07T09:22:03.971+0000] {dag.py:4180} INFO - Setting next_dagrun for example_params_trigger_ui to None, run_after=None
[2024-12-07T09:22:03.985+0000] {processor.py:208} INFO - Processing /home/airflow/.local/lib/python3.12/site-packages/airflow/example_dags/example_params_trigger_ui.py took 0.091 seconds
[2024-12-07T09:22:34.629+0000] {processor.py:186} INFO - Started process (PID=1024) to work on /home/airflow/.local/lib/python3.12/site-packages/airflow/example_dags/example_params_trigger_ui.py
[2024-12-07T09:22:34.630+0000] {processor.py:914} INFO - Processing file /home/airflow/.local/lib/python3.12/site-packages/airflow/example_dags/example_params_trigger_ui.py for tasks to queue
[2024-12-07T09:22:34.631+0000] {logging_mixin.py:190} INFO - [2024-12-07T09:22:34.631+0000] {dagbag.py:588} INFO - Filling up the DagBag from /home/airflow/.local/lib/python3.12/site-packages/airflow/example_dags/example_params_trigger_ui.py
[2024-12-07T09:22:34.640+0000] {processor.py:925} INFO - DAG(s) 'example_params_trigger_ui' retrieved from /home/airflow/.local/lib/python3.12/site-packages/airflow/example_dags/example_params_trigger_ui.py
[2024-12-07T09:22:34.673+0000] {logging_mixin.py:190} INFO - [2024-12-07T09:22:34.673+0000] {dag.py:3239} INFO - Sync 1 DAGs
[2024-12-07T09:22:34.684+0000] {logging_mixin.py:190} INFO - [2024-12-07T09:22:34.684+0000] {dag.py:4180} INFO - Setting next_dagrun for example_params_trigger_ui to None, run_after=None
[2024-12-07T09:22:34.697+0000] {processor.py:208} INFO - Processing /home/airflow/.local/lib/python3.12/site-packages/airflow/example_dags/example_params_trigger_ui.py took 0.072 seconds
[2024-12-07T09:23:05.402+0000] {processor.py:186} INFO - Started process (PID=1087) to work on /home/airflow/.local/lib/python3.12/site-packages/airflow/example_dags/example_params_trigger_ui.py
[2024-12-07T09:23:05.403+0000] {processor.py:914} INFO - Processing file /home/airflow/.local/lib/python3.12/site-packages/airflow/example_dags/example_params_trigger_ui.py for tasks to queue
[2024-12-07T09:23:05.404+0000] {logging_mixin.py:190} INFO - [2024-12-07T09:23:05.404+0000] {dagbag.py:588} INFO - Filling up the DagBag from /home/airflow/.local/lib/python3.12/site-packages/airflow/example_dags/example_params_trigger_ui.py
[2024-12-07T09:23:05.413+0000] {processor.py:925} INFO - DAG(s) 'example_params_trigger_ui' retrieved from /home/airflow/.local/lib/python3.12/site-packages/airflow/example_dags/example_params_trigger_ui.py
[2024-12-07T09:23:05.447+0000] {logging_mixin.py:190} INFO - [2024-12-07T09:23:05.447+0000] {dag.py:3239} INFO - Sync 1 DAGs
[2024-12-07T09:23:05.459+0000] {logging_mixin.py:190} INFO - [2024-12-07T09:23:05.458+0000] {dag.py:4180} INFO - Setting next_dagrun for example_params_trigger_ui to None, run_after=None
[2024-12-07T09:23:05.471+0000] {processor.py:208} INFO - Processing /home/airflow/.local/lib/python3.12/site-packages/airflow/example_dags/example_params_trigger_ui.py took 0.073 seconds
[2024-12-07T09:23:36.223+0000] {processor.py:186} INFO - Started process (PID=1151) to work on /home/airflow/.local/lib/python3.12/site-packages/airflow/example_dags/example_params_trigger_ui.py
[2024-12-07T09:23:36.224+0000] {processor.py:914} INFO - Processing file /home/airflow/.local/lib/python3.12/site-packages/airflow/example_dags/example_params_trigger_ui.py for tasks to queue
[2024-12-07T09:23:36.225+0000] {logging_mixin.py:190} INFO - [2024-12-07T09:23:36.225+0000] {dagbag.py:588} INFO - Filling up the DagBag from /home/airflow/.local/lib/python3.12/site-packages/airflow/example_dags/example_params_trigger_ui.py
[2024-12-07T09:23:36.235+0000] {processor.py:925} INFO - DAG(s) 'example_params_trigger_ui' retrieved from /home/airflow/.local/lib/python3.12/site-packages/airflow/example_dags/example_params_trigger_ui.py
[2024-12-07T09:23:36.270+0000] {logging_mixin.py:190} INFO - [2024-12-07T09:23:36.270+0000] {dag.py:3239} INFO - Sync 1 DAGs
[2024-12-07T09:23:36.282+0000] {logging_mixin.py:190} INFO - [2024-12-07T09:23:36.282+0000] {dag.py:4180} INFO - Setting next_dagrun for example_params_trigger_ui to None, run_after=None
[2024-12-07T09:23:36.297+0000] {processor.py:208} INFO - Processing /home/airflow/.local/lib/python3.12/site-packages/airflow/example_dags/example_params_trigger_ui.py took 0.079 seconds
[2024-12-07T09:24:07.159+0000] {processor.py:186} INFO - Started process (PID=1214) to work on /home/airflow/.local/lib/python3.12/site-packages/airflow/example_dags/example_params_trigger_ui.py
[2024-12-07T09:24:07.159+0000] {processor.py:914} INFO - Processing file /home/airflow/.local/lib/python3.12/site-packages/airflow/example_dags/example_params_trigger_ui.py for tasks to queue
[2024-12-07T09:24:07.161+0000] {logging_mixin.py:190} INFO - [2024-12-07T09:24:07.161+0000] {dagbag.py:588} INFO - Filling up the DagBag from /home/airflow/.local/lib/python3.12/site-packages/airflow/example_dags/example_params_trigger_ui.py
[2024-12-07T09:24:07.170+0000] {processor.py:925} INFO - DAG(s) 'example_params_trigger_ui' retrieved from /home/airflow/.local/lib/python3.12/site-packages/airflow/example_dags/example_params_trigger_ui.py
[2024-12-07T09:24:07.209+0000] {logging_mixin.py:190} INFO - [2024-12-07T09:24:07.208+0000] {dag.py:3239} INFO - Sync 1 DAGs
[2024-12-07T09:24:07.221+0000] {logging_mixin.py:190} INFO - [2024-12-07T09:24:07.221+0000] {dag.py:4180} INFO - Setting next_dagrun for example_params_trigger_ui to None, run_after=None
[2024-12-07T09:24:07.236+0000] {processor.py:208} INFO - Processing /home/airflow/.local/lib/python3.12/site-packages/airflow/example_dags/example_params_trigger_ui.py took 0.082 seconds
[2024-12-07T09:24:37.422+0000] {processor.py:186} INFO - Started process (PID=1277) to work on /home/airflow/.local/lib/python3.12/site-packages/airflow/example_dags/example_params_trigger_ui.py
[2024-12-07T09:24:37.422+0000] {processor.py:914} INFO - Processing file /home/airflow/.local/lib/python3.12/site-packages/airflow/example_dags/example_params_trigger_ui.py for tasks to queue
[2024-12-07T09:24:37.424+0000] {logging_mixin.py:190} INFO - [2024-12-07T09:24:37.424+0000] {dagbag.py:588} INFO - Filling up the DagBag from /home/airflow/.local/lib/python3.12/site-packages/airflow/example_dags/example_params_trigger_ui.py
[2024-12-07T09:24:37.433+0000] {processor.py:925} INFO - DAG(s) 'example_params_trigger_ui' retrieved from /home/airflow/.local/lib/python3.12/site-packages/airflow/example_dags/example_params_trigger_ui.py
[2024-12-07T09:24:37.480+0000] {logging_mixin.py:190} INFO - [2024-12-07T09:24:37.479+0000] {dag.py:3239} INFO - Sync 1 DAGs
[2024-12-07T09:24:37.495+0000] {logging_mixin.py:190} INFO - [2024-12-07T09:24:37.495+0000] {dag.py:4180} INFO - Setting next_dagrun for example_params_trigger_ui to None, run_after=None
[2024-12-07T09:24:37.510+0000] {processor.py:208} INFO - Processing /home/airflow/.local/lib/python3.12/site-packages/airflow/example_dags/example_params_trigger_ui.py took 0.094 seconds
[2024-12-07T09:25:07.775+0000] {processor.py:186} INFO - Started process (PID=1340) to work on /home/airflow/.local/lib/python3.12/site-packages/airflow/example_dags/example_params_trigger_ui.py
[2024-12-07T09:25:07.776+0000] {processor.py:914} INFO - Processing file /home/airflow/.local/lib/python3.12/site-packages/airflow/example_dags/example_params_trigger_ui.py for tasks to queue
[2024-12-07T09:25:07.778+0000] {logging_mixin.py:190} INFO - [2024-12-07T09:25:07.777+0000] {dagbag.py:588} INFO - Filling up the DagBag from /home/airflow/.local/lib/python3.12/site-packages/airflow/example_dags/example_params_trigger_ui.py
[2024-12-07T09:25:07.786+0000] {processor.py:925} INFO - DAG(s) 'example_params_trigger_ui' retrieved from /home/airflow/.local/lib/python3.12/site-packages/airflow/example_dags/example_params_trigger_ui.py
[2024-12-07T09:25:07.820+0000] {logging_mixin.py:190} INFO - [2024-12-07T09:25:07.819+0000] {dag.py:3239} INFO - Sync 1 DAGs
[2024-12-07T09:25:07.831+0000] {logging_mixin.py:190} INFO - [2024-12-07T09:25:07.831+0000] {dag.py:4180} INFO - Setting next_dagrun for example_params_trigger_ui to None, run_after=None
[2024-12-07T09:25:07.843+0000] {processor.py:208} INFO - Processing /home/airflow/.local/lib/python3.12/site-packages/airflow/example_dags/example_params_trigger_ui.py took 0.072 seconds
[2024-12-07T09:25:38.066+0000] {processor.py:186} INFO - Started process (PID=1403) to work on /home/airflow/.local/lib/python3.12/site-packages/airflow/example_dags/example_params_trigger_ui.py
[2024-12-07T09:25:38.067+0000] {processor.py:914} INFO - Processing file /home/airflow/.local/lib/python3.12/site-packages/airflow/example_dags/example_params_trigger_ui.py for tasks to queue
[2024-12-07T09:25:38.068+0000] {logging_mixin.py:190} INFO - [2024-12-07T09:25:38.068+0000] {dagbag.py:588} INFO - Filling up the DagBag from /home/airflow/.local/lib/python3.12/site-packages/airflow/example_dags/example_params_trigger_ui.py
[2024-12-07T09:25:38.077+0000] {processor.py:925} INFO - DAG(s) 'example_params_trigger_ui' retrieved from /home/airflow/.local/lib/python3.12/site-packages/airflow/example_dags/example_params_trigger_ui.py
[2024-12-07T09:25:38.111+0000] {logging_mixin.py:190} INFO - [2024-12-07T09:25:38.111+0000] {dag.py:3239} INFO - Sync 1 DAGs
[2024-12-07T09:25:38.123+0000] {logging_mixin.py:190} INFO - [2024-12-07T09:25:38.123+0000] {dag.py:4180} INFO - Setting next_dagrun for example_params_trigger_ui to None, run_after=None
[2024-12-07T09:25:38.140+0000] {processor.py:208} INFO - Processing /home/airflow/.local/lib/python3.12/site-packages/airflow/example_dags/example_params_trigger_ui.py took 0.078 seconds
[2024-12-07T09:26:08.350+0000] {processor.py:186} INFO - Started process (PID=1466) to work on /home/airflow/.local/lib/python3.12/site-packages/airflow/example_dags/example_params_trigger_ui.py
[2024-12-07T09:26:08.351+0000] {processor.py:914} INFO - Processing file /home/airflow/.local/lib/python3.12/site-packages/airflow/example_dags/example_params_trigger_ui.py for tasks to queue
[2024-12-07T09:26:08.353+0000] {logging_mixin.py:190} INFO - [2024-12-07T09:26:08.352+0000] {dagbag.py:588} INFO - Filling up the DagBag from /home/airflow/.local/lib/python3.12/site-packages/airflow/example_dags/example_params_trigger_ui.py
[2024-12-07T09:26:08.361+0000] {processor.py:925} INFO - DAG(s) 'example_params_trigger_ui' retrieved from /home/airflow/.local/lib/python3.12/site-packages/airflow/example_dags/example_params_trigger_ui.py
[2024-12-07T09:26:08.403+0000] {logging_mixin.py:190} INFO - [2024-12-07T09:26:08.402+0000] {dag.py:3239} INFO - Sync 1 DAGs
[2024-12-07T09:26:08.415+0000] {logging_mixin.py:190} INFO - [2024-12-07T09:26:08.415+0000] {dag.py:4180} INFO - Setting next_dagrun for example_params_trigger_ui to None, run_after=None
[2024-12-07T09:26:08.430+0000] {processor.py:208} INFO - Processing /home/airflow/.local/lib/python3.12/site-packages/airflow/example_dags/example_params_trigger_ui.py took 0.085 seconds
[2024-12-07T09:26:38.646+0000] {processor.py:186} INFO - Started process (PID=1529) to work on /home/airflow/.local/lib/python3.12/site-packages/airflow/example_dags/example_params_trigger_ui.py
[2024-12-07T09:26:38.647+0000] {processor.py:914} INFO - Processing file /home/airflow/.local/lib/python3.12/site-packages/airflow/example_dags/example_params_trigger_ui.py for tasks to queue
[2024-12-07T09:26:38.648+0000] {logging_mixin.py:190} INFO - [2024-12-07T09:26:38.648+0000] {dagbag.py:588} INFO - Filling up the DagBag from /home/airflow/.local/lib/python3.12/site-packages/airflow/example_dags/example_params_trigger_ui.py
[2024-12-07T09:26:38.657+0000] {processor.py:925} INFO - DAG(s) 'example_params_trigger_ui' retrieved from /home/airflow/.local/lib/python3.12/site-packages/airflow/example_dags/example_params_trigger_ui.py
[2024-12-07T09:26:38.691+0000] {logging_mixin.py:190} INFO - [2024-12-07T09:26:38.690+0000] {dag.py:3239} INFO - Sync 1 DAGs
[2024-12-07T09:26:38.702+0000] {logging_mixin.py:190} INFO - [2024-12-07T09:26:38.701+0000] {dag.py:4180} INFO - Setting next_dagrun for example_params_trigger_ui to None, run_after=None
[2024-12-07T09:26:38.714+0000] {processor.py:208} INFO - Processing /home/airflow/.local/lib/python3.12/site-packages/airflow/example_dags/example_params_trigger_ui.py took 0.072 seconds
[2024-12-07T09:27:08.895+0000] {processor.py:186} INFO - Started process (PID=1592) to work on /home/airflow/.local/lib/python3.12/site-packages/airflow/example_dags/example_params_trigger_ui.py
[2024-12-07T09:27:08.895+0000] {processor.py:914} INFO - Processing file /home/airflow/.local/lib/python3.12/site-packages/airflow/example_dags/example_params_trigger_ui.py for tasks to queue
[2024-12-07T09:27:08.897+0000] {logging_mixin.py:190} INFO - [2024-12-07T09:27:08.897+0000] {dagbag.py:588} INFO - Filling up the DagBag from /home/airflow/.local/lib/python3.12/site-packages/airflow/example_dags/example_params_trigger_ui.py
[2024-12-07T09:27:08.905+0000] {processor.py:925} INFO - DAG(s) 'example_params_trigger_ui' retrieved from /home/airflow/.local/lib/python3.12/site-packages/airflow/example_dags/example_params_trigger_ui.py
[2024-12-07T09:27:08.939+0000] {logging_mixin.py:190} INFO - [2024-12-07T09:27:08.939+0000] {dag.py:3239} INFO - Sync 1 DAGs
[2024-12-07T09:27:08.950+0000] {logging_mixin.py:190} INFO - [2024-12-07T09:27:08.950+0000] {dag.py:4180} INFO - Setting next_dagrun for example_params_trigger_ui to None, run_after=None
[2024-12-07T09:27:08.962+0000] {processor.py:208} INFO - Processing /home/airflow/.local/lib/python3.12/site-packages/airflow/example_dags/example_params_trigger_ui.py took 0.072 seconds
[2024-12-07T09:27:39.093+0000] {processor.py:186} INFO - Started process (PID=1655) to work on /home/airflow/.local/lib/python3.12/site-packages/airflow/example_dags/example_params_trigger_ui.py
[2024-12-07T09:27:39.094+0000] {processor.py:914} INFO - Processing file /home/airflow/.local/lib/python3.12/site-packages/airflow/example_dags/example_params_trigger_ui.py for tasks to queue
[2024-12-07T09:27:39.095+0000] {logging_mixin.py:190} INFO - [2024-12-07T09:27:39.095+0000] {dagbag.py:588} INFO - Filling up the DagBag from /home/airflow/.local/lib/python3.12/site-packages/airflow/example_dags/example_params_trigger_ui.py
[2024-12-07T09:27:39.104+0000] {processor.py:925} INFO - DAG(s) 'example_params_trigger_ui' retrieved from /home/airflow/.local/lib/python3.12/site-packages/airflow/example_dags/example_params_trigger_ui.py
[2024-12-07T09:27:39.137+0000] {logging_mixin.py:190} INFO - [2024-12-07T09:27:39.137+0000] {dag.py:3239} INFO - Sync 1 DAGs
[2024-12-07T09:27:39.149+0000] {logging_mixin.py:190} INFO - [2024-12-07T09:27:39.148+0000] {dag.py:4180} INFO - Setting next_dagrun for example_params_trigger_ui to None, run_after=None
[2024-12-07T09:27:39.161+0000] {processor.py:208} INFO - Processing /home/airflow/.local/lib/python3.12/site-packages/airflow/example_dags/example_params_trigger_ui.py took 0.072 seconds
