[2024-12-07T09:15:01.521+0000] {processor.py:186} INFO - Started process (PID=105) to work on /home/airflow/.local/lib/python3.12/site-packages/airflow/example_dags/example_dataset_alias_with_no_taskflow.py
[2024-12-07T09:15:01.521+0000] {processor.py:914} INFO - Processing file /home/airflow/.local/lib/python3.12/site-packages/airflow/example_dags/example_dataset_alias_with_no_taskflow.py for tasks to queue
[2024-12-07T09:15:01.523+0000] {logging_mixin.py:190} INFO - [2024-12-07T09:15:01.523+0000] {dagbag.py:588} INFO - Filling up the DagBag from /home/airflow/.local/lib/python3.12/site-packages/airflow/example_dags/example_dataset_alias_with_no_taskflow.py
[2024-12-07T09:15:02.246+0000] {processor.py:925} INFO - DAG(s) 'dataset_s3_bucket_producer_with_no_taskflow', 'dataset_alias_example_alias_consumer_with_no_taskflow', 'dataset_s3_bucket_consumer_with_no_taskflow', 'dataset_alias_example_alias_producer_with_no_taskflow' retrieved from /home/airflow/.local/lib/python3.12/site-packages/airflow/example_dags/example_dataset_alias_with_no_taskflow.py
[2024-12-07T09:15:02.469+0000] {logging_mixin.py:190} INFO - [2024-12-07T09:15:02.468+0000] {override.py:1911} INFO - Created Permission View: can delete on DAG:dataset_s3_bucket_producer_with_no_taskflow
[2024-12-07T09:15:02.692+0000] {logging_mixin.py:190} INFO - [2024-12-07T09:15:02.691+0000] {override.py:1911} INFO - Created Permission View: can edit on DAG:dataset_s3_bucket_producer_with_no_taskflow
[2024-12-07T09:15:02.721+0000] {logging_mixin.py:190} INFO - [2024-12-07T09:15:02.721+0000] {override.py:1911} INFO - Created Permission View: can read on DAG:dataset_s3_bucket_producer_with_no_taskflow
[2024-12-07T09:15:02.773+0000] {logging_mixin.py:190} INFO - [2024-12-07T09:15:02.773+0000] {override.py:1911} INFO - Created Permission View: can delete on DAG Run:dataset_s3_bucket_producer_with_no_taskflow
[2024-12-07T09:15:02.833+0000] {logging_mixin.py:190} INFO - [2024-12-07T09:15:02.833+0000] {override.py:1911} INFO - Created Permission View: menu access on DAG Run:dataset_s3_bucket_producer_with_no_taskflow
[2024-12-07T09:15:02.840+0000] {logging_mixin.py:190} INFO - [2024-12-07T09:15:02.839+0000] {override.py:1911} INFO - Created Permission View: can create on DAG Run:dataset_s3_bucket_producer_with_no_taskflow
[2024-12-07T09:15:02.846+0000] {logging_mixin.py:190} INFO - [2024-12-07T09:15:02.846+0000] {override.py:1911} INFO - Created Permission View: can read on DAG Run:dataset_s3_bucket_producer_with_no_taskflow
[2024-12-07T09:15:02.859+0000] {logging_mixin.py:190} INFO - [2024-12-07T09:15:02.859+0000] {override.py:1911} INFO - Created Permission View: can delete on DAG:dataset_alias_example_alias_consumer_with_no_taskflow
[2024-12-07T09:15:02.864+0000] {logging_mixin.py:190} INFO - [2024-12-07T09:15:02.864+0000] {override.py:1911} INFO - Created Permission View: can edit on DAG:dataset_alias_example_alias_consumer_with_no_taskflow
[2024-12-07T09:15:02.869+0000] {logging_mixin.py:190} INFO - [2024-12-07T09:15:02.869+0000] {override.py:1911} INFO - Created Permission View: can read on DAG:dataset_alias_example_alias_consumer_with_no_taskflow
[2024-12-07T09:15:02.874+0000] {logging_mixin.py:190} INFO - [2024-12-07T09:15:02.874+0000] {override.py:1911} INFO - Created Permission View: can delete on DAG Run:dataset_alias_example_alias_consumer_with_no_taskflow
[2024-12-07T09:15:02.881+0000] {logging_mixin.py:190} INFO - [2024-12-07T09:15:02.880+0000] {override.py:1911} INFO - Created Permission View: menu access on DAG Run:dataset_alias_example_alias_consumer_with_no_taskflow
[2024-12-07T09:15:02.886+0000] {logging_mixin.py:190} INFO - [2024-12-07T09:15:02.886+0000] {override.py:1911} INFO - Created Permission View: can create on DAG Run:dataset_alias_example_alias_consumer_with_no_taskflow
[2024-12-07T09:15:02.892+0000] {logging_mixin.py:190} INFO - [2024-12-07T09:15:02.891+0000] {override.py:1911} INFO - Created Permission View: can read on DAG Run:dataset_alias_example_alias_consumer_with_no_taskflow
[2024-12-07T09:15:02.900+0000] {logging_mixin.py:190} INFO - [2024-12-07T09:15:02.900+0000] {override.py:1911} INFO - Created Permission View: can delete on DAG:dataset_s3_bucket_consumer_with_no_taskflow
[2024-12-07T09:15:02.905+0000] {logging_mixin.py:190} INFO - [2024-12-07T09:15:02.905+0000] {override.py:1911} INFO - Created Permission View: can edit on DAG:dataset_s3_bucket_consumer_with_no_taskflow
[2024-12-07T09:15:02.911+0000] {logging_mixin.py:190} INFO - [2024-12-07T09:15:02.911+0000] {override.py:1911} INFO - Created Permission View: can read on DAG:dataset_s3_bucket_consumer_with_no_taskflow
[2024-12-07T09:15:02.916+0000] {logging_mixin.py:190} INFO - [2024-12-07T09:15:02.916+0000] {override.py:1911} INFO - Created Permission View: can delete on DAG Run:dataset_s3_bucket_consumer_with_no_taskflow
[2024-12-07T09:15:02.920+0000] {logging_mixin.py:190} INFO - [2024-12-07T09:15:02.920+0000] {override.py:1911} INFO - Created Permission View: menu access on DAG Run:dataset_s3_bucket_consumer_with_no_taskflow
[2024-12-07T09:15:02.925+0000] {logging_mixin.py:190} INFO - [2024-12-07T09:15:02.925+0000] {override.py:1911} INFO - Created Permission View: can create on DAG Run:dataset_s3_bucket_consumer_with_no_taskflow
[2024-12-07T09:15:02.931+0000] {logging_mixin.py:190} INFO - [2024-12-07T09:15:02.931+0000] {override.py:1911} INFO - Created Permission View: can read on DAG Run:dataset_s3_bucket_consumer_with_no_taskflow
[2024-12-07T09:15:02.945+0000] {logging_mixin.py:190} INFO - [2024-12-07T09:15:02.944+0000] {override.py:1911} INFO - Created Permission View: can delete on DAG:dataset_alias_example_alias_producer_with_no_taskflow
[2024-12-07T09:15:02.950+0000] {logging_mixin.py:190} INFO - [2024-12-07T09:15:02.950+0000] {override.py:1911} INFO - Created Permission View: can edit on DAG:dataset_alias_example_alias_producer_with_no_taskflow
[2024-12-07T09:15:02.955+0000] {logging_mixin.py:190} INFO - [2024-12-07T09:15:02.955+0000] {override.py:1911} INFO - Created Permission View: can read on DAG:dataset_alias_example_alias_producer_with_no_taskflow
[2024-12-07T09:15:02.961+0000] {logging_mixin.py:190} INFO - [2024-12-07T09:15:02.961+0000] {override.py:1911} INFO - Created Permission View: can delete on DAG Run:dataset_alias_example_alias_producer_with_no_taskflow
[2024-12-07T09:15:02.966+0000] {logging_mixin.py:190} INFO - [2024-12-07T09:15:02.966+0000] {override.py:1911} INFO - Created Permission View: menu access on DAG Run:dataset_alias_example_alias_producer_with_no_taskflow
[2024-12-07T09:15:02.971+0000] {logging_mixin.py:190} INFO - [2024-12-07T09:15:02.970+0000] {override.py:1911} INFO - Created Permission View: can create on DAG Run:dataset_alias_example_alias_producer_with_no_taskflow
[2024-12-07T09:15:02.975+0000] {logging_mixin.py:190} INFO - [2024-12-07T09:15:02.975+0000] {override.py:1911} INFO - Created Permission View: can read on DAG Run:dataset_alias_example_alias_producer_with_no_taskflow
[2024-12-07T09:15:02.976+0000] {logging_mixin.py:190} INFO - [2024-12-07T09:15:02.975+0000] {dag.py:3239} INFO - Sync 4 DAGs
[2024-12-07T09:15:02.987+0000] {logging_mixin.py:190} INFO - [2024-12-07T09:15:02.987+0000] {dag.py:3262} INFO - Creating ORM DAG for dataset_alias_example_alias_consumer_with_no_taskflow
[2024-12-07T09:15:02.988+0000] {logging_mixin.py:190} INFO - [2024-12-07T09:15:02.988+0000] {dag.py:3262} INFO - Creating ORM DAG for dataset_alias_example_alias_producer_with_no_taskflow
[2024-12-07T09:15:02.988+0000] {logging_mixin.py:190} INFO - [2024-12-07T09:15:02.988+0000] {dag.py:3262} INFO - Creating ORM DAG for dataset_s3_bucket_producer_with_no_taskflow
[2024-12-07T09:15:02.989+0000] {logging_mixin.py:190} INFO - [2024-12-07T09:15:02.989+0000] {dag.py:3262} INFO - Creating ORM DAG for dataset_s3_bucket_consumer_with_no_taskflow
[2024-12-07T09:15:02.995+0000] {logging_mixin.py:190} INFO - [2024-12-07T09:15:02.995+0000] {dag.py:4180} INFO - Setting next_dagrun for dataset_alias_example_alias_consumer_with_no_taskflow to None, run_after=None
[2024-12-07T09:15:02.996+0000] {logging_mixin.py:190} INFO - [2024-12-07T09:15:02.996+0000] {dag.py:4180} INFO - Setting next_dagrun for dataset_alias_example_alias_producer_with_no_taskflow to None, run_after=None
[2024-12-07T09:15:02.996+0000] {logging_mixin.py:190} INFO - [2024-12-07T09:15:02.996+0000] {dag.py:4180} INFO - Setting next_dagrun for dataset_s3_bucket_consumer_with_no_taskflow to None, run_after=None
[2024-12-07T09:15:02.997+0000] {logging_mixin.py:190} INFO - [2024-12-07T09:15:02.997+0000] {dag.py:4180} INFO - Setting next_dagrun for dataset_s3_bucket_producer_with_no_taskflow to None, run_after=None
[2024-12-07T09:15:03.017+0000] {processor.py:208} INFO - Processing /home/airflow/.local/lib/python3.12/site-packages/airflow/example_dags/example_dataset_alias_with_no_taskflow.py took 1.502 seconds
[2024-12-07T09:15:33.405+0000] {processor.py:186} INFO - Started process (PID=170) to work on /home/airflow/.local/lib/python3.12/site-packages/airflow/example_dags/example_dataset_alias_with_no_taskflow.py
[2024-12-07T09:15:33.406+0000] {processor.py:914} INFO - Processing file /home/airflow/.local/lib/python3.12/site-packages/airflow/example_dags/example_dataset_alias_with_no_taskflow.py for tasks to queue
[2024-12-07T09:15:33.407+0000] {logging_mixin.py:190} INFO - [2024-12-07T09:15:33.407+0000] {dagbag.py:588} INFO - Filling up the DagBag from /home/airflow/.local/lib/python3.12/site-packages/airflow/example_dags/example_dataset_alias_with_no_taskflow.py
[2024-12-07T09:15:33.958+0000] {processor.py:925} INFO - DAG(s) 'dataset_alias_example_alias_consumer_with_no_taskflow', 'dataset_s3_bucket_producer_with_no_taskflow', 'dataset_alias_example_alias_producer_with_no_taskflow', 'dataset_s3_bucket_consumer_with_no_taskflow' retrieved from /home/airflow/.local/lib/python3.12/site-packages/airflow/example_dags/example_dataset_alias_with_no_taskflow.py
[2024-12-07T09:15:33.973+0000] {logging_mixin.py:190} INFO - [2024-12-07T09:15:33.973+0000] {dag.py:3239} INFO - Sync 4 DAGs
[2024-12-07T09:15:33.991+0000] {logging_mixin.py:190} INFO - [2024-12-07T09:15:33.990+0000] {dag.py:4180} INFO - Setting next_dagrun for dataset_alias_example_alias_consumer_with_no_taskflow to None, run_after=None
[2024-12-07T09:15:33.992+0000] {logging_mixin.py:190} INFO - [2024-12-07T09:15:33.992+0000] {dag.py:4180} INFO - Setting next_dagrun for dataset_alias_example_alias_producer_with_no_taskflow to None, run_after=None
[2024-12-07T09:15:33.994+0000] {logging_mixin.py:190} INFO - [2024-12-07T09:15:33.994+0000] {dag.py:4180} INFO - Setting next_dagrun for dataset_s3_bucket_consumer_with_no_taskflow to None, run_after=None
[2024-12-07T09:15:33.995+0000] {logging_mixin.py:190} INFO - [2024-12-07T09:15:33.995+0000] {dag.py:4180} INFO - Setting next_dagrun for dataset_s3_bucket_producer_with_no_taskflow to None, run_after=None
[2024-12-07T09:15:34.010+0000] {processor.py:208} INFO - Processing /home/airflow/.local/lib/python3.12/site-packages/airflow/example_dags/example_dataset_alias_with_no_taskflow.py took 0.609 seconds
[2024-12-07T09:16:04.318+0000] {processor.py:186} INFO - Started process (PID=233) to work on /home/airflow/.local/lib/python3.12/site-packages/airflow/example_dags/example_dataset_alias_with_no_taskflow.py
[2024-12-07T09:16:04.319+0000] {processor.py:914} INFO - Processing file /home/airflow/.local/lib/python3.12/site-packages/airflow/example_dags/example_dataset_alias_with_no_taskflow.py for tasks to queue
[2024-12-07T09:16:04.322+0000] {logging_mixin.py:190} INFO - [2024-12-07T09:16:04.321+0000] {dagbag.py:588} INFO - Filling up the DagBag from /home/airflow/.local/lib/python3.12/site-packages/airflow/example_dags/example_dataset_alias_with_no_taskflow.py
[2024-12-07T09:16:04.879+0000] {processor.py:925} INFO - DAG(s) 'dataset_s3_bucket_consumer_with_no_taskflow', 'dataset_alias_example_alias_consumer_with_no_taskflow', 'dataset_s3_bucket_producer_with_no_taskflow', 'dataset_alias_example_alias_producer_with_no_taskflow' retrieved from /home/airflow/.local/lib/python3.12/site-packages/airflow/example_dags/example_dataset_alias_with_no_taskflow.py
[2024-12-07T09:16:04.894+0000] {logging_mixin.py:190} INFO - [2024-12-07T09:16:04.893+0000] {dag.py:3239} INFO - Sync 4 DAGs
[2024-12-07T09:16:04.911+0000] {logging_mixin.py:190} INFO - [2024-12-07T09:16:04.910+0000] {dag.py:4180} INFO - Setting next_dagrun for dataset_alias_example_alias_consumer_with_no_taskflow to None, run_after=None
[2024-12-07T09:16:04.912+0000] {logging_mixin.py:190} INFO - [2024-12-07T09:16:04.912+0000] {dag.py:4180} INFO - Setting next_dagrun for dataset_alias_example_alias_producer_with_no_taskflow to None, run_after=None
[2024-12-07T09:16:04.913+0000] {logging_mixin.py:190} INFO - [2024-12-07T09:16:04.913+0000] {dag.py:4180} INFO - Setting next_dagrun for dataset_s3_bucket_consumer_with_no_taskflow to None, run_after=None
[2024-12-07T09:16:04.914+0000] {logging_mixin.py:190} INFO - [2024-12-07T09:16:04.914+0000] {dag.py:4180} INFO - Setting next_dagrun for dataset_s3_bucket_producer_with_no_taskflow to None, run_after=None
[2024-12-07T09:16:04.928+0000] {processor.py:208} INFO - Processing /home/airflow/.local/lib/python3.12/site-packages/airflow/example_dags/example_dataset_alias_with_no_taskflow.py took 0.627 seconds
[2024-12-07T09:16:35.741+0000] {processor.py:186} INFO - Started process (PID=299) to work on /home/airflow/.local/lib/python3.12/site-packages/airflow/example_dags/example_dataset_alias_with_no_taskflow.py
[2024-12-07T09:16:35.741+0000] {processor.py:914} INFO - Processing file /home/airflow/.local/lib/python3.12/site-packages/airflow/example_dags/example_dataset_alias_with_no_taskflow.py for tasks to queue
[2024-12-07T09:16:35.743+0000] {logging_mixin.py:190} INFO - [2024-12-07T09:16:35.743+0000] {dagbag.py:588} INFO - Filling up the DagBag from /home/airflow/.local/lib/python3.12/site-packages/airflow/example_dags/example_dataset_alias_with_no_taskflow.py
[2024-12-07T09:16:36.285+0000] {processor.py:925} INFO - DAG(s) 'dataset_s3_bucket_consumer_with_no_taskflow', 'dataset_alias_example_alias_producer_with_no_taskflow', 'dataset_s3_bucket_producer_with_no_taskflow', 'dataset_alias_example_alias_consumer_with_no_taskflow' retrieved from /home/airflow/.local/lib/python3.12/site-packages/airflow/example_dags/example_dataset_alias_with_no_taskflow.py
[2024-12-07T09:16:36.302+0000] {logging_mixin.py:190} INFO - [2024-12-07T09:16:36.302+0000] {dag.py:3239} INFO - Sync 4 DAGs
[2024-12-07T09:16:36.324+0000] {logging_mixin.py:190} INFO - [2024-12-07T09:16:36.323+0000] {dag.py:4180} INFO - Setting next_dagrun for dataset_alias_example_alias_consumer_with_no_taskflow to None, run_after=None
[2024-12-07T09:16:36.325+0000] {logging_mixin.py:190} INFO - [2024-12-07T09:16:36.325+0000] {dag.py:4180} INFO - Setting next_dagrun for dataset_alias_example_alias_producer_with_no_taskflow to None, run_after=None
[2024-12-07T09:16:36.327+0000] {logging_mixin.py:190} INFO - [2024-12-07T09:16:36.326+0000] {dag.py:4180} INFO - Setting next_dagrun for dataset_s3_bucket_consumer_with_no_taskflow to None, run_after=None
[2024-12-07T09:16:36.327+0000] {logging_mixin.py:190} INFO - [2024-12-07T09:16:36.327+0000] {dag.py:4180} INFO - Setting next_dagrun for dataset_s3_bucket_producer_with_no_taskflow to None, run_after=None
[2024-12-07T09:16:36.344+0000] {processor.py:208} INFO - Processing /home/airflow/.local/lib/python3.12/site-packages/airflow/example_dags/example_dataset_alias_with_no_taskflow.py took 0.607 seconds
[2024-12-07T09:17:06.629+0000] {processor.py:186} INFO - Started process (PID=362) to work on /home/airflow/.local/lib/python3.12/site-packages/airflow/example_dags/example_dataset_alias_with_no_taskflow.py
[2024-12-07T09:17:06.630+0000] {processor.py:914} INFO - Processing file /home/airflow/.local/lib/python3.12/site-packages/airflow/example_dags/example_dataset_alias_with_no_taskflow.py for tasks to queue
[2024-12-07T09:17:06.632+0000] {logging_mixin.py:190} INFO - [2024-12-07T09:17:06.631+0000] {dagbag.py:588} INFO - Filling up the DagBag from /home/airflow/.local/lib/python3.12/site-packages/airflow/example_dags/example_dataset_alias_with_no_taskflow.py
[2024-12-07T09:17:07.246+0000] {processor.py:925} INFO - DAG(s) 'dataset_alias_example_alias_producer_with_no_taskflow', 'dataset_s3_bucket_consumer_with_no_taskflow', 'dataset_s3_bucket_producer_with_no_taskflow', 'dataset_alias_example_alias_consumer_with_no_taskflow' retrieved from /home/airflow/.local/lib/python3.12/site-packages/airflow/example_dags/example_dataset_alias_with_no_taskflow.py
[2024-12-07T09:17:07.267+0000] {logging_mixin.py:190} INFO - [2024-12-07T09:17:07.266+0000] {dag.py:3239} INFO - Sync 4 DAGs
[2024-12-07T09:17:07.285+0000] {logging_mixin.py:190} INFO - [2024-12-07T09:17:07.285+0000] {dag.py:4180} INFO - Setting next_dagrun for dataset_alias_example_alias_consumer_with_no_taskflow to None, run_after=None
[2024-12-07T09:17:07.287+0000] {logging_mixin.py:190} INFO - [2024-12-07T09:17:07.287+0000] {dag.py:4180} INFO - Setting next_dagrun for dataset_alias_example_alias_producer_with_no_taskflow to None, run_after=None
[2024-12-07T09:17:07.288+0000] {logging_mixin.py:190} INFO - [2024-12-07T09:17:07.288+0000] {dag.py:4180} INFO - Setting next_dagrun for dataset_s3_bucket_consumer_with_no_taskflow to None, run_after=None
[2024-12-07T09:17:07.289+0000] {logging_mixin.py:190} INFO - [2024-12-07T09:17:07.289+0000] {dag.py:4180} INFO - Setting next_dagrun for dataset_s3_bucket_producer_with_no_taskflow to None, run_after=None
[2024-12-07T09:17:07.304+0000] {processor.py:208} INFO - Processing /home/airflow/.local/lib/python3.12/site-packages/airflow/example_dags/example_dataset_alias_with_no_taskflow.py took 0.680 seconds
[2024-12-07T09:17:37.677+0000] {processor.py:186} INFO - Started process (PID=435) to work on /home/airflow/.local/lib/python3.12/site-packages/airflow/example_dags/example_dataset_alias_with_no_taskflow.py
[2024-12-07T09:17:37.678+0000] {processor.py:914} INFO - Processing file /home/airflow/.local/lib/python3.12/site-packages/airflow/example_dags/example_dataset_alias_with_no_taskflow.py for tasks to queue
[2024-12-07T09:17:37.679+0000] {logging_mixin.py:190} INFO - [2024-12-07T09:17:37.679+0000] {dagbag.py:588} INFO - Filling up the DagBag from /home/airflow/.local/lib/python3.12/site-packages/airflow/example_dags/example_dataset_alias_with_no_taskflow.py
[2024-12-07T09:17:38.176+0000] {processor.py:925} INFO - DAG(s) 'dataset_alias_example_alias_consumer_with_no_taskflow', 'dataset_s3_bucket_consumer_with_no_taskflow', 'dataset_s3_bucket_producer_with_no_taskflow', 'dataset_alias_example_alias_producer_with_no_taskflow' retrieved from /home/airflow/.local/lib/python3.12/site-packages/airflow/example_dags/example_dataset_alias_with_no_taskflow.py
[2024-12-07T09:17:38.193+0000] {logging_mixin.py:190} INFO - [2024-12-07T09:17:38.193+0000] {dag.py:3239} INFO - Sync 4 DAGs
[2024-12-07T09:17:38.210+0000] {logging_mixin.py:190} INFO - [2024-12-07T09:17:38.210+0000] {dag.py:4180} INFO - Setting next_dagrun for dataset_alias_example_alias_consumer_with_no_taskflow to None, run_after=None
[2024-12-07T09:17:38.212+0000] {logging_mixin.py:190} INFO - [2024-12-07T09:17:38.212+0000] {dag.py:4180} INFO - Setting next_dagrun for dataset_alias_example_alias_producer_with_no_taskflow to None, run_after=None
[2024-12-07T09:17:38.213+0000] {logging_mixin.py:190} INFO - [2024-12-07T09:17:38.213+0000] {dag.py:4180} INFO - Setting next_dagrun for dataset_s3_bucket_consumer_with_no_taskflow to None, run_after=None
[2024-12-07T09:17:38.214+0000] {logging_mixin.py:190} INFO - [2024-12-07T09:17:38.214+0000] {dag.py:4180} INFO - Setting next_dagrun for dataset_s3_bucket_producer_with_no_taskflow to None, run_after=None
[2024-12-07T09:17:38.228+0000] {processor.py:208} INFO - Processing /home/airflow/.local/lib/python3.12/site-packages/airflow/example_dags/example_dataset_alias_with_no_taskflow.py took 0.555 seconds
[2024-12-07T09:18:08.525+0000] {processor.py:186} INFO - Started process (PID=498) to work on /home/airflow/.local/lib/python3.12/site-packages/airflow/example_dags/example_dataset_alias_with_no_taskflow.py
[2024-12-07T09:18:08.525+0000] {processor.py:914} INFO - Processing file /home/airflow/.local/lib/python3.12/site-packages/airflow/example_dags/example_dataset_alias_with_no_taskflow.py for tasks to queue
[2024-12-07T09:18:08.527+0000] {logging_mixin.py:190} INFO - [2024-12-07T09:18:08.527+0000] {dagbag.py:588} INFO - Filling up the DagBag from /home/airflow/.local/lib/python3.12/site-packages/airflow/example_dags/example_dataset_alias_with_no_taskflow.py
[2024-12-07T09:18:09.064+0000] {processor.py:925} INFO - DAG(s) 'dataset_s3_bucket_producer_with_no_taskflow', 'dataset_s3_bucket_consumer_with_no_taskflow', 'dataset_alias_example_alias_producer_with_no_taskflow', 'dataset_alias_example_alias_consumer_with_no_taskflow' retrieved from /home/airflow/.local/lib/python3.12/site-packages/airflow/example_dags/example_dataset_alias_with_no_taskflow.py
[2024-12-07T09:18:09.086+0000] {logging_mixin.py:190} INFO - [2024-12-07T09:18:09.085+0000] {dag.py:3239} INFO - Sync 4 DAGs
[2024-12-07T09:18:09.113+0000] {logging_mixin.py:190} INFO - [2024-12-07T09:18:09.112+0000] {dag.py:4180} INFO - Setting next_dagrun for dataset_alias_example_alias_consumer_with_no_taskflow to None, run_after=None
[2024-12-07T09:18:09.115+0000] {logging_mixin.py:190} INFO - [2024-12-07T09:18:09.115+0000] {dag.py:4180} INFO - Setting next_dagrun for dataset_alias_example_alias_producer_with_no_taskflow to None, run_after=None
[2024-12-07T09:18:09.117+0000] {logging_mixin.py:190} INFO - [2024-12-07T09:18:09.117+0000] {dag.py:4180} INFO - Setting next_dagrun for dataset_s3_bucket_consumer_with_no_taskflow to None, run_after=None
[2024-12-07T09:18:09.118+0000] {logging_mixin.py:190} INFO - [2024-12-07T09:18:09.118+0000] {dag.py:4180} INFO - Setting next_dagrun for dataset_s3_bucket_producer_with_no_taskflow to None, run_after=None
[2024-12-07T09:18:09.140+0000] {processor.py:208} INFO - Processing /home/airflow/.local/lib/python3.12/site-packages/airflow/example_dags/example_dataset_alias_with_no_taskflow.py took 0.621 seconds
[2024-12-07T09:18:39.651+0000] {processor.py:186} INFO - Started process (PID=561) to work on /home/airflow/.local/lib/python3.12/site-packages/airflow/example_dags/example_dataset_alias_with_no_taskflow.py
[2024-12-07T09:18:39.652+0000] {processor.py:914} INFO - Processing file /home/airflow/.local/lib/python3.12/site-packages/airflow/example_dags/example_dataset_alias_with_no_taskflow.py for tasks to queue
[2024-12-07T09:18:39.654+0000] {logging_mixin.py:190} INFO - [2024-12-07T09:18:39.653+0000] {dagbag.py:588} INFO - Filling up the DagBag from /home/airflow/.local/lib/python3.12/site-packages/airflow/example_dags/example_dataset_alias_with_no_taskflow.py
[2024-12-07T09:18:40.253+0000] {processor.py:925} INFO - DAG(s) 'dataset_alias_example_alias_consumer_with_no_taskflow', 'dataset_s3_bucket_producer_with_no_taskflow', 'dataset_alias_example_alias_producer_with_no_taskflow', 'dataset_s3_bucket_consumer_with_no_taskflow' retrieved from /home/airflow/.local/lib/python3.12/site-packages/airflow/example_dags/example_dataset_alias_with_no_taskflow.py
[2024-12-07T09:18:40.276+0000] {logging_mixin.py:190} INFO - [2024-12-07T09:18:40.275+0000] {dag.py:3239} INFO - Sync 4 DAGs
[2024-12-07T09:18:40.305+0000] {logging_mixin.py:190} INFO - [2024-12-07T09:18:40.304+0000] {dag.py:4180} INFO - Setting next_dagrun for dataset_alias_example_alias_consumer_with_no_taskflow to None, run_after=None
[2024-12-07T09:18:40.308+0000] {logging_mixin.py:190} INFO - [2024-12-07T09:18:40.307+0000] {dag.py:4180} INFO - Setting next_dagrun for dataset_alias_example_alias_producer_with_no_taskflow to None, run_after=None
[2024-12-07T09:18:40.309+0000] {logging_mixin.py:190} INFO - [2024-12-07T09:18:40.309+0000] {dag.py:4180} INFO - Setting next_dagrun for dataset_s3_bucket_consumer_with_no_taskflow to None, run_after=None
[2024-12-07T09:18:40.311+0000] {logging_mixin.py:190} INFO - [2024-12-07T09:18:40.310+0000] {dag.py:4180} INFO - Setting next_dagrun for dataset_s3_bucket_producer_with_no_taskflow to None, run_after=None
[2024-12-07T09:18:40.328+0000] {processor.py:208} INFO - Processing /home/airflow/.local/lib/python3.12/site-packages/airflow/example_dags/example_dataset_alias_with_no_taskflow.py took 0.681 seconds
[2024-12-07T09:19:10.701+0000] {processor.py:186} INFO - Started process (PID=624) to work on /home/airflow/.local/lib/python3.12/site-packages/airflow/example_dags/example_dataset_alias_with_no_taskflow.py
[2024-12-07T09:19:10.702+0000] {processor.py:914} INFO - Processing file /home/airflow/.local/lib/python3.12/site-packages/airflow/example_dags/example_dataset_alias_with_no_taskflow.py for tasks to queue
[2024-12-07T09:19:10.704+0000] {logging_mixin.py:190} INFO - [2024-12-07T09:19:10.703+0000] {dagbag.py:588} INFO - Filling up the DagBag from /home/airflow/.local/lib/python3.12/site-packages/airflow/example_dags/example_dataset_alias_with_no_taskflow.py
[2024-12-07T09:19:11.400+0000] {processor.py:925} INFO - DAG(s) 'dataset_alias_example_alias_producer_with_no_taskflow', 'dataset_s3_bucket_producer_with_no_taskflow', 'dataset_alias_example_alias_consumer_with_no_taskflow', 'dataset_s3_bucket_consumer_with_no_taskflow' retrieved from /home/airflow/.local/lib/python3.12/site-packages/airflow/example_dags/example_dataset_alias_with_no_taskflow.py
[2024-12-07T09:19:11.416+0000] {logging_mixin.py:190} INFO - [2024-12-07T09:19:11.415+0000] {dag.py:3239} INFO - Sync 4 DAGs
[2024-12-07T09:19:11.434+0000] {logging_mixin.py:190} INFO - [2024-12-07T09:19:11.434+0000] {dag.py:4180} INFO - Setting next_dagrun for dataset_alias_example_alias_consumer_with_no_taskflow to None, run_after=None
[2024-12-07T09:19:11.436+0000] {logging_mixin.py:190} INFO - [2024-12-07T09:19:11.436+0000] {dag.py:4180} INFO - Setting next_dagrun for dataset_alias_example_alias_producer_with_no_taskflow to None, run_after=None
[2024-12-07T09:19:11.437+0000] {logging_mixin.py:190} INFO - [2024-12-07T09:19:11.437+0000] {dag.py:4180} INFO - Setting next_dagrun for dataset_s3_bucket_consumer_with_no_taskflow to None, run_after=None
[2024-12-07T09:19:11.438+0000] {logging_mixin.py:190} INFO - [2024-12-07T09:19:11.438+0000] {dag.py:4180} INFO - Setting next_dagrun for dataset_s3_bucket_producer_with_no_taskflow to None, run_after=None
[2024-12-07T09:19:11.457+0000] {processor.py:208} INFO - Processing /home/airflow/.local/lib/python3.12/site-packages/airflow/example_dags/example_dataset_alias_with_no_taskflow.py took 0.762 seconds
[2024-12-07T09:19:41.746+0000] {processor.py:186} INFO - Started process (PID=687) to work on /home/airflow/.local/lib/python3.12/site-packages/airflow/example_dags/example_dataset_alias_with_no_taskflow.py
[2024-12-07T09:19:41.747+0000] {processor.py:914} INFO - Processing file /home/airflow/.local/lib/python3.12/site-packages/airflow/example_dags/example_dataset_alias_with_no_taskflow.py for tasks to queue
[2024-12-07T09:19:41.749+0000] {logging_mixin.py:190} INFO - [2024-12-07T09:19:41.748+0000] {dagbag.py:588} INFO - Filling up the DagBag from /home/airflow/.local/lib/python3.12/site-packages/airflow/example_dags/example_dataset_alias_with_no_taskflow.py
[2024-12-07T09:19:42.295+0000] {processor.py:925} INFO - DAG(s) 'dataset_s3_bucket_producer_with_no_taskflow', 'dataset_alias_example_alias_producer_with_no_taskflow', 'dataset_alias_example_alias_consumer_with_no_taskflow', 'dataset_s3_bucket_consumer_with_no_taskflow' retrieved from /home/airflow/.local/lib/python3.12/site-packages/airflow/example_dags/example_dataset_alias_with_no_taskflow.py
[2024-12-07T09:19:42.310+0000] {logging_mixin.py:190} INFO - [2024-12-07T09:19:42.310+0000] {dag.py:3239} INFO - Sync 4 DAGs
[2024-12-07T09:19:42.329+0000] {logging_mixin.py:190} INFO - [2024-12-07T09:19:42.328+0000] {dag.py:4180} INFO - Setting next_dagrun for dataset_alias_example_alias_consumer_with_no_taskflow to None, run_after=None
[2024-12-07T09:19:42.330+0000] {logging_mixin.py:190} INFO - [2024-12-07T09:19:42.330+0000] {dag.py:4180} INFO - Setting next_dagrun for dataset_alias_example_alias_producer_with_no_taskflow to None, run_after=None
[2024-12-07T09:19:42.331+0000] {logging_mixin.py:190} INFO - [2024-12-07T09:19:42.331+0000] {dag.py:4180} INFO - Setting next_dagrun for dataset_s3_bucket_consumer_with_no_taskflow to None, run_after=None
[2024-12-07T09:19:42.332+0000] {logging_mixin.py:190} INFO - [2024-12-07T09:19:42.332+0000] {dag.py:4180} INFO - Setting next_dagrun for dataset_s3_bucket_producer_with_no_taskflow to None, run_after=None
[2024-12-07T09:19:42.347+0000] {processor.py:208} INFO - Processing /home/airflow/.local/lib/python3.12/site-packages/airflow/example_dags/example_dataset_alias_with_no_taskflow.py took 0.605 seconds
[2024-12-07T09:20:12.493+0000] {processor.py:186} INFO - Started process (PID=750) to work on /home/airflow/.local/lib/python3.12/site-packages/airflow/example_dags/example_dataset_alias_with_no_taskflow.py
[2024-12-07T09:20:12.494+0000] {processor.py:914} INFO - Processing file /home/airflow/.local/lib/python3.12/site-packages/airflow/example_dags/example_dataset_alias_with_no_taskflow.py for tasks to queue
[2024-12-07T09:20:12.496+0000] {logging_mixin.py:190} INFO - [2024-12-07T09:20:12.496+0000] {dagbag.py:588} INFO - Filling up the DagBag from /home/airflow/.local/lib/python3.12/site-packages/airflow/example_dags/example_dataset_alias_with_no_taskflow.py
[2024-12-07T09:20:13.088+0000] {processor.py:925} INFO - DAG(s) 'dataset_s3_bucket_consumer_with_no_taskflow', 'dataset_s3_bucket_producer_with_no_taskflow', 'dataset_alias_example_alias_consumer_with_no_taskflow', 'dataset_alias_example_alias_producer_with_no_taskflow' retrieved from /home/airflow/.local/lib/python3.12/site-packages/airflow/example_dags/example_dataset_alias_with_no_taskflow.py
[2024-12-07T09:20:13.107+0000] {logging_mixin.py:190} INFO - [2024-12-07T09:20:13.107+0000] {dag.py:3239} INFO - Sync 4 DAGs
[2024-12-07T09:20:13.131+0000] {logging_mixin.py:190} INFO - [2024-12-07T09:20:13.131+0000] {dag.py:4180} INFO - Setting next_dagrun for dataset_alias_example_alias_consumer_with_no_taskflow to None, run_after=None
[2024-12-07T09:20:13.134+0000] {logging_mixin.py:190} INFO - [2024-12-07T09:20:13.133+0000] {dag.py:4180} INFO - Setting next_dagrun for dataset_alias_example_alias_producer_with_no_taskflow to None, run_after=None
[2024-12-07T09:20:13.135+0000] {logging_mixin.py:190} INFO - [2024-12-07T09:20:13.135+0000] {dag.py:4180} INFO - Setting next_dagrun for dataset_s3_bucket_consumer_with_no_taskflow to None, run_after=None
[2024-12-07T09:20:13.136+0000] {logging_mixin.py:190} INFO - [2024-12-07T09:20:13.136+0000] {dag.py:4180} INFO - Setting next_dagrun for dataset_s3_bucket_producer_with_no_taskflow to None, run_after=None
[2024-12-07T09:20:13.153+0000] {processor.py:208} INFO - Processing /home/airflow/.local/lib/python3.12/site-packages/airflow/example_dags/example_dataset_alias_with_no_taskflow.py took 0.665 seconds
[2024-12-07T09:20:43.224+0000] {processor.py:186} INFO - Started process (PID=813) to work on /home/airflow/.local/lib/python3.12/site-packages/airflow/example_dags/example_dataset_alias_with_no_taskflow.py
[2024-12-07T09:20:43.225+0000] {processor.py:914} INFO - Processing file /home/airflow/.local/lib/python3.12/site-packages/airflow/example_dags/example_dataset_alias_with_no_taskflow.py for tasks to queue
[2024-12-07T09:20:43.226+0000] {logging_mixin.py:190} INFO - [2024-12-07T09:20:43.226+0000] {dagbag.py:588} INFO - Filling up the DagBag from /home/airflow/.local/lib/python3.12/site-packages/airflow/example_dags/example_dataset_alias_with_no_taskflow.py
[2024-12-07T09:20:43.742+0000] {processor.py:925} INFO - DAG(s) 'dataset_alias_example_alias_producer_with_no_taskflow', 'dataset_s3_bucket_consumer_with_no_taskflow', 'dataset_s3_bucket_producer_with_no_taskflow', 'dataset_alias_example_alias_consumer_with_no_taskflow' retrieved from /home/airflow/.local/lib/python3.12/site-packages/airflow/example_dags/example_dataset_alias_with_no_taskflow.py
[2024-12-07T09:20:43.757+0000] {logging_mixin.py:190} INFO - [2024-12-07T09:20:43.757+0000] {dag.py:3239} INFO - Sync 4 DAGs
[2024-12-07T09:20:43.782+0000] {logging_mixin.py:190} INFO - [2024-12-07T09:20:43.782+0000] {dag.py:4180} INFO - Setting next_dagrun for dataset_alias_example_alias_consumer_with_no_taskflow to None, run_after=None
[2024-12-07T09:20:43.784+0000] {logging_mixin.py:190} INFO - [2024-12-07T09:20:43.784+0000] {dag.py:4180} INFO - Setting next_dagrun for dataset_alias_example_alias_producer_with_no_taskflow to None, run_after=None
[2024-12-07T09:20:43.787+0000] {logging_mixin.py:190} INFO - [2024-12-07T09:20:43.787+0000] {dag.py:4180} INFO - Setting next_dagrun for dataset_s3_bucket_consumer_with_no_taskflow to None, run_after=None
[2024-12-07T09:20:43.788+0000] {logging_mixin.py:190} INFO - [2024-12-07T09:20:43.788+0000] {dag.py:4180} INFO - Setting next_dagrun for dataset_s3_bucket_producer_with_no_taskflow to None, run_after=None
[2024-12-07T09:20:43.808+0000] {processor.py:208} INFO - Processing /home/airflow/.local/lib/python3.12/site-packages/airflow/example_dags/example_dataset_alias_with_no_taskflow.py took 0.588 seconds
[2024-12-07T09:21:14.259+0000] {processor.py:186} INFO - Started process (PID=876) to work on /home/airflow/.local/lib/python3.12/site-packages/airflow/example_dags/example_dataset_alias_with_no_taskflow.py
[2024-12-07T09:21:14.260+0000] {processor.py:914} INFO - Processing file /home/airflow/.local/lib/python3.12/site-packages/airflow/example_dags/example_dataset_alias_with_no_taskflow.py for tasks to queue
[2024-12-07T09:21:14.262+0000] {logging_mixin.py:190} INFO - [2024-12-07T09:21:14.261+0000] {dagbag.py:588} INFO - Filling up the DagBag from /home/airflow/.local/lib/python3.12/site-packages/airflow/example_dags/example_dataset_alias_with_no_taskflow.py
[2024-12-07T09:21:14.803+0000] {processor.py:925} INFO - DAG(s) 'dataset_alias_example_alias_producer_with_no_taskflow', 'dataset_s3_bucket_producer_with_no_taskflow', 'dataset_alias_example_alias_consumer_with_no_taskflow', 'dataset_s3_bucket_consumer_with_no_taskflow' retrieved from /home/airflow/.local/lib/python3.12/site-packages/airflow/example_dags/example_dataset_alias_with_no_taskflow.py
[2024-12-07T09:21:14.820+0000] {logging_mixin.py:190} INFO - [2024-12-07T09:21:14.819+0000] {dag.py:3239} INFO - Sync 4 DAGs
[2024-12-07T09:21:14.838+0000] {logging_mixin.py:190} INFO - [2024-12-07T09:21:14.838+0000] {dag.py:4180} INFO - Setting next_dagrun for dataset_alias_example_alias_consumer_with_no_taskflow to None, run_after=None
[2024-12-07T09:21:14.840+0000] {logging_mixin.py:190} INFO - [2024-12-07T09:21:14.840+0000] {dag.py:4180} INFO - Setting next_dagrun for dataset_alias_example_alias_producer_with_no_taskflow to None, run_after=None
[2024-12-07T09:21:14.841+0000] {logging_mixin.py:190} INFO - [2024-12-07T09:21:14.841+0000] {dag.py:4180} INFO - Setting next_dagrun for dataset_s3_bucket_consumer_with_no_taskflow to None, run_after=None
[2024-12-07T09:21:14.842+0000] {logging_mixin.py:190} INFO - [2024-12-07T09:21:14.842+0000] {dag.py:4180} INFO - Setting next_dagrun for dataset_s3_bucket_producer_with_no_taskflow to None, run_after=None
[2024-12-07T09:21:14.858+0000] {processor.py:208} INFO - Processing /home/airflow/.local/lib/python3.12/site-packages/airflow/example_dags/example_dataset_alias_with_no_taskflow.py took 0.604 seconds
[2024-12-07T09:21:45.277+0000] {processor.py:186} INFO - Started process (PID=939) to work on /home/airflow/.local/lib/python3.12/site-packages/airflow/example_dags/example_dataset_alias_with_no_taskflow.py
[2024-12-07T09:21:45.277+0000] {processor.py:914} INFO - Processing file /home/airflow/.local/lib/python3.12/site-packages/airflow/example_dags/example_dataset_alias_with_no_taskflow.py for tasks to queue
[2024-12-07T09:21:45.279+0000] {logging_mixin.py:190} INFO - [2024-12-07T09:21:45.279+0000] {dagbag.py:588} INFO - Filling up the DagBag from /home/airflow/.local/lib/python3.12/site-packages/airflow/example_dags/example_dataset_alias_with_no_taskflow.py
[2024-12-07T09:21:45.847+0000] {processor.py:925} INFO - DAG(s) 'dataset_s3_bucket_producer_with_no_taskflow', 'dataset_s3_bucket_consumer_with_no_taskflow', 'dataset_alias_example_alias_producer_with_no_taskflow', 'dataset_alias_example_alias_consumer_with_no_taskflow' retrieved from /home/airflow/.local/lib/python3.12/site-packages/airflow/example_dags/example_dataset_alias_with_no_taskflow.py
[2024-12-07T09:21:45.869+0000] {logging_mixin.py:190} INFO - [2024-12-07T09:21:45.868+0000] {dag.py:3239} INFO - Sync 4 DAGs
[2024-12-07T09:21:45.894+0000] {logging_mixin.py:190} INFO - [2024-12-07T09:21:45.893+0000] {dag.py:4180} INFO - Setting next_dagrun for dataset_alias_example_alias_consumer_with_no_taskflow to None, run_after=None
[2024-12-07T09:21:45.896+0000] {logging_mixin.py:190} INFO - [2024-12-07T09:21:45.896+0000] {dag.py:4180} INFO - Setting next_dagrun for dataset_alias_example_alias_producer_with_no_taskflow to None, run_after=None
[2024-12-07T09:21:45.898+0000] {logging_mixin.py:190} INFO - [2024-12-07T09:21:45.897+0000] {dag.py:4180} INFO - Setting next_dagrun for dataset_s3_bucket_consumer_with_no_taskflow to None, run_after=None
[2024-12-07T09:21:45.899+0000] {logging_mixin.py:190} INFO - [2024-12-07T09:21:45.899+0000] {dag.py:4180} INFO - Setting next_dagrun for dataset_s3_bucket_producer_with_no_taskflow to None, run_after=None
[2024-12-07T09:21:45.918+0000] {processor.py:208} INFO - Processing /home/airflow/.local/lib/python3.12/site-packages/airflow/example_dags/example_dataset_alias_with_no_taskflow.py took 0.646 seconds
[2024-12-07T09:22:16.298+0000] {processor.py:186} INFO - Started process (PID=1002) to work on /home/airflow/.local/lib/python3.12/site-packages/airflow/example_dags/example_dataset_alias_with_no_taskflow.py
[2024-12-07T09:22:16.299+0000] {processor.py:914} INFO - Processing file /home/airflow/.local/lib/python3.12/site-packages/airflow/example_dags/example_dataset_alias_with_no_taskflow.py for tasks to queue
[2024-12-07T09:22:16.300+0000] {logging_mixin.py:190} INFO - [2024-12-07T09:22:16.300+0000] {dagbag.py:588} INFO - Filling up the DagBag from /home/airflow/.local/lib/python3.12/site-packages/airflow/example_dags/example_dataset_alias_with_no_taskflow.py
[2024-12-07T09:22:16.841+0000] {processor.py:925} INFO - DAG(s) 'dataset_alias_example_alias_producer_with_no_taskflow', 'dataset_s3_bucket_producer_with_no_taskflow', 'dataset_s3_bucket_consumer_with_no_taskflow', 'dataset_alias_example_alias_consumer_with_no_taskflow' retrieved from /home/airflow/.local/lib/python3.12/site-packages/airflow/example_dags/example_dataset_alias_with_no_taskflow.py
[2024-12-07T09:22:16.861+0000] {logging_mixin.py:190} INFO - [2024-12-07T09:22:16.861+0000] {dag.py:3239} INFO - Sync 4 DAGs
[2024-12-07T09:22:16.885+0000] {logging_mixin.py:190} INFO - [2024-12-07T09:22:16.885+0000] {dag.py:4180} INFO - Setting next_dagrun for dataset_alias_example_alias_consumer_with_no_taskflow to None, run_after=None
[2024-12-07T09:22:16.887+0000] {logging_mixin.py:190} INFO - [2024-12-07T09:22:16.887+0000] {dag.py:4180} INFO - Setting next_dagrun for dataset_alias_example_alias_producer_with_no_taskflow to None, run_after=None
[2024-12-07T09:22:16.888+0000] {logging_mixin.py:190} INFO - [2024-12-07T09:22:16.888+0000] {dag.py:4180} INFO - Setting next_dagrun for dataset_s3_bucket_consumer_with_no_taskflow to None, run_after=None
[2024-12-07T09:22:16.889+0000] {logging_mixin.py:190} INFO - [2024-12-07T09:22:16.889+0000] {dag.py:4180} INFO - Setting next_dagrun for dataset_s3_bucket_producer_with_no_taskflow to None, run_after=None
[2024-12-07T09:22:16.907+0000] {processor.py:208} INFO - Processing /home/airflow/.local/lib/python3.12/site-packages/airflow/example_dags/example_dataset_alias_with_no_taskflow.py took 0.613 seconds
[2024-12-07T09:22:47.041+0000] {processor.py:186} INFO - Started process (PID=1065) to work on /home/airflow/.local/lib/python3.12/site-packages/airflow/example_dags/example_dataset_alias_with_no_taskflow.py
[2024-12-07T09:22:47.042+0000] {processor.py:914} INFO - Processing file /home/airflow/.local/lib/python3.12/site-packages/airflow/example_dags/example_dataset_alias_with_no_taskflow.py for tasks to queue
[2024-12-07T09:22:47.043+0000] {logging_mixin.py:190} INFO - [2024-12-07T09:22:47.043+0000] {dagbag.py:588} INFO - Filling up the DagBag from /home/airflow/.local/lib/python3.12/site-packages/airflow/example_dags/example_dataset_alias_with_no_taskflow.py
[2024-12-07T09:22:47.567+0000] {processor.py:925} INFO - DAG(s) 'dataset_alias_example_alias_consumer_with_no_taskflow', 'dataset_alias_example_alias_producer_with_no_taskflow', 'dataset_s3_bucket_producer_with_no_taskflow', 'dataset_s3_bucket_consumer_with_no_taskflow' retrieved from /home/airflow/.local/lib/python3.12/site-packages/airflow/example_dags/example_dataset_alias_with_no_taskflow.py
[2024-12-07T09:22:47.587+0000] {logging_mixin.py:190} INFO - [2024-12-07T09:22:47.587+0000] {dag.py:3239} INFO - Sync 4 DAGs
[2024-12-07T09:22:47.607+0000] {logging_mixin.py:190} INFO - [2024-12-07T09:22:47.606+0000] {dag.py:4180} INFO - Setting next_dagrun for dataset_alias_example_alias_consumer_with_no_taskflow to None, run_after=None
[2024-12-07T09:22:47.609+0000] {logging_mixin.py:190} INFO - [2024-12-07T09:22:47.608+0000] {dag.py:4180} INFO - Setting next_dagrun for dataset_alias_example_alias_producer_with_no_taskflow to None, run_after=None
[2024-12-07T09:22:47.610+0000] {logging_mixin.py:190} INFO - [2024-12-07T09:22:47.609+0000] {dag.py:4180} INFO - Setting next_dagrun for dataset_s3_bucket_consumer_with_no_taskflow to None, run_after=None
[2024-12-07T09:22:47.610+0000] {logging_mixin.py:190} INFO - [2024-12-07T09:22:47.610+0000] {dag.py:4180} INFO - Setting next_dagrun for dataset_s3_bucket_producer_with_no_taskflow to None, run_after=None
[2024-12-07T09:22:47.627+0000] {processor.py:208} INFO - Processing /home/airflow/.local/lib/python3.12/site-packages/airflow/example_dags/example_dataset_alias_with_no_taskflow.py took 0.590 seconds
[2024-12-07T09:23:17.789+0000] {processor.py:186} INFO - Started process (PID=1128) to work on /home/airflow/.local/lib/python3.12/site-packages/airflow/example_dags/example_dataset_alias_with_no_taskflow.py
[2024-12-07T09:23:17.790+0000] {processor.py:914} INFO - Processing file /home/airflow/.local/lib/python3.12/site-packages/airflow/example_dags/example_dataset_alias_with_no_taskflow.py for tasks to queue
[2024-12-07T09:23:17.792+0000] {logging_mixin.py:190} INFO - [2024-12-07T09:23:17.791+0000] {dagbag.py:588} INFO - Filling up the DagBag from /home/airflow/.local/lib/python3.12/site-packages/airflow/example_dags/example_dataset_alias_with_no_taskflow.py
[2024-12-07T09:23:18.356+0000] {processor.py:925} INFO - DAG(s) 'dataset_alias_example_alias_producer_with_no_taskflow', 'dataset_s3_bucket_consumer_with_no_taskflow', 'dataset_alias_example_alias_consumer_with_no_taskflow', 'dataset_s3_bucket_producer_with_no_taskflow' retrieved from /home/airflow/.local/lib/python3.12/site-packages/airflow/example_dags/example_dataset_alias_with_no_taskflow.py
[2024-12-07T09:23:18.378+0000] {logging_mixin.py:190} INFO - [2024-12-07T09:23:18.378+0000] {dag.py:3239} INFO - Sync 4 DAGs
[2024-12-07T09:23:18.403+0000] {logging_mixin.py:190} INFO - [2024-12-07T09:23:18.402+0000] {dag.py:4180} INFO - Setting next_dagrun for dataset_alias_example_alias_consumer_with_no_taskflow to None, run_after=None
[2024-12-07T09:23:18.405+0000] {logging_mixin.py:190} INFO - [2024-12-07T09:23:18.405+0000] {dag.py:4180} INFO - Setting next_dagrun for dataset_alias_example_alias_producer_with_no_taskflow to None, run_after=None
[2024-12-07T09:23:18.406+0000] {logging_mixin.py:190} INFO - [2024-12-07T09:23:18.406+0000] {dag.py:4180} INFO - Setting next_dagrun for dataset_s3_bucket_consumer_with_no_taskflow to None, run_after=None
[2024-12-07T09:23:18.408+0000] {logging_mixin.py:190} INFO - [2024-12-07T09:23:18.407+0000] {dag.py:4180} INFO - Setting next_dagrun for dataset_s3_bucket_producer_with_no_taskflow to None, run_after=None
[2024-12-07T09:23:18.425+0000] {processor.py:208} INFO - Processing /home/airflow/.local/lib/python3.12/site-packages/airflow/example_dags/example_dataset_alias_with_no_taskflow.py took 0.640 seconds
[2024-12-07T09:23:48.694+0000] {processor.py:186} INFO - Started process (PID=1192) to work on /home/airflow/.local/lib/python3.12/site-packages/airflow/example_dags/example_dataset_alias_with_no_taskflow.py
[2024-12-07T09:23:48.694+0000] {processor.py:914} INFO - Processing file /home/airflow/.local/lib/python3.12/site-packages/airflow/example_dags/example_dataset_alias_with_no_taskflow.py for tasks to queue
[2024-12-07T09:23:48.696+0000] {logging_mixin.py:190} INFO - [2024-12-07T09:23:48.696+0000] {dagbag.py:588} INFO - Filling up the DagBag from /home/airflow/.local/lib/python3.12/site-packages/airflow/example_dags/example_dataset_alias_with_no_taskflow.py
[2024-12-07T09:23:49.234+0000] {processor.py:925} INFO - DAG(s) 'dataset_alias_example_alias_producer_with_no_taskflow', 'dataset_alias_example_alias_consumer_with_no_taskflow', 'dataset_s3_bucket_producer_with_no_taskflow', 'dataset_s3_bucket_consumer_with_no_taskflow' retrieved from /home/airflow/.local/lib/python3.12/site-packages/airflow/example_dags/example_dataset_alias_with_no_taskflow.py
[2024-12-07T09:23:49.255+0000] {logging_mixin.py:190} INFO - [2024-12-07T09:23:49.255+0000] {dag.py:3239} INFO - Sync 4 DAGs
[2024-12-07T09:23:49.282+0000] {logging_mixin.py:190} INFO - [2024-12-07T09:23:49.282+0000] {dag.py:4180} INFO - Setting next_dagrun for dataset_alias_example_alias_consumer_with_no_taskflow to None, run_after=None
[2024-12-07T09:23:49.284+0000] {logging_mixin.py:190} INFO - [2024-12-07T09:23:49.284+0000] {dag.py:4180} INFO - Setting next_dagrun for dataset_alias_example_alias_producer_with_no_taskflow to None, run_after=None
[2024-12-07T09:23:49.286+0000] {logging_mixin.py:190} INFO - [2024-12-07T09:23:49.285+0000] {dag.py:4180} INFO - Setting next_dagrun for dataset_s3_bucket_consumer_with_no_taskflow to None, run_after=None
[2024-12-07T09:23:49.287+0000] {logging_mixin.py:190} INFO - [2024-12-07T09:23:49.287+0000] {dag.py:4180} INFO - Setting next_dagrun for dataset_s3_bucket_producer_with_no_taskflow to None, run_after=None
[2024-12-07T09:23:49.306+0000] {processor.py:208} INFO - Processing /home/airflow/.local/lib/python3.12/site-packages/airflow/example_dags/example_dataset_alias_with_no_taskflow.py took 0.617 seconds
[2024-12-07T09:24:19.350+0000] {processor.py:186} INFO - Started process (PID=1254) to work on /home/airflow/.local/lib/python3.12/site-packages/airflow/example_dags/example_dataset_alias_with_no_taskflow.py
[2024-12-07T09:24:19.351+0000] {processor.py:914} INFO - Processing file /home/airflow/.local/lib/python3.12/site-packages/airflow/example_dags/example_dataset_alias_with_no_taskflow.py for tasks to queue
[2024-12-07T09:24:19.354+0000] {logging_mixin.py:190} INFO - [2024-12-07T09:24:19.353+0000] {dagbag.py:588} INFO - Filling up the DagBag from /home/airflow/.local/lib/python3.12/site-packages/airflow/example_dags/example_dataset_alias_with_no_taskflow.py
[2024-12-07T09:24:19.910+0000] {processor.py:925} INFO - DAG(s) 'dataset_alias_example_alias_producer_with_no_taskflow', 'dataset_s3_bucket_producer_with_no_taskflow', 'dataset_s3_bucket_consumer_with_no_taskflow', 'dataset_alias_example_alias_consumer_with_no_taskflow' retrieved from /home/airflow/.local/lib/python3.12/site-packages/airflow/example_dags/example_dataset_alias_with_no_taskflow.py
[2024-12-07T09:24:19.930+0000] {logging_mixin.py:190} INFO - [2024-12-07T09:24:19.929+0000] {dag.py:3239} INFO - Sync 4 DAGs
[2024-12-07T09:24:19.954+0000] {logging_mixin.py:190} INFO - [2024-12-07T09:24:19.954+0000] {dag.py:4180} INFO - Setting next_dagrun for dataset_alias_example_alias_consumer_with_no_taskflow to None, run_after=None
[2024-12-07T09:24:19.957+0000] {logging_mixin.py:190} INFO - [2024-12-07T09:24:19.957+0000] {dag.py:4180} INFO - Setting next_dagrun for dataset_alias_example_alias_producer_with_no_taskflow to None, run_after=None
[2024-12-07T09:24:19.958+0000] {logging_mixin.py:190} INFO - [2024-12-07T09:24:19.958+0000] {dag.py:4180} INFO - Setting next_dagrun for dataset_s3_bucket_consumer_with_no_taskflow to None, run_after=None
[2024-12-07T09:24:19.960+0000] {logging_mixin.py:190} INFO - [2024-12-07T09:24:19.960+0000] {dag.py:4180} INFO - Setting next_dagrun for dataset_s3_bucket_producer_with_no_taskflow to None, run_after=None
[2024-12-07T09:24:19.984+0000] {processor.py:208} INFO - Processing /home/airflow/.local/lib/python3.12/site-packages/airflow/example_dags/example_dataset_alias_with_no_taskflow.py took 0.640 seconds
[2024-12-07T09:24:50.229+0000] {processor.py:186} INFO - Started process (PID=1317) to work on /home/airflow/.local/lib/python3.12/site-packages/airflow/example_dags/example_dataset_alias_with_no_taskflow.py
[2024-12-07T09:24:50.229+0000] {processor.py:914} INFO - Processing file /home/airflow/.local/lib/python3.12/site-packages/airflow/example_dags/example_dataset_alias_with_no_taskflow.py for tasks to queue
[2024-12-07T09:24:50.231+0000] {logging_mixin.py:190} INFO - [2024-12-07T09:24:50.231+0000] {dagbag.py:588} INFO - Filling up the DagBag from /home/airflow/.local/lib/python3.12/site-packages/airflow/example_dags/example_dataset_alias_with_no_taskflow.py
[2024-12-07T09:24:50.798+0000] {processor.py:925} INFO - DAG(s) 'dataset_s3_bucket_producer_with_no_taskflow', 'dataset_alias_example_alias_producer_with_no_taskflow', 'dataset_alias_example_alias_consumer_with_no_taskflow', 'dataset_s3_bucket_consumer_with_no_taskflow' retrieved from /home/airflow/.local/lib/python3.12/site-packages/airflow/example_dags/example_dataset_alias_with_no_taskflow.py
[2024-12-07T09:24:50.814+0000] {logging_mixin.py:190} INFO - [2024-12-07T09:24:50.813+0000] {dag.py:3239} INFO - Sync 4 DAGs
[2024-12-07T09:24:50.833+0000] {logging_mixin.py:190} INFO - [2024-12-07T09:24:50.833+0000] {dag.py:4180} INFO - Setting next_dagrun for dataset_alias_example_alias_consumer_with_no_taskflow to None, run_after=None
[2024-12-07T09:24:50.835+0000] {logging_mixin.py:190} INFO - [2024-12-07T09:24:50.835+0000] {dag.py:4180} INFO - Setting next_dagrun for dataset_alias_example_alias_producer_with_no_taskflow to None, run_after=None
[2024-12-07T09:24:50.836+0000] {logging_mixin.py:190} INFO - [2024-12-07T09:24:50.836+0000] {dag.py:4180} INFO - Setting next_dagrun for dataset_s3_bucket_consumer_with_no_taskflow to None, run_after=None
[2024-12-07T09:24:50.837+0000] {logging_mixin.py:190} INFO - [2024-12-07T09:24:50.836+0000] {dag.py:4180} INFO - Setting next_dagrun for dataset_s3_bucket_producer_with_no_taskflow to None, run_after=None
[2024-12-07T09:24:50.851+0000] {processor.py:208} INFO - Processing /home/airflow/.local/lib/python3.12/site-packages/airflow/example_dags/example_dataset_alias_with_no_taskflow.py took 0.627 seconds
[2024-12-07T09:25:21.320+0000] {processor.py:186} INFO - Started process (PID=1380) to work on /home/airflow/.local/lib/python3.12/site-packages/airflow/example_dags/example_dataset_alias_with_no_taskflow.py
[2024-12-07T09:25:21.321+0000] {processor.py:914} INFO - Processing file /home/airflow/.local/lib/python3.12/site-packages/airflow/example_dags/example_dataset_alias_with_no_taskflow.py for tasks to queue
[2024-12-07T09:25:21.323+0000] {logging_mixin.py:190} INFO - [2024-12-07T09:25:21.322+0000] {dagbag.py:588} INFO - Filling up the DagBag from /home/airflow/.local/lib/python3.12/site-packages/airflow/example_dags/example_dataset_alias_with_no_taskflow.py
[2024-12-07T09:25:21.835+0000] {processor.py:925} INFO - DAG(s) 'dataset_alias_example_alias_producer_with_no_taskflow', 'dataset_s3_bucket_consumer_with_no_taskflow', 'dataset_alias_example_alias_consumer_with_no_taskflow', 'dataset_s3_bucket_producer_with_no_taskflow' retrieved from /home/airflow/.local/lib/python3.12/site-packages/airflow/example_dags/example_dataset_alias_with_no_taskflow.py
[2024-12-07T09:25:21.851+0000] {logging_mixin.py:190} INFO - [2024-12-07T09:25:21.851+0000] {dag.py:3239} INFO - Sync 4 DAGs
[2024-12-07T09:25:21.869+0000] {logging_mixin.py:190} INFO - [2024-12-07T09:25:21.869+0000] {dag.py:4180} INFO - Setting next_dagrun for dataset_alias_example_alias_consumer_with_no_taskflow to None, run_after=None
[2024-12-07T09:25:21.871+0000] {logging_mixin.py:190} INFO - [2024-12-07T09:25:21.871+0000] {dag.py:4180} INFO - Setting next_dagrun for dataset_alias_example_alias_producer_with_no_taskflow to None, run_after=None
[2024-12-07T09:25:21.872+0000] {logging_mixin.py:190} INFO - [2024-12-07T09:25:21.872+0000] {dag.py:4180} INFO - Setting next_dagrun for dataset_s3_bucket_consumer_with_no_taskflow to None, run_after=None
[2024-12-07T09:25:21.873+0000] {logging_mixin.py:190} INFO - [2024-12-07T09:25:21.873+0000] {dag.py:4180} INFO - Setting next_dagrun for dataset_s3_bucket_producer_with_no_taskflow to None, run_after=None
[2024-12-07T09:25:21.892+0000] {processor.py:208} INFO - Processing /home/airflow/.local/lib/python3.12/site-packages/airflow/example_dags/example_dataset_alias_with_no_taskflow.py took 0.577 seconds
[2024-12-07T09:25:51.929+0000] {processor.py:186} INFO - Started process (PID=1443) to work on /home/airflow/.local/lib/python3.12/site-packages/airflow/example_dags/example_dataset_alias_with_no_taskflow.py
[2024-12-07T09:25:51.929+0000] {processor.py:914} INFO - Processing file /home/airflow/.local/lib/python3.12/site-packages/airflow/example_dags/example_dataset_alias_with_no_taskflow.py for tasks to queue
[2024-12-07T09:25:51.932+0000] {logging_mixin.py:190} INFO - [2024-12-07T09:25:51.931+0000] {dagbag.py:588} INFO - Filling up the DagBag from /home/airflow/.local/lib/python3.12/site-packages/airflow/example_dags/example_dataset_alias_with_no_taskflow.py
[2024-12-07T09:25:52.433+0000] {processor.py:925} INFO - DAG(s) 'dataset_s3_bucket_producer_with_no_taskflow', 'dataset_alias_example_alias_consumer_with_no_taskflow', 'dataset_alias_example_alias_producer_with_no_taskflow', 'dataset_s3_bucket_consumer_with_no_taskflow' retrieved from /home/airflow/.local/lib/python3.12/site-packages/airflow/example_dags/example_dataset_alias_with_no_taskflow.py
[2024-12-07T09:25:52.448+0000] {logging_mixin.py:190} INFO - [2024-12-07T09:25:52.447+0000] {dag.py:3239} INFO - Sync 4 DAGs
[2024-12-07T09:25:52.465+0000] {logging_mixin.py:190} INFO - [2024-12-07T09:25:52.465+0000] {dag.py:4180} INFO - Setting next_dagrun for dataset_alias_example_alias_consumer_with_no_taskflow to None, run_after=None
[2024-12-07T09:25:52.467+0000] {logging_mixin.py:190} INFO - [2024-12-07T09:25:52.467+0000] {dag.py:4180} INFO - Setting next_dagrun for dataset_alias_example_alias_producer_with_no_taskflow to None, run_after=None
[2024-12-07T09:25:52.468+0000] {logging_mixin.py:190} INFO - [2024-12-07T09:25:52.468+0000] {dag.py:4180} INFO - Setting next_dagrun for dataset_s3_bucket_consumer_with_no_taskflow to None, run_after=None
[2024-12-07T09:25:52.469+0000] {logging_mixin.py:190} INFO - [2024-12-07T09:25:52.468+0000] {dag.py:4180} INFO - Setting next_dagrun for dataset_s3_bucket_producer_with_no_taskflow to None, run_after=None
[2024-12-07T09:25:52.485+0000] {processor.py:208} INFO - Processing /home/airflow/.local/lib/python3.12/site-packages/airflow/example_dags/example_dataset_alias_with_no_taskflow.py took 0.560 seconds
[2024-12-07T09:26:23.887+0000] {processor.py:186} INFO - Started process (PID=1507) to work on /home/airflow/.local/lib/python3.12/site-packages/airflow/example_dags/example_dataset_alias_with_no_taskflow.py
[2024-12-07T09:26:23.888+0000] {processor.py:914} INFO - Processing file /home/airflow/.local/lib/python3.12/site-packages/airflow/example_dags/example_dataset_alias_with_no_taskflow.py for tasks to queue
[2024-12-07T09:26:23.890+0000] {logging_mixin.py:190} INFO - [2024-12-07T09:26:23.890+0000] {dagbag.py:588} INFO - Filling up the DagBag from /home/airflow/.local/lib/python3.12/site-packages/airflow/example_dags/example_dataset_alias_with_no_taskflow.py
[2024-12-07T09:26:24.421+0000] {processor.py:925} INFO - DAG(s) 'dataset_alias_example_alias_consumer_with_no_taskflow', 'dataset_alias_example_alias_producer_with_no_taskflow', 'dataset_s3_bucket_consumer_with_no_taskflow', 'dataset_s3_bucket_producer_with_no_taskflow' retrieved from /home/airflow/.local/lib/python3.12/site-packages/airflow/example_dags/example_dataset_alias_with_no_taskflow.py
[2024-12-07T09:26:24.437+0000] {logging_mixin.py:190} INFO - [2024-12-07T09:26:24.436+0000] {dag.py:3239} INFO - Sync 4 DAGs
[2024-12-07T09:26:24.463+0000] {logging_mixin.py:190} INFO - [2024-12-07T09:26:24.463+0000] {dag.py:4180} INFO - Setting next_dagrun for dataset_alias_example_alias_consumer_with_no_taskflow to None, run_after=None
[2024-12-07T09:26:24.466+0000] {logging_mixin.py:190} INFO - [2024-12-07T09:26:24.466+0000] {dag.py:4180} INFO - Setting next_dagrun for dataset_alias_example_alias_producer_with_no_taskflow to None, run_after=None
[2024-12-07T09:26:24.467+0000] {logging_mixin.py:190} INFO - [2024-12-07T09:26:24.467+0000] {dag.py:4180} INFO - Setting next_dagrun for dataset_s3_bucket_consumer_with_no_taskflow to None, run_after=None
[2024-12-07T09:26:24.469+0000] {logging_mixin.py:190} INFO - [2024-12-07T09:26:24.468+0000] {dag.py:4180} INFO - Setting next_dagrun for dataset_s3_bucket_producer_with_no_taskflow to None, run_after=None
[2024-12-07T09:26:24.488+0000] {processor.py:208} INFO - Processing /home/airflow/.local/lib/python3.12/site-packages/airflow/example_dags/example_dataset_alias_with_no_taskflow.py took 0.605 seconds
[2024-12-07T09:26:55.103+0000] {processor.py:186} INFO - Started process (PID=1576) to work on /home/airflow/.local/lib/python3.12/site-packages/airflow/example_dags/example_dataset_alias_with_no_taskflow.py
[2024-12-07T09:26:55.103+0000] {processor.py:914} INFO - Processing file /home/airflow/.local/lib/python3.12/site-packages/airflow/example_dags/example_dataset_alias_with_no_taskflow.py for tasks to queue
[2024-12-07T09:26:55.106+0000] {logging_mixin.py:190} INFO - [2024-12-07T09:26:55.105+0000] {dagbag.py:588} INFO - Filling up the DagBag from /home/airflow/.local/lib/python3.12/site-packages/airflow/example_dags/example_dataset_alias_with_no_taskflow.py
[2024-12-07T09:26:55.657+0000] {processor.py:925} INFO - DAG(s) 'dataset_s3_bucket_consumer_with_no_taskflow', 'dataset_alias_example_alias_producer_with_no_taskflow', 'dataset_s3_bucket_producer_with_no_taskflow', 'dataset_alias_example_alias_consumer_with_no_taskflow' retrieved from /home/airflow/.local/lib/python3.12/site-packages/airflow/example_dags/example_dataset_alias_with_no_taskflow.py
[2024-12-07T09:26:55.680+0000] {logging_mixin.py:190} INFO - [2024-12-07T09:26:55.680+0000] {dag.py:3239} INFO - Sync 4 DAGs
[2024-12-07T09:26:55.706+0000] {logging_mixin.py:190} INFO - [2024-12-07T09:26:55.706+0000] {dag.py:4180} INFO - Setting next_dagrun for dataset_alias_example_alias_consumer_with_no_taskflow to None, run_after=None
[2024-12-07T09:26:55.708+0000] {logging_mixin.py:190} INFO - [2024-12-07T09:26:55.708+0000] {dag.py:4180} INFO - Setting next_dagrun for dataset_alias_example_alias_producer_with_no_taskflow to None, run_after=None
[2024-12-07T09:26:55.709+0000] {logging_mixin.py:190} INFO - [2024-12-07T09:26:55.709+0000] {dag.py:4180} INFO - Setting next_dagrun for dataset_s3_bucket_consumer_with_no_taskflow to None, run_after=None
[2024-12-07T09:26:55.710+0000] {logging_mixin.py:190} INFO - [2024-12-07T09:26:55.710+0000] {dag.py:4180} INFO - Setting next_dagrun for dataset_s3_bucket_producer_with_no_taskflow to None, run_after=None
[2024-12-07T09:26:55.729+0000] {processor.py:208} INFO - Processing /home/airflow/.local/lib/python3.12/site-packages/airflow/example_dags/example_dataset_alias_with_no_taskflow.py took 0.632 seconds
[2024-12-07T09:27:26.308+0000] {processor.py:186} INFO - Started process (PID=1639) to work on /home/airflow/.local/lib/python3.12/site-packages/airflow/example_dags/example_dataset_alias_with_no_taskflow.py
[2024-12-07T09:27:26.308+0000] {processor.py:914} INFO - Processing file /home/airflow/.local/lib/python3.12/site-packages/airflow/example_dags/example_dataset_alias_with_no_taskflow.py for tasks to queue
[2024-12-07T09:27:26.310+0000] {logging_mixin.py:190} INFO - [2024-12-07T09:27:26.310+0000] {dagbag.py:588} INFO - Filling up the DagBag from /home/airflow/.local/lib/python3.12/site-packages/airflow/example_dags/example_dataset_alias_with_no_taskflow.py
[2024-12-07T09:27:26.829+0000] {processor.py:925} INFO - DAG(s) 'dataset_s3_bucket_consumer_with_no_taskflow', 'dataset_alias_example_alias_producer_with_no_taskflow', 'dataset_s3_bucket_producer_with_no_taskflow', 'dataset_alias_example_alias_consumer_with_no_taskflow' retrieved from /home/airflow/.local/lib/python3.12/site-packages/airflow/example_dags/example_dataset_alias_with_no_taskflow.py
[2024-12-07T09:27:26.847+0000] {logging_mixin.py:190} INFO - [2024-12-07T09:27:26.846+0000] {dag.py:3239} INFO - Sync 4 DAGs
[2024-12-07T09:27:26.867+0000] {logging_mixin.py:190} INFO - [2024-12-07T09:27:26.867+0000] {dag.py:4180} INFO - Setting next_dagrun for dataset_alias_example_alias_consumer_with_no_taskflow to None, run_after=None
[2024-12-07T09:27:26.869+0000] {logging_mixin.py:190} INFO - [2024-12-07T09:27:26.869+0000] {dag.py:4180} INFO - Setting next_dagrun for dataset_alias_example_alias_producer_with_no_taskflow to None, run_after=None
[2024-12-07T09:27:26.870+0000] {logging_mixin.py:190} INFO - [2024-12-07T09:27:26.870+0000] {dag.py:4180} INFO - Setting next_dagrun for dataset_s3_bucket_consumer_with_no_taskflow to None, run_after=None
[2024-12-07T09:27:26.871+0000] {logging_mixin.py:190} INFO - [2024-12-07T09:27:26.871+0000] {dag.py:4180} INFO - Setting next_dagrun for dataset_s3_bucket_producer_with_no_taskflow to None, run_after=None
[2024-12-07T09:27:26.887+0000] {processor.py:208} INFO - Processing /home/airflow/.local/lib/python3.12/site-packages/airflow/example_dags/example_dataset_alias_with_no_taskflow.py took 0.584 seconds
