[2024-12-07T09:14:53.822+0000] {processor.py:186} INFO - Started process (PID=69) to work on /home/airflow/.local/lib/python3.12/site-packages/airflow/example_dags/example_xcomargs.py
[2024-12-07T09:14:53.822+0000] {processor.py:914} INFO - Processing file /home/airflow/.local/lib/python3.12/site-packages/airflow/example_dags/example_xcomargs.py for tasks to queue
[2024-12-07T09:14:53.825+0000] {logging_mixin.py:190} INFO - [2024-12-07T09:14:53.824+0000] {dagbag.py:588} INFO - Filling up the DagBag from /home/airflow/.local/lib/python3.12/site-packages/airflow/example_dags/example_xcomargs.py
[2024-12-07T09:14:53.849+0000] {processor.py:925} INFO - DAG(s) 'example_xcom_args', 'example_xcom_args_with_operators' retrieved from /home/airflow/.local/lib/python3.12/site-packages/airflow/example_dags/example_xcomargs.py
[2024-12-07T09:14:54.032+0000] {logging_mixin.py:190} INFO - [2024-12-07T09:14:54.031+0000] {override.py:1911} INFO - Created Permission View: can delete on DAG:example_xcom_args
[2024-12-07T09:14:54.049+0000] {logging_mixin.py:190} INFO - [2024-12-07T09:14:54.049+0000] {override.py:1911} INFO - Created Permission View: can edit on DAG:example_xcom_args
[2024-12-07T09:14:54.056+0000] {logging_mixin.py:190} INFO - [2024-12-07T09:14:54.056+0000] {override.py:1911} INFO - Created Permission View: can read on DAG:example_xcom_args
[2024-12-07T09:14:54.066+0000] {logging_mixin.py:190} INFO - [2024-12-07T09:14:54.065+0000] {override.py:1911} INFO - Created Permission View: can delete on DAG Run:example_xcom_args
[2024-12-07T09:14:54.076+0000] {logging_mixin.py:190} INFO - [2024-12-07T09:14:54.076+0000] {override.py:1911} INFO - Created Permission View: menu access on DAG Run:example_xcom_args
[2024-12-07T09:14:54.084+0000] {logging_mixin.py:190} INFO - [2024-12-07T09:14:54.084+0000] {override.py:1911} INFO - Created Permission View: can create on DAG Run:example_xcom_args
[2024-12-07T09:14:54.096+0000] {logging_mixin.py:190} INFO - [2024-12-07T09:14:54.096+0000] {override.py:1911} INFO - Created Permission View: can read on DAG Run:example_xcom_args
[2024-12-07T09:14:54.143+0000] {logging_mixin.py:190} INFO - [2024-12-07T09:14:54.143+0000] {override.py:1911} INFO - Created Permission View: can delete on DAG:example_xcom_args_with_operators
[2024-12-07T09:14:54.150+0000] {logging_mixin.py:190} INFO - [2024-12-07T09:14:54.150+0000] {override.py:1911} INFO - Created Permission View: can edit on DAG:example_xcom_args_with_operators
[2024-12-07T09:14:54.155+0000] {logging_mixin.py:190} INFO - [2024-12-07T09:14:54.155+0000] {override.py:1911} INFO - Created Permission View: can read on DAG:example_xcom_args_with_operators
[2024-12-07T09:14:54.163+0000] {logging_mixin.py:190} INFO - [2024-12-07T09:14:54.163+0000] {override.py:1911} INFO - Created Permission View: can delete on DAG Run:example_xcom_args_with_operators
[2024-12-07T09:14:54.173+0000] {logging_mixin.py:190} INFO - [2024-12-07T09:14:54.173+0000] {override.py:1911} INFO - Created Permission View: menu access on DAG Run:example_xcom_args_with_operators
[2024-12-07T09:14:54.179+0000] {logging_mixin.py:190} INFO - [2024-12-07T09:14:54.179+0000] {override.py:1911} INFO - Created Permission View: can create on DAG Run:example_xcom_args_with_operators
[2024-12-07T09:14:54.185+0000] {logging_mixin.py:190} INFO - [2024-12-07T09:14:54.184+0000] {override.py:1911} INFO - Created Permission View: can read on DAG Run:example_xcom_args_with_operators
[2024-12-07T09:14:54.185+0000] {logging_mixin.py:190} INFO - [2024-12-07T09:14:54.185+0000] {dag.py:3239} INFO - Sync 2 DAGs
[2024-12-07T09:14:54.203+0000] {logging_mixin.py:190} INFO - [2024-12-07T09:14:54.202+0000] {dag.py:3262} INFO - Creating ORM DAG for example_xcom_args_with_operators
[2024-12-07T09:14:54.203+0000] {logging_mixin.py:190} INFO - [2024-12-07T09:14:54.203+0000] {dag.py:3262} INFO - Creating ORM DAG for example_xcom_args
[2024-12-07T09:14:54.204+0000] {logging_mixin.py:190} INFO - [2024-12-07T09:14:54.204+0000] {dag.py:4180} INFO - Setting next_dagrun for example_xcom_args to None, run_after=None
[2024-12-07T09:14:54.205+0000] {logging_mixin.py:190} INFO - [2024-12-07T09:14:54.205+0000] {dag.py:4180} INFO - Setting next_dagrun for example_xcom_args_with_operators to None, run_after=None
[2024-12-07T09:14:54.227+0000] {processor.py:208} INFO - Processing /home/airflow/.local/lib/python3.12/site-packages/airflow/example_dags/example_xcomargs.py took 0.412 seconds
[2024-12-07T09:15:24.611+0000] {processor.py:186} INFO - Started process (PID=132) to work on /home/airflow/.local/lib/python3.12/site-packages/airflow/example_dags/example_xcomargs.py
[2024-12-07T09:15:24.612+0000] {processor.py:914} INFO - Processing file /home/airflow/.local/lib/python3.12/site-packages/airflow/example_dags/example_xcomargs.py for tasks to queue
[2024-12-07T09:15:24.613+0000] {logging_mixin.py:190} INFO - [2024-12-07T09:15:24.613+0000] {dagbag.py:588} INFO - Filling up the DagBag from /home/airflow/.local/lib/python3.12/site-packages/airflow/example_dags/example_xcomargs.py
[2024-12-07T09:15:24.621+0000] {processor.py:925} INFO - DAG(s) 'example_xcom_args_with_operators', 'example_xcom_args' retrieved from /home/airflow/.local/lib/python3.12/site-packages/airflow/example_dags/example_xcomargs.py
[2024-12-07T09:15:24.640+0000] {logging_mixin.py:190} INFO - [2024-12-07T09:15:24.640+0000] {dag.py:3239} INFO - Sync 2 DAGs
[2024-12-07T09:15:24.652+0000] {logging_mixin.py:190} INFO - [2024-12-07T09:15:24.652+0000] {dag.py:4180} INFO - Setting next_dagrun for example_xcom_args to None, run_after=None
[2024-12-07T09:15:24.655+0000] {logging_mixin.py:190} INFO - [2024-12-07T09:15:24.655+0000] {dag.py:4180} INFO - Setting next_dagrun for example_xcom_args_with_operators to None, run_after=None
[2024-12-07T09:15:24.666+0000] {processor.py:208} INFO - Processing /home/airflow/.local/lib/python3.12/site-packages/airflow/example_dags/example_xcomargs.py took 0.059 seconds
[2024-12-07T09:15:54.699+0000] {processor.py:186} INFO - Started process (PID=195) to work on /home/airflow/.local/lib/python3.12/site-packages/airflow/example_dags/example_xcomargs.py
[2024-12-07T09:15:54.699+0000] {processor.py:914} INFO - Processing file /home/airflow/.local/lib/python3.12/site-packages/airflow/example_dags/example_xcomargs.py for tasks to queue
[2024-12-07T09:15:54.701+0000] {logging_mixin.py:190} INFO - [2024-12-07T09:15:54.701+0000] {dagbag.py:588} INFO - Filling up the DagBag from /home/airflow/.local/lib/python3.12/site-packages/airflow/example_dags/example_xcomargs.py
[2024-12-07T09:15:54.709+0000] {processor.py:925} INFO - DAG(s) 'example_xcom_args', 'example_xcom_args_with_operators' retrieved from /home/airflow/.local/lib/python3.12/site-packages/airflow/example_dags/example_xcomargs.py
[2024-12-07T09:15:54.726+0000] {logging_mixin.py:190} INFO - [2024-12-07T09:15:54.726+0000] {dag.py:3239} INFO - Sync 2 DAGs
[2024-12-07T09:15:54.738+0000] {logging_mixin.py:190} INFO - [2024-12-07T09:15:54.738+0000] {dag.py:4180} INFO - Setting next_dagrun for example_xcom_args to None, run_after=None
[2024-12-07T09:15:54.741+0000] {logging_mixin.py:190} INFO - [2024-12-07T09:15:54.740+0000] {dag.py:4180} INFO - Setting next_dagrun for example_xcom_args_with_operators to None, run_after=None
[2024-12-07T09:15:54.751+0000] {processor.py:208} INFO - Processing /home/airflow/.local/lib/python3.12/site-packages/airflow/example_dags/example_xcomargs.py took 0.057 seconds
[2024-12-07T09:16:24.826+0000] {processor.py:186} INFO - Started process (PID=258) to work on /home/airflow/.local/lib/python3.12/site-packages/airflow/example_dags/example_xcomargs.py
[2024-12-07T09:16:24.826+0000] {processor.py:914} INFO - Processing file /home/airflow/.local/lib/python3.12/site-packages/airflow/example_dags/example_xcomargs.py for tasks to queue
[2024-12-07T09:16:24.828+0000] {logging_mixin.py:190} INFO - [2024-12-07T09:16:24.828+0000] {dagbag.py:588} INFO - Filling up the DagBag from /home/airflow/.local/lib/python3.12/site-packages/airflow/example_dags/example_xcomargs.py
[2024-12-07T09:16:24.836+0000] {processor.py:925} INFO - DAG(s) 'example_xcom_args', 'example_xcom_args_with_operators' retrieved from /home/airflow/.local/lib/python3.12/site-packages/airflow/example_dags/example_xcomargs.py
[2024-12-07T09:16:24.855+0000] {logging_mixin.py:190} INFO - [2024-12-07T09:16:24.855+0000] {dag.py:3239} INFO - Sync 2 DAGs
[2024-12-07T09:16:24.867+0000] {logging_mixin.py:190} INFO - [2024-12-07T09:16:24.867+0000] {dag.py:4180} INFO - Setting next_dagrun for example_xcom_args to None, run_after=None
[2024-12-07T09:16:24.870+0000] {logging_mixin.py:190} INFO - [2024-12-07T09:16:24.870+0000] {dag.py:4180} INFO - Setting next_dagrun for example_xcom_args_with_operators to None, run_after=None
[2024-12-07T09:16:24.882+0000] {processor.py:208} INFO - Processing /home/airflow/.local/lib/python3.12/site-packages/airflow/example_dags/example_xcomargs.py took 0.061 seconds
[2024-12-07T09:16:55.580+0000] {processor.py:186} INFO - Started process (PID=321) to work on /home/airflow/.local/lib/python3.12/site-packages/airflow/example_dags/example_xcomargs.py
[2024-12-07T09:16:55.581+0000] {processor.py:914} INFO - Processing file /home/airflow/.local/lib/python3.12/site-packages/airflow/example_dags/example_xcomargs.py for tasks to queue
[2024-12-07T09:16:55.583+0000] {logging_mixin.py:190} INFO - [2024-12-07T09:16:55.583+0000] {dagbag.py:588} INFO - Filling up the DagBag from /home/airflow/.local/lib/python3.12/site-packages/airflow/example_dags/example_xcomargs.py
[2024-12-07T09:16:55.595+0000] {processor.py:925} INFO - DAG(s) 'example_xcom_args', 'example_xcom_args_with_operators' retrieved from /home/airflow/.local/lib/python3.12/site-packages/airflow/example_dags/example_xcomargs.py
[2024-12-07T09:16:55.616+0000] {logging_mixin.py:190} INFO - [2024-12-07T09:16:55.616+0000] {dag.py:3239} INFO - Sync 2 DAGs
[2024-12-07T09:16:55.631+0000] {logging_mixin.py:190} INFO - [2024-12-07T09:16:55.631+0000] {dag.py:4180} INFO - Setting next_dagrun for example_xcom_args to None, run_after=None
[2024-12-07T09:16:55.634+0000] {logging_mixin.py:190} INFO - [2024-12-07T09:16:55.634+0000] {dag.py:4180} INFO - Setting next_dagrun for example_xcom_args_with_operators to None, run_after=None
[2024-12-07T09:16:55.646+0000] {processor.py:208} INFO - Processing /home/airflow/.local/lib/python3.12/site-packages/airflow/example_dags/example_xcomargs.py took 0.071 seconds
[2024-12-07T09:17:26.540+0000] {processor.py:186} INFO - Started process (PID=384) to work on /home/airflow/.local/lib/python3.12/site-packages/airflow/example_dags/example_xcomargs.py
[2024-12-07T09:17:26.540+0000] {processor.py:914} INFO - Processing file /home/airflow/.local/lib/python3.12/site-packages/airflow/example_dags/example_xcomargs.py for tasks to queue
[2024-12-07T09:17:26.542+0000] {logging_mixin.py:190} INFO - [2024-12-07T09:17:26.541+0000] {dagbag.py:588} INFO - Filling up the DagBag from /home/airflow/.local/lib/python3.12/site-packages/airflow/example_dags/example_xcomargs.py
[2024-12-07T09:17:26.549+0000] {processor.py:925} INFO - DAG(s) 'example_xcom_args', 'example_xcom_args_with_operators' retrieved from /home/airflow/.local/lib/python3.12/site-packages/airflow/example_dags/example_xcomargs.py
[2024-12-07T09:17:26.570+0000] {logging_mixin.py:190} INFO - [2024-12-07T09:17:26.569+0000] {dag.py:3239} INFO - Sync 2 DAGs
[2024-12-07T09:17:26.583+0000] {logging_mixin.py:190} INFO - [2024-12-07T09:17:26.583+0000] {dag.py:4180} INFO - Setting next_dagrun for example_xcom_args to None, run_after=None
[2024-12-07T09:17:26.586+0000] {logging_mixin.py:190} INFO - [2024-12-07T09:17:26.586+0000] {dag.py:4180} INFO - Setting next_dagrun for example_xcom_args_with_operators to None, run_after=None
[2024-12-07T09:17:26.598+0000] {processor.py:208} INFO - Processing /home/airflow/.local/lib/python3.12/site-packages/airflow/example_dags/example_xcomargs.py took 0.064 seconds
[2024-12-07T09:17:57.124+0000] {processor.py:186} INFO - Started process (PID=447) to work on /home/airflow/.local/lib/python3.12/site-packages/airflow/example_dags/example_xcomargs.py
[2024-12-07T09:17:57.125+0000] {processor.py:914} INFO - Processing file /home/airflow/.local/lib/python3.12/site-packages/airflow/example_dags/example_xcomargs.py for tasks to queue
[2024-12-07T09:17:57.127+0000] {logging_mixin.py:190} INFO - [2024-12-07T09:17:57.126+0000] {dagbag.py:588} INFO - Filling up the DagBag from /home/airflow/.local/lib/python3.12/site-packages/airflow/example_dags/example_xcomargs.py
[2024-12-07T09:17:57.134+0000] {processor.py:925} INFO - DAG(s) 'example_xcom_args', 'example_xcom_args_with_operators' retrieved from /home/airflow/.local/lib/python3.12/site-packages/airflow/example_dags/example_xcomargs.py
[2024-12-07T09:17:57.152+0000] {logging_mixin.py:190} INFO - [2024-12-07T09:17:57.152+0000] {dag.py:3239} INFO - Sync 2 DAGs
[2024-12-07T09:17:57.163+0000] {logging_mixin.py:190} INFO - [2024-12-07T09:17:57.163+0000] {dag.py:4180} INFO - Setting next_dagrun for example_xcom_args to None, run_after=None
[2024-12-07T09:17:57.166+0000] {logging_mixin.py:190} INFO - [2024-12-07T09:17:57.166+0000] {dag.py:4180} INFO - Setting next_dagrun for example_xcom_args_with_operators to None, run_after=None
[2024-12-07T09:17:57.177+0000] {processor.py:208} INFO - Processing /home/airflow/.local/lib/python3.12/site-packages/airflow/example_dags/example_xcomargs.py took 0.057 seconds
[2024-12-07T09:18:27.291+0000] {processor.py:186} INFO - Started process (PID=510) to work on /home/airflow/.local/lib/python3.12/site-packages/airflow/example_dags/example_xcomargs.py
[2024-12-07T09:18:27.292+0000] {processor.py:914} INFO - Processing file /home/airflow/.local/lib/python3.12/site-packages/airflow/example_dags/example_xcomargs.py for tasks to queue
[2024-12-07T09:18:27.294+0000] {logging_mixin.py:190} INFO - [2024-12-07T09:18:27.293+0000] {dagbag.py:588} INFO - Filling up the DagBag from /home/airflow/.local/lib/python3.12/site-packages/airflow/example_dags/example_xcomargs.py
[2024-12-07T09:18:27.304+0000] {processor.py:925} INFO - DAG(s) 'example_xcom_args_with_operators', 'example_xcom_args' retrieved from /home/airflow/.local/lib/python3.12/site-packages/airflow/example_dags/example_xcomargs.py
[2024-12-07T09:18:27.325+0000] {logging_mixin.py:190} INFO - [2024-12-07T09:18:27.325+0000] {dag.py:3239} INFO - Sync 2 DAGs
[2024-12-07T09:18:27.340+0000] {logging_mixin.py:190} INFO - [2024-12-07T09:18:27.340+0000] {dag.py:4180} INFO - Setting next_dagrun for example_xcom_args to None, run_after=None
[2024-12-07T09:18:27.343+0000] {logging_mixin.py:190} INFO - [2024-12-07T09:18:27.343+0000] {dag.py:4180} INFO - Setting next_dagrun for example_xcom_args_with_operators to None, run_after=None
[2024-12-07T09:18:27.355+0000] {processor.py:208} INFO - Processing /home/airflow/.local/lib/python3.12/site-packages/airflow/example_dags/example_xcomargs.py took 0.069 seconds
[2024-12-07T09:18:57.510+0000] {processor.py:186} INFO - Started process (PID=573) to work on /home/airflow/.local/lib/python3.12/site-packages/airflow/example_dags/example_xcomargs.py
[2024-12-07T09:18:57.511+0000] {processor.py:914} INFO - Processing file /home/airflow/.local/lib/python3.12/site-packages/airflow/example_dags/example_xcomargs.py for tasks to queue
[2024-12-07T09:18:57.513+0000] {logging_mixin.py:190} INFO - [2024-12-07T09:18:57.512+0000] {dagbag.py:588} INFO - Filling up the DagBag from /home/airflow/.local/lib/python3.12/site-packages/airflow/example_dags/example_xcomargs.py
[2024-12-07T09:18:57.520+0000] {processor.py:925} INFO - DAG(s) 'example_xcom_args', 'example_xcom_args_with_operators' retrieved from /home/airflow/.local/lib/python3.12/site-packages/airflow/example_dags/example_xcomargs.py
[2024-12-07T09:18:57.537+0000] {logging_mixin.py:190} INFO - [2024-12-07T09:18:57.537+0000] {dag.py:3239} INFO - Sync 2 DAGs
[2024-12-07T09:18:57.548+0000] {logging_mixin.py:190} INFO - [2024-12-07T09:18:57.548+0000] {dag.py:4180} INFO - Setting next_dagrun for example_xcom_args to None, run_after=None
[2024-12-07T09:18:57.551+0000] {logging_mixin.py:190} INFO - [2024-12-07T09:18:57.551+0000] {dag.py:4180} INFO - Setting next_dagrun for example_xcom_args_with_operators to None, run_after=None
[2024-12-07T09:18:57.561+0000] {processor.py:208} INFO - Processing /home/airflow/.local/lib/python3.12/site-packages/airflow/example_dags/example_xcomargs.py took 0.055 seconds
[2024-12-07T09:19:27.767+0000] {processor.py:186} INFO - Started process (PID=636) to work on /home/airflow/.local/lib/python3.12/site-packages/airflow/example_dags/example_xcomargs.py
[2024-12-07T09:19:27.768+0000] {processor.py:914} INFO - Processing file /home/airflow/.local/lib/python3.12/site-packages/airflow/example_dags/example_xcomargs.py for tasks to queue
[2024-12-07T09:19:27.770+0000] {logging_mixin.py:190} INFO - [2024-12-07T09:19:27.770+0000] {dagbag.py:588} INFO - Filling up the DagBag from /home/airflow/.local/lib/python3.12/site-packages/airflow/example_dags/example_xcomargs.py
[2024-12-07T09:19:27.781+0000] {processor.py:925} INFO - DAG(s) 'example_xcom_args_with_operators', 'example_xcom_args' retrieved from /home/airflow/.local/lib/python3.12/site-packages/airflow/example_dags/example_xcomargs.py
[2024-12-07T09:19:27.806+0000] {logging_mixin.py:190} INFO - [2024-12-07T09:19:27.806+0000] {dag.py:3239} INFO - Sync 2 DAGs
[2024-12-07T09:19:27.823+0000] {logging_mixin.py:190} INFO - [2024-12-07T09:19:27.823+0000] {dag.py:4180} INFO - Setting next_dagrun for example_xcom_args to None, run_after=None
[2024-12-07T09:19:27.828+0000] {logging_mixin.py:190} INFO - [2024-12-07T09:19:27.827+0000] {dag.py:4180} INFO - Setting next_dagrun for example_xcom_args_with_operators to None, run_after=None
[2024-12-07T09:19:27.845+0000] {processor.py:208} INFO - Processing /home/airflow/.local/lib/python3.12/site-packages/airflow/example_dags/example_xcomargs.py took 0.083 seconds
[2024-12-07T09:19:58.229+0000] {processor.py:186} INFO - Started process (PID=699) to work on /home/airflow/.local/lib/python3.12/site-packages/airflow/example_dags/example_xcomargs.py
[2024-12-07T09:19:58.230+0000] {processor.py:914} INFO - Processing file /home/airflow/.local/lib/python3.12/site-packages/airflow/example_dags/example_xcomargs.py for tasks to queue
[2024-12-07T09:19:58.232+0000] {logging_mixin.py:190} INFO - [2024-12-07T09:19:58.232+0000] {dagbag.py:588} INFO - Filling up the DagBag from /home/airflow/.local/lib/python3.12/site-packages/airflow/example_dags/example_xcomargs.py
[2024-12-07T09:19:58.244+0000] {processor.py:925} INFO - DAG(s) 'example_xcom_args', 'example_xcom_args_with_operators' retrieved from /home/airflow/.local/lib/python3.12/site-packages/airflow/example_dags/example_xcomargs.py
[2024-12-07T09:19:58.273+0000] {logging_mixin.py:190} INFO - [2024-12-07T09:19:58.272+0000] {dag.py:3239} INFO - Sync 2 DAGs
[2024-12-07T09:19:58.291+0000] {logging_mixin.py:190} INFO - [2024-12-07T09:19:58.291+0000] {dag.py:4180} INFO - Setting next_dagrun for example_xcom_args to None, run_after=None
[2024-12-07T09:19:58.295+0000] {logging_mixin.py:190} INFO - [2024-12-07T09:19:58.295+0000] {dag.py:4180} INFO - Setting next_dagrun for example_xcom_args_with_operators to None, run_after=None
[2024-12-07T09:19:58.309+0000] {processor.py:208} INFO - Processing /home/airflow/.local/lib/python3.12/site-packages/airflow/example_dags/example_xcomargs.py took 0.086 seconds
[2024-12-07T09:20:28.670+0000] {processor.py:186} INFO - Started process (PID=762) to work on /home/airflow/.local/lib/python3.12/site-packages/airflow/example_dags/example_xcomargs.py
[2024-12-07T09:20:28.671+0000] {processor.py:914} INFO - Processing file /home/airflow/.local/lib/python3.12/site-packages/airflow/example_dags/example_xcomargs.py for tasks to queue
[2024-12-07T09:20:28.672+0000] {logging_mixin.py:190} INFO - [2024-12-07T09:20:28.672+0000] {dagbag.py:588} INFO - Filling up the DagBag from /home/airflow/.local/lib/python3.12/site-packages/airflow/example_dags/example_xcomargs.py
[2024-12-07T09:20:28.680+0000] {processor.py:925} INFO - DAG(s) 'example_xcom_args', 'example_xcom_args_with_operators' retrieved from /home/airflow/.local/lib/python3.12/site-packages/airflow/example_dags/example_xcomargs.py
[2024-12-07T09:20:28.702+0000] {logging_mixin.py:190} INFO - [2024-12-07T09:20:28.701+0000] {dag.py:3239} INFO - Sync 2 DAGs
[2024-12-07T09:20:28.717+0000] {logging_mixin.py:190} INFO - [2024-12-07T09:20:28.717+0000] {dag.py:4180} INFO - Setting next_dagrun for example_xcom_args to None, run_after=None
[2024-12-07T09:20:28.720+0000] {logging_mixin.py:190} INFO - [2024-12-07T09:20:28.720+0000] {dag.py:4180} INFO - Setting next_dagrun for example_xcom_args_with_operators to None, run_after=None
[2024-12-07T09:20:28.733+0000] {processor.py:208} INFO - Processing /home/airflow/.local/lib/python3.12/site-packages/airflow/example_dags/example_xcomargs.py took 0.068 seconds
[2024-12-07T09:20:59.619+0000] {processor.py:186} INFO - Started process (PID=825) to work on /home/airflow/.local/lib/python3.12/site-packages/airflow/example_dags/example_xcomargs.py
[2024-12-07T09:20:59.620+0000] {processor.py:914} INFO - Processing file /home/airflow/.local/lib/python3.12/site-packages/airflow/example_dags/example_xcomargs.py for tasks to queue
[2024-12-07T09:20:59.622+0000] {logging_mixin.py:190} INFO - [2024-12-07T09:20:59.622+0000] {dagbag.py:588} INFO - Filling up the DagBag from /home/airflow/.local/lib/python3.12/site-packages/airflow/example_dags/example_xcomargs.py
[2024-12-07T09:20:59.632+0000] {processor.py:925} INFO - DAG(s) 'example_xcom_args_with_operators', 'example_xcom_args' retrieved from /home/airflow/.local/lib/python3.12/site-packages/airflow/example_dags/example_xcomargs.py
[2024-12-07T09:20:59.654+0000] {logging_mixin.py:190} INFO - [2024-12-07T09:20:59.654+0000] {dag.py:3239} INFO - Sync 2 DAGs
[2024-12-07T09:20:59.670+0000] {logging_mixin.py:190} INFO - [2024-12-07T09:20:59.670+0000] {dag.py:4180} INFO - Setting next_dagrun for example_xcom_args to None, run_after=None
[2024-12-07T09:20:59.674+0000] {logging_mixin.py:190} INFO - [2024-12-07T09:20:59.674+0000] {dag.py:4180} INFO - Setting next_dagrun for example_xcom_args_with_operators to None, run_after=None
[2024-12-07T09:20:59.686+0000] {processor.py:208} INFO - Processing /home/airflow/.local/lib/python3.12/site-packages/airflow/example_dags/example_xcomargs.py took 0.071 seconds
[2024-12-07T09:21:30.197+0000] {processor.py:186} INFO - Started process (PID=888) to work on /home/airflow/.local/lib/python3.12/site-packages/airflow/example_dags/example_xcomargs.py
[2024-12-07T09:21:30.197+0000] {processor.py:914} INFO - Processing file /home/airflow/.local/lib/python3.12/site-packages/airflow/example_dags/example_xcomargs.py for tasks to queue
[2024-12-07T09:21:30.199+0000] {logging_mixin.py:190} INFO - [2024-12-07T09:21:30.199+0000] {dagbag.py:588} INFO - Filling up the DagBag from /home/airflow/.local/lib/python3.12/site-packages/airflow/example_dags/example_xcomargs.py
[2024-12-07T09:21:30.206+0000] {processor.py:925} INFO - DAG(s) 'example_xcom_args_with_operators', 'example_xcom_args' retrieved from /home/airflow/.local/lib/python3.12/site-packages/airflow/example_dags/example_xcomargs.py
[2024-12-07T09:21:30.224+0000] {logging_mixin.py:190} INFO - [2024-12-07T09:21:30.224+0000] {dag.py:3239} INFO - Sync 2 DAGs
[2024-12-07T09:21:30.235+0000] {logging_mixin.py:190} INFO - [2024-12-07T09:21:30.235+0000] {dag.py:4180} INFO - Setting next_dagrun for example_xcom_args to None, run_after=None
[2024-12-07T09:21:30.238+0000] {logging_mixin.py:190} INFO - [2024-12-07T09:21:30.238+0000] {dag.py:4180} INFO - Setting next_dagrun for example_xcom_args_with_operators to None, run_after=None
[2024-12-07T09:21:30.252+0000] {processor.py:208} INFO - Processing /home/airflow/.local/lib/python3.12/site-packages/airflow/example_dags/example_xcomargs.py took 0.059 seconds
[2024-12-07T09:22:00.387+0000] {processor.py:186} INFO - Started process (PID=951) to work on /home/airflow/.local/lib/python3.12/site-packages/airflow/example_dags/example_xcomargs.py
[2024-12-07T09:22:00.387+0000] {processor.py:914} INFO - Processing file /home/airflow/.local/lib/python3.12/site-packages/airflow/example_dags/example_xcomargs.py for tasks to queue
[2024-12-07T09:22:00.389+0000] {logging_mixin.py:190} INFO - [2024-12-07T09:22:00.389+0000] {dagbag.py:588} INFO - Filling up the DagBag from /home/airflow/.local/lib/python3.12/site-packages/airflow/example_dags/example_xcomargs.py
[2024-12-07T09:22:00.399+0000] {processor.py:925} INFO - DAG(s) 'example_xcom_args_with_operators', 'example_xcom_args' retrieved from /home/airflow/.local/lib/python3.12/site-packages/airflow/example_dags/example_xcomargs.py
[2024-12-07T09:22:00.420+0000] {logging_mixin.py:190} INFO - [2024-12-07T09:22:00.420+0000] {dag.py:3239} INFO - Sync 2 DAGs
[2024-12-07T09:22:00.436+0000] {logging_mixin.py:190} INFO - [2024-12-07T09:22:00.436+0000] {dag.py:4180} INFO - Setting next_dagrun for example_xcom_args to None, run_after=None
[2024-12-07T09:22:00.439+0000] {logging_mixin.py:190} INFO - [2024-12-07T09:22:00.439+0000] {dag.py:4180} INFO - Setting next_dagrun for example_xcom_args_with_operators to None, run_after=None
[2024-12-07T09:22:00.452+0000] {processor.py:208} INFO - Processing /home/airflow/.local/lib/python3.12/site-packages/airflow/example_dags/example_xcomargs.py took 0.070 seconds
[2024-12-07T09:22:31.216+0000] {processor.py:186} INFO - Started process (PID=1014) to work on /home/airflow/.local/lib/python3.12/site-packages/airflow/example_dags/example_xcomargs.py
[2024-12-07T09:22:31.217+0000] {processor.py:914} INFO - Processing file /home/airflow/.local/lib/python3.12/site-packages/airflow/example_dags/example_xcomargs.py for tasks to queue
[2024-12-07T09:22:31.218+0000] {logging_mixin.py:190} INFO - [2024-12-07T09:22:31.218+0000] {dagbag.py:588} INFO - Filling up the DagBag from /home/airflow/.local/lib/python3.12/site-packages/airflow/example_dags/example_xcomargs.py
[2024-12-07T09:22:31.226+0000] {processor.py:925} INFO - DAG(s) 'example_xcom_args_with_operators', 'example_xcom_args' retrieved from /home/airflow/.local/lib/python3.12/site-packages/airflow/example_dags/example_xcomargs.py
[2024-12-07T09:22:31.243+0000] {logging_mixin.py:190} INFO - [2024-12-07T09:22:31.243+0000] {dag.py:3239} INFO - Sync 2 DAGs
[2024-12-07T09:22:31.254+0000] {logging_mixin.py:190} INFO - [2024-12-07T09:22:31.254+0000] {dag.py:4180} INFO - Setting next_dagrun for example_xcom_args to None, run_after=None
[2024-12-07T09:22:31.257+0000] {logging_mixin.py:190} INFO - [2024-12-07T09:22:31.257+0000] {dag.py:4180} INFO - Setting next_dagrun for example_xcom_args_with_operators to None, run_after=None
[2024-12-07T09:22:31.268+0000] {processor.py:208} INFO - Processing /home/airflow/.local/lib/python3.12/site-packages/airflow/example_dags/example_xcomargs.py took 0.056 seconds
[2024-12-07T09:23:01.935+0000] {processor.py:186} INFO - Started process (PID=1077) to work on /home/airflow/.local/lib/python3.12/site-packages/airflow/example_dags/example_xcomargs.py
[2024-12-07T09:23:01.936+0000] {processor.py:914} INFO - Processing file /home/airflow/.local/lib/python3.12/site-packages/airflow/example_dags/example_xcomargs.py for tasks to queue
[2024-12-07T09:23:01.938+0000] {logging_mixin.py:190} INFO - [2024-12-07T09:23:01.937+0000] {dagbag.py:588} INFO - Filling up the DagBag from /home/airflow/.local/lib/python3.12/site-packages/airflow/example_dags/example_xcomargs.py
[2024-12-07T09:23:01.946+0000] {processor.py:925} INFO - DAG(s) 'example_xcom_args', 'example_xcom_args_with_operators' retrieved from /home/airflow/.local/lib/python3.12/site-packages/airflow/example_dags/example_xcomargs.py
[2024-12-07T09:23:01.966+0000] {logging_mixin.py:190} INFO - [2024-12-07T09:23:01.966+0000] {dag.py:3239} INFO - Sync 2 DAGs
[2024-12-07T09:23:01.982+0000] {logging_mixin.py:190} INFO - [2024-12-07T09:23:01.982+0000] {dag.py:4180} INFO - Setting next_dagrun for example_xcom_args to None, run_after=None
[2024-12-07T09:23:01.986+0000] {logging_mixin.py:190} INFO - [2024-12-07T09:23:01.985+0000] {dag.py:4180} INFO - Setting next_dagrun for example_xcom_args_with_operators to None, run_after=None
[2024-12-07T09:23:01.999+0000] {processor.py:208} INFO - Processing /home/airflow/.local/lib/python3.12/site-packages/airflow/example_dags/example_xcomargs.py took 0.068 seconds
[2024-12-07T09:23:32.713+0000] {processor.py:186} INFO - Started process (PID=1141) to work on /home/airflow/.local/lib/python3.12/site-packages/airflow/example_dags/example_xcomargs.py
[2024-12-07T09:23:32.714+0000] {processor.py:914} INFO - Processing file /home/airflow/.local/lib/python3.12/site-packages/airflow/example_dags/example_xcomargs.py for tasks to queue
[2024-12-07T09:23:32.716+0000] {logging_mixin.py:190} INFO - [2024-12-07T09:23:32.716+0000] {dagbag.py:588} INFO - Filling up the DagBag from /home/airflow/.local/lib/python3.12/site-packages/airflow/example_dags/example_xcomargs.py
[2024-12-07T09:23:32.728+0000] {processor.py:925} INFO - DAG(s) 'example_xcom_args', 'example_xcom_args_with_operators' retrieved from /home/airflow/.local/lib/python3.12/site-packages/airflow/example_dags/example_xcomargs.py
[2024-12-07T09:23:32.755+0000] {logging_mixin.py:190} INFO - [2024-12-07T09:23:32.755+0000] {dag.py:3239} INFO - Sync 2 DAGs
[2024-12-07T09:23:32.773+0000] {logging_mixin.py:190} INFO - [2024-12-07T09:23:32.773+0000] {dag.py:4180} INFO - Setting next_dagrun for example_xcom_args to None, run_after=None
[2024-12-07T09:23:32.777+0000] {logging_mixin.py:190} INFO - [2024-12-07T09:23:32.777+0000] {dag.py:4180} INFO - Setting next_dagrun for example_xcom_args_with_operators to None, run_after=None
[2024-12-07T09:23:32.792+0000] {processor.py:208} INFO - Processing /home/airflow/.local/lib/python3.12/site-packages/airflow/example_dags/example_xcomargs.py took 0.086 seconds
[2024-12-07T09:24:03.540+0000] {processor.py:186} INFO - Started process (PID=1204) to work on /home/airflow/.local/lib/python3.12/site-packages/airflow/example_dags/example_xcomargs.py
[2024-12-07T09:24:03.540+0000] {processor.py:914} INFO - Processing file /home/airflow/.local/lib/python3.12/site-packages/airflow/example_dags/example_xcomargs.py for tasks to queue
[2024-12-07T09:24:03.542+0000] {logging_mixin.py:190} INFO - [2024-12-07T09:24:03.542+0000] {dagbag.py:588} INFO - Filling up the DagBag from /home/airflow/.local/lib/python3.12/site-packages/airflow/example_dags/example_xcomargs.py
[2024-12-07T09:24:03.552+0000] {processor.py:925} INFO - DAG(s) 'example_xcom_args_with_operators', 'example_xcom_args' retrieved from /home/airflow/.local/lib/python3.12/site-packages/airflow/example_dags/example_xcomargs.py
[2024-12-07T09:24:03.569+0000] {logging_mixin.py:190} INFO - [2024-12-07T09:24:03.569+0000] {dag.py:3239} INFO - Sync 2 DAGs
[2024-12-07T09:24:03.581+0000] {logging_mixin.py:190} INFO - [2024-12-07T09:24:03.580+0000] {dag.py:4180} INFO - Setting next_dagrun for example_xcom_args to None, run_after=None
[2024-12-07T09:24:03.583+0000] {logging_mixin.py:190} INFO - [2024-12-07T09:24:03.583+0000] {dag.py:4180} INFO - Setting next_dagrun for example_xcom_args_with_operators to None, run_after=None
[2024-12-07T09:24:03.595+0000] {processor.py:208} INFO - Processing /home/airflow/.local/lib/python3.12/site-packages/airflow/example_dags/example_xcomargs.py took 0.060 seconds
[2024-12-07T09:24:33.984+0000] {processor.py:186} INFO - Started process (PID=1267) to work on /home/airflow/.local/lib/python3.12/site-packages/airflow/example_dags/example_xcomargs.py
[2024-12-07T09:24:33.984+0000] {processor.py:914} INFO - Processing file /home/airflow/.local/lib/python3.12/site-packages/airflow/example_dags/example_xcomargs.py for tasks to queue
[2024-12-07T09:24:33.986+0000] {logging_mixin.py:190} INFO - [2024-12-07T09:24:33.986+0000] {dagbag.py:588} INFO - Filling up the DagBag from /home/airflow/.local/lib/python3.12/site-packages/airflow/example_dags/example_xcomargs.py
[2024-12-07T09:24:33.994+0000] {processor.py:925} INFO - DAG(s) 'example_xcom_args', 'example_xcom_args_with_operators' retrieved from /home/airflow/.local/lib/python3.12/site-packages/airflow/example_dags/example_xcomargs.py
[2024-12-07T09:24:34.013+0000] {logging_mixin.py:190} INFO - [2024-12-07T09:24:34.012+0000] {dag.py:3239} INFO - Sync 2 DAGs
[2024-12-07T09:24:34.024+0000] {logging_mixin.py:190} INFO - [2024-12-07T09:24:34.024+0000] {dag.py:4180} INFO - Setting next_dagrun for example_xcom_args to None, run_after=None
[2024-12-07T09:24:34.027+0000] {logging_mixin.py:190} INFO - [2024-12-07T09:24:34.027+0000] {dag.py:4180} INFO - Setting next_dagrun for example_xcom_args_with_operators to None, run_after=None
[2024-12-07T09:24:34.038+0000] {processor.py:208} INFO - Processing /home/airflow/.local/lib/python3.12/site-packages/airflow/example_dags/example_xcomargs.py took 0.059 seconds
[2024-12-07T09:25:04.294+0000] {processor.py:186} INFO - Started process (PID=1330) to work on /home/airflow/.local/lib/python3.12/site-packages/airflow/example_dags/example_xcomargs.py
[2024-12-07T09:25:04.295+0000] {processor.py:914} INFO - Processing file /home/airflow/.local/lib/python3.12/site-packages/airflow/example_dags/example_xcomargs.py for tasks to queue
[2024-12-07T09:25:04.297+0000] {logging_mixin.py:190} INFO - [2024-12-07T09:25:04.296+0000] {dagbag.py:588} INFO - Filling up the DagBag from /home/airflow/.local/lib/python3.12/site-packages/airflow/example_dags/example_xcomargs.py
[2024-12-07T09:25:04.307+0000] {processor.py:925} INFO - DAG(s) 'example_xcom_args_with_operators', 'example_xcom_args' retrieved from /home/airflow/.local/lib/python3.12/site-packages/airflow/example_dags/example_xcomargs.py
[2024-12-07T09:25:04.328+0000] {logging_mixin.py:190} INFO - [2024-12-07T09:25:04.328+0000] {dag.py:3239} INFO - Sync 2 DAGs
[2024-12-07T09:25:04.343+0000] {logging_mixin.py:190} INFO - [2024-12-07T09:25:04.343+0000] {dag.py:4180} INFO - Setting next_dagrun for example_xcom_args to None, run_after=None
[2024-12-07T09:25:04.346+0000] {logging_mixin.py:190} INFO - [2024-12-07T09:25:04.346+0000] {dag.py:4180} INFO - Setting next_dagrun for example_xcom_args_with_operators to None, run_after=None
[2024-12-07T09:25:04.358+0000] {processor.py:208} INFO - Processing /home/airflow/.local/lib/python3.12/site-packages/airflow/example_dags/example_xcomargs.py took 0.068 seconds
[2024-12-07T09:25:34.681+0000] {processor.py:186} INFO - Started process (PID=1393) to work on /home/airflow/.local/lib/python3.12/site-packages/airflow/example_dags/example_xcomargs.py
[2024-12-07T09:25:34.681+0000] {processor.py:914} INFO - Processing file /home/airflow/.local/lib/python3.12/site-packages/airflow/example_dags/example_xcomargs.py for tasks to queue
[2024-12-07T09:25:34.683+0000] {logging_mixin.py:190} INFO - [2024-12-07T09:25:34.683+0000] {dagbag.py:588} INFO - Filling up the DagBag from /home/airflow/.local/lib/python3.12/site-packages/airflow/example_dags/example_xcomargs.py
[2024-12-07T09:25:34.690+0000] {processor.py:925} INFO - DAG(s) 'example_xcom_args', 'example_xcom_args_with_operators' retrieved from /home/airflow/.local/lib/python3.12/site-packages/airflow/example_dags/example_xcomargs.py
[2024-12-07T09:25:34.707+0000] {logging_mixin.py:190} INFO - [2024-12-07T09:25:34.707+0000] {dag.py:3239} INFO - Sync 2 DAGs
[2024-12-07T09:25:34.718+0000] {logging_mixin.py:190} INFO - [2024-12-07T09:25:34.718+0000] {dag.py:4180} INFO - Setting next_dagrun for example_xcom_args to None, run_after=None
[2024-12-07T09:25:34.721+0000] {logging_mixin.py:190} INFO - [2024-12-07T09:25:34.720+0000] {dag.py:4180} INFO - Setting next_dagrun for example_xcom_args_with_operators to None, run_after=None
[2024-12-07T09:25:34.733+0000] {processor.py:208} INFO - Processing /home/airflow/.local/lib/python3.12/site-packages/airflow/example_dags/example_xcomargs.py took 0.057 seconds
[2024-12-07T09:26:04.900+0000] {processor.py:186} INFO - Started process (PID=1456) to work on /home/airflow/.local/lib/python3.12/site-packages/airflow/example_dags/example_xcomargs.py
[2024-12-07T09:26:04.900+0000] {processor.py:914} INFO - Processing file /home/airflow/.local/lib/python3.12/site-packages/airflow/example_dags/example_xcomargs.py for tasks to queue
[2024-12-07T09:26:04.902+0000] {logging_mixin.py:190} INFO - [2024-12-07T09:26:04.902+0000] {dagbag.py:588} INFO - Filling up the DagBag from /home/airflow/.local/lib/python3.12/site-packages/airflow/example_dags/example_xcomargs.py
[2024-12-07T09:26:04.909+0000] {processor.py:925} INFO - DAG(s) 'example_xcom_args', 'example_xcom_args_with_operators' retrieved from /home/airflow/.local/lib/python3.12/site-packages/airflow/example_dags/example_xcomargs.py
[2024-12-07T09:26:04.931+0000] {logging_mixin.py:190} INFO - [2024-12-07T09:26:04.931+0000] {dag.py:3239} INFO - Sync 2 DAGs
[2024-12-07T09:26:04.946+0000] {logging_mixin.py:190} INFO - [2024-12-07T09:26:04.946+0000] {dag.py:4180} INFO - Setting next_dagrun for example_xcom_args to None, run_after=None
[2024-12-07T09:26:04.950+0000] {logging_mixin.py:190} INFO - [2024-12-07T09:26:04.949+0000] {dag.py:4180} INFO - Setting next_dagrun for example_xcom_args_with_operators to None, run_after=None
[2024-12-07T09:26:04.963+0000] {processor.py:208} INFO - Processing /home/airflow/.local/lib/python3.12/site-packages/airflow/example_dags/example_xcomargs.py took 0.068 seconds
[2024-12-07T09:26:35.255+0000] {processor.py:186} INFO - Started process (PID=1519) to work on /home/airflow/.local/lib/python3.12/site-packages/airflow/example_dags/example_xcomargs.py
[2024-12-07T09:26:35.255+0000] {processor.py:914} INFO - Processing file /home/airflow/.local/lib/python3.12/site-packages/airflow/example_dags/example_xcomargs.py for tasks to queue
[2024-12-07T09:26:35.257+0000] {logging_mixin.py:190} INFO - [2024-12-07T09:26:35.257+0000] {dagbag.py:588} INFO - Filling up the DagBag from /home/airflow/.local/lib/python3.12/site-packages/airflow/example_dags/example_xcomargs.py
[2024-12-07T09:26:35.265+0000] {processor.py:925} INFO - DAG(s) 'example_xcom_args', 'example_xcom_args_with_operators' retrieved from /home/airflow/.local/lib/python3.12/site-packages/airflow/example_dags/example_xcomargs.py
[2024-12-07T09:26:35.282+0000] {logging_mixin.py:190} INFO - [2024-12-07T09:26:35.282+0000] {dag.py:3239} INFO - Sync 2 DAGs
[2024-12-07T09:26:35.294+0000] {logging_mixin.py:190} INFO - [2024-12-07T09:26:35.293+0000] {dag.py:4180} INFO - Setting next_dagrun for example_xcom_args to None, run_after=None
[2024-12-07T09:26:35.296+0000] {logging_mixin.py:190} INFO - [2024-12-07T09:26:35.296+0000] {dag.py:4180} INFO - Setting next_dagrun for example_xcom_args_with_operators to None, run_after=None
[2024-12-07T09:26:35.307+0000] {processor.py:208} INFO - Processing /home/airflow/.local/lib/python3.12/site-packages/airflow/example_dags/example_xcomargs.py took 0.057 seconds
[2024-12-07T09:27:05.512+0000] {processor.py:186} INFO - Started process (PID=1582) to work on /home/airflow/.local/lib/python3.12/site-packages/airflow/example_dags/example_xcomargs.py
[2024-12-07T09:27:05.513+0000] {processor.py:914} INFO - Processing file /home/airflow/.local/lib/python3.12/site-packages/airflow/example_dags/example_xcomargs.py for tasks to queue
[2024-12-07T09:27:05.515+0000] {logging_mixin.py:190} INFO - [2024-12-07T09:27:05.514+0000] {dagbag.py:588} INFO - Filling up the DagBag from /home/airflow/.local/lib/python3.12/site-packages/airflow/example_dags/example_xcomargs.py
[2024-12-07T09:27:05.522+0000] {processor.py:925} INFO - DAG(s) 'example_xcom_args', 'example_xcom_args_with_operators' retrieved from /home/airflow/.local/lib/python3.12/site-packages/airflow/example_dags/example_xcomargs.py
[2024-12-07T09:27:05.543+0000] {logging_mixin.py:190} INFO - [2024-12-07T09:27:05.542+0000] {dag.py:3239} INFO - Sync 2 DAGs
[2024-12-07T09:27:05.558+0000] {logging_mixin.py:190} INFO - [2024-12-07T09:27:05.558+0000] {dag.py:4180} INFO - Setting next_dagrun for example_xcom_args to None, run_after=None
[2024-12-07T09:27:05.561+0000] {logging_mixin.py:190} INFO - [2024-12-07T09:27:05.561+0000] {dag.py:4180} INFO - Setting next_dagrun for example_xcom_args_with_operators to None, run_after=None
[2024-12-07T09:27:05.574+0000] {processor.py:208} INFO - Processing /home/airflow/.local/lib/python3.12/site-packages/airflow/example_dags/example_xcomargs.py took 0.067 seconds
[2024-12-07T09:27:35.678+0000] {processor.py:186} INFO - Started process (PID=1645) to work on /home/airflow/.local/lib/python3.12/site-packages/airflow/example_dags/example_xcomargs.py
[2024-12-07T09:27:35.678+0000] {processor.py:914} INFO - Processing file /home/airflow/.local/lib/python3.12/site-packages/airflow/example_dags/example_xcomargs.py for tasks to queue
[2024-12-07T09:27:35.680+0000] {logging_mixin.py:190} INFO - [2024-12-07T09:27:35.680+0000] {dagbag.py:588} INFO - Filling up the DagBag from /home/airflow/.local/lib/python3.12/site-packages/airflow/example_dags/example_xcomargs.py
[2024-12-07T09:27:35.688+0000] {processor.py:925} INFO - DAG(s) 'example_xcom_args_with_operators', 'example_xcom_args' retrieved from /home/airflow/.local/lib/python3.12/site-packages/airflow/example_dags/example_xcomargs.py
[2024-12-07T09:27:35.708+0000] {logging_mixin.py:190} INFO - [2024-12-07T09:27:35.708+0000] {dag.py:3239} INFO - Sync 2 DAGs
[2024-12-07T09:27:35.724+0000] {logging_mixin.py:190} INFO - [2024-12-07T09:27:35.723+0000] {dag.py:4180} INFO - Setting next_dagrun for example_xcom_args to None, run_after=None
[2024-12-07T09:27:35.727+0000] {logging_mixin.py:190} INFO - [2024-12-07T09:27:35.727+0000] {dag.py:4180} INFO - Setting next_dagrun for example_xcom_args_with_operators to None, run_after=None
[2024-12-07T09:27:35.740+0000] {processor.py:208} INFO - Processing /home/airflow/.local/lib/python3.12/site-packages/airflow/example_dags/example_xcomargs.py took 0.066 seconds
