[2024-12-07T09:15:00.579+0000] {processor.py:186} INFO - Started process (PID=98) to work on /home/airflow/.local/lib/python3.12/site-packages/airflow/example_dags/example_nested_branch_dag.py
[2024-12-07T09:15:00.580+0000] {processor.py:914} INFO - Processing file /home/airflow/.local/lib/python3.12/site-packages/airflow/example_dags/example_nested_branch_dag.py for tasks to queue
[2024-12-07T09:15:00.582+0000] {logging_mixin.py:190} INFO - [2024-12-07T09:15:00.582+0000] {dagbag.py:588} INFO - Filling up the DagBag from /home/airflow/.local/lib/python3.12/site-packages/airflow/example_dags/example_nested_branch_dag.py
[2024-12-07T09:15:00.597+0000] {processor.py:925} INFO - DAG(s) 'example_nested_branch_dag' retrieved from /home/airflow/.local/lib/python3.12/site-packages/airflow/example_dags/example_nested_branch_dag.py
[2024-12-07T09:15:00.726+0000] {logging_mixin.py:190} INFO - [2024-12-07T09:15:00.726+0000] {override.py:1911} INFO - Created Permission View: can delete on DAG:example_nested_branch_dag
[2024-12-07T09:15:00.735+0000] {logging_mixin.py:190} INFO - [2024-12-07T09:15:00.735+0000] {override.py:1911} INFO - Created Permission View: can edit on DAG:example_nested_branch_dag
[2024-12-07T09:15:00.740+0000] {logging_mixin.py:190} INFO - [2024-12-07T09:15:00.740+0000] {override.py:1911} INFO - Created Permission View: can read on DAG:example_nested_branch_dag
[2024-12-07T09:15:00.746+0000] {logging_mixin.py:190} INFO - [2024-12-07T09:15:00.746+0000] {override.py:1911} INFO - Created Permission View: can delete on DAG Run:example_nested_branch_dag
[2024-12-07T09:15:00.751+0000] {logging_mixin.py:190} INFO - [2024-12-07T09:15:00.751+0000] {override.py:1911} INFO - Created Permission View: menu access on DAG Run:example_nested_branch_dag
[2024-12-07T09:15:00.757+0000] {logging_mixin.py:190} INFO - [2024-12-07T09:15:00.756+0000] {override.py:1911} INFO - Created Permission View: can create on DAG Run:example_nested_branch_dag
[2024-12-07T09:15:00.762+0000] {logging_mixin.py:190} INFO - [2024-12-07T09:15:00.762+0000] {override.py:1911} INFO - Created Permission View: can read on DAG Run:example_nested_branch_dag
[2024-12-07T09:15:00.762+0000] {logging_mixin.py:190} INFO - [2024-12-07T09:15:00.762+0000] {dag.py:3239} INFO - Sync 1 DAGs
[2024-12-07T09:15:00.777+0000] {logging_mixin.py:190} INFO - [2024-12-07T09:15:00.777+0000] {dag.py:3262} INFO - Creating ORM DAG for example_nested_branch_dag
[2024-12-07T09:15:00.790+0000] {logging_mixin.py:190} INFO - [2024-12-07T09:15:00.789+0000] {dag.py:4180} INFO - Setting next_dagrun for example_nested_branch_dag to 2024-12-06 00:00:00+00:00, run_after=2024-12-07 00:00:00+00:00
[2024-12-07T09:15:00.815+0000] {processor.py:208} INFO - Processing /home/airflow/.local/lib/python3.12/site-packages/airflow/example_dags/example_nested_branch_dag.py took 0.242 seconds
[2024-12-07T09:15:30.905+0000] {processor.py:186} INFO - Started process (PID=161) to work on /home/airflow/.local/lib/python3.12/site-packages/airflow/example_dags/example_nested_branch_dag.py
[2024-12-07T09:15:30.905+0000] {processor.py:914} INFO - Processing file /home/airflow/.local/lib/python3.12/site-packages/airflow/example_dags/example_nested_branch_dag.py for tasks to queue
[2024-12-07T09:15:30.907+0000] {logging_mixin.py:190} INFO - [2024-12-07T09:15:30.907+0000] {dagbag.py:588} INFO - Filling up the DagBag from /home/airflow/.local/lib/python3.12/site-packages/airflow/example_dags/example_nested_branch_dag.py
[2024-12-07T09:15:30.917+0000] {processor.py:925} INFO - DAG(s) 'example_nested_branch_dag' retrieved from /home/airflow/.local/lib/python3.12/site-packages/airflow/example_dags/example_nested_branch_dag.py
[2024-12-07T09:15:30.935+0000] {logging_mixin.py:190} INFO - [2024-12-07T09:15:30.935+0000] {dag.py:3239} INFO - Sync 1 DAGs
[2024-12-07T09:15:30.954+0000] {logging_mixin.py:190} INFO - [2024-12-07T09:15:30.954+0000] {dag.py:4180} INFO - Setting next_dagrun for example_nested_branch_dag to 2024-12-06 00:00:00+00:00, run_after=2024-12-07 00:00:00+00:00
[2024-12-07T09:15:30.967+0000] {processor.py:208} INFO - Processing /home/airflow/.local/lib/python3.12/site-packages/airflow/example_dags/example_nested_branch_dag.py took 0.067 seconds
[2024-12-07T09:16:01.628+0000] {processor.py:186} INFO - Started process (PID=224) to work on /home/airflow/.local/lib/python3.12/site-packages/airflow/example_dags/example_nested_branch_dag.py
[2024-12-07T09:16:01.628+0000] {processor.py:914} INFO - Processing file /home/airflow/.local/lib/python3.12/site-packages/airflow/example_dags/example_nested_branch_dag.py for tasks to queue
[2024-12-07T09:16:01.630+0000] {logging_mixin.py:190} INFO - [2024-12-07T09:16:01.630+0000] {dagbag.py:588} INFO - Filling up the DagBag from /home/airflow/.local/lib/python3.12/site-packages/airflow/example_dags/example_nested_branch_dag.py
[2024-12-07T09:16:01.639+0000] {processor.py:925} INFO - DAG(s) 'example_nested_branch_dag' retrieved from /home/airflow/.local/lib/python3.12/site-packages/airflow/example_dags/example_nested_branch_dag.py
[2024-12-07T09:16:01.660+0000] {logging_mixin.py:190} INFO - [2024-12-07T09:16:01.660+0000] {dag.py:3239} INFO - Sync 1 DAGs
[2024-12-07T09:16:01.686+0000] {logging_mixin.py:190} INFO - [2024-12-07T09:16:01.686+0000] {dag.py:4180} INFO - Setting next_dagrun for example_nested_branch_dag to 2024-12-06 00:00:00+00:00, run_after=2024-12-07 00:00:00+00:00
[2024-12-07T09:16:01.703+0000] {processor.py:208} INFO - Processing /home/airflow/.local/lib/python3.12/site-packages/airflow/example_dags/example_nested_branch_dag.py took 0.079 seconds
[2024-12-07T09:16:32.448+0000] {processor.py:186} INFO - Started process (PID=286) to work on /home/airflow/.local/lib/python3.12/site-packages/airflow/example_dags/example_nested_branch_dag.py
[2024-12-07T09:16:32.448+0000] {processor.py:914} INFO - Processing file /home/airflow/.local/lib/python3.12/site-packages/airflow/example_dags/example_nested_branch_dag.py for tasks to queue
[2024-12-07T09:16:32.450+0000] {logging_mixin.py:190} INFO - [2024-12-07T09:16:32.450+0000] {dagbag.py:588} INFO - Filling up the DagBag from /home/airflow/.local/lib/python3.12/site-packages/airflow/example_dags/example_nested_branch_dag.py
[2024-12-07T09:16:32.459+0000] {processor.py:925} INFO - DAG(s) 'example_nested_branch_dag' retrieved from /home/airflow/.local/lib/python3.12/site-packages/airflow/example_dags/example_nested_branch_dag.py
[2024-12-07T09:16:32.477+0000] {logging_mixin.py:190} INFO - [2024-12-07T09:16:32.477+0000] {dag.py:3239} INFO - Sync 1 DAGs
[2024-12-07T09:16:32.496+0000] {logging_mixin.py:190} INFO - [2024-12-07T09:16:32.496+0000] {dag.py:4180} INFO - Setting next_dagrun for example_nested_branch_dag to 2024-12-06 00:00:00+00:00, run_after=2024-12-07 00:00:00+00:00
[2024-12-07T09:16:32.510+0000] {processor.py:208} INFO - Processing /home/airflow/.local/lib/python3.12/site-packages/airflow/example_dags/example_nested_branch_dag.py took 0.067 seconds
[2024-12-07T09:17:03.308+0000] {processor.py:186} INFO - Started process (PID=349) to work on /home/airflow/.local/lib/python3.12/site-packages/airflow/example_dags/example_nested_branch_dag.py
[2024-12-07T09:17:03.309+0000] {processor.py:914} INFO - Processing file /home/airflow/.local/lib/python3.12/site-packages/airflow/example_dags/example_nested_branch_dag.py for tasks to queue
[2024-12-07T09:17:03.311+0000] {logging_mixin.py:190} INFO - [2024-12-07T09:17:03.311+0000] {dagbag.py:588} INFO - Filling up the DagBag from /home/airflow/.local/lib/python3.12/site-packages/airflow/example_dags/example_nested_branch_dag.py
[2024-12-07T09:17:03.324+0000] {processor.py:925} INFO - DAG(s) 'example_nested_branch_dag' retrieved from /home/airflow/.local/lib/python3.12/site-packages/airflow/example_dags/example_nested_branch_dag.py
[2024-12-07T09:17:03.348+0000] {logging_mixin.py:190} INFO - [2024-12-07T09:17:03.348+0000] {dag.py:3239} INFO - Sync 1 DAGs
[2024-12-07T09:17:03.372+0000] {logging_mixin.py:190} INFO - [2024-12-07T09:17:03.372+0000] {dag.py:4180} INFO - Setting next_dagrun for example_nested_branch_dag to 2024-12-06 00:00:00+00:00, run_after=2024-12-07 00:00:00+00:00
[2024-12-07T09:17:03.385+0000] {processor.py:208} INFO - Processing /home/airflow/.local/lib/python3.12/site-packages/airflow/example_dags/example_nested_branch_dag.py took 0.082 seconds
[2024-12-07T09:17:34.181+0000] {processor.py:186} INFO - Started process (PID=412) to work on /home/airflow/.local/lib/python3.12/site-packages/airflow/example_dags/example_nested_branch_dag.py
[2024-12-07T09:17:34.182+0000] {processor.py:914} INFO - Processing file /home/airflow/.local/lib/python3.12/site-packages/airflow/example_dags/example_nested_branch_dag.py for tasks to queue
[2024-12-07T09:17:34.184+0000] {logging_mixin.py:190} INFO - [2024-12-07T09:17:34.184+0000] {dagbag.py:588} INFO - Filling up the DagBag from /home/airflow/.local/lib/python3.12/site-packages/airflow/example_dags/example_nested_branch_dag.py
[2024-12-07T09:17:34.198+0000] {processor.py:925} INFO - DAG(s) 'example_nested_branch_dag' retrieved from /home/airflow/.local/lib/python3.12/site-packages/airflow/example_dags/example_nested_branch_dag.py
[2024-12-07T09:17:34.224+0000] {logging_mixin.py:190} INFO - [2024-12-07T09:17:34.224+0000] {dag.py:3239} INFO - Sync 1 DAGs
[2024-12-07T09:17:34.249+0000] {logging_mixin.py:190} INFO - [2024-12-07T09:17:34.249+0000] {dag.py:4180} INFO - Setting next_dagrun for example_nested_branch_dag to 2024-12-06 00:00:00+00:00, run_after=2024-12-07 00:00:00+00:00
[2024-12-07T09:17:34.261+0000] {processor.py:208} INFO - Processing /home/airflow/.local/lib/python3.12/site-packages/airflow/example_dags/example_nested_branch_dag.py took 0.086 seconds
[2024-12-07T09:18:04.401+0000] {processor.py:186} INFO - Started process (PID=474) to work on /home/airflow/.local/lib/python3.12/site-packages/airflow/example_dags/example_nested_branch_dag.py
[2024-12-07T09:18:04.402+0000] {processor.py:914} INFO - Processing file /home/airflow/.local/lib/python3.12/site-packages/airflow/example_dags/example_nested_branch_dag.py for tasks to queue
[2024-12-07T09:18:04.404+0000] {logging_mixin.py:190} INFO - [2024-12-07T09:18:04.403+0000] {dagbag.py:588} INFO - Filling up the DagBag from /home/airflow/.local/lib/python3.12/site-packages/airflow/example_dags/example_nested_branch_dag.py
[2024-12-07T09:18:04.416+0000] {processor.py:925} INFO - DAG(s) 'example_nested_branch_dag' retrieved from /home/airflow/.local/lib/python3.12/site-packages/airflow/example_dags/example_nested_branch_dag.py
[2024-12-07T09:18:04.440+0000] {logging_mixin.py:190} INFO - [2024-12-07T09:18:04.440+0000] {dag.py:3239} INFO - Sync 1 DAGs
[2024-12-07T09:18:04.461+0000] {logging_mixin.py:190} INFO - [2024-12-07T09:18:04.461+0000] {dag.py:4180} INFO - Setting next_dagrun for example_nested_branch_dag to 2024-12-06 00:00:00+00:00, run_after=2024-12-07 00:00:00+00:00
[2024-12-07T09:18:04.474+0000] {processor.py:208} INFO - Processing /home/airflow/.local/lib/python3.12/site-packages/airflow/example_dags/example_nested_branch_dag.py took 0.078 seconds
[2024-12-07T09:18:34.656+0000] {processor.py:186} INFO - Started process (PID=537) to work on /home/airflow/.local/lib/python3.12/site-packages/airflow/example_dags/example_nested_branch_dag.py
[2024-12-07T09:18:34.658+0000] {processor.py:914} INFO - Processing file /home/airflow/.local/lib/python3.12/site-packages/airflow/example_dags/example_nested_branch_dag.py for tasks to queue
[2024-12-07T09:18:34.660+0000] {logging_mixin.py:190} INFO - [2024-12-07T09:18:34.660+0000] {dagbag.py:588} INFO - Filling up the DagBag from /home/airflow/.local/lib/python3.12/site-packages/airflow/example_dags/example_nested_branch_dag.py
[2024-12-07T09:18:34.673+0000] {processor.py:925} INFO - DAG(s) 'example_nested_branch_dag' retrieved from /home/airflow/.local/lib/python3.12/site-packages/airflow/example_dags/example_nested_branch_dag.py
[2024-12-07T09:18:34.699+0000] {logging_mixin.py:190} INFO - [2024-12-07T09:18:34.698+0000] {dag.py:3239} INFO - Sync 1 DAGs
[2024-12-07T09:18:34.719+0000] {logging_mixin.py:190} INFO - [2024-12-07T09:18:34.719+0000] {dag.py:4180} INFO - Setting next_dagrun for example_nested_branch_dag to 2024-12-06 00:00:00+00:00, run_after=2024-12-07 00:00:00+00:00
[2024-12-07T09:18:34.733+0000] {processor.py:208} INFO - Processing /home/airflow/.local/lib/python3.12/site-packages/airflow/example_dags/example_nested_branch_dag.py took 0.085 seconds
[2024-12-07T09:19:04.838+0000] {processor.py:186} INFO - Started process (PID=600) to work on /home/airflow/.local/lib/python3.12/site-packages/airflow/example_dags/example_nested_branch_dag.py
[2024-12-07T09:19:04.838+0000] {processor.py:914} INFO - Processing file /home/airflow/.local/lib/python3.12/site-packages/airflow/example_dags/example_nested_branch_dag.py for tasks to queue
[2024-12-07T09:19:04.840+0000] {logging_mixin.py:190} INFO - [2024-12-07T09:19:04.840+0000] {dagbag.py:588} INFO - Filling up the DagBag from /home/airflow/.local/lib/python3.12/site-packages/airflow/example_dags/example_nested_branch_dag.py
[2024-12-07T09:19:04.850+0000] {processor.py:925} INFO - DAG(s) 'example_nested_branch_dag' retrieved from /home/airflow/.local/lib/python3.12/site-packages/airflow/example_dags/example_nested_branch_dag.py
[2024-12-07T09:19:04.870+0000] {logging_mixin.py:190} INFO - [2024-12-07T09:19:04.869+0000] {dag.py:3239} INFO - Sync 1 DAGs
[2024-12-07T09:19:04.897+0000] {logging_mixin.py:190} INFO - [2024-12-07T09:19:04.896+0000] {dag.py:4180} INFO - Setting next_dagrun for example_nested_branch_dag to 2024-12-06 00:00:00+00:00, run_after=2024-12-07 00:00:00+00:00
[2024-12-07T09:19:04.913+0000] {processor.py:208} INFO - Processing /home/airflow/.local/lib/python3.12/site-packages/airflow/example_dags/example_nested_branch_dag.py took 0.080 seconds
[2024-12-07T09:19:35.303+0000] {processor.py:186} INFO - Started process (PID=663) to work on /home/airflow/.local/lib/python3.12/site-packages/airflow/example_dags/example_nested_branch_dag.py
[2024-12-07T09:19:35.303+0000] {processor.py:914} INFO - Processing file /home/airflow/.local/lib/python3.12/site-packages/airflow/example_dags/example_nested_branch_dag.py for tasks to queue
[2024-12-07T09:19:35.305+0000] {logging_mixin.py:190} INFO - [2024-12-07T09:19:35.305+0000] {dagbag.py:588} INFO - Filling up the DagBag from /home/airflow/.local/lib/python3.12/site-packages/airflow/example_dags/example_nested_branch_dag.py
[2024-12-07T09:19:35.314+0000] {processor.py:925} INFO - DAG(s) 'example_nested_branch_dag' retrieved from /home/airflow/.local/lib/python3.12/site-packages/airflow/example_dags/example_nested_branch_dag.py
[2024-12-07T09:19:35.334+0000] {logging_mixin.py:190} INFO - [2024-12-07T09:19:35.334+0000] {dag.py:3239} INFO - Sync 1 DAGs
[2024-12-07T09:19:35.362+0000] {logging_mixin.py:190} INFO - [2024-12-07T09:19:35.361+0000] {dag.py:4180} INFO - Setting next_dagrun for example_nested_branch_dag to 2024-12-06 00:00:00+00:00, run_after=2024-12-07 00:00:00+00:00
[2024-12-07T09:19:35.375+0000] {processor.py:208} INFO - Processing /home/airflow/.local/lib/python3.12/site-packages/airflow/example_dags/example_nested_branch_dag.py took 0.077 seconds
[2024-12-07T09:20:05.660+0000] {processor.py:186} INFO - Started process (PID=726) to work on /home/airflow/.local/lib/python3.12/site-packages/airflow/example_dags/example_nested_branch_dag.py
[2024-12-07T09:20:05.661+0000] {processor.py:914} INFO - Processing file /home/airflow/.local/lib/python3.12/site-packages/airflow/example_dags/example_nested_branch_dag.py for tasks to queue
[2024-12-07T09:20:05.663+0000] {logging_mixin.py:190} INFO - [2024-12-07T09:20:05.663+0000] {dagbag.py:588} INFO - Filling up the DagBag from /home/airflow/.local/lib/python3.12/site-packages/airflow/example_dags/example_nested_branch_dag.py
[2024-12-07T09:20:05.673+0000] {processor.py:925} INFO - DAG(s) 'example_nested_branch_dag' retrieved from /home/airflow/.local/lib/python3.12/site-packages/airflow/example_dags/example_nested_branch_dag.py
[2024-12-07T09:20:05.690+0000] {logging_mixin.py:190} INFO - [2024-12-07T09:20:05.690+0000] {dag.py:3239} INFO - Sync 1 DAGs
[2024-12-07T09:20:05.709+0000] {logging_mixin.py:190} INFO - [2024-12-07T09:20:05.708+0000] {dag.py:4180} INFO - Setting next_dagrun for example_nested_branch_dag to 2024-12-06 00:00:00+00:00, run_after=2024-12-07 00:00:00+00:00
[2024-12-07T09:20:05.721+0000] {processor.py:208} INFO - Processing /home/airflow/.local/lib/python3.12/site-packages/airflow/example_dags/example_nested_branch_dag.py took 0.067 seconds
[2024-12-07T09:20:36.109+0000] {processor.py:186} INFO - Started process (PID=789) to work on /home/airflow/.local/lib/python3.12/site-packages/airflow/example_dags/example_nested_branch_dag.py
[2024-12-07T09:20:36.110+0000] {processor.py:914} INFO - Processing file /home/airflow/.local/lib/python3.12/site-packages/airflow/example_dags/example_nested_branch_dag.py for tasks to queue
[2024-12-07T09:20:36.111+0000] {logging_mixin.py:190} INFO - [2024-12-07T09:20:36.111+0000] {dagbag.py:588} INFO - Filling up the DagBag from /home/airflow/.local/lib/python3.12/site-packages/airflow/example_dags/example_nested_branch_dag.py
[2024-12-07T09:20:36.120+0000] {processor.py:925} INFO - DAG(s) 'example_nested_branch_dag' retrieved from /home/airflow/.local/lib/python3.12/site-packages/airflow/example_dags/example_nested_branch_dag.py
[2024-12-07T09:20:36.137+0000] {logging_mixin.py:190} INFO - [2024-12-07T09:20:36.137+0000] {dag.py:3239} INFO - Sync 1 DAGs
[2024-12-07T09:20:36.162+0000] {logging_mixin.py:190} INFO - [2024-12-07T09:20:36.161+0000] {dag.py:4180} INFO - Setting next_dagrun for example_nested_branch_dag to 2024-12-06 00:00:00+00:00, run_after=2024-12-07 00:00:00+00:00
[2024-12-07T09:20:36.176+0000] {processor.py:208} INFO - Processing /home/airflow/.local/lib/python3.12/site-packages/airflow/example_dags/example_nested_branch_dag.py took 0.072 seconds
[2024-12-07T09:21:07.006+0000] {processor.py:186} INFO - Started process (PID=852) to work on /home/airflow/.local/lib/python3.12/site-packages/airflow/example_dags/example_nested_branch_dag.py
[2024-12-07T09:21:07.006+0000] {processor.py:914} INFO - Processing file /home/airflow/.local/lib/python3.12/site-packages/airflow/example_dags/example_nested_branch_dag.py for tasks to queue
[2024-12-07T09:21:07.009+0000] {logging_mixin.py:190} INFO - [2024-12-07T09:21:07.008+0000] {dagbag.py:588} INFO - Filling up the DagBag from /home/airflow/.local/lib/python3.12/site-packages/airflow/example_dags/example_nested_branch_dag.py
[2024-12-07T09:21:07.019+0000] {processor.py:925} INFO - DAG(s) 'example_nested_branch_dag' retrieved from /home/airflow/.local/lib/python3.12/site-packages/airflow/example_dags/example_nested_branch_dag.py
[2024-12-07T09:21:07.040+0000] {logging_mixin.py:190} INFO - [2024-12-07T09:21:07.040+0000] {dag.py:3239} INFO - Sync 1 DAGs
[2024-12-07T09:21:07.064+0000] {logging_mixin.py:190} INFO - [2024-12-07T09:21:07.064+0000] {dag.py:4180} INFO - Setting next_dagrun for example_nested_branch_dag to 2024-12-06 00:00:00+00:00, run_after=2024-12-07 00:00:00+00:00
[2024-12-07T09:21:07.078+0000] {processor.py:208} INFO - Processing /home/airflow/.local/lib/python3.12/site-packages/airflow/example_dags/example_nested_branch_dag.py took 0.077 seconds
[2024-12-07T09:21:37.419+0000] {processor.py:186} INFO - Started process (PID=915) to work on /home/airflow/.local/lib/python3.12/site-packages/airflow/example_dags/example_nested_branch_dag.py
[2024-12-07T09:21:37.419+0000] {processor.py:914} INFO - Processing file /home/airflow/.local/lib/python3.12/site-packages/airflow/example_dags/example_nested_branch_dag.py for tasks to queue
[2024-12-07T09:21:37.421+0000] {logging_mixin.py:190} INFO - [2024-12-07T09:21:37.420+0000] {dagbag.py:588} INFO - Filling up the DagBag from /home/airflow/.local/lib/python3.12/site-packages/airflow/example_dags/example_nested_branch_dag.py
[2024-12-07T09:21:37.431+0000] {processor.py:925} INFO - DAG(s) 'example_nested_branch_dag' retrieved from /home/airflow/.local/lib/python3.12/site-packages/airflow/example_dags/example_nested_branch_dag.py
[2024-12-07T09:21:37.448+0000] {logging_mixin.py:190} INFO - [2024-12-07T09:21:37.448+0000] {dag.py:3239} INFO - Sync 1 DAGs
[2024-12-07T09:21:37.466+0000] {logging_mixin.py:190} INFO - [2024-12-07T09:21:37.466+0000] {dag.py:4180} INFO - Setting next_dagrun for example_nested_branch_dag to 2024-12-06 00:00:00+00:00, run_after=2024-12-07 00:00:00+00:00
[2024-12-07T09:21:37.479+0000] {processor.py:208} INFO - Processing /home/airflow/.local/lib/python3.12/site-packages/airflow/example_dags/example_nested_branch_dag.py took 0.064 seconds
[2024-12-07T09:22:07.777+0000] {processor.py:186} INFO - Started process (PID=978) to work on /home/airflow/.local/lib/python3.12/site-packages/airflow/example_dags/example_nested_branch_dag.py
[2024-12-07T09:22:07.778+0000] {processor.py:914} INFO - Processing file /home/airflow/.local/lib/python3.12/site-packages/airflow/example_dags/example_nested_branch_dag.py for tasks to queue
[2024-12-07T09:22:07.780+0000] {logging_mixin.py:190} INFO - [2024-12-07T09:22:07.779+0000] {dagbag.py:588} INFO - Filling up the DagBag from /home/airflow/.local/lib/python3.12/site-packages/airflow/example_dags/example_nested_branch_dag.py
[2024-12-07T09:22:07.789+0000] {processor.py:925} INFO - DAG(s) 'example_nested_branch_dag' retrieved from /home/airflow/.local/lib/python3.12/site-packages/airflow/example_dags/example_nested_branch_dag.py
[2024-12-07T09:22:07.808+0000] {logging_mixin.py:190} INFO - [2024-12-07T09:22:07.808+0000] {dag.py:3239} INFO - Sync 1 DAGs
[2024-12-07T09:22:07.833+0000] {logging_mixin.py:190} INFO - [2024-12-07T09:22:07.832+0000] {dag.py:4180} INFO - Setting next_dagrun for example_nested_branch_dag to 2024-12-06 00:00:00+00:00, run_after=2024-12-07 00:00:00+00:00
[2024-12-07T09:22:07.848+0000] {processor.py:208} INFO - Processing /home/airflow/.local/lib/python3.12/site-packages/airflow/example_dags/example_nested_branch_dag.py took 0.076 seconds
[2024-12-07T09:22:38.555+0000] {processor.py:186} INFO - Started process (PID=1041) to work on /home/airflow/.local/lib/python3.12/site-packages/airflow/example_dags/example_nested_branch_dag.py
[2024-12-07T09:22:38.555+0000] {processor.py:914} INFO - Processing file /home/airflow/.local/lib/python3.12/site-packages/airflow/example_dags/example_nested_branch_dag.py for tasks to queue
[2024-12-07T09:22:38.558+0000] {logging_mixin.py:190} INFO - [2024-12-07T09:22:38.557+0000] {dagbag.py:588} INFO - Filling up the DagBag from /home/airflow/.local/lib/python3.12/site-packages/airflow/example_dags/example_nested_branch_dag.py
[2024-12-07T09:22:38.570+0000] {processor.py:925} INFO - DAG(s) 'example_nested_branch_dag' retrieved from /home/airflow/.local/lib/python3.12/site-packages/airflow/example_dags/example_nested_branch_dag.py
[2024-12-07T09:22:38.589+0000] {logging_mixin.py:190} INFO - [2024-12-07T09:22:38.589+0000] {dag.py:3239} INFO - Sync 1 DAGs
[2024-12-07T09:22:38.616+0000] {logging_mixin.py:190} INFO - [2024-12-07T09:22:38.616+0000] {dag.py:4180} INFO - Setting next_dagrun for example_nested_branch_dag to 2024-12-06 00:00:00+00:00, run_after=2024-12-07 00:00:00+00:00
[2024-12-07T09:22:38.640+0000] {processor.py:208} INFO - Processing /home/airflow/.local/lib/python3.12/site-packages/airflow/example_dags/example_nested_branch_dag.py took 0.090 seconds
[2024-12-07T09:23:09.326+0000] {processor.py:186} INFO - Started process (PID=1104) to work on /home/airflow/.local/lib/python3.12/site-packages/airflow/example_dags/example_nested_branch_dag.py
[2024-12-07T09:23:09.327+0000] {processor.py:914} INFO - Processing file /home/airflow/.local/lib/python3.12/site-packages/airflow/example_dags/example_nested_branch_dag.py for tasks to queue
[2024-12-07T09:23:09.329+0000] {logging_mixin.py:190} INFO - [2024-12-07T09:23:09.328+0000] {dagbag.py:588} INFO - Filling up the DagBag from /home/airflow/.local/lib/python3.12/site-packages/airflow/example_dags/example_nested_branch_dag.py
[2024-12-07T09:23:09.338+0000] {processor.py:925} INFO - DAG(s) 'example_nested_branch_dag' retrieved from /home/airflow/.local/lib/python3.12/site-packages/airflow/example_dags/example_nested_branch_dag.py
[2024-12-07T09:23:09.355+0000] {logging_mixin.py:190} INFO - [2024-12-07T09:23:09.355+0000] {dag.py:3239} INFO - Sync 1 DAGs
[2024-12-07T09:23:09.380+0000] {logging_mixin.py:190} INFO - [2024-12-07T09:23:09.379+0000] {dag.py:4180} INFO - Setting next_dagrun for example_nested_branch_dag to 2024-12-06 00:00:00+00:00, run_after=2024-12-07 00:00:00+00:00
[2024-12-07T09:23:09.395+0000] {processor.py:208} INFO - Processing /home/airflow/.local/lib/python3.12/site-packages/airflow/example_dags/example_nested_branch_dag.py took 0.073 seconds
[2024-12-07T09:23:40.234+0000] {processor.py:186} INFO - Started process (PID=1168) to work on /home/airflow/.local/lib/python3.12/site-packages/airflow/example_dags/example_nested_branch_dag.py
[2024-12-07T09:23:40.235+0000] {processor.py:914} INFO - Processing file /home/airflow/.local/lib/python3.12/site-packages/airflow/example_dags/example_nested_branch_dag.py for tasks to queue
[2024-12-07T09:23:40.236+0000] {logging_mixin.py:190} INFO - [2024-12-07T09:23:40.236+0000] {dagbag.py:588} INFO - Filling up the DagBag from /home/airflow/.local/lib/python3.12/site-packages/airflow/example_dags/example_nested_branch_dag.py
[2024-12-07T09:23:40.246+0000] {processor.py:925} INFO - DAG(s) 'example_nested_branch_dag' retrieved from /home/airflow/.local/lib/python3.12/site-packages/airflow/example_dags/example_nested_branch_dag.py
[2024-12-07T09:23:40.265+0000] {logging_mixin.py:190} INFO - [2024-12-07T09:23:40.265+0000] {dag.py:3239} INFO - Sync 1 DAGs
[2024-12-07T09:23:40.289+0000] {logging_mixin.py:190} INFO - [2024-12-07T09:23:40.289+0000] {dag.py:4180} INFO - Setting next_dagrun for example_nested_branch_dag to 2024-12-06 00:00:00+00:00, run_after=2024-12-07 00:00:00+00:00
[2024-12-07T09:23:40.302+0000] {processor.py:208} INFO - Processing /home/airflow/.local/lib/python3.12/site-packages/airflow/example_dags/example_nested_branch_dag.py took 0.073 seconds
[2024-12-07T09:24:10.434+0000] {processor.py:186} INFO - Started process (PID=1231) to work on /home/airflow/.local/lib/python3.12/site-packages/airflow/example_dags/example_nested_branch_dag.py
[2024-12-07T09:24:10.435+0000] {processor.py:914} INFO - Processing file /home/airflow/.local/lib/python3.12/site-packages/airflow/example_dags/example_nested_branch_dag.py for tasks to queue
[2024-12-07T09:24:10.437+0000] {logging_mixin.py:190} INFO - [2024-12-07T09:24:10.437+0000] {dagbag.py:588} INFO - Filling up the DagBag from /home/airflow/.local/lib/python3.12/site-packages/airflow/example_dags/example_nested_branch_dag.py
[2024-12-07T09:24:10.447+0000] {processor.py:925} INFO - DAG(s) 'example_nested_branch_dag' retrieved from /home/airflow/.local/lib/python3.12/site-packages/airflow/example_dags/example_nested_branch_dag.py
[2024-12-07T09:24:10.466+0000] {logging_mixin.py:190} INFO - [2024-12-07T09:24:10.466+0000] {dag.py:3239} INFO - Sync 1 DAGs
[2024-12-07T09:24:10.487+0000] {logging_mixin.py:190} INFO - [2024-12-07T09:24:10.486+0000] {dag.py:4180} INFO - Setting next_dagrun for example_nested_branch_dag to 2024-12-06 00:00:00+00:00, run_after=2024-12-07 00:00:00+00:00
[2024-12-07T09:24:10.500+0000] {processor.py:208} INFO - Processing /home/airflow/.local/lib/python3.12/site-packages/airflow/example_dags/example_nested_branch_dag.py took 0.071 seconds
[2024-12-07T09:24:40.581+0000] {processor.py:186} INFO - Started process (PID=1294) to work on /home/airflow/.local/lib/python3.12/site-packages/airflow/example_dags/example_nested_branch_dag.py
[2024-12-07T09:24:40.581+0000] {processor.py:914} INFO - Processing file /home/airflow/.local/lib/python3.12/site-packages/airflow/example_dags/example_nested_branch_dag.py for tasks to queue
[2024-12-07T09:24:40.583+0000] {logging_mixin.py:190} INFO - [2024-12-07T09:24:40.583+0000] {dagbag.py:588} INFO - Filling up the DagBag from /home/airflow/.local/lib/python3.12/site-packages/airflow/example_dags/example_nested_branch_dag.py
[2024-12-07T09:24:40.595+0000] {processor.py:925} INFO - DAG(s) 'example_nested_branch_dag' retrieved from /home/airflow/.local/lib/python3.12/site-packages/airflow/example_dags/example_nested_branch_dag.py
[2024-12-07T09:24:40.619+0000] {logging_mixin.py:190} INFO - [2024-12-07T09:24:40.619+0000] {dag.py:3239} INFO - Sync 1 DAGs
[2024-12-07T09:24:40.648+0000] {logging_mixin.py:190} INFO - [2024-12-07T09:24:40.648+0000] {dag.py:4180} INFO - Setting next_dagrun for example_nested_branch_dag to 2024-12-06 00:00:00+00:00, run_after=2024-12-07 00:00:00+00:00
[2024-12-07T09:24:40.667+0000] {processor.py:208} INFO - Processing /home/airflow/.local/lib/python3.12/site-packages/airflow/example_dags/example_nested_branch_dag.py took 0.091 seconds
[2024-12-07T09:25:10.755+0000] {processor.py:186} INFO - Started process (PID=1357) to work on /home/airflow/.local/lib/python3.12/site-packages/airflow/example_dags/example_nested_branch_dag.py
[2024-12-07T09:25:10.756+0000] {processor.py:914} INFO - Processing file /home/airflow/.local/lib/python3.12/site-packages/airflow/example_dags/example_nested_branch_dag.py for tasks to queue
[2024-12-07T09:25:10.758+0000] {logging_mixin.py:190} INFO - [2024-12-07T09:25:10.758+0000] {dagbag.py:588} INFO - Filling up the DagBag from /home/airflow/.local/lib/python3.12/site-packages/airflow/example_dags/example_nested_branch_dag.py
[2024-12-07T09:25:10.768+0000] {processor.py:925} INFO - DAG(s) 'example_nested_branch_dag' retrieved from /home/airflow/.local/lib/python3.12/site-packages/airflow/example_dags/example_nested_branch_dag.py
[2024-12-07T09:25:10.787+0000] {logging_mixin.py:190} INFO - [2024-12-07T09:25:10.787+0000] {dag.py:3239} INFO - Sync 1 DAGs
[2024-12-07T09:25:10.807+0000] {logging_mixin.py:190} INFO - [2024-12-07T09:25:10.807+0000] {dag.py:4180} INFO - Setting next_dagrun for example_nested_branch_dag to 2024-12-06 00:00:00+00:00, run_after=2024-12-07 00:00:00+00:00
[2024-12-07T09:25:10.820+0000] {processor.py:208} INFO - Processing /home/airflow/.local/lib/python3.12/site-packages/airflow/example_dags/example_nested_branch_dag.py took 0.070 seconds
[2024-12-07T09:25:40.933+0000] {processor.py:186} INFO - Started process (PID=1420) to work on /home/airflow/.local/lib/python3.12/site-packages/airflow/example_dags/example_nested_branch_dag.py
[2024-12-07T09:25:40.934+0000] {processor.py:914} INFO - Processing file /home/airflow/.local/lib/python3.12/site-packages/airflow/example_dags/example_nested_branch_dag.py for tasks to queue
[2024-12-07T09:25:40.935+0000] {logging_mixin.py:190} INFO - [2024-12-07T09:25:40.935+0000] {dagbag.py:588} INFO - Filling up the DagBag from /home/airflow/.local/lib/python3.12/site-packages/airflow/example_dags/example_nested_branch_dag.py
[2024-12-07T09:25:40.944+0000] {processor.py:925} INFO - DAG(s) 'example_nested_branch_dag' retrieved from /home/airflow/.local/lib/python3.12/site-packages/airflow/example_dags/example_nested_branch_dag.py
[2024-12-07T09:25:40.963+0000] {logging_mixin.py:190} INFO - [2024-12-07T09:25:40.963+0000] {dag.py:3239} INFO - Sync 1 DAGs
[2024-12-07T09:25:40.988+0000] {logging_mixin.py:190} INFO - [2024-12-07T09:25:40.988+0000] {dag.py:4180} INFO - Setting next_dagrun for example_nested_branch_dag to 2024-12-06 00:00:00+00:00, run_after=2024-12-07 00:00:00+00:00
[2024-12-07T09:25:41.004+0000] {processor.py:208} INFO - Processing /home/airflow/.local/lib/python3.12/site-packages/airflow/example_dags/example_nested_branch_dag.py took 0.075 seconds
[2024-12-07T09:26:11.315+0000] {processor.py:186} INFO - Started process (PID=1483) to work on /home/airflow/.local/lib/python3.12/site-packages/airflow/example_dags/example_nested_branch_dag.py
[2024-12-07T09:26:11.315+0000] {processor.py:914} INFO - Processing file /home/airflow/.local/lib/python3.12/site-packages/airflow/example_dags/example_nested_branch_dag.py for tasks to queue
[2024-12-07T09:26:11.317+0000] {logging_mixin.py:190} INFO - [2024-12-07T09:26:11.317+0000] {dagbag.py:588} INFO - Filling up the DagBag from /home/airflow/.local/lib/python3.12/site-packages/airflow/example_dags/example_nested_branch_dag.py
[2024-12-07T09:26:11.326+0000] {processor.py:925} INFO - DAG(s) 'example_nested_branch_dag' retrieved from /home/airflow/.local/lib/python3.12/site-packages/airflow/example_dags/example_nested_branch_dag.py
[2024-12-07T09:26:11.345+0000] {logging_mixin.py:190} INFO - [2024-12-07T09:26:11.345+0000] {dag.py:3239} INFO - Sync 1 DAGs
[2024-12-07T09:26:11.365+0000] {logging_mixin.py:190} INFO - [2024-12-07T09:26:11.365+0000] {dag.py:4180} INFO - Setting next_dagrun for example_nested_branch_dag to 2024-12-06 00:00:00+00:00, run_after=2024-12-07 00:00:00+00:00
[2024-12-07T09:26:11.379+0000] {processor.py:208} INFO - Processing /home/airflow/.local/lib/python3.12/site-packages/airflow/example_dags/example_nested_branch_dag.py took 0.068 seconds
[2024-12-07T09:26:41.613+0000] {processor.py:186} INFO - Started process (PID=1546) to work on /home/airflow/.local/lib/python3.12/site-packages/airflow/example_dags/example_nested_branch_dag.py
[2024-12-07T09:26:41.614+0000] {processor.py:914} INFO - Processing file /home/airflow/.local/lib/python3.12/site-packages/airflow/example_dags/example_nested_branch_dag.py for tasks to queue
[2024-12-07T09:26:41.616+0000] {logging_mixin.py:190} INFO - [2024-12-07T09:26:41.615+0000] {dagbag.py:588} INFO - Filling up the DagBag from /home/airflow/.local/lib/python3.12/site-packages/airflow/example_dags/example_nested_branch_dag.py
[2024-12-07T09:26:41.625+0000] {processor.py:925} INFO - DAG(s) 'example_nested_branch_dag' retrieved from /home/airflow/.local/lib/python3.12/site-packages/airflow/example_dags/example_nested_branch_dag.py
[2024-12-07T09:26:41.642+0000] {logging_mixin.py:190} INFO - [2024-12-07T09:26:41.642+0000] {dag.py:3239} INFO - Sync 1 DAGs
[2024-12-07T09:26:41.661+0000] {logging_mixin.py:190} INFO - [2024-12-07T09:26:41.661+0000] {dag.py:4180} INFO - Setting next_dagrun for example_nested_branch_dag to 2024-12-06 00:00:00+00:00, run_after=2024-12-07 00:00:00+00:00
[2024-12-07T09:26:41.674+0000] {processor.py:208} INFO - Processing /home/airflow/.local/lib/python3.12/site-packages/airflow/example_dags/example_nested_branch_dag.py took 0.065 seconds
[2024-12-07T09:27:11.867+0000] {processor.py:186} INFO - Started process (PID=1609) to work on /home/airflow/.local/lib/python3.12/site-packages/airflow/example_dags/example_nested_branch_dag.py
[2024-12-07T09:27:11.868+0000] {processor.py:914} INFO - Processing file /home/airflow/.local/lib/python3.12/site-packages/airflow/example_dags/example_nested_branch_dag.py for tasks to queue
[2024-12-07T09:27:11.870+0000] {logging_mixin.py:190} INFO - [2024-12-07T09:27:11.869+0000] {dagbag.py:588} INFO - Filling up the DagBag from /home/airflow/.local/lib/python3.12/site-packages/airflow/example_dags/example_nested_branch_dag.py
[2024-12-07T09:27:11.879+0000] {processor.py:925} INFO - DAG(s) 'example_nested_branch_dag' retrieved from /home/airflow/.local/lib/python3.12/site-packages/airflow/example_dags/example_nested_branch_dag.py
[2024-12-07T09:27:11.895+0000] {logging_mixin.py:190} INFO - [2024-12-07T09:27:11.895+0000] {dag.py:3239} INFO - Sync 1 DAGs
[2024-12-07T09:27:11.913+0000] {logging_mixin.py:190} INFO - [2024-12-07T09:27:11.913+0000] {dag.py:4180} INFO - Setting next_dagrun for example_nested_branch_dag to 2024-12-06 00:00:00+00:00, run_after=2024-12-07 00:00:00+00:00
[2024-12-07T09:27:11.926+0000] {processor.py:208} INFO - Processing /home/airflow/.local/lib/python3.12/site-packages/airflow/example_dags/example_nested_branch_dag.py took 0.062 seconds
