[2024-12-07T09:15:01.310+0000] {processor.py:186} INFO - Started process (PID=104) to work on /home/airflow/.local/lib/python3.12/site-packages/airflow/example_dags/example_external_task_marker_dag.py
[2024-12-07T09:15:01.310+0000] {processor.py:914} INFO - Processing file /home/airflow/.local/lib/python3.12/site-packages/airflow/example_dags/example_external_task_marker_dag.py for tasks to queue
[2024-12-07T09:15:01.312+0000] {logging_mixin.py:190} INFO - [2024-12-07T09:15:01.312+0000] {dagbag.py:588} INFO - Filling up the DagBag from /home/airflow/.local/lib/python3.12/site-packages/airflow/example_dags/example_external_task_marker_dag.py
[2024-12-07T09:15:01.319+0000] {processor.py:925} INFO - DAG(s) 'example_external_task_marker_parent', 'example_external_task_marker_child' retrieved from /home/airflow/.local/lib/python3.12/site-packages/airflow/example_dags/example_external_task_marker_dag.py
[2024-12-07T09:15:01.406+0000] {logging_mixin.py:190} INFO - [2024-12-07T09:15:01.406+0000] {override.py:1911} INFO - Created Permission View: can delete on DAG:example_external_task_marker_parent
[2024-12-07T09:15:01.413+0000] {logging_mixin.py:190} INFO - [2024-12-07T09:15:01.413+0000] {override.py:1911} INFO - Created Permission View: can edit on DAG:example_external_task_marker_parent
[2024-12-07T09:15:01.417+0000] {logging_mixin.py:190} INFO - [2024-12-07T09:15:01.417+0000] {override.py:1911} INFO - Created Permission View: can read on DAG:example_external_task_marker_parent
[2024-12-07T09:15:01.422+0000] {logging_mixin.py:190} INFO - [2024-12-07T09:15:01.421+0000] {override.py:1911} INFO - Created Permission View: can delete on DAG Run:example_external_task_marker_parent
[2024-12-07T09:15:01.426+0000] {logging_mixin.py:190} INFO - [2024-12-07T09:15:01.426+0000] {override.py:1911} INFO - Created Permission View: menu access on DAG Run:example_external_task_marker_parent
[2024-12-07T09:15:01.430+0000] {logging_mixin.py:190} INFO - [2024-12-07T09:15:01.430+0000] {override.py:1911} INFO - Created Permission View: can create on DAG Run:example_external_task_marker_parent
[2024-12-07T09:15:01.434+0000] {logging_mixin.py:190} INFO - [2024-12-07T09:15:01.434+0000] {override.py:1911} INFO - Created Permission View: can read on DAG Run:example_external_task_marker_parent
[2024-12-07T09:15:01.443+0000] {logging_mixin.py:190} INFO - [2024-12-07T09:15:01.443+0000] {override.py:1911} INFO - Created Permission View: can delete on DAG:example_external_task_marker_child
[2024-12-07T09:15:01.447+0000] {logging_mixin.py:190} INFO - [2024-12-07T09:15:01.447+0000] {override.py:1911} INFO - Created Permission View: can edit on DAG:example_external_task_marker_child
[2024-12-07T09:15:01.451+0000] {logging_mixin.py:190} INFO - [2024-12-07T09:15:01.451+0000] {override.py:1911} INFO - Created Permission View: can read on DAG:example_external_task_marker_child
[2024-12-07T09:15:01.456+0000] {logging_mixin.py:190} INFO - [2024-12-07T09:15:01.456+0000] {override.py:1911} INFO - Created Permission View: can delete on DAG Run:example_external_task_marker_child
[2024-12-07T09:15:01.460+0000] {logging_mixin.py:190} INFO - [2024-12-07T09:15:01.460+0000] {override.py:1911} INFO - Created Permission View: menu access on DAG Run:example_external_task_marker_child
[2024-12-07T09:15:01.464+0000] {logging_mixin.py:190} INFO - [2024-12-07T09:15:01.464+0000] {override.py:1911} INFO - Created Permission View: can create on DAG Run:example_external_task_marker_child
[2024-12-07T09:15:01.468+0000] {logging_mixin.py:190} INFO - [2024-12-07T09:15:01.468+0000] {override.py:1911} INFO - Created Permission View: can read on DAG Run:example_external_task_marker_child
[2024-12-07T09:15:01.468+0000] {logging_mixin.py:190} INFO - [2024-12-07T09:15:01.468+0000] {dag.py:3239} INFO - Sync 2 DAGs
[2024-12-07T09:15:01.482+0000] {logging_mixin.py:190} INFO - [2024-12-07T09:15:01.482+0000] {dag.py:3262} INFO - Creating ORM DAG for example_external_task_marker_child
[2024-12-07T09:15:01.482+0000] {logging_mixin.py:190} INFO - [2024-12-07T09:15:01.482+0000] {dag.py:3262} INFO - Creating ORM DAG for example_external_task_marker_parent
[2024-12-07T09:15:01.483+0000] {logging_mixin.py:190} INFO - [2024-12-07T09:15:01.483+0000] {dag.py:4180} INFO - Setting next_dagrun for example_external_task_marker_child to None, run_after=None
[2024-12-07T09:15:01.483+0000] {logging_mixin.py:190} INFO - [2024-12-07T09:15:01.483+0000] {dag.py:4180} INFO - Setting next_dagrun for example_external_task_marker_parent to None, run_after=None
[2024-12-07T09:15:01.495+0000] {processor.py:208} INFO - Processing /home/airflow/.local/lib/python3.12/site-packages/airflow/example_dags/example_external_task_marker_dag.py took 0.189 seconds
[2024-12-07T09:15:32.288+0000] {processor.py:186} INFO - Started process (PID=167) to work on /home/airflow/.local/lib/python3.12/site-packages/airflow/example_dags/example_external_task_marker_dag.py
[2024-12-07T09:15:32.289+0000] {processor.py:914} INFO - Processing file /home/airflow/.local/lib/python3.12/site-packages/airflow/example_dags/example_external_task_marker_dag.py for tasks to queue
[2024-12-07T09:15:32.290+0000] {logging_mixin.py:190} INFO - [2024-12-07T09:15:32.290+0000] {dagbag.py:588} INFO - Filling up the DagBag from /home/airflow/.local/lib/python3.12/site-packages/airflow/example_dags/example_external_task_marker_dag.py
[2024-12-07T09:15:32.298+0000] {processor.py:925} INFO - DAG(s) 'example_external_task_marker_child', 'example_external_task_marker_parent' retrieved from /home/airflow/.local/lib/python3.12/site-packages/airflow/example_dags/example_external_task_marker_dag.py
[2024-12-07T09:15:32.315+0000] {logging_mixin.py:190} INFO - [2024-12-07T09:15:32.314+0000] {dag.py:3239} INFO - Sync 2 DAGs
[2024-12-07T09:15:32.328+0000] {logging_mixin.py:190} INFO - [2024-12-07T09:15:32.327+0000] {dag.py:4180} INFO - Setting next_dagrun for example_external_task_marker_child to None, run_after=None
[2024-12-07T09:15:32.331+0000] {logging_mixin.py:190} INFO - [2024-12-07T09:15:32.330+0000] {dag.py:4180} INFO - Setting next_dagrun for example_external_task_marker_parent to None, run_after=None
[2024-12-07T09:15:32.344+0000] {processor.py:208} INFO - Processing /home/airflow/.local/lib/python3.12/site-packages/airflow/example_dags/example_external_task_marker_dag.py took 0.060 seconds
[2024-12-07T09:16:03.179+0000] {processor.py:186} INFO - Started process (PID=230) to work on /home/airflow/.local/lib/python3.12/site-packages/airflow/example_dags/example_external_task_marker_dag.py
[2024-12-07T09:16:03.179+0000] {processor.py:914} INFO - Processing file /home/airflow/.local/lib/python3.12/site-packages/airflow/example_dags/example_external_task_marker_dag.py for tasks to queue
[2024-12-07T09:16:03.182+0000] {logging_mixin.py:190} INFO - [2024-12-07T09:16:03.181+0000] {dagbag.py:588} INFO - Filling up the DagBag from /home/airflow/.local/lib/python3.12/site-packages/airflow/example_dags/example_external_task_marker_dag.py
[2024-12-07T09:16:03.189+0000] {processor.py:925} INFO - DAG(s) 'example_external_task_marker_child', 'example_external_task_marker_parent' retrieved from /home/airflow/.local/lib/python3.12/site-packages/airflow/example_dags/example_external_task_marker_dag.py
[2024-12-07T09:16:03.209+0000] {logging_mixin.py:190} INFO - [2024-12-07T09:16:03.209+0000] {dag.py:3239} INFO - Sync 2 DAGs
[2024-12-07T09:16:03.225+0000] {logging_mixin.py:190} INFO - [2024-12-07T09:16:03.225+0000] {dag.py:4180} INFO - Setting next_dagrun for example_external_task_marker_child to None, run_after=None
[2024-12-07T09:16:03.229+0000] {logging_mixin.py:190} INFO - [2024-12-07T09:16:03.229+0000] {dag.py:4180} INFO - Setting next_dagrun for example_external_task_marker_parent to None, run_after=None
[2024-12-07T09:16:03.241+0000] {processor.py:208} INFO - Processing /home/airflow/.local/lib/python3.12/site-packages/airflow/example_dags/example_external_task_marker_dag.py took 0.066 seconds
[2024-12-07T09:16:33.507+0000] {processor.py:186} INFO - Started process (PID=293) to work on /home/airflow/.local/lib/python3.12/site-packages/airflow/example_dags/example_external_task_marker_dag.py
[2024-12-07T09:16:33.508+0000] {processor.py:914} INFO - Processing file /home/airflow/.local/lib/python3.12/site-packages/airflow/example_dags/example_external_task_marker_dag.py for tasks to queue
[2024-12-07T09:16:33.510+0000] {logging_mixin.py:190} INFO - [2024-12-07T09:16:33.510+0000] {dagbag.py:588} INFO - Filling up the DagBag from /home/airflow/.local/lib/python3.12/site-packages/airflow/example_dags/example_external_task_marker_dag.py
[2024-12-07T09:16:33.519+0000] {processor.py:925} INFO - DAG(s) 'example_external_task_marker_child', 'example_external_task_marker_parent' retrieved from /home/airflow/.local/lib/python3.12/site-packages/airflow/example_dags/example_external_task_marker_dag.py
[2024-12-07T09:16:33.542+0000] {logging_mixin.py:190} INFO - [2024-12-07T09:16:33.541+0000] {dag.py:3239} INFO - Sync 2 DAGs
[2024-12-07T09:16:33.558+0000] {logging_mixin.py:190} INFO - [2024-12-07T09:16:33.558+0000] {dag.py:4180} INFO - Setting next_dagrun for example_external_task_marker_child to None, run_after=None
[2024-12-07T09:16:33.562+0000] {logging_mixin.py:190} INFO - [2024-12-07T09:16:33.561+0000] {dag.py:4180} INFO - Setting next_dagrun for example_external_task_marker_parent to None, run_after=None
[2024-12-07T09:16:33.574+0000] {processor.py:208} INFO - Processing /home/airflow/.local/lib/python3.12/site-packages/airflow/example_dags/example_external_task_marker_dag.py took 0.073 seconds
[2024-12-07T09:17:04.411+0000] {processor.py:186} INFO - Started process (PID=356) to work on /home/airflow/.local/lib/python3.12/site-packages/airflow/example_dags/example_external_task_marker_dag.py
[2024-12-07T09:17:04.412+0000] {processor.py:914} INFO - Processing file /home/airflow/.local/lib/python3.12/site-packages/airflow/example_dags/example_external_task_marker_dag.py for tasks to queue
[2024-12-07T09:17:04.414+0000] {logging_mixin.py:190} INFO - [2024-12-07T09:17:04.413+0000] {dagbag.py:588} INFO - Filling up the DagBag from /home/airflow/.local/lib/python3.12/site-packages/airflow/example_dags/example_external_task_marker_dag.py
[2024-12-07T09:17:04.421+0000] {processor.py:925} INFO - DAG(s) 'example_external_task_marker_parent', 'example_external_task_marker_child' retrieved from /home/airflow/.local/lib/python3.12/site-packages/airflow/example_dags/example_external_task_marker_dag.py
[2024-12-07T09:17:04.438+0000] {logging_mixin.py:190} INFO - [2024-12-07T09:17:04.438+0000] {dag.py:3239} INFO - Sync 2 DAGs
[2024-12-07T09:17:04.450+0000] {logging_mixin.py:190} INFO - [2024-12-07T09:17:04.450+0000] {dag.py:4180} INFO - Setting next_dagrun for example_external_task_marker_child to None, run_after=None
[2024-12-07T09:17:04.453+0000] {logging_mixin.py:190} INFO - [2024-12-07T09:17:04.453+0000] {dag.py:4180} INFO - Setting next_dagrun for example_external_task_marker_parent to None, run_after=None
[2024-12-07T09:17:04.465+0000] {processor.py:208} INFO - Processing /home/airflow/.local/lib/python3.12/site-packages/airflow/example_dags/example_external_task_marker_dag.py took 0.058 seconds
[2024-12-07T09:17:34.857+0000] {processor.py:186} INFO - Started process (PID=419) to work on /home/airflow/.local/lib/python3.12/site-packages/airflow/example_dags/example_external_task_marker_dag.py
[2024-12-07T09:17:34.858+0000] {processor.py:914} INFO - Processing file /home/airflow/.local/lib/python3.12/site-packages/airflow/example_dags/example_external_task_marker_dag.py for tasks to queue
[2024-12-07T09:17:34.860+0000] {logging_mixin.py:190} INFO - [2024-12-07T09:17:34.860+0000] {dagbag.py:588} INFO - Filling up the DagBag from /home/airflow/.local/lib/python3.12/site-packages/airflow/example_dags/example_external_task_marker_dag.py
[2024-12-07T09:17:34.869+0000] {processor.py:925} INFO - DAG(s) 'example_external_task_marker_parent', 'example_external_task_marker_child' retrieved from /home/airflow/.local/lib/python3.12/site-packages/airflow/example_dags/example_external_task_marker_dag.py
[2024-12-07T09:17:34.893+0000] {logging_mixin.py:190} INFO - [2024-12-07T09:17:34.893+0000] {dag.py:3239} INFO - Sync 2 DAGs
[2024-12-07T09:17:34.910+0000] {logging_mixin.py:190} INFO - [2024-12-07T09:17:34.910+0000] {dag.py:4180} INFO - Setting next_dagrun for example_external_task_marker_child to None, run_after=None
[2024-12-07T09:17:34.914+0000] {logging_mixin.py:190} INFO - [2024-12-07T09:17:34.914+0000] {dag.py:4180} INFO - Setting next_dagrun for example_external_task_marker_parent to None, run_after=None
[2024-12-07T09:17:34.929+0000] {processor.py:208} INFO - Processing /home/airflow/.local/lib/python3.12/site-packages/airflow/example_dags/example_external_task_marker_dag.py took 0.078 seconds
[2024-12-07T09:18:05.067+0000] {processor.py:186} INFO - Started process (PID=481) to work on /home/airflow/.local/lib/python3.12/site-packages/airflow/example_dags/example_external_task_marker_dag.py
[2024-12-07T09:18:05.067+0000] {processor.py:914} INFO - Processing file /home/airflow/.local/lib/python3.12/site-packages/airflow/example_dags/example_external_task_marker_dag.py for tasks to queue
[2024-12-07T09:18:05.070+0000] {logging_mixin.py:190} INFO - [2024-12-07T09:18:05.069+0000] {dagbag.py:588} INFO - Filling up the DagBag from /home/airflow/.local/lib/python3.12/site-packages/airflow/example_dags/example_external_task_marker_dag.py
[2024-12-07T09:18:05.078+0000] {processor.py:925} INFO - DAG(s) 'example_external_task_marker_child', 'example_external_task_marker_parent' retrieved from /home/airflow/.local/lib/python3.12/site-packages/airflow/example_dags/example_external_task_marker_dag.py
[2024-12-07T09:18:05.106+0000] {logging_mixin.py:190} INFO - [2024-12-07T09:18:05.106+0000] {dag.py:3239} INFO - Sync 2 DAGs
[2024-12-07T09:18:05.123+0000] {logging_mixin.py:190} INFO - [2024-12-07T09:18:05.123+0000] {dag.py:4180} INFO - Setting next_dagrun for example_external_task_marker_child to None, run_after=None
[2024-12-07T09:18:05.128+0000] {logging_mixin.py:190} INFO - [2024-12-07T09:18:05.127+0000] {dag.py:4180} INFO - Setting next_dagrun for example_external_task_marker_parent to None, run_after=None
[2024-12-07T09:18:05.142+0000] {processor.py:208} INFO - Processing /home/airflow/.local/lib/python3.12/site-packages/airflow/example_dags/example_external_task_marker_dag.py took 0.082 seconds
[2024-12-07T09:18:36.078+0000] {processor.py:186} INFO - Started process (PID=544) to work on /home/airflow/.local/lib/python3.12/site-packages/airflow/example_dags/example_external_task_marker_dag.py
[2024-12-07T09:18:36.079+0000] {processor.py:914} INFO - Processing file /home/airflow/.local/lib/python3.12/site-packages/airflow/example_dags/example_external_task_marker_dag.py for tasks to queue
[2024-12-07T09:18:36.081+0000] {logging_mixin.py:190} INFO - [2024-12-07T09:18:36.080+0000] {dagbag.py:588} INFO - Filling up the DagBag from /home/airflow/.local/lib/python3.12/site-packages/airflow/example_dags/example_external_task_marker_dag.py
[2024-12-07T09:18:36.089+0000] {processor.py:925} INFO - DAG(s) 'example_external_task_marker_parent', 'example_external_task_marker_child' retrieved from /home/airflow/.local/lib/python3.12/site-packages/airflow/example_dags/example_external_task_marker_dag.py
[2024-12-07T09:18:36.114+0000] {logging_mixin.py:190} INFO - [2024-12-07T09:18:36.113+0000] {dag.py:3239} INFO - Sync 2 DAGs
[2024-12-07T09:18:36.131+0000] {logging_mixin.py:190} INFO - [2024-12-07T09:18:36.130+0000] {dag.py:4180} INFO - Setting next_dagrun for example_external_task_marker_child to None, run_after=None
[2024-12-07T09:18:36.134+0000] {logging_mixin.py:190} INFO - [2024-12-07T09:18:36.134+0000] {dag.py:4180} INFO - Setting next_dagrun for example_external_task_marker_parent to None, run_after=None
[2024-12-07T09:18:36.150+0000] {processor.py:208} INFO - Processing /home/airflow/.local/lib/python3.12/site-packages/airflow/example_dags/example_external_task_marker_dag.py took 0.078 seconds
[2024-12-07T09:19:07.107+0000] {processor.py:186} INFO - Started process (PID=607) to work on /home/airflow/.local/lib/python3.12/site-packages/airflow/example_dags/example_external_task_marker_dag.py
[2024-12-07T09:19:07.108+0000] {processor.py:914} INFO - Processing file /home/airflow/.local/lib/python3.12/site-packages/airflow/example_dags/example_external_task_marker_dag.py for tasks to queue
[2024-12-07T09:19:07.110+0000] {logging_mixin.py:190} INFO - [2024-12-07T09:19:07.109+0000] {dagbag.py:588} INFO - Filling up the DagBag from /home/airflow/.local/lib/python3.12/site-packages/airflow/example_dags/example_external_task_marker_dag.py
[2024-12-07T09:19:07.116+0000] {processor.py:925} INFO - DAG(s) 'example_external_task_marker_parent', 'example_external_task_marker_child' retrieved from /home/airflow/.local/lib/python3.12/site-packages/airflow/example_dags/example_external_task_marker_dag.py
[2024-12-07T09:19:07.139+0000] {logging_mixin.py:190} INFO - [2024-12-07T09:19:07.139+0000] {dag.py:3239} INFO - Sync 2 DAGs
[2024-12-07T09:19:07.156+0000] {logging_mixin.py:190} INFO - [2024-12-07T09:19:07.156+0000] {dag.py:4180} INFO - Setting next_dagrun for example_external_task_marker_child to None, run_after=None
[2024-12-07T09:19:07.160+0000] {logging_mixin.py:190} INFO - [2024-12-07T09:19:07.160+0000] {dag.py:4180} INFO - Setting next_dagrun for example_external_task_marker_parent to None, run_after=None
[2024-12-07T09:19:07.175+0000] {processor.py:208} INFO - Processing /home/airflow/.local/lib/python3.12/site-packages/airflow/example_dags/example_external_task_marker_dag.py took 0.073 seconds
[2024-12-07T09:19:37.459+0000] {processor.py:186} INFO - Started process (PID=669) to work on /home/airflow/.local/lib/python3.12/site-packages/airflow/example_dags/example_external_task_marker_dag.py
[2024-12-07T09:19:37.460+0000] {processor.py:914} INFO - Processing file /home/airflow/.local/lib/python3.12/site-packages/airflow/example_dags/example_external_task_marker_dag.py for tasks to queue
[2024-12-07T09:19:37.462+0000] {logging_mixin.py:190} INFO - [2024-12-07T09:19:37.461+0000] {dagbag.py:588} INFO - Filling up the DagBag from /home/airflow/.local/lib/python3.12/site-packages/airflow/example_dags/example_external_task_marker_dag.py
[2024-12-07T09:19:37.470+0000] {processor.py:925} INFO - DAG(s) 'example_external_task_marker_parent', 'example_external_task_marker_child' retrieved from /home/airflow/.local/lib/python3.12/site-packages/airflow/example_dags/example_external_task_marker_dag.py
[2024-12-07T09:19:37.500+0000] {logging_mixin.py:190} INFO - [2024-12-07T09:19:37.500+0000] {dag.py:3239} INFO - Sync 2 DAGs
[2024-12-07T09:19:37.515+0000] {logging_mixin.py:190} INFO - [2024-12-07T09:19:37.514+0000] {dag.py:4180} INFO - Setting next_dagrun for example_external_task_marker_child to None, run_after=None
[2024-12-07T09:19:37.520+0000] {logging_mixin.py:190} INFO - [2024-12-07T09:19:37.520+0000] {dag.py:4180} INFO - Setting next_dagrun for example_external_task_marker_parent to None, run_after=None
[2024-12-07T09:19:37.537+0000] {processor.py:208} INFO - Processing /home/airflow/.local/lib/python3.12/site-packages/airflow/example_dags/example_external_task_marker_dag.py took 0.083 seconds
[2024-12-07T09:20:07.869+0000] {processor.py:186} INFO - Started process (PID=732) to work on /home/airflow/.local/lib/python3.12/site-packages/airflow/example_dags/example_external_task_marker_dag.py
[2024-12-07T09:20:07.869+0000] {processor.py:914} INFO - Processing file /home/airflow/.local/lib/python3.12/site-packages/airflow/example_dags/example_external_task_marker_dag.py for tasks to queue
[2024-12-07T09:20:07.871+0000] {logging_mixin.py:190} INFO - [2024-12-07T09:20:07.871+0000] {dagbag.py:588} INFO - Filling up the DagBag from /home/airflow/.local/lib/python3.12/site-packages/airflow/example_dags/example_external_task_marker_dag.py
[2024-12-07T09:20:07.879+0000] {processor.py:925} INFO - DAG(s) 'example_external_task_marker_parent', 'example_external_task_marker_child' retrieved from /home/airflow/.local/lib/python3.12/site-packages/airflow/example_dags/example_external_task_marker_dag.py
[2024-12-07T09:20:07.901+0000] {logging_mixin.py:190} INFO - [2024-12-07T09:20:07.901+0000] {dag.py:3239} INFO - Sync 2 DAGs
[2024-12-07T09:20:07.913+0000] {logging_mixin.py:190} INFO - [2024-12-07T09:20:07.913+0000] {dag.py:4180} INFO - Setting next_dagrun for example_external_task_marker_child to None, run_after=None
[2024-12-07T09:20:07.916+0000] {logging_mixin.py:190} INFO - [2024-12-07T09:20:07.916+0000] {dag.py:4180} INFO - Setting next_dagrun for example_external_task_marker_parent to None, run_after=None
[2024-12-07T09:20:07.934+0000] {processor.py:208} INFO - Processing /home/airflow/.local/lib/python3.12/site-packages/airflow/example_dags/example_external_task_marker_dag.py took 0.070 seconds
[2024-12-07T09:20:38.331+0000] {processor.py:186} INFO - Started process (PID=795) to work on /home/airflow/.local/lib/python3.12/site-packages/airflow/example_dags/example_external_task_marker_dag.py
[2024-12-07T09:20:38.332+0000] {processor.py:914} INFO - Processing file /home/airflow/.local/lib/python3.12/site-packages/airflow/example_dags/example_external_task_marker_dag.py for tasks to queue
[2024-12-07T09:20:38.333+0000] {logging_mixin.py:190} INFO - [2024-12-07T09:20:38.333+0000] {dagbag.py:588} INFO - Filling up the DagBag from /home/airflow/.local/lib/python3.12/site-packages/airflow/example_dags/example_external_task_marker_dag.py
[2024-12-07T09:20:38.340+0000] {processor.py:925} INFO - DAG(s) 'example_external_task_marker_child', 'example_external_task_marker_parent' retrieved from /home/airflow/.local/lib/python3.12/site-packages/airflow/example_dags/example_external_task_marker_dag.py
[2024-12-07T09:20:38.356+0000] {logging_mixin.py:190} INFO - [2024-12-07T09:20:38.355+0000] {dag.py:3239} INFO - Sync 2 DAGs
[2024-12-07T09:20:38.367+0000] {logging_mixin.py:190} INFO - [2024-12-07T09:20:38.367+0000] {dag.py:4180} INFO - Setting next_dagrun for example_external_task_marker_child to None, run_after=None
[2024-12-07T09:20:38.370+0000] {logging_mixin.py:190} INFO - [2024-12-07T09:20:38.370+0000] {dag.py:4180} INFO - Setting next_dagrun for example_external_task_marker_parent to None, run_after=None
[2024-12-07T09:20:38.381+0000] {processor.py:208} INFO - Processing /home/airflow/.local/lib/python3.12/site-packages/airflow/example_dags/example_external_task_marker_dag.py took 0.054 seconds
[2024-12-07T09:21:09.292+0000] {processor.py:186} INFO - Started process (PID=858) to work on /home/airflow/.local/lib/python3.12/site-packages/airflow/example_dags/example_external_task_marker_dag.py
[2024-12-07T09:21:09.293+0000] {processor.py:914} INFO - Processing file /home/airflow/.local/lib/python3.12/site-packages/airflow/example_dags/example_external_task_marker_dag.py for tasks to queue
[2024-12-07T09:21:09.295+0000] {logging_mixin.py:190} INFO - [2024-12-07T09:21:09.294+0000] {dagbag.py:588} INFO - Filling up the DagBag from /home/airflow/.local/lib/python3.12/site-packages/airflow/example_dags/example_external_task_marker_dag.py
[2024-12-07T09:21:09.302+0000] {processor.py:925} INFO - DAG(s) 'example_external_task_marker_parent', 'example_external_task_marker_child' retrieved from /home/airflow/.local/lib/python3.12/site-packages/airflow/example_dags/example_external_task_marker_dag.py
[2024-12-07T09:21:09.319+0000] {logging_mixin.py:190} INFO - [2024-12-07T09:21:09.319+0000] {dag.py:3239} INFO - Sync 2 DAGs
[2024-12-07T09:21:09.333+0000] {logging_mixin.py:190} INFO - [2024-12-07T09:21:09.332+0000] {dag.py:4180} INFO - Setting next_dagrun for example_external_task_marker_child to None, run_after=None
[2024-12-07T09:21:09.335+0000] {logging_mixin.py:190} INFO - [2024-12-07T09:21:09.335+0000] {dag.py:4180} INFO - Setting next_dagrun for example_external_task_marker_parent to None, run_after=None
[2024-12-07T09:21:09.351+0000] {processor.py:208} INFO - Processing /home/airflow/.local/lib/python3.12/site-packages/airflow/example_dags/example_external_task_marker_dag.py took 0.063 seconds
[2024-12-07T09:21:39.545+0000] {processor.py:186} INFO - Started process (PID=921) to work on /home/airflow/.local/lib/python3.12/site-packages/airflow/example_dags/example_external_task_marker_dag.py
[2024-12-07T09:21:39.546+0000] {processor.py:914} INFO - Processing file /home/airflow/.local/lib/python3.12/site-packages/airflow/example_dags/example_external_task_marker_dag.py for tasks to queue
[2024-12-07T09:21:39.547+0000] {logging_mixin.py:190} INFO - [2024-12-07T09:21:39.547+0000] {dagbag.py:588} INFO - Filling up the DagBag from /home/airflow/.local/lib/python3.12/site-packages/airflow/example_dags/example_external_task_marker_dag.py
[2024-12-07T09:21:39.554+0000] {processor.py:925} INFO - DAG(s) 'example_external_task_marker_child', 'example_external_task_marker_parent' retrieved from /home/airflow/.local/lib/python3.12/site-packages/airflow/example_dags/example_external_task_marker_dag.py
[2024-12-07T09:21:39.570+0000] {logging_mixin.py:190} INFO - [2024-12-07T09:21:39.570+0000] {dag.py:3239} INFO - Sync 2 DAGs
[2024-12-07T09:21:39.582+0000] {logging_mixin.py:190} INFO - [2024-12-07T09:21:39.581+0000] {dag.py:4180} INFO - Setting next_dagrun for example_external_task_marker_child to None, run_after=None
[2024-12-07T09:21:39.584+0000] {logging_mixin.py:190} INFO - [2024-12-07T09:21:39.584+0000] {dag.py:4180} INFO - Setting next_dagrun for example_external_task_marker_parent to None, run_after=None
[2024-12-07T09:21:39.597+0000] {processor.py:208} INFO - Processing /home/airflow/.local/lib/python3.12/site-packages/airflow/example_dags/example_external_task_marker_dag.py took 0.056 seconds
[2024-12-07T09:22:09.993+0000] {processor.py:186} INFO - Started process (PID=984) to work on /home/airflow/.local/lib/python3.12/site-packages/airflow/example_dags/example_external_task_marker_dag.py
[2024-12-07T09:22:09.994+0000] {processor.py:914} INFO - Processing file /home/airflow/.local/lib/python3.12/site-packages/airflow/example_dags/example_external_task_marker_dag.py for tasks to queue
[2024-12-07T09:22:09.995+0000] {logging_mixin.py:190} INFO - [2024-12-07T09:22:09.995+0000] {dagbag.py:588} INFO - Filling up the DagBag from /home/airflow/.local/lib/python3.12/site-packages/airflow/example_dags/example_external_task_marker_dag.py
[2024-12-07T09:22:10.002+0000] {processor.py:925} INFO - DAG(s) 'example_external_task_marker_parent', 'example_external_task_marker_child' retrieved from /home/airflow/.local/lib/python3.12/site-packages/airflow/example_dags/example_external_task_marker_dag.py
[2024-12-07T09:22:10.019+0000] {logging_mixin.py:190} INFO - [2024-12-07T09:22:10.019+0000] {dag.py:3239} INFO - Sync 2 DAGs
[2024-12-07T09:22:10.032+0000] {logging_mixin.py:190} INFO - [2024-12-07T09:22:10.032+0000] {dag.py:4180} INFO - Setting next_dagrun for example_external_task_marker_child to None, run_after=None
[2024-12-07T09:22:10.036+0000] {logging_mixin.py:190} INFO - [2024-12-07T09:22:10.035+0000] {dag.py:4180} INFO - Setting next_dagrun for example_external_task_marker_parent to None, run_after=None
[2024-12-07T09:22:10.047+0000] {processor.py:208} INFO - Processing /home/airflow/.local/lib/python3.12/site-packages/airflow/example_dags/example_external_task_marker_dag.py took 0.059 seconds
[2024-12-07T09:22:40.780+0000] {processor.py:186} INFO - Started process (PID=1047) to work on /home/airflow/.local/lib/python3.12/site-packages/airflow/example_dags/example_external_task_marker_dag.py
[2024-12-07T09:22:40.780+0000] {processor.py:914} INFO - Processing file /home/airflow/.local/lib/python3.12/site-packages/airflow/example_dags/example_external_task_marker_dag.py for tasks to queue
[2024-12-07T09:22:40.782+0000] {logging_mixin.py:190} INFO - [2024-12-07T09:22:40.781+0000] {dagbag.py:588} INFO - Filling up the DagBag from /home/airflow/.local/lib/python3.12/site-packages/airflow/example_dags/example_external_task_marker_dag.py
[2024-12-07T09:22:40.788+0000] {processor.py:925} INFO - DAG(s) 'example_external_task_marker_child', 'example_external_task_marker_parent' retrieved from /home/airflow/.local/lib/python3.12/site-packages/airflow/example_dags/example_external_task_marker_dag.py
[2024-12-07T09:22:40.805+0000] {logging_mixin.py:190} INFO - [2024-12-07T09:22:40.805+0000] {dag.py:3239} INFO - Sync 2 DAGs
[2024-12-07T09:22:40.816+0000] {logging_mixin.py:190} INFO - [2024-12-07T09:22:40.816+0000] {dag.py:4180} INFO - Setting next_dagrun for example_external_task_marker_child to None, run_after=None
[2024-12-07T09:22:40.819+0000] {logging_mixin.py:190} INFO - [2024-12-07T09:22:40.819+0000] {dag.py:4180} INFO - Setting next_dagrun for example_external_task_marker_parent to None, run_after=None
[2024-12-07T09:22:40.831+0000] {processor.py:208} INFO - Processing /home/airflow/.local/lib/python3.12/site-packages/airflow/example_dags/example_external_task_marker_dag.py took 0.055 seconds
[2024-12-07T09:23:11.529+0000] {processor.py:186} INFO - Started process (PID=1110) to work on /home/airflow/.local/lib/python3.12/site-packages/airflow/example_dags/example_external_task_marker_dag.py
[2024-12-07T09:23:11.529+0000] {processor.py:914} INFO - Processing file /home/airflow/.local/lib/python3.12/site-packages/airflow/example_dags/example_external_task_marker_dag.py for tasks to queue
[2024-12-07T09:23:11.531+0000] {logging_mixin.py:190} INFO - [2024-12-07T09:23:11.531+0000] {dagbag.py:588} INFO - Filling up the DagBag from /home/airflow/.local/lib/python3.12/site-packages/airflow/example_dags/example_external_task_marker_dag.py
[2024-12-07T09:23:11.537+0000] {processor.py:925} INFO - DAG(s) 'example_external_task_marker_parent', 'example_external_task_marker_child' retrieved from /home/airflow/.local/lib/python3.12/site-packages/airflow/example_dags/example_external_task_marker_dag.py
[2024-12-07T09:23:11.557+0000] {logging_mixin.py:190} INFO - [2024-12-07T09:23:11.557+0000] {dag.py:3239} INFO - Sync 2 DAGs
[2024-12-07T09:23:11.574+0000] {logging_mixin.py:190} INFO - [2024-12-07T09:23:11.573+0000] {dag.py:4180} INFO - Setting next_dagrun for example_external_task_marker_child to None, run_after=None
[2024-12-07T09:23:11.577+0000] {logging_mixin.py:190} INFO - [2024-12-07T09:23:11.577+0000] {dag.py:4180} INFO - Setting next_dagrun for example_external_task_marker_parent to None, run_after=None
[2024-12-07T09:23:11.589+0000] {processor.py:208} INFO - Processing /home/airflow/.local/lib/python3.12/site-packages/airflow/example_dags/example_external_task_marker_dag.py took 0.065 seconds
[2024-12-07T09:23:42.374+0000] {processor.py:186} INFO - Started process (PID=1174) to work on /home/airflow/.local/lib/python3.12/site-packages/airflow/example_dags/example_external_task_marker_dag.py
[2024-12-07T09:23:42.374+0000] {processor.py:914} INFO - Processing file /home/airflow/.local/lib/python3.12/site-packages/airflow/example_dags/example_external_task_marker_dag.py for tasks to queue
[2024-12-07T09:23:42.376+0000] {logging_mixin.py:190} INFO - [2024-12-07T09:23:42.376+0000] {dagbag.py:588} INFO - Filling up the DagBag from /home/airflow/.local/lib/python3.12/site-packages/airflow/example_dags/example_external_task_marker_dag.py
[2024-12-07T09:23:42.382+0000] {processor.py:925} INFO - DAG(s) 'example_external_task_marker_child', 'example_external_task_marker_parent' retrieved from /home/airflow/.local/lib/python3.12/site-packages/airflow/example_dags/example_external_task_marker_dag.py
[2024-12-07T09:23:42.399+0000] {logging_mixin.py:190} INFO - [2024-12-07T09:23:42.399+0000] {dag.py:3239} INFO - Sync 2 DAGs
[2024-12-07T09:23:42.411+0000] {logging_mixin.py:190} INFO - [2024-12-07T09:23:42.410+0000] {dag.py:4180} INFO - Setting next_dagrun for example_external_task_marker_child to None, run_after=None
[2024-12-07T09:23:42.413+0000] {logging_mixin.py:190} INFO - [2024-12-07T09:23:42.413+0000] {dag.py:4180} INFO - Setting next_dagrun for example_external_task_marker_parent to None, run_after=None
[2024-12-07T09:23:42.426+0000] {processor.py:208} INFO - Processing /home/airflow/.local/lib/python3.12/site-packages/airflow/example_dags/example_external_task_marker_dag.py took 0.057 seconds
[2024-12-07T09:24:12.575+0000] {processor.py:186} INFO - Started process (PID=1237) to work on /home/airflow/.local/lib/python3.12/site-packages/airflow/example_dags/example_external_task_marker_dag.py
[2024-12-07T09:24:12.575+0000] {processor.py:914} INFO - Processing file /home/airflow/.local/lib/python3.12/site-packages/airflow/example_dags/example_external_task_marker_dag.py for tasks to queue
[2024-12-07T09:24:12.577+0000] {logging_mixin.py:190} INFO - [2024-12-07T09:24:12.577+0000] {dagbag.py:588} INFO - Filling up the DagBag from /home/airflow/.local/lib/python3.12/site-packages/airflow/example_dags/example_external_task_marker_dag.py
[2024-12-07T09:24:12.583+0000] {processor.py:925} INFO - DAG(s) 'example_external_task_marker_child', 'example_external_task_marker_parent' retrieved from /home/airflow/.local/lib/python3.12/site-packages/airflow/example_dags/example_external_task_marker_dag.py
[2024-12-07T09:24:12.603+0000] {logging_mixin.py:190} INFO - [2024-12-07T09:24:12.603+0000] {dag.py:3239} INFO - Sync 2 DAGs
[2024-12-07T09:24:12.621+0000] {logging_mixin.py:190} INFO - [2024-12-07T09:24:12.620+0000] {dag.py:4180} INFO - Setting next_dagrun for example_external_task_marker_child to None, run_after=None
[2024-12-07T09:24:12.624+0000] {logging_mixin.py:190} INFO - [2024-12-07T09:24:12.624+0000] {dag.py:4180} INFO - Setting next_dagrun for example_external_task_marker_parent to None, run_after=None
[2024-12-07T09:24:12.641+0000] {processor.py:208} INFO - Processing /home/airflow/.local/lib/python3.12/site-packages/airflow/example_dags/example_external_task_marker_dag.py took 0.070 seconds
[2024-12-07T09:24:42.894+0000] {processor.py:186} INFO - Started process (PID=1300) to work on /home/airflow/.local/lib/python3.12/site-packages/airflow/example_dags/example_external_task_marker_dag.py
[2024-12-07T09:24:42.894+0000] {processor.py:914} INFO - Processing file /home/airflow/.local/lib/python3.12/site-packages/airflow/example_dags/example_external_task_marker_dag.py for tasks to queue
[2024-12-07T09:24:42.896+0000] {logging_mixin.py:190} INFO - [2024-12-07T09:24:42.896+0000] {dagbag.py:588} INFO - Filling up the DagBag from /home/airflow/.local/lib/python3.12/site-packages/airflow/example_dags/example_external_task_marker_dag.py
[2024-12-07T09:24:42.903+0000] {processor.py:925} INFO - DAG(s) 'example_external_task_marker_parent', 'example_external_task_marker_child' retrieved from /home/airflow/.local/lib/python3.12/site-packages/airflow/example_dags/example_external_task_marker_dag.py
[2024-12-07T09:24:42.920+0000] {logging_mixin.py:190} INFO - [2024-12-07T09:24:42.920+0000] {dag.py:3239} INFO - Sync 2 DAGs
[2024-12-07T09:24:42.935+0000] {logging_mixin.py:190} INFO - [2024-12-07T09:24:42.934+0000] {dag.py:4180} INFO - Setting next_dagrun for example_external_task_marker_child to None, run_after=None
[2024-12-07T09:24:42.938+0000] {logging_mixin.py:190} INFO - [2024-12-07T09:24:42.938+0000] {dag.py:4180} INFO - Setting next_dagrun for example_external_task_marker_parent to None, run_after=None
[2024-12-07T09:24:42.949+0000] {processor.py:208} INFO - Processing /home/airflow/.local/lib/python3.12/site-packages/airflow/example_dags/example_external_task_marker_dag.py took 0.061 seconds
[2024-12-07T09:25:12.997+0000] {processor.py:186} INFO - Started process (PID=1363) to work on /home/airflow/.local/lib/python3.12/site-packages/airflow/example_dags/example_external_task_marker_dag.py
[2024-12-07T09:25:12.998+0000] {processor.py:914} INFO - Processing file /home/airflow/.local/lib/python3.12/site-packages/airflow/example_dags/example_external_task_marker_dag.py for tasks to queue
[2024-12-07T09:25:13.000+0000] {logging_mixin.py:190} INFO - [2024-12-07T09:25:13.000+0000] {dagbag.py:588} INFO - Filling up the DagBag from /home/airflow/.local/lib/python3.12/site-packages/airflow/example_dags/example_external_task_marker_dag.py
[2024-12-07T09:25:13.009+0000] {processor.py:925} INFO - DAG(s) 'example_external_task_marker_parent', 'example_external_task_marker_child' retrieved from /home/airflow/.local/lib/python3.12/site-packages/airflow/example_dags/example_external_task_marker_dag.py
[2024-12-07T09:25:13.031+0000] {logging_mixin.py:190} INFO - [2024-12-07T09:25:13.031+0000] {dag.py:3239} INFO - Sync 2 DAGs
[2024-12-07T09:25:13.047+0000] {logging_mixin.py:190} INFO - [2024-12-07T09:25:13.046+0000] {dag.py:4180} INFO - Setting next_dagrun for example_external_task_marker_child to None, run_after=None
[2024-12-07T09:25:13.050+0000] {logging_mixin.py:190} INFO - [2024-12-07T09:25:13.050+0000] {dag.py:4180} INFO - Setting next_dagrun for example_external_task_marker_parent to None, run_after=None
[2024-12-07T09:25:13.064+0000] {processor.py:208} INFO - Processing /home/airflow/.local/lib/python3.12/site-packages/airflow/example_dags/example_external_task_marker_dag.py took 0.073 seconds
[2024-12-07T09:25:43.168+0000] {processor.py:186} INFO - Started process (PID=1426) to work on /home/airflow/.local/lib/python3.12/site-packages/airflow/example_dags/example_external_task_marker_dag.py
[2024-12-07T09:25:43.169+0000] {processor.py:914} INFO - Processing file /home/airflow/.local/lib/python3.12/site-packages/airflow/example_dags/example_external_task_marker_dag.py for tasks to queue
[2024-12-07T09:25:43.171+0000] {logging_mixin.py:190} INFO - [2024-12-07T09:25:43.171+0000] {dagbag.py:588} INFO - Filling up the DagBag from /home/airflow/.local/lib/python3.12/site-packages/airflow/example_dags/example_external_task_marker_dag.py
[2024-12-07T09:25:43.180+0000] {processor.py:925} INFO - DAG(s) 'example_external_task_marker_child', 'example_external_task_marker_parent' retrieved from /home/airflow/.local/lib/python3.12/site-packages/airflow/example_dags/example_external_task_marker_dag.py
[2024-12-07T09:25:43.202+0000] {logging_mixin.py:190} INFO - [2024-12-07T09:25:43.202+0000] {dag.py:3239} INFO - Sync 2 DAGs
[2024-12-07T09:25:43.217+0000] {logging_mixin.py:190} INFO - [2024-12-07T09:25:43.217+0000] {dag.py:4180} INFO - Setting next_dagrun for example_external_task_marker_child to None, run_after=None
[2024-12-07T09:25:43.220+0000] {logging_mixin.py:190} INFO - [2024-12-07T09:25:43.220+0000] {dag.py:4180} INFO - Setting next_dagrun for example_external_task_marker_parent to None, run_after=None
[2024-12-07T09:25:43.232+0000] {processor.py:208} INFO - Processing /home/airflow/.local/lib/python3.12/site-packages/airflow/example_dags/example_external_task_marker_dag.py took 0.070 seconds
[2024-12-07T09:26:13.535+0000] {processor.py:186} INFO - Started process (PID=1489) to work on /home/airflow/.local/lib/python3.12/site-packages/airflow/example_dags/example_external_task_marker_dag.py
[2024-12-07T09:26:13.536+0000] {processor.py:914} INFO - Processing file /home/airflow/.local/lib/python3.12/site-packages/airflow/example_dags/example_external_task_marker_dag.py for tasks to queue
[2024-12-07T09:26:13.537+0000] {logging_mixin.py:190} INFO - [2024-12-07T09:26:13.537+0000] {dagbag.py:588} INFO - Filling up the DagBag from /home/airflow/.local/lib/python3.12/site-packages/airflow/example_dags/example_external_task_marker_dag.py
[2024-12-07T09:26:13.543+0000] {processor.py:925} INFO - DAG(s) 'example_external_task_marker_child', 'example_external_task_marker_parent' retrieved from /home/airflow/.local/lib/python3.12/site-packages/airflow/example_dags/example_external_task_marker_dag.py
[2024-12-07T09:26:13.563+0000] {logging_mixin.py:190} INFO - [2024-12-07T09:26:13.563+0000] {dag.py:3239} INFO - Sync 2 DAGs
[2024-12-07T09:26:13.579+0000] {logging_mixin.py:190} INFO - [2024-12-07T09:26:13.579+0000] {dag.py:4180} INFO - Setting next_dagrun for example_external_task_marker_child to None, run_after=None
[2024-12-07T09:26:13.582+0000] {logging_mixin.py:190} INFO - [2024-12-07T09:26:13.582+0000] {dag.py:4180} INFO - Setting next_dagrun for example_external_task_marker_parent to None, run_after=None
[2024-12-07T09:26:13.595+0000] {processor.py:208} INFO - Processing /home/airflow/.local/lib/python3.12/site-packages/airflow/example_dags/example_external_task_marker_dag.py took 0.064 seconds
[2024-12-07T09:26:43.745+0000] {processor.py:186} INFO - Started process (PID=1552) to work on /home/airflow/.local/lib/python3.12/site-packages/airflow/example_dags/example_external_task_marker_dag.py
[2024-12-07T09:26:43.745+0000] {processor.py:914} INFO - Processing file /home/airflow/.local/lib/python3.12/site-packages/airflow/example_dags/example_external_task_marker_dag.py for tasks to queue
[2024-12-07T09:26:43.747+0000] {logging_mixin.py:190} INFO - [2024-12-07T09:26:43.747+0000] {dagbag.py:588} INFO - Filling up the DagBag from /home/airflow/.local/lib/python3.12/site-packages/airflow/example_dags/example_external_task_marker_dag.py
[2024-12-07T09:26:43.754+0000] {processor.py:925} INFO - DAG(s) 'example_external_task_marker_child', 'example_external_task_marker_parent' retrieved from /home/airflow/.local/lib/python3.12/site-packages/airflow/example_dags/example_external_task_marker_dag.py
[2024-12-07T09:26:43.770+0000] {logging_mixin.py:190} INFO - [2024-12-07T09:26:43.770+0000] {dag.py:3239} INFO - Sync 2 DAGs
[2024-12-07T09:26:43.782+0000] {logging_mixin.py:190} INFO - [2024-12-07T09:26:43.782+0000] {dag.py:4180} INFO - Setting next_dagrun for example_external_task_marker_child to None, run_after=None
[2024-12-07T09:26:43.785+0000] {logging_mixin.py:190} INFO - [2024-12-07T09:26:43.785+0000] {dag.py:4180} INFO - Setting next_dagrun for example_external_task_marker_parent to None, run_after=None
[2024-12-07T09:26:43.798+0000] {processor.py:208} INFO - Processing /home/airflow/.local/lib/python3.12/site-packages/airflow/example_dags/example_external_task_marker_dag.py took 0.057 seconds
[2024-12-07T09:27:13.999+0000] {processor.py:186} INFO - Started process (PID=1615) to work on /home/airflow/.local/lib/python3.12/site-packages/airflow/example_dags/example_external_task_marker_dag.py
[2024-12-07T09:27:14.000+0000] {processor.py:914} INFO - Processing file /home/airflow/.local/lib/python3.12/site-packages/airflow/example_dags/example_external_task_marker_dag.py for tasks to queue
[2024-12-07T09:27:14.002+0000] {logging_mixin.py:190} INFO - [2024-12-07T09:27:14.001+0000] {dagbag.py:588} INFO - Filling up the DagBag from /home/airflow/.local/lib/python3.12/site-packages/airflow/example_dags/example_external_task_marker_dag.py
[2024-12-07T09:27:14.008+0000] {processor.py:925} INFO - DAG(s) 'example_external_task_marker_parent', 'example_external_task_marker_child' retrieved from /home/airflow/.local/lib/python3.12/site-packages/airflow/example_dags/example_external_task_marker_dag.py
[2024-12-07T09:27:14.024+0000] {logging_mixin.py:190} INFO - [2024-12-07T09:27:14.024+0000] {dag.py:3239} INFO - Sync 2 DAGs
[2024-12-07T09:27:14.036+0000] {logging_mixin.py:190} INFO - [2024-12-07T09:27:14.035+0000] {dag.py:4180} INFO - Setting next_dagrun for example_external_task_marker_child to None, run_after=None
[2024-12-07T09:27:14.038+0000] {logging_mixin.py:190} INFO - [2024-12-07T09:27:14.038+0000] {dag.py:4180} INFO - Setting next_dagrun for example_external_task_marker_parent to None, run_after=None
[2024-12-07T09:27:14.051+0000] {processor.py:208} INFO - Processing /home/airflow/.local/lib/python3.12/site-packages/airflow/example_dags/example_external_task_marker_dag.py took 0.056 seconds
