[2024-12-07T09:14:53.785+0000] {processor.py:186} INFO - Started process (PID=68) to work on /home/airflow/.local/lib/python3.12/site-packages/airflow/example_dags/example_skip_dag.py
[2024-12-07T09:14:53.786+0000] {processor.py:914} INFO - Processing file /home/airflow/.local/lib/python3.12/site-packages/airflow/example_dags/example_skip_dag.py for tasks to queue
[2024-12-07T09:14:53.788+0000] {logging_mixin.py:190} INFO - [2024-12-07T09:14:53.788+0000] {dagbag.py:588} INFO - Filling up the DagBag from /home/airflow/.local/lib/python3.12/site-packages/airflow/example_dags/example_skip_dag.py
[2024-12-07T09:14:53.809+0000] {processor.py:925} INFO - DAG(s) 'example_skip_dag' retrieved from /home/airflow/.local/lib/python3.12/site-packages/airflow/example_dags/example_skip_dag.py
[2024-12-07T09:14:54.036+0000] {logging_mixin.py:190} INFO - [2024-12-07T09:14:54.035+0000] {override.py:1911} INFO - Created Permission View: can delete on DAG:example_skip_dag
[2024-12-07T09:14:54.054+0000] {logging_mixin.py:190} INFO - [2024-12-07T09:14:54.053+0000] {override.py:1911} INFO - Created Permission View: can edit on DAG:example_skip_dag
[2024-12-07T09:14:54.066+0000] {logging_mixin.py:190} INFO - [2024-12-07T09:14:54.066+0000] {override.py:1911} INFO - Created Permission View: can read on DAG:example_skip_dag
[2024-12-07T09:14:54.086+0000] {logging_mixin.py:190} INFO - [2024-12-07T09:14:54.085+0000] {override.py:1911} INFO - Created Permission View: can delete on DAG Run:example_skip_dag
[2024-12-07T09:14:54.097+0000] {logging_mixin.py:190} INFO - [2024-12-07T09:14:54.097+0000] {override.py:1911} INFO - Created Permission View: menu access on DAG Run:example_skip_dag
[2024-12-07T09:14:54.115+0000] {logging_mixin.py:190} INFO - [2024-12-07T09:14:54.114+0000] {override.py:1911} INFO - Created Permission View: can create on DAG Run:example_skip_dag
[2024-12-07T09:14:54.121+0000] {logging_mixin.py:190} INFO - [2024-12-07T09:14:54.121+0000] {override.py:1911} INFO - Created Permission View: can read on DAG Run:example_skip_dag
[2024-12-07T09:14:54.122+0000] {logging_mixin.py:190} INFO - [2024-12-07T09:14:54.121+0000] {dag.py:3239} INFO - Sync 1 DAGs
[2024-12-07T09:14:54.136+0000] {logging_mixin.py:190} INFO - [2024-12-07T09:14:54.135+0000] {dag.py:3262} INFO - Creating ORM DAG for example_skip_dag
[2024-12-07T09:14:54.164+0000] {logging_mixin.py:190} INFO - [2024-12-07T09:14:54.164+0000] {dag.py:4180} INFO - Setting next_dagrun for example_skip_dag to 2024-12-06 00:00:00+00:00, run_after=2024-12-07 00:00:00+00:00
[2024-12-07T09:14:54.194+0000] {processor.py:208} INFO - Processing /home/airflow/.local/lib/python3.12/site-packages/airflow/example_dags/example_skip_dag.py took 0.428 seconds
[2024-12-07T09:15:24.522+0000] {processor.py:186} INFO - Started process (PID=131) to work on /home/airflow/.local/lib/python3.12/site-packages/airflow/example_dags/example_skip_dag.py
[2024-12-07T09:15:24.523+0000] {processor.py:914} INFO - Processing file /home/airflow/.local/lib/python3.12/site-packages/airflow/example_dags/example_skip_dag.py for tasks to queue
[2024-12-07T09:15:24.525+0000] {logging_mixin.py:190} INFO - [2024-12-07T09:15:24.525+0000] {dagbag.py:588} INFO - Filling up the DagBag from /home/airflow/.local/lib/python3.12/site-packages/airflow/example_dags/example_skip_dag.py
[2024-12-07T09:15:24.534+0000] {processor.py:925} INFO - DAG(s) 'example_skip_dag' retrieved from /home/airflow/.local/lib/python3.12/site-packages/airflow/example_dags/example_skip_dag.py
[2024-12-07T09:15:24.554+0000] {logging_mixin.py:190} INFO - [2024-12-07T09:15:24.554+0000] {dag.py:3239} INFO - Sync 1 DAGs
[2024-12-07T09:15:24.573+0000] {logging_mixin.py:190} INFO - [2024-12-07T09:15:24.573+0000] {dag.py:4180} INFO - Setting next_dagrun for example_skip_dag to 2024-12-06 00:00:00+00:00, run_after=2024-12-07 00:00:00+00:00
[2024-12-07T09:15:24.586+0000] {processor.py:208} INFO - Processing /home/airflow/.local/lib/python3.12/site-packages/airflow/example_dags/example_skip_dag.py took 0.070 seconds
[2024-12-07T09:15:54.623+0000] {processor.py:186} INFO - Started process (PID=194) to work on /home/airflow/.local/lib/python3.12/site-packages/airflow/example_dags/example_skip_dag.py
[2024-12-07T09:15:54.623+0000] {processor.py:914} INFO - Processing file /home/airflow/.local/lib/python3.12/site-packages/airflow/example_dags/example_skip_dag.py for tasks to queue
[2024-12-07T09:15:54.625+0000] {logging_mixin.py:190} INFO - [2024-12-07T09:15:54.625+0000] {dagbag.py:588} INFO - Filling up the DagBag from /home/airflow/.local/lib/python3.12/site-packages/airflow/example_dags/example_skip_dag.py
[2024-12-07T09:15:54.631+0000] {processor.py:925} INFO - DAG(s) 'example_skip_dag' retrieved from /home/airflow/.local/lib/python3.12/site-packages/airflow/example_dags/example_skip_dag.py
[2024-12-07T09:15:54.646+0000] {logging_mixin.py:190} INFO - [2024-12-07T09:15:54.646+0000] {dag.py:3239} INFO - Sync 1 DAGs
[2024-12-07T09:15:54.664+0000] {logging_mixin.py:190} INFO - [2024-12-07T09:15:54.664+0000] {dag.py:4180} INFO - Setting next_dagrun for example_skip_dag to 2024-12-06 00:00:00+00:00, run_after=2024-12-07 00:00:00+00:00
[2024-12-07T09:15:54.676+0000] {processor.py:208} INFO - Processing /home/airflow/.local/lib/python3.12/site-packages/airflow/example_dags/example_skip_dag.py took 0.059 seconds
[2024-12-07T09:16:24.801+0000] {processor.py:186} INFO - Started process (PID=257) to work on /home/airflow/.local/lib/python3.12/site-packages/airflow/example_dags/example_skip_dag.py
[2024-12-07T09:16:24.802+0000] {processor.py:914} INFO - Processing file /home/airflow/.local/lib/python3.12/site-packages/airflow/example_dags/example_skip_dag.py for tasks to queue
[2024-12-07T09:16:24.803+0000] {logging_mixin.py:190} INFO - [2024-12-07T09:16:24.803+0000] {dagbag.py:588} INFO - Filling up the DagBag from /home/airflow/.local/lib/python3.12/site-packages/airflow/example_dags/example_skip_dag.py
[2024-12-07T09:16:24.811+0000] {processor.py:925} INFO - DAG(s) 'example_skip_dag' retrieved from /home/airflow/.local/lib/python3.12/site-packages/airflow/example_dags/example_skip_dag.py
[2024-12-07T09:16:24.833+0000] {logging_mixin.py:190} INFO - [2024-12-07T09:16:24.833+0000] {dag.py:3239} INFO - Sync 1 DAGs
[2024-12-07T09:16:24.863+0000] {logging_mixin.py:190} INFO - [2024-12-07T09:16:24.862+0000] {dag.py:4180} INFO - Setting next_dagrun for example_skip_dag to 2024-12-06 00:00:00+00:00, run_after=2024-12-07 00:00:00+00:00
[2024-12-07T09:16:24.880+0000] {processor.py:208} INFO - Processing /home/airflow/.local/lib/python3.12/site-packages/airflow/example_dags/example_skip_dag.py took 0.084 seconds
[2024-12-07T09:16:55.565+0000] {processor.py:186} INFO - Started process (PID=320) to work on /home/airflow/.local/lib/python3.12/site-packages/airflow/example_dags/example_skip_dag.py
[2024-12-07T09:16:55.566+0000] {processor.py:914} INFO - Processing file /home/airflow/.local/lib/python3.12/site-packages/airflow/example_dags/example_skip_dag.py for tasks to queue
[2024-12-07T09:16:55.567+0000] {logging_mixin.py:190} INFO - [2024-12-07T09:16:55.567+0000] {dagbag.py:588} INFO - Filling up the DagBag from /home/airflow/.local/lib/python3.12/site-packages/airflow/example_dags/example_skip_dag.py
[2024-12-07T09:16:55.575+0000] {processor.py:925} INFO - DAG(s) 'example_skip_dag' retrieved from /home/airflow/.local/lib/python3.12/site-packages/airflow/example_dags/example_skip_dag.py
[2024-12-07T09:16:55.599+0000] {logging_mixin.py:190} INFO - [2024-12-07T09:16:55.598+0000] {dag.py:3239} INFO - Sync 1 DAGs
[2024-12-07T09:16:55.627+0000] {logging_mixin.py:190} INFO - [2024-12-07T09:16:55.627+0000] {dag.py:4180} INFO - Setting next_dagrun for example_skip_dag to 2024-12-06 00:00:00+00:00, run_after=2024-12-07 00:00:00+00:00
[2024-12-07T09:16:55.641+0000] {processor.py:208} INFO - Processing /home/airflow/.local/lib/python3.12/site-packages/airflow/example_dags/example_skip_dag.py took 0.080 seconds
[2024-12-07T09:17:26.526+0000] {processor.py:186} INFO - Started process (PID=383) to work on /home/airflow/.local/lib/python3.12/site-packages/airflow/example_dags/example_skip_dag.py
[2024-12-07T09:17:26.527+0000] {processor.py:914} INFO - Processing file /home/airflow/.local/lib/python3.12/site-packages/airflow/example_dags/example_skip_dag.py for tasks to queue
[2024-12-07T09:17:26.529+0000] {logging_mixin.py:190} INFO - [2024-12-07T09:17:26.528+0000] {dagbag.py:588} INFO - Filling up the DagBag from /home/airflow/.local/lib/python3.12/site-packages/airflow/example_dags/example_skip_dag.py
[2024-12-07T09:17:26.535+0000] {processor.py:925} INFO - DAG(s) 'example_skip_dag' retrieved from /home/airflow/.local/lib/python3.12/site-packages/airflow/example_dags/example_skip_dag.py
[2024-12-07T09:17:26.551+0000] {logging_mixin.py:190} INFO - [2024-12-07T09:17:26.551+0000] {dag.py:3239} INFO - Sync 1 DAGs
[2024-12-07T09:17:26.573+0000] {logging_mixin.py:190} INFO - [2024-12-07T09:17:26.573+0000] {dag.py:4180} INFO - Setting next_dagrun for example_skip_dag to 2024-12-06 00:00:00+00:00, run_after=2024-12-07 00:00:00+00:00
[2024-12-07T09:17:26.587+0000] {processor.py:208} INFO - Processing /home/airflow/.local/lib/python3.12/site-packages/airflow/example_dags/example_skip_dag.py took 0.066 seconds
[2024-12-07T09:17:57.045+0000] {processor.py:186} INFO - Started process (PID=446) to work on /home/airflow/.local/lib/python3.12/site-packages/airflow/example_dags/example_skip_dag.py
[2024-12-07T09:17:57.046+0000] {processor.py:914} INFO - Processing file /home/airflow/.local/lib/python3.12/site-packages/airflow/example_dags/example_skip_dag.py for tasks to queue
[2024-12-07T09:17:57.047+0000] {logging_mixin.py:190} INFO - [2024-12-07T09:17:57.047+0000] {dagbag.py:588} INFO - Filling up the DagBag from /home/airflow/.local/lib/python3.12/site-packages/airflow/example_dags/example_skip_dag.py
[2024-12-07T09:17:57.053+0000] {processor.py:925} INFO - DAG(s) 'example_skip_dag' retrieved from /home/airflow/.local/lib/python3.12/site-packages/airflow/example_dags/example_skip_dag.py
[2024-12-07T09:17:57.073+0000] {logging_mixin.py:190} INFO - [2024-12-07T09:17:57.072+0000] {dag.py:3239} INFO - Sync 1 DAGs
[2024-12-07T09:17:57.090+0000] {logging_mixin.py:190} INFO - [2024-12-07T09:17:57.090+0000] {dag.py:4180} INFO - Setting next_dagrun for example_skip_dag to 2024-12-06 00:00:00+00:00, run_after=2024-12-07 00:00:00+00:00
[2024-12-07T09:17:57.102+0000] {processor.py:208} INFO - Processing /home/airflow/.local/lib/python3.12/site-packages/airflow/example_dags/example_skip_dag.py took 0.061 seconds
[2024-12-07T09:18:27.278+0000] {processor.py:186} INFO - Started process (PID=509) to work on /home/airflow/.local/lib/python3.12/site-packages/airflow/example_dags/example_skip_dag.py
[2024-12-07T09:18:27.279+0000] {processor.py:914} INFO - Processing file /home/airflow/.local/lib/python3.12/site-packages/airflow/example_dags/example_skip_dag.py for tasks to queue
[2024-12-07T09:18:27.281+0000] {logging_mixin.py:190} INFO - [2024-12-07T09:18:27.281+0000] {dagbag.py:588} INFO - Filling up the DagBag from /home/airflow/.local/lib/python3.12/site-packages/airflow/example_dags/example_skip_dag.py
[2024-12-07T09:18:27.288+0000] {processor.py:925} INFO - DAG(s) 'example_skip_dag' retrieved from /home/airflow/.local/lib/python3.12/site-packages/airflow/example_dags/example_skip_dag.py
[2024-12-07T09:18:27.308+0000] {logging_mixin.py:190} INFO - [2024-12-07T09:18:27.307+0000] {dag.py:3239} INFO - Sync 1 DAGs
[2024-12-07T09:18:27.331+0000] {logging_mixin.py:190} INFO - [2024-12-07T09:18:27.330+0000] {dag.py:4180} INFO - Setting next_dagrun for example_skip_dag to 2024-12-06 00:00:00+00:00, run_after=2024-12-07 00:00:00+00:00
[2024-12-07T09:18:27.345+0000] {processor.py:208} INFO - Processing /home/airflow/.local/lib/python3.12/site-packages/airflow/example_dags/example_skip_dag.py took 0.073 seconds
[2024-12-07T09:18:57.434+0000] {processor.py:186} INFO - Started process (PID=572) to work on /home/airflow/.local/lib/python3.12/site-packages/airflow/example_dags/example_skip_dag.py
[2024-12-07T09:18:57.435+0000] {processor.py:914} INFO - Processing file /home/airflow/.local/lib/python3.12/site-packages/airflow/example_dags/example_skip_dag.py for tasks to queue
[2024-12-07T09:18:57.437+0000] {logging_mixin.py:190} INFO - [2024-12-07T09:18:57.436+0000] {dagbag.py:588} INFO - Filling up the DagBag from /home/airflow/.local/lib/python3.12/site-packages/airflow/example_dags/example_skip_dag.py
[2024-12-07T09:18:57.443+0000] {processor.py:925} INFO - DAG(s) 'example_skip_dag' retrieved from /home/airflow/.local/lib/python3.12/site-packages/airflow/example_dags/example_skip_dag.py
[2024-12-07T09:18:57.459+0000] {logging_mixin.py:190} INFO - [2024-12-07T09:18:57.459+0000] {dag.py:3239} INFO - Sync 1 DAGs
[2024-12-07T09:18:57.476+0000] {logging_mixin.py:190} INFO - [2024-12-07T09:18:57.476+0000] {dag.py:4180} INFO - Setting next_dagrun for example_skip_dag to 2024-12-06 00:00:00+00:00, run_after=2024-12-07 00:00:00+00:00
[2024-12-07T09:18:57.488+0000] {processor.py:208} INFO - Processing /home/airflow/.local/lib/python3.12/site-packages/airflow/example_dags/example_skip_dag.py took 0.058 seconds
[2024-12-07T09:19:27.753+0000] {processor.py:186} INFO - Started process (PID=635) to work on /home/airflow/.local/lib/python3.12/site-packages/airflow/example_dags/example_skip_dag.py
[2024-12-07T09:19:27.754+0000] {processor.py:914} INFO - Processing file /home/airflow/.local/lib/python3.12/site-packages/airflow/example_dags/example_skip_dag.py for tasks to queue
[2024-12-07T09:19:27.755+0000] {logging_mixin.py:190} INFO - [2024-12-07T09:19:27.755+0000] {dagbag.py:588} INFO - Filling up the DagBag from /home/airflow/.local/lib/python3.12/site-packages/airflow/example_dags/example_skip_dag.py
[2024-12-07T09:19:27.763+0000] {processor.py:925} INFO - DAG(s) 'example_skip_dag' retrieved from /home/airflow/.local/lib/python3.12/site-packages/airflow/example_dags/example_skip_dag.py
[2024-12-07T09:19:27.785+0000] {logging_mixin.py:190} INFO - [2024-12-07T09:19:27.785+0000] {dag.py:3239} INFO - Sync 1 DAGs
[2024-12-07T09:19:27.811+0000] {logging_mixin.py:190} INFO - [2024-12-07T09:19:27.811+0000] {dag.py:4180} INFO - Setting next_dagrun for example_skip_dag to 2024-12-06 00:00:00+00:00, run_after=2024-12-07 00:00:00+00:00
[2024-12-07T09:19:27.830+0000] {processor.py:208} INFO - Processing /home/airflow/.local/lib/python3.12/site-packages/airflow/example_dags/example_skip_dag.py took 0.082 seconds
[2024-12-07T09:19:58.208+0000] {processor.py:186} INFO - Started process (PID=698) to work on /home/airflow/.local/lib/python3.12/site-packages/airflow/example_dags/example_skip_dag.py
[2024-12-07T09:19:58.209+0000] {processor.py:914} INFO - Processing file /home/airflow/.local/lib/python3.12/site-packages/airflow/example_dags/example_skip_dag.py for tasks to queue
[2024-12-07T09:19:58.211+0000] {logging_mixin.py:190} INFO - [2024-12-07T09:19:58.211+0000] {dagbag.py:588} INFO - Filling up the DagBag from /home/airflow/.local/lib/python3.12/site-packages/airflow/example_dags/example_skip_dag.py
[2024-12-07T09:19:58.219+0000] {processor.py:925} INFO - DAG(s) 'example_skip_dag' retrieved from /home/airflow/.local/lib/python3.12/site-packages/airflow/example_dags/example_skip_dag.py
[2024-12-07T09:19:58.245+0000] {logging_mixin.py:190} INFO - [2024-12-07T09:19:58.244+0000] {dag.py:3239} INFO - Sync 1 DAGs
[2024-12-07T09:19:58.274+0000] {logging_mixin.py:190} INFO - [2024-12-07T09:19:58.274+0000] {dag.py:4180} INFO - Setting next_dagrun for example_skip_dag to 2024-12-06 00:00:00+00:00, run_after=2024-12-07 00:00:00+00:00
[2024-12-07T09:19:58.290+0000] {processor.py:208} INFO - Processing /home/airflow/.local/lib/python3.12/site-packages/airflow/example_dags/example_skip_dag.py took 0.088 seconds
[2024-12-07T09:20:28.657+0000] {processor.py:186} INFO - Started process (PID=761) to work on /home/airflow/.local/lib/python3.12/site-packages/airflow/example_dags/example_skip_dag.py
[2024-12-07T09:20:28.658+0000] {processor.py:914} INFO - Processing file /home/airflow/.local/lib/python3.12/site-packages/airflow/example_dags/example_skip_dag.py for tasks to queue
[2024-12-07T09:20:28.659+0000] {logging_mixin.py:190} INFO - [2024-12-07T09:20:28.659+0000] {dagbag.py:588} INFO - Filling up the DagBag from /home/airflow/.local/lib/python3.12/site-packages/airflow/example_dags/example_skip_dag.py
[2024-12-07T09:20:28.666+0000] {processor.py:925} INFO - DAG(s) 'example_skip_dag' retrieved from /home/airflow/.local/lib/python3.12/site-packages/airflow/example_dags/example_skip_dag.py
[2024-12-07T09:20:28.683+0000] {logging_mixin.py:190} INFO - [2024-12-07T09:20:28.682+0000] {dag.py:3239} INFO - Sync 1 DAGs
[2024-12-07T09:20:28.706+0000] {logging_mixin.py:190} INFO - [2024-12-07T09:20:28.706+0000] {dag.py:4180} INFO - Setting next_dagrun for example_skip_dag to 2024-12-06 00:00:00+00:00, run_after=2024-12-07 00:00:00+00:00
[2024-12-07T09:20:28.722+0000] {processor.py:208} INFO - Processing /home/airflow/.local/lib/python3.12/site-packages/airflow/example_dags/example_skip_dag.py took 0.070 seconds
[2024-12-07T09:20:59.605+0000] {processor.py:186} INFO - Started process (PID=824) to work on /home/airflow/.local/lib/python3.12/site-packages/airflow/example_dags/example_skip_dag.py
[2024-12-07T09:20:59.606+0000] {processor.py:914} INFO - Processing file /home/airflow/.local/lib/python3.12/site-packages/airflow/example_dags/example_skip_dag.py for tasks to queue
[2024-12-07T09:20:59.608+0000] {logging_mixin.py:190} INFO - [2024-12-07T09:20:59.608+0000] {dagbag.py:588} INFO - Filling up the DagBag from /home/airflow/.local/lib/python3.12/site-packages/airflow/example_dags/example_skip_dag.py
[2024-12-07T09:20:59.615+0000] {processor.py:925} INFO - DAG(s) 'example_skip_dag' retrieved from /home/airflow/.local/lib/python3.12/site-packages/airflow/example_dags/example_skip_dag.py
[2024-12-07T09:20:59.635+0000] {logging_mixin.py:190} INFO - [2024-12-07T09:20:59.635+0000] {dag.py:3239} INFO - Sync 1 DAGs
[2024-12-07T09:20:59.659+0000] {logging_mixin.py:190} INFO - [2024-12-07T09:20:59.659+0000] {dag.py:4180} INFO - Setting next_dagrun for example_skip_dag to 2024-12-06 00:00:00+00:00, run_after=2024-12-07 00:00:00+00:00
[2024-12-07T09:20:59.674+0000] {processor.py:208} INFO - Processing /home/airflow/.local/lib/python3.12/site-packages/airflow/example_dags/example_skip_dag.py took 0.074 seconds
[2024-12-07T09:21:30.121+0000] {processor.py:186} INFO - Started process (PID=887) to work on /home/airflow/.local/lib/python3.12/site-packages/airflow/example_dags/example_skip_dag.py
[2024-12-07T09:21:30.122+0000] {processor.py:914} INFO - Processing file /home/airflow/.local/lib/python3.12/site-packages/airflow/example_dags/example_skip_dag.py for tasks to queue
[2024-12-07T09:21:30.123+0000] {logging_mixin.py:190} INFO - [2024-12-07T09:21:30.123+0000] {dagbag.py:588} INFO - Filling up the DagBag from /home/airflow/.local/lib/python3.12/site-packages/airflow/example_dags/example_skip_dag.py
[2024-12-07T09:21:30.129+0000] {processor.py:925} INFO - DAG(s) 'example_skip_dag' retrieved from /home/airflow/.local/lib/python3.12/site-packages/airflow/example_dags/example_skip_dag.py
[2024-12-07T09:21:30.145+0000] {logging_mixin.py:190} INFO - [2024-12-07T09:21:30.145+0000] {dag.py:3239} INFO - Sync 1 DAGs
[2024-12-07T09:21:30.163+0000] {logging_mixin.py:190} INFO - [2024-12-07T09:21:30.162+0000] {dag.py:4180} INFO - Setting next_dagrun for example_skip_dag to 2024-12-06 00:00:00+00:00, run_after=2024-12-07 00:00:00+00:00
[2024-12-07T09:21:30.174+0000] {processor.py:208} INFO - Processing /home/airflow/.local/lib/python3.12/site-packages/airflow/example_dags/example_skip_dag.py took 0.057 seconds
[2024-12-07T09:22:00.374+0000] {processor.py:186} INFO - Started process (PID=950) to work on /home/airflow/.local/lib/python3.12/site-packages/airflow/example_dags/example_skip_dag.py
[2024-12-07T09:22:00.375+0000] {processor.py:914} INFO - Processing file /home/airflow/.local/lib/python3.12/site-packages/airflow/example_dags/example_skip_dag.py for tasks to queue
[2024-12-07T09:22:00.376+0000] {logging_mixin.py:190} INFO - [2024-12-07T09:22:00.376+0000] {dagbag.py:588} INFO - Filling up the DagBag from /home/airflow/.local/lib/python3.12/site-packages/airflow/example_dags/example_skip_dag.py
[2024-12-07T09:22:00.382+0000] {processor.py:925} INFO - DAG(s) 'example_skip_dag' retrieved from /home/airflow/.local/lib/python3.12/site-packages/airflow/example_dags/example_skip_dag.py
[2024-12-07T09:22:00.402+0000] {logging_mixin.py:190} INFO - [2024-12-07T09:22:00.401+0000] {dag.py:3239} INFO - Sync 1 DAGs
[2024-12-07T09:22:00.425+0000] {logging_mixin.py:190} INFO - [2024-12-07T09:22:00.424+0000] {dag.py:4180} INFO - Setting next_dagrun for example_skip_dag to 2024-12-06 00:00:00+00:00, run_after=2024-12-07 00:00:00+00:00
[2024-12-07T09:22:00.440+0000] {processor.py:208} INFO - Processing /home/airflow/.local/lib/python3.12/site-packages/airflow/example_dags/example_skip_dag.py took 0.071 seconds
[2024-12-07T09:22:31.134+0000] {processor.py:186} INFO - Started process (PID=1013) to work on /home/airflow/.local/lib/python3.12/site-packages/airflow/example_dags/example_skip_dag.py
[2024-12-07T09:22:31.135+0000] {processor.py:914} INFO - Processing file /home/airflow/.local/lib/python3.12/site-packages/airflow/example_dags/example_skip_dag.py for tasks to queue
[2024-12-07T09:22:31.136+0000] {logging_mixin.py:190} INFO - [2024-12-07T09:22:31.136+0000] {dagbag.py:588} INFO - Filling up the DagBag from /home/airflow/.local/lib/python3.12/site-packages/airflow/example_dags/example_skip_dag.py
[2024-12-07T09:22:31.142+0000] {processor.py:925} INFO - DAG(s) 'example_skip_dag' retrieved from /home/airflow/.local/lib/python3.12/site-packages/airflow/example_dags/example_skip_dag.py
[2024-12-07T09:22:31.159+0000] {logging_mixin.py:190} INFO - [2024-12-07T09:22:31.159+0000] {dag.py:3239} INFO - Sync 1 DAGs
[2024-12-07T09:22:31.182+0000] {logging_mixin.py:190} INFO - [2024-12-07T09:22:31.182+0000] {dag.py:4180} INFO - Setting next_dagrun for example_skip_dag to 2024-12-06 00:00:00+00:00, run_after=2024-12-07 00:00:00+00:00
[2024-12-07T09:22:31.194+0000] {processor.py:208} INFO - Processing /home/airflow/.local/lib/python3.12/site-packages/airflow/example_dags/example_skip_dag.py took 0.064 seconds
[2024-12-07T09:23:01.905+0000] {processor.py:186} INFO - Started process (PID=1076) to work on /home/airflow/.local/lib/python3.12/site-packages/airflow/example_dags/example_skip_dag.py
[2024-12-07T09:23:01.906+0000] {processor.py:914} INFO - Processing file /home/airflow/.local/lib/python3.12/site-packages/airflow/example_dags/example_skip_dag.py for tasks to queue
[2024-12-07T09:23:01.908+0000] {logging_mixin.py:190} INFO - [2024-12-07T09:23:01.907+0000] {dagbag.py:588} INFO - Filling up the DagBag from /home/airflow/.local/lib/python3.12/site-packages/airflow/example_dags/example_skip_dag.py
[2024-12-07T09:23:01.916+0000] {processor.py:925} INFO - DAG(s) 'example_skip_dag' retrieved from /home/airflow/.local/lib/python3.12/site-packages/airflow/example_dags/example_skip_dag.py
[2024-12-07T09:23:01.940+0000] {logging_mixin.py:190} INFO - [2024-12-07T09:23:01.939+0000] {dag.py:3239} INFO - Sync 1 DAGs
[2024-12-07T09:23:01.966+0000] {logging_mixin.py:190} INFO - [2024-12-07T09:23:01.965+0000] {dag.py:4180} INFO - Setting next_dagrun for example_skip_dag to 2024-12-06 00:00:00+00:00, run_after=2024-12-07 00:00:00+00:00
[2024-12-07T09:23:01.983+0000] {processor.py:208} INFO - Processing /home/airflow/.local/lib/python3.12/site-packages/airflow/example_dags/example_skip_dag.py took 0.085 seconds
[2024-12-07T09:23:32.684+0000] {processor.py:186} INFO - Started process (PID=1140) to work on /home/airflow/.local/lib/python3.12/site-packages/airflow/example_dags/example_skip_dag.py
[2024-12-07T09:23:32.685+0000] {processor.py:914} INFO - Processing file /home/airflow/.local/lib/python3.12/site-packages/airflow/example_dags/example_skip_dag.py for tasks to queue
[2024-12-07T09:23:32.687+0000] {logging_mixin.py:190} INFO - [2024-12-07T09:23:32.686+0000] {dagbag.py:588} INFO - Filling up the DagBag from /home/airflow/.local/lib/python3.12/site-packages/airflow/example_dags/example_skip_dag.py
[2024-12-07T09:23:32.696+0000] {processor.py:925} INFO - DAG(s) 'example_skip_dag' retrieved from /home/airflow/.local/lib/python3.12/site-packages/airflow/example_dags/example_skip_dag.py
[2024-12-07T09:23:32.715+0000] {logging_mixin.py:190} INFO - [2024-12-07T09:23:32.715+0000] {dag.py:3239} INFO - Sync 1 DAGs
[2024-12-07T09:23:32.734+0000] {logging_mixin.py:190} INFO - [2024-12-07T09:23:32.734+0000] {dag.py:4180} INFO - Setting next_dagrun for example_skip_dag to 2024-12-06 00:00:00+00:00, run_after=2024-12-07 00:00:00+00:00
[2024-12-07T09:23:32.752+0000] {processor.py:208} INFO - Processing /home/airflow/.local/lib/python3.12/site-packages/airflow/example_dags/example_skip_dag.py took 0.074 seconds
[2024-12-07T09:24:03.524+0000] {processor.py:186} INFO - Started process (PID=1203) to work on /home/airflow/.local/lib/python3.12/site-packages/airflow/example_dags/example_skip_dag.py
[2024-12-07T09:24:03.525+0000] {processor.py:914} INFO - Processing file /home/airflow/.local/lib/python3.12/site-packages/airflow/example_dags/example_skip_dag.py for tasks to queue
[2024-12-07T09:24:03.527+0000] {logging_mixin.py:190} INFO - [2024-12-07T09:24:03.526+0000] {dagbag.py:588} INFO - Filling up the DagBag from /home/airflow/.local/lib/python3.12/site-packages/airflow/example_dags/example_skip_dag.py
[2024-12-07T09:24:03.534+0000] {processor.py:925} INFO - DAG(s) 'example_skip_dag' retrieved from /home/airflow/.local/lib/python3.12/site-packages/airflow/example_dags/example_skip_dag.py
[2024-12-07T09:24:03.554+0000] {logging_mixin.py:190} INFO - [2024-12-07T09:24:03.553+0000] {dag.py:3239} INFO - Sync 1 DAGs
[2024-12-07T09:24:03.571+0000] {logging_mixin.py:190} INFO - [2024-12-07T09:24:03.571+0000] {dag.py:4180} INFO - Setting next_dagrun for example_skip_dag to 2024-12-06 00:00:00+00:00, run_after=2024-12-07 00:00:00+00:00
[2024-12-07T09:24:03.584+0000] {processor.py:208} INFO - Processing /home/airflow/.local/lib/python3.12/site-packages/airflow/example_dags/example_skip_dag.py took 0.065 seconds
[2024-12-07T09:24:33.902+0000] {processor.py:186} INFO - Started process (PID=1266) to work on /home/airflow/.local/lib/python3.12/site-packages/airflow/example_dags/example_skip_dag.py
[2024-12-07T09:24:33.902+0000] {processor.py:914} INFO - Processing file /home/airflow/.local/lib/python3.12/site-packages/airflow/example_dags/example_skip_dag.py for tasks to queue
[2024-12-07T09:24:33.904+0000] {logging_mixin.py:190} INFO - [2024-12-07T09:24:33.903+0000] {dagbag.py:588} INFO - Filling up the DagBag from /home/airflow/.local/lib/python3.12/site-packages/airflow/example_dags/example_skip_dag.py
[2024-12-07T09:24:33.910+0000] {processor.py:925} INFO - DAG(s) 'example_skip_dag' retrieved from /home/airflow/.local/lib/python3.12/site-packages/airflow/example_dags/example_skip_dag.py
[2024-12-07T09:24:33.927+0000] {logging_mixin.py:190} INFO - [2024-12-07T09:24:33.927+0000] {dag.py:3239} INFO - Sync 1 DAGs
[2024-12-07T09:24:33.946+0000] {logging_mixin.py:190} INFO - [2024-12-07T09:24:33.945+0000] {dag.py:4180} INFO - Setting next_dagrun for example_skip_dag to 2024-12-06 00:00:00+00:00, run_after=2024-12-07 00:00:00+00:00
[2024-12-07T09:24:33.958+0000] {processor.py:208} INFO - Processing /home/airflow/.local/lib/python3.12/site-packages/airflow/example_dags/example_skip_dag.py took 0.061 seconds
[2024-12-07T09:25:04.282+0000] {processor.py:186} INFO - Started process (PID=1329) to work on /home/airflow/.local/lib/python3.12/site-packages/airflow/example_dags/example_skip_dag.py
[2024-12-07T09:25:04.282+0000] {processor.py:914} INFO - Processing file /home/airflow/.local/lib/python3.12/site-packages/airflow/example_dags/example_skip_dag.py for tasks to queue
[2024-12-07T09:25:04.284+0000] {logging_mixin.py:190} INFO - [2024-12-07T09:25:04.284+0000] {dagbag.py:588} INFO - Filling up the DagBag from /home/airflow/.local/lib/python3.12/site-packages/airflow/example_dags/example_skip_dag.py
[2024-12-07T09:25:04.291+0000] {processor.py:925} INFO - DAG(s) 'example_skip_dag' retrieved from /home/airflow/.local/lib/python3.12/site-packages/airflow/example_dags/example_skip_dag.py
[2024-12-07T09:25:04.311+0000] {logging_mixin.py:190} INFO - [2024-12-07T09:25:04.311+0000] {dag.py:3239} INFO - Sync 1 DAGs
[2024-12-07T09:25:04.334+0000] {logging_mixin.py:190} INFO - [2024-12-07T09:25:04.334+0000] {dag.py:4180} INFO - Setting next_dagrun for example_skip_dag to 2024-12-06 00:00:00+00:00, run_after=2024-12-07 00:00:00+00:00
[2024-12-07T09:25:04.348+0000] {processor.py:208} INFO - Processing /home/airflow/.local/lib/python3.12/site-packages/airflow/example_dags/example_skip_dag.py took 0.072 seconds
[2024-12-07T09:25:34.669+0000] {processor.py:186} INFO - Started process (PID=1392) to work on /home/airflow/.local/lib/python3.12/site-packages/airflow/example_dags/example_skip_dag.py
[2024-12-07T09:25:34.670+0000] {processor.py:914} INFO - Processing file /home/airflow/.local/lib/python3.12/site-packages/airflow/example_dags/example_skip_dag.py for tasks to queue
[2024-12-07T09:25:34.672+0000] {logging_mixin.py:190} INFO - [2024-12-07T09:25:34.672+0000] {dagbag.py:588} INFO - Filling up the DagBag from /home/airflow/.local/lib/python3.12/site-packages/airflow/example_dags/example_skip_dag.py
[2024-12-07T09:25:34.679+0000] {processor.py:925} INFO - DAG(s) 'example_skip_dag' retrieved from /home/airflow/.local/lib/python3.12/site-packages/airflow/example_dags/example_skip_dag.py
[2024-12-07T09:25:34.696+0000] {logging_mixin.py:190} INFO - [2024-12-07T09:25:34.695+0000] {dag.py:3239} INFO - Sync 1 DAGs
[2024-12-07T09:25:34.713+0000] {logging_mixin.py:190} INFO - [2024-12-07T09:25:34.713+0000] {dag.py:4180} INFO - Setting next_dagrun for example_skip_dag to 2024-12-06 00:00:00+00:00, run_after=2024-12-07 00:00:00+00:00
[2024-12-07T09:25:34.726+0000] {processor.py:208} INFO - Processing /home/airflow/.local/lib/python3.12/site-packages/airflow/example_dags/example_skip_dag.py took 0.063 seconds
[2024-12-07T09:26:04.886+0000] {processor.py:186} INFO - Started process (PID=1455) to work on /home/airflow/.local/lib/python3.12/site-packages/airflow/example_dags/example_skip_dag.py
[2024-12-07T09:26:04.887+0000] {processor.py:914} INFO - Processing file /home/airflow/.local/lib/python3.12/site-packages/airflow/example_dags/example_skip_dag.py for tasks to queue
[2024-12-07T09:26:04.889+0000] {logging_mixin.py:190} INFO - [2024-12-07T09:26:04.889+0000] {dagbag.py:588} INFO - Filling up the DagBag from /home/airflow/.local/lib/python3.12/site-packages/airflow/example_dags/example_skip_dag.py
[2024-12-07T09:26:04.896+0000] {processor.py:925} INFO - DAG(s) 'example_skip_dag' retrieved from /home/airflow/.local/lib/python3.12/site-packages/airflow/example_dags/example_skip_dag.py
[2024-12-07T09:26:04.913+0000] {logging_mixin.py:190} INFO - [2024-12-07T09:26:04.912+0000] {dag.py:3239} INFO - Sync 1 DAGs
[2024-12-07T09:26:04.938+0000] {logging_mixin.py:190} INFO - [2024-12-07T09:26:04.938+0000] {dag.py:4180} INFO - Setting next_dagrun for example_skip_dag to 2024-12-06 00:00:00+00:00, run_after=2024-12-07 00:00:00+00:00
[2024-12-07T09:26:04.954+0000] {processor.py:208} INFO - Processing /home/airflow/.local/lib/python3.12/site-packages/airflow/example_dags/example_skip_dag.py took 0.073 seconds
[2024-12-07T09:26:35.240+0000] {processor.py:186} INFO - Started process (PID=1518) to work on /home/airflow/.local/lib/python3.12/site-packages/airflow/example_dags/example_skip_dag.py
[2024-12-07T09:26:35.241+0000] {processor.py:914} INFO - Processing file /home/airflow/.local/lib/python3.12/site-packages/airflow/example_dags/example_skip_dag.py for tasks to queue
[2024-12-07T09:26:35.242+0000] {logging_mixin.py:190} INFO - [2024-12-07T09:26:35.242+0000] {dagbag.py:588} INFO - Filling up the DagBag from /home/airflow/.local/lib/python3.12/site-packages/airflow/example_dags/example_skip_dag.py
[2024-12-07T09:26:35.250+0000] {processor.py:925} INFO - DAG(s) 'example_skip_dag' retrieved from /home/airflow/.local/lib/python3.12/site-packages/airflow/example_dags/example_skip_dag.py
[2024-12-07T09:26:35.265+0000] {logging_mixin.py:190} INFO - [2024-12-07T09:26:35.265+0000] {dag.py:3239} INFO - Sync 1 DAGs
[2024-12-07T09:26:35.283+0000] {logging_mixin.py:190} INFO - [2024-12-07T09:26:35.283+0000] {dag.py:4180} INFO - Setting next_dagrun for example_skip_dag to 2024-12-06 00:00:00+00:00, run_after=2024-12-07 00:00:00+00:00
[2024-12-07T09:26:35.295+0000] {processor.py:208} INFO - Processing /home/airflow/.local/lib/python3.12/site-packages/airflow/example_dags/example_skip_dag.py took 0.061 seconds
[2024-12-07T09:27:05.499+0000] {processor.py:186} INFO - Started process (PID=1581) to work on /home/airflow/.local/lib/python3.12/site-packages/airflow/example_dags/example_skip_dag.py
[2024-12-07T09:27:05.500+0000] {processor.py:914} INFO - Processing file /home/airflow/.local/lib/python3.12/site-packages/airflow/example_dags/example_skip_dag.py for tasks to queue
[2024-12-07T09:27:05.501+0000] {logging_mixin.py:190} INFO - [2024-12-07T09:27:05.501+0000] {dagbag.py:588} INFO - Filling up the DagBag from /home/airflow/.local/lib/python3.12/site-packages/airflow/example_dags/example_skip_dag.py
[2024-12-07T09:27:05.507+0000] {processor.py:925} INFO - DAG(s) 'example_skip_dag' retrieved from /home/airflow/.local/lib/python3.12/site-packages/airflow/example_dags/example_skip_dag.py
[2024-12-07T09:27:05.523+0000] {logging_mixin.py:190} INFO - [2024-12-07T09:27:05.523+0000] {dag.py:3239} INFO - Sync 1 DAGs
[2024-12-07T09:27:05.546+0000] {logging_mixin.py:190} INFO - [2024-12-07T09:27:05.546+0000] {dag.py:4180} INFO - Setting next_dagrun for example_skip_dag to 2024-12-06 00:00:00+00:00, run_after=2024-12-07 00:00:00+00:00
[2024-12-07T09:27:05.561+0000] {processor.py:208} INFO - Processing /home/airflow/.local/lib/python3.12/site-packages/airflow/example_dags/example_skip_dag.py took 0.066 seconds
[2024-12-07T09:27:35.664+0000] {processor.py:186} INFO - Started process (PID=1644) to work on /home/airflow/.local/lib/python3.12/site-packages/airflow/example_dags/example_skip_dag.py
[2024-12-07T09:27:35.664+0000] {processor.py:914} INFO - Processing file /home/airflow/.local/lib/python3.12/site-packages/airflow/example_dags/example_skip_dag.py for tasks to queue
[2024-12-07T09:27:35.666+0000] {logging_mixin.py:190} INFO - [2024-12-07T09:27:35.666+0000] {dagbag.py:588} INFO - Filling up the DagBag from /home/airflow/.local/lib/python3.12/site-packages/airflow/example_dags/example_skip_dag.py
[2024-12-07T09:27:35.674+0000] {processor.py:925} INFO - DAG(s) 'example_skip_dag' retrieved from /home/airflow/.local/lib/python3.12/site-packages/airflow/example_dags/example_skip_dag.py
[2024-12-07T09:27:35.690+0000] {logging_mixin.py:190} INFO - [2024-12-07T09:27:35.689+0000] {dag.py:3239} INFO - Sync 1 DAGs
[2024-12-07T09:27:35.712+0000] {logging_mixin.py:190} INFO - [2024-12-07T09:27:35.712+0000] {dag.py:4180} INFO - Setting next_dagrun for example_skip_dag to 2024-12-06 00:00:00+00:00, run_after=2024-12-07 00:00:00+00:00
[2024-12-07T09:27:35.728+0000] {processor.py:208} INFO - Processing /home/airflow/.local/lib/python3.12/site-packages/airflow/example_dags/example_skip_dag.py took 0.070 seconds
