[2024-12-07T09:14:55.912+0000] {processor.py:186} INFO - Started process (PID=78) to work on /home/airflow/.local/lib/python3.12/site-packages/airflow/example_dags/example_latest_only.py
[2024-12-07T09:14:55.913+0000] {processor.py:914} INFO - Processing file /home/airflow/.local/lib/python3.12/site-packages/airflow/example_dags/example_latest_only.py for tasks to queue
[2024-12-07T09:14:55.915+0000] {logging_mixin.py:190} INFO - [2024-12-07T09:14:55.914+0000] {dagbag.py:588} INFO - Filling up the DagBag from /home/airflow/.local/lib/python3.12/site-packages/airflow/example_dags/example_latest_only.py
[2024-12-07T09:14:55.923+0000] {processor.py:925} INFO - DAG(s) 'latest_only' retrieved from /home/airflow/.local/lib/python3.12/site-packages/airflow/example_dags/example_latest_only.py
[2024-12-07T09:14:56.056+0000] {logging_mixin.py:190} INFO - [2024-12-07T09:14:56.055+0000] {override.py:1911} INFO - Created Permission View: can delete on DAG:latest_only
[2024-12-07T09:14:56.082+0000] {logging_mixin.py:190} INFO - [2024-12-07T09:14:56.081+0000] {override.py:1911} INFO - Created Permission View: can edit on DAG:latest_only
[2024-12-07T09:14:56.091+0000] {logging_mixin.py:190} INFO - [2024-12-07T09:14:56.091+0000] {override.py:1911} INFO - Created Permission View: can read on DAG:latest_only
[2024-12-07T09:14:56.115+0000] {logging_mixin.py:190} INFO - [2024-12-07T09:14:56.114+0000] {override.py:1911} INFO - Created Permission View: can delete on DAG Run:latest_only
[2024-12-07T09:14:56.121+0000] {logging_mixin.py:190} INFO - [2024-12-07T09:14:56.121+0000] {override.py:1911} INFO - Created Permission View: menu access on DAG Run:latest_only
[2024-12-07T09:14:56.127+0000] {logging_mixin.py:190} INFO - [2024-12-07T09:14:56.127+0000] {override.py:1911} INFO - Created Permission View: can create on DAG Run:latest_only
[2024-12-07T09:14:56.133+0000] {logging_mixin.py:190} INFO - [2024-12-07T09:14:56.133+0000] {override.py:1911} INFO - Created Permission View: can read on DAG Run:latest_only
[2024-12-07T09:14:56.133+0000] {logging_mixin.py:190} INFO - [2024-12-07T09:14:56.133+0000] {dag.py:3239} INFO - Sync 1 DAGs
[2024-12-07T09:14:56.182+0000] {logging_mixin.py:190} INFO - [2024-12-07T09:14:56.182+0000] {dag.py:3262} INFO - Creating ORM DAG for latest_only
[2024-12-07T09:14:56.204+0000] {logging_mixin.py:190} INFO - [2024-12-07T09:14:56.204+0000] {dag.py:4180} INFO - Setting next_dagrun for latest_only to 2024-12-07 04:00:00+00:00, run_after=2024-12-07 08:00:00+00:00
[2024-12-07T09:14:56.307+0000] {processor.py:208} INFO - Processing /home/airflow/.local/lib/python3.12/site-packages/airflow/example_dags/example_latest_only.py took 0.403 seconds
[2024-12-07T09:15:27.009+0000] {processor.py:186} INFO - Started process (PID=141) to work on /home/airflow/.local/lib/python3.12/site-packages/airflow/example_dags/example_latest_only.py
[2024-12-07T09:15:27.009+0000] {processor.py:914} INFO - Processing file /home/airflow/.local/lib/python3.12/site-packages/airflow/example_dags/example_latest_only.py for tasks to queue
[2024-12-07T09:15:27.011+0000] {logging_mixin.py:190} INFO - [2024-12-07T09:15:27.011+0000] {dagbag.py:588} INFO - Filling up the DagBag from /home/airflow/.local/lib/python3.12/site-packages/airflow/example_dags/example_latest_only.py
[2024-12-07T09:15:27.017+0000] {processor.py:925} INFO - DAG(s) 'latest_only' retrieved from /home/airflow/.local/lib/python3.12/site-packages/airflow/example_dags/example_latest_only.py
[2024-12-07T09:15:27.033+0000] {logging_mixin.py:190} INFO - [2024-12-07T09:15:27.033+0000] {dag.py:3239} INFO - Sync 1 DAGs
[2024-12-07T09:15:27.051+0000] {logging_mixin.py:190} INFO - [2024-12-07T09:15:27.051+0000] {dag.py:4180} INFO - Setting next_dagrun for latest_only to 2024-12-07 04:00:00+00:00, run_after=2024-12-07 08:00:00+00:00
[2024-12-07T09:15:27.065+0000] {processor.py:208} INFO - Processing /home/airflow/.local/lib/python3.12/site-packages/airflow/example_dags/example_latest_only.py took 0.060 seconds
[2024-12-07T09:15:58.088+0000] {processor.py:186} INFO - Started process (PID=204) to work on /home/airflow/.local/lib/python3.12/site-packages/airflow/example_dags/example_latest_only.py
[2024-12-07T09:15:58.089+0000] {processor.py:914} INFO - Processing file /home/airflow/.local/lib/python3.12/site-packages/airflow/example_dags/example_latest_only.py for tasks to queue
[2024-12-07T09:15:58.090+0000] {logging_mixin.py:190} INFO - [2024-12-07T09:15:58.090+0000] {dagbag.py:588} INFO - Filling up the DagBag from /home/airflow/.local/lib/python3.12/site-packages/airflow/example_dags/example_latest_only.py
[2024-12-07T09:15:58.096+0000] {processor.py:925} INFO - DAG(s) 'latest_only' retrieved from /home/airflow/.local/lib/python3.12/site-packages/airflow/example_dags/example_latest_only.py
[2024-12-07T09:15:58.112+0000] {logging_mixin.py:190} INFO - [2024-12-07T09:15:58.112+0000] {dag.py:3239} INFO - Sync 1 DAGs
[2024-12-07T09:15:58.133+0000] {logging_mixin.py:190} INFO - [2024-12-07T09:15:58.133+0000] {dag.py:4180} INFO - Setting next_dagrun for latest_only to 2024-12-07 04:00:00+00:00, run_after=2024-12-07 08:00:00+00:00
[2024-12-07T09:15:58.145+0000] {processor.py:208} INFO - Processing /home/airflow/.local/lib/python3.12/site-packages/airflow/example_dags/example_latest_only.py took 0.061 seconds
[2024-12-07T09:16:28.190+0000] {processor.py:186} INFO - Started process (PID=267) to work on /home/airflow/.local/lib/python3.12/site-packages/airflow/example_dags/example_latest_only.py
[2024-12-07T09:16:28.190+0000] {processor.py:914} INFO - Processing file /home/airflow/.local/lib/python3.12/site-packages/airflow/example_dags/example_latest_only.py for tasks to queue
[2024-12-07T09:16:28.192+0000] {logging_mixin.py:190} INFO - [2024-12-07T09:16:28.192+0000] {dagbag.py:588} INFO - Filling up the DagBag from /home/airflow/.local/lib/python3.12/site-packages/airflow/example_dags/example_latest_only.py
[2024-12-07T09:16:28.198+0000] {processor.py:925} INFO - DAG(s) 'latest_only' retrieved from /home/airflow/.local/lib/python3.12/site-packages/airflow/example_dags/example_latest_only.py
[2024-12-07T09:16:28.213+0000] {logging_mixin.py:190} INFO - [2024-12-07T09:16:28.213+0000] {dag.py:3239} INFO - Sync 1 DAGs
[2024-12-07T09:16:28.231+0000] {logging_mixin.py:190} INFO - [2024-12-07T09:16:28.231+0000] {dag.py:4180} INFO - Setting next_dagrun for latest_only to 2024-12-07 04:00:00+00:00, run_after=2024-12-07 08:00:00+00:00
[2024-12-07T09:16:28.245+0000] {processor.py:208} INFO - Processing /home/airflow/.local/lib/python3.12/site-packages/airflow/example_dags/example_latest_only.py took 0.061 seconds
[2024-12-07T09:16:59.031+0000] {processor.py:186} INFO - Started process (PID=330) to work on /home/airflow/.local/lib/python3.12/site-packages/airflow/example_dags/example_latest_only.py
[2024-12-07T09:16:59.031+0000] {processor.py:914} INFO - Processing file /home/airflow/.local/lib/python3.12/site-packages/airflow/example_dags/example_latest_only.py for tasks to queue
[2024-12-07T09:16:59.033+0000] {logging_mixin.py:190} INFO - [2024-12-07T09:16:59.033+0000] {dagbag.py:588} INFO - Filling up the DagBag from /home/airflow/.local/lib/python3.12/site-packages/airflow/example_dags/example_latest_only.py
[2024-12-07T09:16:59.039+0000] {processor.py:925} INFO - DAG(s) 'latest_only' retrieved from /home/airflow/.local/lib/python3.12/site-packages/airflow/example_dags/example_latest_only.py
[2024-12-07T09:16:59.059+0000] {logging_mixin.py:190} INFO - [2024-12-07T09:16:59.059+0000] {dag.py:3239} INFO - Sync 1 DAGs
[2024-12-07T09:16:59.083+0000] {logging_mixin.py:190} INFO - [2024-12-07T09:16:59.083+0000] {dag.py:4180} INFO - Setting next_dagrun for latest_only to 2024-12-07 04:00:00+00:00, run_after=2024-12-07 08:00:00+00:00
[2024-12-07T09:16:59.098+0000] {processor.py:208} INFO - Processing /home/airflow/.local/lib/python3.12/site-packages/airflow/example_dags/example_latest_only.py took 0.073 seconds
[2024-12-07T09:17:29.877+0000] {processor.py:186} INFO - Started process (PID=393) to work on /home/airflow/.local/lib/python3.12/site-packages/airflow/example_dags/example_latest_only.py
[2024-12-07T09:17:29.878+0000] {processor.py:914} INFO - Processing file /home/airflow/.local/lib/python3.12/site-packages/airflow/example_dags/example_latest_only.py for tasks to queue
[2024-12-07T09:17:29.879+0000] {logging_mixin.py:190} INFO - [2024-12-07T09:17:29.879+0000] {dagbag.py:588} INFO - Filling up the DagBag from /home/airflow/.local/lib/python3.12/site-packages/airflow/example_dags/example_latest_only.py
[2024-12-07T09:17:29.886+0000] {processor.py:925} INFO - DAG(s) 'latest_only' retrieved from /home/airflow/.local/lib/python3.12/site-packages/airflow/example_dags/example_latest_only.py
[2024-12-07T09:17:29.899+0000] {logging_mixin.py:190} INFO - [2024-12-07T09:17:29.899+0000] {dag.py:3239} INFO - Sync 1 DAGs
[2024-12-07T09:17:29.918+0000] {logging_mixin.py:190} INFO - [2024-12-07T09:17:29.918+0000] {dag.py:4180} INFO - Setting next_dagrun for latest_only to 2024-12-07 04:00:00+00:00, run_after=2024-12-07 08:00:00+00:00
[2024-12-07T09:17:29.937+0000] {processor.py:208} INFO - Processing /home/airflow/.local/lib/python3.12/site-packages/airflow/example_dags/example_latest_only.py took 0.065 seconds
[2024-12-07T09:18:00.432+0000] {processor.py:186} INFO - Started process (PID=456) to work on /home/airflow/.local/lib/python3.12/site-packages/airflow/example_dags/example_latest_only.py
[2024-12-07T09:18:00.433+0000] {processor.py:914} INFO - Processing file /home/airflow/.local/lib/python3.12/site-packages/airflow/example_dags/example_latest_only.py for tasks to queue
[2024-12-07T09:18:00.434+0000] {logging_mixin.py:190} INFO - [2024-12-07T09:18:00.434+0000] {dagbag.py:588} INFO - Filling up the DagBag from /home/airflow/.local/lib/python3.12/site-packages/airflow/example_dags/example_latest_only.py
[2024-12-07T09:18:00.439+0000] {processor.py:925} INFO - DAG(s) 'latest_only' retrieved from /home/airflow/.local/lib/python3.12/site-packages/airflow/example_dags/example_latest_only.py
[2024-12-07T09:18:00.455+0000] {logging_mixin.py:190} INFO - [2024-12-07T09:18:00.455+0000] {dag.py:3239} INFO - Sync 1 DAGs
[2024-12-07T09:18:00.477+0000] {logging_mixin.py:190} INFO - [2024-12-07T09:18:00.476+0000] {dag.py:4180} INFO - Setting next_dagrun for latest_only to 2024-12-07 04:00:00+00:00, run_after=2024-12-07 08:00:00+00:00
[2024-12-07T09:18:00.489+0000] {processor.py:208} INFO - Processing /home/airflow/.local/lib/python3.12/site-packages/airflow/example_dags/example_latest_only.py took 0.062 seconds
[2024-12-07T09:18:30.635+0000] {processor.py:186} INFO - Started process (PID=519) to work on /home/airflow/.local/lib/python3.12/site-packages/airflow/example_dags/example_latest_only.py
[2024-12-07T09:18:30.636+0000] {processor.py:914} INFO - Processing file /home/airflow/.local/lib/python3.12/site-packages/airflow/example_dags/example_latest_only.py for tasks to queue
[2024-12-07T09:18:30.638+0000] {logging_mixin.py:190} INFO - [2024-12-07T09:18:30.637+0000] {dagbag.py:588} INFO - Filling up the DagBag from /home/airflow/.local/lib/python3.12/site-packages/airflow/example_dags/example_latest_only.py
[2024-12-07T09:18:30.644+0000] {processor.py:925} INFO - DAG(s) 'latest_only' retrieved from /home/airflow/.local/lib/python3.12/site-packages/airflow/example_dags/example_latest_only.py
[2024-12-07T09:18:30.660+0000] {logging_mixin.py:190} INFO - [2024-12-07T09:18:30.660+0000] {dag.py:3239} INFO - Sync 1 DAGs
[2024-12-07T09:18:30.683+0000] {logging_mixin.py:190} INFO - [2024-12-07T09:18:30.683+0000] {dag.py:4180} INFO - Setting next_dagrun for latest_only to 2024-12-07 04:00:00+00:00, run_after=2024-12-07 08:00:00+00:00
[2024-12-07T09:18:30.698+0000] {processor.py:208} INFO - Processing /home/airflow/.local/lib/python3.12/site-packages/airflow/example_dags/example_latest_only.py took 0.069 seconds
[2024-12-07T09:19:00.813+0000] {processor.py:186} INFO - Started process (PID=582) to work on /home/airflow/.local/lib/python3.12/site-packages/airflow/example_dags/example_latest_only.py
[2024-12-07T09:19:00.813+0000] {processor.py:914} INFO - Processing file /home/airflow/.local/lib/python3.12/site-packages/airflow/example_dags/example_latest_only.py for tasks to queue
[2024-12-07T09:19:00.815+0000] {logging_mixin.py:190} INFO - [2024-12-07T09:19:00.814+0000] {dagbag.py:588} INFO - Filling up the DagBag from /home/airflow/.local/lib/python3.12/site-packages/airflow/example_dags/example_latest_only.py
[2024-12-07T09:19:00.820+0000] {processor.py:925} INFO - DAG(s) 'latest_only' retrieved from /home/airflow/.local/lib/python3.12/site-packages/airflow/example_dags/example_latest_only.py
[2024-12-07T09:19:00.837+0000] {logging_mixin.py:190} INFO - [2024-12-07T09:19:00.837+0000] {dag.py:3239} INFO - Sync 1 DAGs
[2024-12-07T09:19:00.857+0000] {logging_mixin.py:190} INFO - [2024-12-07T09:19:00.857+0000] {dag.py:4180} INFO - Setting next_dagrun for latest_only to 2024-12-07 04:00:00+00:00, run_after=2024-12-07 08:00:00+00:00
[2024-12-07T09:19:00.870+0000] {processor.py:208} INFO - Processing /home/airflow/.local/lib/python3.12/site-packages/airflow/example_dags/example_latest_only.py took 0.061 seconds
[2024-12-07T09:19:31.213+0000] {processor.py:186} INFO - Started process (PID=645) to work on /home/airflow/.local/lib/python3.12/site-packages/airflow/example_dags/example_latest_only.py
[2024-12-07T09:19:31.213+0000] {processor.py:914} INFO - Processing file /home/airflow/.local/lib/python3.12/site-packages/airflow/example_dags/example_latest_only.py for tasks to queue
[2024-12-07T09:19:31.216+0000] {logging_mixin.py:190} INFO - [2024-12-07T09:19:31.215+0000] {dagbag.py:588} INFO - Filling up the DagBag from /home/airflow/.local/lib/python3.12/site-packages/airflow/example_dags/example_latest_only.py
[2024-12-07T09:19:31.227+0000] {processor.py:925} INFO - DAG(s) 'latest_only' retrieved from /home/airflow/.local/lib/python3.12/site-packages/airflow/example_dags/example_latest_only.py
[2024-12-07T09:19:31.245+0000] {logging_mixin.py:190} INFO - [2024-12-07T09:19:31.245+0000] {dag.py:3239} INFO - Sync 1 DAGs
[2024-12-07T09:19:31.269+0000] {logging_mixin.py:190} INFO - [2024-12-07T09:19:31.268+0000] {dag.py:4180} INFO - Setting next_dagrun for latest_only to 2024-12-07 04:00:00+00:00, run_after=2024-12-07 08:00:00+00:00
[2024-12-07T09:19:31.283+0000] {processor.py:208} INFO - Processing /home/airflow/.local/lib/python3.12/site-packages/airflow/example_dags/example_latest_only.py took 0.077 seconds
[2024-12-07T09:20:01.642+0000] {processor.py:186} INFO - Started process (PID=708) to work on /home/airflow/.local/lib/python3.12/site-packages/airflow/example_dags/example_latest_only.py
[2024-12-07T09:20:01.643+0000] {processor.py:914} INFO - Processing file /home/airflow/.local/lib/python3.12/site-packages/airflow/example_dags/example_latest_only.py for tasks to queue
[2024-12-07T09:20:01.647+0000] {logging_mixin.py:190} INFO - [2024-12-07T09:20:01.647+0000] {dagbag.py:588} INFO - Filling up the DagBag from /home/airflow/.local/lib/python3.12/site-packages/airflow/example_dags/example_latest_only.py
[2024-12-07T09:20:01.655+0000] {processor.py:925} INFO - DAG(s) 'latest_only' retrieved from /home/airflow/.local/lib/python3.12/site-packages/airflow/example_dags/example_latest_only.py
[2024-12-07T09:20:01.671+0000] {logging_mixin.py:190} INFO - [2024-12-07T09:20:01.671+0000] {dag.py:3239} INFO - Sync 1 DAGs
[2024-12-07T09:20:01.689+0000] {logging_mixin.py:190} INFO - [2024-12-07T09:20:01.689+0000] {dag.py:4180} INFO - Setting next_dagrun for latest_only to 2024-12-07 04:00:00+00:00, run_after=2024-12-07 08:00:00+00:00
[2024-12-07T09:20:01.701+0000] {processor.py:208} INFO - Processing /home/airflow/.local/lib/python3.12/site-packages/airflow/example_dags/example_latest_only.py took 0.063 seconds
[2024-12-07T09:20:32.068+0000] {processor.py:186} INFO - Started process (PID=771) to work on /home/airflow/.local/lib/python3.12/site-packages/airflow/example_dags/example_latest_only.py
[2024-12-07T09:20:32.068+0000] {processor.py:914} INFO - Processing file /home/airflow/.local/lib/python3.12/site-packages/airflow/example_dags/example_latest_only.py for tasks to queue
[2024-12-07T09:20:32.071+0000] {logging_mixin.py:190} INFO - [2024-12-07T09:20:32.070+0000] {dagbag.py:588} INFO - Filling up the DagBag from /home/airflow/.local/lib/python3.12/site-packages/airflow/example_dags/example_latest_only.py
[2024-12-07T09:20:32.079+0000] {processor.py:925} INFO - DAG(s) 'latest_only' retrieved from /home/airflow/.local/lib/python3.12/site-packages/airflow/example_dags/example_latest_only.py
[2024-12-07T09:20:32.097+0000] {logging_mixin.py:190} INFO - [2024-12-07T09:20:32.096+0000] {dag.py:3239} INFO - Sync 1 DAGs
[2024-12-07T09:20:32.119+0000] {logging_mixin.py:190} INFO - [2024-12-07T09:20:32.118+0000] {dag.py:4180} INFO - Setting next_dagrun for latest_only to 2024-12-07 04:00:00+00:00, run_after=2024-12-07 08:00:00+00:00
[2024-12-07T09:20:32.133+0000] {processor.py:208} INFO - Processing /home/airflow/.local/lib/python3.12/site-packages/airflow/example_dags/example_latest_only.py took 0.072 seconds
[2024-12-07T09:21:03.037+0000] {processor.py:186} INFO - Started process (PID=834) to work on /home/airflow/.local/lib/python3.12/site-packages/airflow/example_dags/example_latest_only.py
[2024-12-07T09:21:03.038+0000] {processor.py:914} INFO - Processing file /home/airflow/.local/lib/python3.12/site-packages/airflow/example_dags/example_latest_only.py for tasks to queue
[2024-12-07T09:21:03.040+0000] {logging_mixin.py:190} INFO - [2024-12-07T09:21:03.039+0000] {dagbag.py:588} INFO - Filling up the DagBag from /home/airflow/.local/lib/python3.12/site-packages/airflow/example_dags/example_latest_only.py
[2024-12-07T09:21:03.046+0000] {processor.py:925} INFO - DAG(s) 'latest_only' retrieved from /home/airflow/.local/lib/python3.12/site-packages/airflow/example_dags/example_latest_only.py
[2024-12-07T09:21:03.062+0000] {logging_mixin.py:190} INFO - [2024-12-07T09:21:03.062+0000] {dag.py:3239} INFO - Sync 1 DAGs
[2024-12-07T09:21:03.082+0000] {logging_mixin.py:190} INFO - [2024-12-07T09:21:03.082+0000] {dag.py:4180} INFO - Setting next_dagrun for latest_only to 2024-12-07 04:00:00+00:00, run_after=2024-12-07 08:00:00+00:00
[2024-12-07T09:21:03.096+0000] {processor.py:208} INFO - Processing /home/airflow/.local/lib/python3.12/site-packages/airflow/example_dags/example_latest_only.py took 0.063 seconds
[2024-12-07T09:21:33.454+0000] {processor.py:186} INFO - Started process (PID=897) to work on /home/airflow/.local/lib/python3.12/site-packages/airflow/example_dags/example_latest_only.py
[2024-12-07T09:21:33.454+0000] {processor.py:914} INFO - Processing file /home/airflow/.local/lib/python3.12/site-packages/airflow/example_dags/example_latest_only.py for tasks to queue
[2024-12-07T09:21:33.456+0000] {logging_mixin.py:190} INFO - [2024-12-07T09:21:33.455+0000] {dagbag.py:588} INFO - Filling up the DagBag from /home/airflow/.local/lib/python3.12/site-packages/airflow/example_dags/example_latest_only.py
[2024-12-07T09:21:33.461+0000] {processor.py:925} INFO - DAG(s) 'latest_only' retrieved from /home/airflow/.local/lib/python3.12/site-packages/airflow/example_dags/example_latest_only.py
[2024-12-07T09:21:33.479+0000] {logging_mixin.py:190} INFO - [2024-12-07T09:21:33.478+0000] {dag.py:3239} INFO - Sync 1 DAGs
[2024-12-07T09:21:33.501+0000] {logging_mixin.py:190} INFO - [2024-12-07T09:21:33.501+0000] {dag.py:4180} INFO - Setting next_dagrun for latest_only to 2024-12-07 04:00:00+00:00, run_after=2024-12-07 08:00:00+00:00
[2024-12-07T09:21:33.516+0000] {processor.py:208} INFO - Processing /home/airflow/.local/lib/python3.12/site-packages/airflow/example_dags/example_latest_only.py took 0.066 seconds
[2024-12-07T09:22:03.808+0000] {processor.py:186} INFO - Started process (PID=960) to work on /home/airflow/.local/lib/python3.12/site-packages/airflow/example_dags/example_latest_only.py
[2024-12-07T09:22:03.809+0000] {processor.py:914} INFO - Processing file /home/airflow/.local/lib/python3.12/site-packages/airflow/example_dags/example_latest_only.py for tasks to queue
[2024-12-07T09:22:03.811+0000] {logging_mixin.py:190} INFO - [2024-12-07T09:22:03.811+0000] {dagbag.py:588} INFO - Filling up the DagBag from /home/airflow/.local/lib/python3.12/site-packages/airflow/example_dags/example_latest_only.py
[2024-12-07T09:22:03.820+0000] {processor.py:925} INFO - DAG(s) 'latest_only' retrieved from /home/airflow/.local/lib/python3.12/site-packages/airflow/example_dags/example_latest_only.py
[2024-12-07T09:22:03.845+0000] {logging_mixin.py:190} INFO - [2024-12-07T09:22:03.845+0000] {dag.py:3239} INFO - Sync 1 DAGs
[2024-12-07T09:22:03.868+0000] {logging_mixin.py:190} INFO - [2024-12-07T09:22:03.868+0000] {dag.py:4180} INFO - Setting next_dagrun for latest_only to 2024-12-07 04:00:00+00:00, run_after=2024-12-07 08:00:00+00:00
[2024-12-07T09:22:03.883+0000] {processor.py:208} INFO - Processing /home/airflow/.local/lib/python3.12/site-packages/airflow/example_dags/example_latest_only.py took 0.081 seconds
[2024-12-07T09:22:34.540+0000] {processor.py:186} INFO - Started process (PID=1023) to work on /home/airflow/.local/lib/python3.12/site-packages/airflow/example_dags/example_latest_only.py
[2024-12-07T09:22:34.541+0000] {processor.py:914} INFO - Processing file /home/airflow/.local/lib/python3.12/site-packages/airflow/example_dags/example_latest_only.py for tasks to queue
[2024-12-07T09:22:34.543+0000] {logging_mixin.py:190} INFO - [2024-12-07T09:22:34.542+0000] {dagbag.py:588} INFO - Filling up the DagBag from /home/airflow/.local/lib/python3.12/site-packages/airflow/example_dags/example_latest_only.py
[2024-12-07T09:22:34.548+0000] {processor.py:925} INFO - DAG(s) 'latest_only' retrieved from /home/airflow/.local/lib/python3.12/site-packages/airflow/example_dags/example_latest_only.py
[2024-12-07T09:22:34.567+0000] {logging_mixin.py:190} INFO - [2024-12-07T09:22:34.566+0000] {dag.py:3239} INFO - Sync 1 DAGs
[2024-12-07T09:22:34.593+0000] {logging_mixin.py:190} INFO - [2024-12-07T09:22:34.592+0000] {dag.py:4180} INFO - Setting next_dagrun for latest_only to 2024-12-07 04:00:00+00:00, run_after=2024-12-07 08:00:00+00:00
[2024-12-07T09:22:34.609+0000] {processor.py:208} INFO - Processing /home/airflow/.local/lib/python3.12/site-packages/airflow/example_dags/example_latest_only.py took 0.073 seconds
[2024-12-07T09:23:05.322+0000] {processor.py:186} INFO - Started process (PID=1086) to work on /home/airflow/.local/lib/python3.12/site-packages/airflow/example_dags/example_latest_only.py
[2024-12-07T09:23:05.322+0000] {processor.py:914} INFO - Processing file /home/airflow/.local/lib/python3.12/site-packages/airflow/example_dags/example_latest_only.py for tasks to queue
[2024-12-07T09:23:05.324+0000] {logging_mixin.py:190} INFO - [2024-12-07T09:23:05.324+0000] {dagbag.py:588} INFO - Filling up the DagBag from /home/airflow/.local/lib/python3.12/site-packages/airflow/example_dags/example_latest_only.py
[2024-12-07T09:23:05.330+0000] {processor.py:925} INFO - DAG(s) 'latest_only' retrieved from /home/airflow/.local/lib/python3.12/site-packages/airflow/example_dags/example_latest_only.py
[2024-12-07T09:23:05.347+0000] {logging_mixin.py:190} INFO - [2024-12-07T09:23:05.347+0000] {dag.py:3239} INFO - Sync 1 DAGs
[2024-12-07T09:23:05.367+0000] {logging_mixin.py:190} INFO - [2024-12-07T09:23:05.367+0000] {dag.py:4180} INFO - Setting next_dagrun for latest_only to 2024-12-07 04:00:00+00:00, run_after=2024-12-07 08:00:00+00:00
[2024-12-07T09:23:05.380+0000] {processor.py:208} INFO - Processing /home/airflow/.local/lib/python3.12/site-packages/airflow/example_dags/example_latest_only.py took 0.063 seconds
[2024-12-07T09:23:36.132+0000] {processor.py:186} INFO - Started process (PID=1150) to work on /home/airflow/.local/lib/python3.12/site-packages/airflow/example_dags/example_latest_only.py
[2024-12-07T09:23:36.133+0000] {processor.py:914} INFO - Processing file /home/airflow/.local/lib/python3.12/site-packages/airflow/example_dags/example_latest_only.py for tasks to queue
[2024-12-07T09:23:36.135+0000] {logging_mixin.py:190} INFO - [2024-12-07T09:23:36.135+0000] {dagbag.py:588} INFO - Filling up the DagBag from /home/airflow/.local/lib/python3.12/site-packages/airflow/example_dags/example_latest_only.py
[2024-12-07T09:23:36.142+0000] {processor.py:925} INFO - DAG(s) 'latest_only' retrieved from /home/airflow/.local/lib/python3.12/site-packages/airflow/example_dags/example_latest_only.py
[2024-12-07T09:23:36.157+0000] {logging_mixin.py:190} INFO - [2024-12-07T09:23:36.157+0000] {dag.py:3239} INFO - Sync 1 DAGs
[2024-12-07T09:23:36.181+0000] {logging_mixin.py:190} INFO - [2024-12-07T09:23:36.181+0000] {dag.py:4180} INFO - Setting next_dagrun for latest_only to 2024-12-07 04:00:00+00:00, run_after=2024-12-07 08:00:00+00:00
[2024-12-07T09:23:36.199+0000] {processor.py:208} INFO - Processing /home/airflow/.local/lib/python3.12/site-packages/airflow/example_dags/example_latest_only.py took 0.073 seconds
[2024-12-07T09:24:07.053+0000] {processor.py:186} INFO - Started process (PID=1213) to work on /home/airflow/.local/lib/python3.12/site-packages/airflow/example_dags/example_latest_only.py
[2024-12-07T09:24:07.053+0000] {processor.py:914} INFO - Processing file /home/airflow/.local/lib/python3.12/site-packages/airflow/example_dags/example_latest_only.py for tasks to queue
[2024-12-07T09:24:07.056+0000] {logging_mixin.py:190} INFO - [2024-12-07T09:24:07.055+0000] {dagbag.py:588} INFO - Filling up the DagBag from /home/airflow/.local/lib/python3.12/site-packages/airflow/example_dags/example_latest_only.py
[2024-12-07T09:24:07.064+0000] {processor.py:925} INFO - DAG(s) 'latest_only' retrieved from /home/airflow/.local/lib/python3.12/site-packages/airflow/example_dags/example_latest_only.py
[2024-12-07T09:24:07.085+0000] {logging_mixin.py:190} INFO - [2024-12-07T09:24:07.085+0000] {dag.py:3239} INFO - Sync 1 DAGs
[2024-12-07T09:24:07.111+0000] {logging_mixin.py:190} INFO - [2024-12-07T09:24:07.111+0000] {dag.py:4180} INFO - Setting next_dagrun for latest_only to 2024-12-07 04:00:00+00:00, run_after=2024-12-07 08:00:00+00:00
[2024-12-07T09:24:07.130+0000] {processor.py:208} INFO - Processing /home/airflow/.local/lib/python3.12/site-packages/airflow/example_dags/example_latest_only.py took 0.083 seconds
[2024-12-07T09:24:37.332+0000] {processor.py:186} INFO - Started process (PID=1276) to work on /home/airflow/.local/lib/python3.12/site-packages/airflow/example_dags/example_latest_only.py
[2024-12-07T09:24:37.332+0000] {processor.py:914} INFO - Processing file /home/airflow/.local/lib/python3.12/site-packages/airflow/example_dags/example_latest_only.py for tasks to queue
[2024-12-07T09:24:37.334+0000] {logging_mixin.py:190} INFO - [2024-12-07T09:24:37.334+0000] {dagbag.py:588} INFO - Filling up the DagBag from /home/airflow/.local/lib/python3.12/site-packages/airflow/example_dags/example_latest_only.py
[2024-12-07T09:24:37.340+0000] {processor.py:925} INFO - DAG(s) 'latest_only' retrieved from /home/airflow/.local/lib/python3.12/site-packages/airflow/example_dags/example_latest_only.py
[2024-12-07T09:24:37.357+0000] {logging_mixin.py:190} INFO - [2024-12-07T09:24:37.357+0000] {dag.py:3239} INFO - Sync 1 DAGs
[2024-12-07T09:24:37.379+0000] {logging_mixin.py:190} INFO - [2024-12-07T09:24:37.379+0000] {dag.py:4180} INFO - Setting next_dagrun for latest_only to 2024-12-07 04:00:00+00:00, run_after=2024-12-07 08:00:00+00:00
[2024-12-07T09:24:37.395+0000] {processor.py:208} INFO - Processing /home/airflow/.local/lib/python3.12/site-packages/airflow/example_dags/example_latest_only.py took 0.070 seconds
[2024-12-07T09:25:07.685+0000] {processor.py:186} INFO - Started process (PID=1339) to work on /home/airflow/.local/lib/python3.12/site-packages/airflow/example_dags/example_latest_only.py
[2024-12-07T09:25:07.686+0000] {processor.py:914} INFO - Processing file /home/airflow/.local/lib/python3.12/site-packages/airflow/example_dags/example_latest_only.py for tasks to queue
[2024-12-07T09:25:07.687+0000] {logging_mixin.py:190} INFO - [2024-12-07T09:25:07.687+0000] {dagbag.py:588} INFO - Filling up the DagBag from /home/airflow/.local/lib/python3.12/site-packages/airflow/example_dags/example_latest_only.py
[2024-12-07T09:25:07.693+0000] {processor.py:925} INFO - DAG(s) 'latest_only' retrieved from /home/airflow/.local/lib/python3.12/site-packages/airflow/example_dags/example_latest_only.py
[2024-12-07T09:25:07.711+0000] {logging_mixin.py:190} INFO - [2024-12-07T09:25:07.711+0000] {dag.py:3239} INFO - Sync 1 DAGs
[2024-12-07T09:25:07.735+0000] {logging_mixin.py:190} INFO - [2024-12-07T09:25:07.735+0000] {dag.py:4180} INFO - Setting next_dagrun for latest_only to 2024-12-07 04:00:00+00:00, run_after=2024-12-07 08:00:00+00:00
[2024-12-07T09:25:07.750+0000] {processor.py:208} INFO - Processing /home/airflow/.local/lib/python3.12/site-packages/airflow/example_dags/example_latest_only.py took 0.069 seconds
[2024-12-07T09:25:37.990+0000] {processor.py:186} INFO - Started process (PID=1402) to work on /home/airflow/.local/lib/python3.12/site-packages/airflow/example_dags/example_latest_only.py
[2024-12-07T09:25:37.991+0000] {processor.py:914} INFO - Processing file /home/airflow/.local/lib/python3.12/site-packages/airflow/example_dags/example_latest_only.py for tasks to queue
[2024-12-07T09:25:37.992+0000] {logging_mixin.py:190} INFO - [2024-12-07T09:25:37.992+0000] {dagbag.py:588} INFO - Filling up the DagBag from /home/airflow/.local/lib/python3.12/site-packages/airflow/example_dags/example_latest_only.py
[2024-12-07T09:25:37.998+0000] {processor.py:925} INFO - DAG(s) 'latest_only' retrieved from /home/airflow/.local/lib/python3.12/site-packages/airflow/example_dags/example_latest_only.py
[2024-12-07T09:25:38.012+0000] {logging_mixin.py:190} INFO - [2024-12-07T09:25:38.012+0000] {dag.py:3239} INFO - Sync 1 DAGs
[2024-12-07T09:25:38.030+0000] {logging_mixin.py:190} INFO - [2024-12-07T09:25:38.030+0000] {dag.py:4180} INFO - Setting next_dagrun for latest_only to 2024-12-07 04:00:00+00:00, run_after=2024-12-07 08:00:00+00:00
[2024-12-07T09:25:38.045+0000] {processor.py:208} INFO - Processing /home/airflow/.local/lib/python3.12/site-packages/airflow/example_dags/example_latest_only.py took 0.059 seconds
[2024-12-07T09:26:08.262+0000] {processor.py:186} INFO - Started process (PID=1465) to work on /home/airflow/.local/lib/python3.12/site-packages/airflow/example_dags/example_latest_only.py
[2024-12-07T09:26:08.262+0000] {processor.py:914} INFO - Processing file /home/airflow/.local/lib/python3.12/site-packages/airflow/example_dags/example_latest_only.py for tasks to queue
[2024-12-07T09:26:08.264+0000] {logging_mixin.py:190} INFO - [2024-12-07T09:26:08.264+0000] {dagbag.py:588} INFO - Filling up the DagBag from /home/airflow/.local/lib/python3.12/site-packages/airflow/example_dags/example_latest_only.py
[2024-12-07T09:26:08.269+0000] {processor.py:925} INFO - DAG(s) 'latest_only' retrieved from /home/airflow/.local/lib/python3.12/site-packages/airflow/example_dags/example_latest_only.py
[2024-12-07T09:26:08.284+0000] {logging_mixin.py:190} INFO - [2024-12-07T09:26:08.284+0000] {dag.py:3239} INFO - Sync 1 DAGs
[2024-12-07T09:26:08.307+0000] {logging_mixin.py:190} INFO - [2024-12-07T09:26:08.306+0000] {dag.py:4180} INFO - Setting next_dagrun for latest_only to 2024-12-07 04:00:00+00:00, run_after=2024-12-07 08:00:00+00:00
[2024-12-07T09:26:08.323+0000] {processor.py:208} INFO - Processing /home/airflow/.local/lib/python3.12/site-packages/airflow/example_dags/example_latest_only.py took 0.066 seconds
[2024-12-07T09:26:38.570+0000] {processor.py:186} INFO - Started process (PID=1528) to work on /home/airflow/.local/lib/python3.12/site-packages/airflow/example_dags/example_latest_only.py
[2024-12-07T09:26:38.570+0000] {processor.py:914} INFO - Processing file /home/airflow/.local/lib/python3.12/site-packages/airflow/example_dags/example_latest_only.py for tasks to queue
[2024-12-07T09:26:38.572+0000] {logging_mixin.py:190} INFO - [2024-12-07T09:26:38.572+0000] {dagbag.py:588} INFO - Filling up the DagBag from /home/airflow/.local/lib/python3.12/site-packages/airflow/example_dags/example_latest_only.py
[2024-12-07T09:26:38.577+0000] {processor.py:925} INFO - DAG(s) 'latest_only' retrieved from /home/airflow/.local/lib/python3.12/site-packages/airflow/example_dags/example_latest_only.py
[2024-12-07T09:26:38.591+0000] {logging_mixin.py:190} INFO - [2024-12-07T09:26:38.591+0000] {dag.py:3239} INFO - Sync 1 DAGs
[2024-12-07T09:26:38.609+0000] {logging_mixin.py:190} INFO - [2024-12-07T09:26:38.609+0000] {dag.py:4180} INFO - Setting next_dagrun for latest_only to 2024-12-07 04:00:00+00:00, run_after=2024-12-07 08:00:00+00:00
[2024-12-07T09:26:38.623+0000] {processor.py:208} INFO - Processing /home/airflow/.local/lib/python3.12/site-packages/airflow/example_dags/example_latest_only.py took 0.057 seconds
[2024-12-07T09:27:08.822+0000] {processor.py:186} INFO - Started process (PID=1591) to work on /home/airflow/.local/lib/python3.12/site-packages/airflow/example_dags/example_latest_only.py
[2024-12-07T09:27:08.822+0000] {processor.py:914} INFO - Processing file /home/airflow/.local/lib/python3.12/site-packages/airflow/example_dags/example_latest_only.py for tasks to queue
[2024-12-07T09:27:08.824+0000] {logging_mixin.py:190} INFO - [2024-12-07T09:27:08.823+0000] {dagbag.py:588} INFO - Filling up the DagBag from /home/airflow/.local/lib/python3.12/site-packages/airflow/example_dags/example_latest_only.py
[2024-12-07T09:27:08.829+0000] {processor.py:925} INFO - DAG(s) 'latest_only' retrieved from /home/airflow/.local/lib/python3.12/site-packages/airflow/example_dags/example_latest_only.py
[2024-12-07T09:27:08.844+0000] {logging_mixin.py:190} INFO - [2024-12-07T09:27:08.843+0000] {dag.py:3239} INFO - Sync 1 DAGs
[2024-12-07T09:27:08.862+0000] {logging_mixin.py:190} INFO - [2024-12-07T09:27:08.862+0000] {dag.py:4180} INFO - Setting next_dagrun for latest_only to 2024-12-07 04:00:00+00:00, run_after=2024-12-07 08:00:00+00:00
[2024-12-07T09:27:08.875+0000] {processor.py:208} INFO - Processing /home/airflow/.local/lib/python3.12/site-packages/airflow/example_dags/example_latest_only.py took 0.057 seconds
[2024-12-07T09:27:39.018+0000] {processor.py:186} INFO - Started process (PID=1654) to work on /home/airflow/.local/lib/python3.12/site-packages/airflow/example_dags/example_latest_only.py
[2024-12-07T09:27:39.018+0000] {processor.py:914} INFO - Processing file /home/airflow/.local/lib/python3.12/site-packages/airflow/example_dags/example_latest_only.py for tasks to queue
[2024-12-07T09:27:39.020+0000] {logging_mixin.py:190} INFO - [2024-12-07T09:27:39.019+0000] {dagbag.py:588} INFO - Filling up the DagBag from /home/airflow/.local/lib/python3.12/site-packages/airflow/example_dags/example_latest_only.py
[2024-12-07T09:27:39.025+0000] {processor.py:925} INFO - DAG(s) 'latest_only' retrieved from /home/airflow/.local/lib/python3.12/site-packages/airflow/example_dags/example_latest_only.py
[2024-12-07T09:27:39.040+0000] {logging_mixin.py:190} INFO - [2024-12-07T09:27:39.040+0000] {dag.py:3239} INFO - Sync 1 DAGs
[2024-12-07T09:27:39.057+0000] {logging_mixin.py:190} INFO - [2024-12-07T09:27:39.057+0000] {dag.py:4180} INFO - Setting next_dagrun for latest_only to 2024-12-07 04:00:00+00:00, run_after=2024-12-07 08:00:00+00:00
[2024-12-07T09:27:39.071+0000] {processor.py:208} INFO - Processing /home/airflow/.local/lib/python3.12/site-packages/airflow/example_dags/example_latest_only.py took 0.057 seconds
