[2024-12-07T09:14:57.286+0000] {processor.py:186} INFO - Started process (PID=84) to work on /home/airflow/.local/lib/python3.12/site-packages/airflow/example_dags/example_latest_only_with_trigger.py
[2024-12-07T09:14:57.287+0000] {processor.py:914} INFO - Processing file /home/airflow/.local/lib/python3.12/site-packages/airflow/example_dags/example_latest_only_with_trigger.py for tasks to queue
[2024-12-07T09:14:57.289+0000] {logging_mixin.py:190} INFO - [2024-12-07T09:14:57.289+0000] {dagbag.py:588} INFO - Filling up the DagBag from /home/airflow/.local/lib/python3.12/site-packages/airflow/example_dags/example_latest_only_with_trigger.py
[2024-12-07T09:14:57.300+0000] {processor.py:925} INFO - DAG(s) 'latest_only_with_trigger' retrieved from /home/airflow/.local/lib/python3.12/site-packages/airflow/example_dags/example_latest_only_with_trigger.py
[2024-12-07T09:14:57.446+0000] {logging_mixin.py:190} INFO - [2024-12-07T09:14:57.445+0000] {override.py:1911} INFO - Created Permission View: can delete on DAG:latest_only_with_trigger
[2024-12-07T09:14:57.455+0000] {logging_mixin.py:190} INFO - [2024-12-07T09:14:57.455+0000] {override.py:1911} INFO - Created Permission View: can edit on DAG:latest_only_with_trigger
[2024-12-07T09:14:57.460+0000] {logging_mixin.py:190} INFO - [2024-12-07T09:14:57.460+0000] {override.py:1911} INFO - Created Permission View: can read on DAG:latest_only_with_trigger
[2024-12-07T09:14:57.465+0000] {logging_mixin.py:190} INFO - [2024-12-07T09:14:57.465+0000] {override.py:1911} INFO - Created Permission View: can delete on DAG Run:latest_only_with_trigger
[2024-12-07T09:14:57.471+0000] {logging_mixin.py:190} INFO - [2024-12-07T09:14:57.471+0000] {override.py:1911} INFO - Created Permission View: menu access on DAG Run:latest_only_with_trigger
[2024-12-07T09:14:57.476+0000] {logging_mixin.py:190} INFO - [2024-12-07T09:14:57.476+0000] {override.py:1911} INFO - Created Permission View: can create on DAG Run:latest_only_with_trigger
[2024-12-07T09:14:57.482+0000] {logging_mixin.py:190} INFO - [2024-12-07T09:14:57.481+0000] {override.py:1911} INFO - Created Permission View: can read on DAG Run:latest_only_with_trigger
[2024-12-07T09:14:57.482+0000] {logging_mixin.py:190} INFO - [2024-12-07T09:14:57.482+0000] {dag.py:3239} INFO - Sync 1 DAGs
[2024-12-07T09:14:57.497+0000] {logging_mixin.py:190} INFO - [2024-12-07T09:14:57.497+0000] {dag.py:3262} INFO - Creating ORM DAG for latest_only_with_trigger
[2024-12-07T09:14:57.506+0000] {logging_mixin.py:190} INFO - [2024-12-07T09:14:57.506+0000] {dag.py:4180} INFO - Setting next_dagrun for latest_only_with_trigger to 2024-12-07 04:00:00+00:00, run_after=2024-12-07 08:00:00+00:00
[2024-12-07T09:14:57.519+0000] {processor.py:208} INFO - Processing /home/airflow/.local/lib/python3.12/site-packages/airflow/example_dags/example_latest_only_with_trigger.py took 0.237 seconds
[2024-12-07T09:15:28.348+0000] {processor.py:186} INFO - Started process (PID=147) to work on /home/airflow/.local/lib/python3.12/site-packages/airflow/example_dags/example_latest_only_with_trigger.py
[2024-12-07T09:15:28.348+0000] {processor.py:914} INFO - Processing file /home/airflow/.local/lib/python3.12/site-packages/airflow/example_dags/example_latest_only_with_trigger.py for tasks to queue
[2024-12-07T09:15:28.350+0000] {logging_mixin.py:190} INFO - [2024-12-07T09:15:28.350+0000] {dagbag.py:588} INFO - Filling up the DagBag from /home/airflow/.local/lib/python3.12/site-packages/airflow/example_dags/example_latest_only_with_trigger.py
[2024-12-07T09:15:28.356+0000] {processor.py:925} INFO - DAG(s) 'latest_only_with_trigger' retrieved from /home/airflow/.local/lib/python3.12/site-packages/airflow/example_dags/example_latest_only_with_trigger.py
[2024-12-07T09:15:28.374+0000] {logging_mixin.py:190} INFO - [2024-12-07T09:15:28.374+0000] {dag.py:3239} INFO - Sync 1 DAGs
[2024-12-07T09:15:28.396+0000] {logging_mixin.py:190} INFO - [2024-12-07T09:15:28.396+0000] {dag.py:4180} INFO - Setting next_dagrun for latest_only_with_trigger to 2024-12-07 04:00:00+00:00, run_after=2024-12-07 08:00:00+00:00
[2024-12-07T09:15:28.410+0000] {processor.py:208} INFO - Processing /home/airflow/.local/lib/python3.12/site-packages/airflow/example_dags/example_latest_only_with_trigger.py took 0.066 seconds
[2024-12-07T09:15:58.491+0000] {processor.py:186} INFO - Started process (PID=210) to work on /home/airflow/.local/lib/python3.12/site-packages/airflow/example_dags/example_latest_only_with_trigger.py
[2024-12-07T09:15:58.492+0000] {processor.py:914} INFO - Processing file /home/airflow/.local/lib/python3.12/site-packages/airflow/example_dags/example_latest_only_with_trigger.py for tasks to queue
[2024-12-07T09:15:58.493+0000] {logging_mixin.py:190} INFO - [2024-12-07T09:15:58.493+0000] {dagbag.py:588} INFO - Filling up the DagBag from /home/airflow/.local/lib/python3.12/site-packages/airflow/example_dags/example_latest_only_with_trigger.py
[2024-12-07T09:15:58.499+0000] {processor.py:925} INFO - DAG(s) 'latest_only_with_trigger' retrieved from /home/airflow/.local/lib/python3.12/site-packages/airflow/example_dags/example_latest_only_with_trigger.py
[2024-12-07T09:15:58.514+0000] {logging_mixin.py:190} INFO - [2024-12-07T09:15:58.514+0000] {dag.py:3239} INFO - Sync 1 DAGs
[2024-12-07T09:15:58.532+0000] {logging_mixin.py:190} INFO - [2024-12-07T09:15:58.532+0000] {dag.py:4180} INFO - Setting next_dagrun for latest_only_with_trigger to 2024-12-07 04:00:00+00:00, run_after=2024-12-07 08:00:00+00:00
[2024-12-07T09:15:58.544+0000] {processor.py:208} INFO - Processing /home/airflow/.local/lib/python3.12/site-packages/airflow/example_dags/example_latest_only_with_trigger.py took 0.057 seconds
[2024-12-07T09:16:28.671+0000] {processor.py:186} INFO - Started process (PID=273) to work on /home/airflow/.local/lib/python3.12/site-packages/airflow/example_dags/example_latest_only_with_trigger.py
[2024-12-07T09:16:28.672+0000] {processor.py:914} INFO - Processing file /home/airflow/.local/lib/python3.12/site-packages/airflow/example_dags/example_latest_only_with_trigger.py for tasks to queue
[2024-12-07T09:16:28.673+0000] {logging_mixin.py:190} INFO - [2024-12-07T09:16:28.673+0000] {dagbag.py:588} INFO - Filling up the DagBag from /home/airflow/.local/lib/python3.12/site-packages/airflow/example_dags/example_latest_only_with_trigger.py
[2024-12-07T09:16:28.679+0000] {processor.py:925} INFO - DAG(s) 'latest_only_with_trigger' retrieved from /home/airflow/.local/lib/python3.12/site-packages/airflow/example_dags/example_latest_only_with_trigger.py
[2024-12-07T09:16:28.694+0000] {logging_mixin.py:190} INFO - [2024-12-07T09:16:28.694+0000] {dag.py:3239} INFO - Sync 1 DAGs
[2024-12-07T09:16:28.714+0000] {logging_mixin.py:190} INFO - [2024-12-07T09:16:28.714+0000] {dag.py:4180} INFO - Setting next_dagrun for latest_only_with_trigger to 2024-12-07 04:00:00+00:00, run_after=2024-12-07 08:00:00+00:00
[2024-12-07T09:16:28.726+0000] {processor.py:208} INFO - Processing /home/airflow/.local/lib/python3.12/site-packages/airflow/example_dags/example_latest_only_with_trigger.py took 0.061 seconds
[2024-12-07T09:16:59.435+0000] {processor.py:186} INFO - Started process (PID=336) to work on /home/airflow/.local/lib/python3.12/site-packages/airflow/example_dags/example_latest_only_with_trigger.py
[2024-12-07T09:16:59.435+0000] {processor.py:914} INFO - Processing file /home/airflow/.local/lib/python3.12/site-packages/airflow/example_dags/example_latest_only_with_trigger.py for tasks to queue
[2024-12-07T09:16:59.437+0000] {logging_mixin.py:190} INFO - [2024-12-07T09:16:59.437+0000] {dagbag.py:588} INFO - Filling up the DagBag from /home/airflow/.local/lib/python3.12/site-packages/airflow/example_dags/example_latest_only_with_trigger.py
[2024-12-07T09:16:59.443+0000] {processor.py:925} INFO - DAG(s) 'latest_only_with_trigger' retrieved from /home/airflow/.local/lib/python3.12/site-packages/airflow/example_dags/example_latest_only_with_trigger.py
[2024-12-07T09:16:59.463+0000] {logging_mixin.py:190} INFO - [2024-12-07T09:16:59.463+0000] {dag.py:3239} INFO - Sync 1 DAGs
[2024-12-07T09:16:59.488+0000] {logging_mixin.py:190} INFO - [2024-12-07T09:16:59.488+0000] {dag.py:4180} INFO - Setting next_dagrun for latest_only_with_trigger to 2024-12-07 04:00:00+00:00, run_after=2024-12-07 08:00:00+00:00
[2024-12-07T09:16:59.504+0000] {processor.py:208} INFO - Processing /home/airflow/.local/lib/python3.12/site-packages/airflow/example_dags/example_latest_only_with_trigger.py took 0.074 seconds
[2024-12-07T09:17:30.266+0000] {processor.py:186} INFO - Started process (PID=399) to work on /home/airflow/.local/lib/python3.12/site-packages/airflow/example_dags/example_latest_only_with_trigger.py
[2024-12-07T09:17:30.266+0000] {processor.py:914} INFO - Processing file /home/airflow/.local/lib/python3.12/site-packages/airflow/example_dags/example_latest_only_with_trigger.py for tasks to queue
[2024-12-07T09:17:30.268+0000] {logging_mixin.py:190} INFO - [2024-12-07T09:17:30.268+0000] {dagbag.py:588} INFO - Filling up the DagBag from /home/airflow/.local/lib/python3.12/site-packages/airflow/example_dags/example_latest_only_with_trigger.py
[2024-12-07T09:17:30.275+0000] {processor.py:925} INFO - DAG(s) 'latest_only_with_trigger' retrieved from /home/airflow/.local/lib/python3.12/site-packages/airflow/example_dags/example_latest_only_with_trigger.py
[2024-12-07T09:17:30.295+0000] {logging_mixin.py:190} INFO - [2024-12-07T09:17:30.295+0000] {dag.py:3239} INFO - Sync 1 DAGs
[2024-12-07T09:17:30.316+0000] {logging_mixin.py:190} INFO - [2024-12-07T09:17:30.315+0000] {dag.py:4180} INFO - Setting next_dagrun for latest_only_with_trigger to 2024-12-07 04:00:00+00:00, run_after=2024-12-07 08:00:00+00:00
[2024-12-07T09:17:30.332+0000] {processor.py:208} INFO - Processing /home/airflow/.local/lib/python3.12/site-packages/airflow/example_dags/example_latest_only_with_trigger.py took 0.072 seconds
[2024-12-07T09:18:00.761+0000] {processor.py:186} INFO - Started process (PID=462) to work on /home/airflow/.local/lib/python3.12/site-packages/airflow/example_dags/example_latest_only_with_trigger.py
[2024-12-07T09:18:00.761+0000] {processor.py:914} INFO - Processing file /home/airflow/.local/lib/python3.12/site-packages/airflow/example_dags/example_latest_only_with_trigger.py for tasks to queue
[2024-12-07T09:18:00.763+0000] {logging_mixin.py:190} INFO - [2024-12-07T09:18:00.763+0000] {dagbag.py:588} INFO - Filling up the DagBag from /home/airflow/.local/lib/python3.12/site-packages/airflow/example_dags/example_latest_only_with_trigger.py
[2024-12-07T09:18:00.769+0000] {processor.py:925} INFO - DAG(s) 'latest_only_with_trigger' retrieved from /home/airflow/.local/lib/python3.12/site-packages/airflow/example_dags/example_latest_only_with_trigger.py
[2024-12-07T09:18:00.783+0000] {logging_mixin.py:190} INFO - [2024-12-07T09:18:00.783+0000] {dag.py:3239} INFO - Sync 1 DAGs
[2024-12-07T09:18:00.801+0000] {logging_mixin.py:190} INFO - [2024-12-07T09:18:00.801+0000] {dag.py:4180} INFO - Setting next_dagrun for latest_only_with_trigger to 2024-12-07 04:00:00+00:00, run_after=2024-12-07 08:00:00+00:00
[2024-12-07T09:18:00.814+0000] {processor.py:208} INFO - Processing /home/airflow/.local/lib/python3.12/site-packages/airflow/example_dags/example_latest_only_with_trigger.py took 0.057 seconds
[2024-12-07T09:18:30.972+0000] {processor.py:186} INFO - Started process (PID=525) to work on /home/airflow/.local/lib/python3.12/site-packages/airflow/example_dags/example_latest_only_with_trigger.py
[2024-12-07T09:18:30.972+0000] {processor.py:914} INFO - Processing file /home/airflow/.local/lib/python3.12/site-packages/airflow/example_dags/example_latest_only_with_trigger.py for tasks to queue
[2024-12-07T09:18:30.974+0000] {logging_mixin.py:190} INFO - [2024-12-07T09:18:30.974+0000] {dagbag.py:588} INFO - Filling up the DagBag from /home/airflow/.local/lib/python3.12/site-packages/airflow/example_dags/example_latest_only_with_trigger.py
[2024-12-07T09:18:30.980+0000] {processor.py:925} INFO - DAG(s) 'latest_only_with_trigger' retrieved from /home/airflow/.local/lib/python3.12/site-packages/airflow/example_dags/example_latest_only_with_trigger.py
[2024-12-07T09:18:30.999+0000] {logging_mixin.py:190} INFO - [2024-12-07T09:18:30.998+0000] {dag.py:3239} INFO - Sync 1 DAGs
[2024-12-07T09:18:31.024+0000] {logging_mixin.py:190} INFO - [2024-12-07T09:18:31.024+0000] {dag.py:4180} INFO - Setting next_dagrun for latest_only_with_trigger to 2024-12-07 04:00:00+00:00, run_after=2024-12-07 08:00:00+00:00
[2024-12-07T09:18:31.039+0000] {processor.py:208} INFO - Processing /home/airflow/.local/lib/python3.12/site-packages/airflow/example_dags/example_latest_only_with_trigger.py took 0.071 seconds
[2024-12-07T09:19:01.150+0000] {processor.py:186} INFO - Started process (PID=588) to work on /home/airflow/.local/lib/python3.12/site-packages/airflow/example_dags/example_latest_only_with_trigger.py
[2024-12-07T09:19:01.151+0000] {processor.py:914} INFO - Processing file /home/airflow/.local/lib/python3.12/site-packages/airflow/example_dags/example_latest_only_with_trigger.py for tasks to queue
[2024-12-07T09:19:01.152+0000] {logging_mixin.py:190} INFO - [2024-12-07T09:19:01.152+0000] {dagbag.py:588} INFO - Filling up the DagBag from /home/airflow/.local/lib/python3.12/site-packages/airflow/example_dags/example_latest_only_with_trigger.py
[2024-12-07T09:19:01.159+0000] {processor.py:925} INFO - DAG(s) 'latest_only_with_trigger' retrieved from /home/airflow/.local/lib/python3.12/site-packages/airflow/example_dags/example_latest_only_with_trigger.py
[2024-12-07T09:19:01.173+0000] {logging_mixin.py:190} INFO - [2024-12-07T09:19:01.173+0000] {dag.py:3239} INFO - Sync 1 DAGs
[2024-12-07T09:19:01.190+0000] {logging_mixin.py:190} INFO - [2024-12-07T09:19:01.190+0000] {dag.py:4180} INFO - Setting next_dagrun for latest_only_with_trigger to 2024-12-07 04:00:00+00:00, run_after=2024-12-07 08:00:00+00:00
[2024-12-07T09:19:01.203+0000] {processor.py:208} INFO - Processing /home/airflow/.local/lib/python3.12/site-packages/airflow/example_dags/example_latest_only_with_trigger.py took 0.057 seconds
[2024-12-07T09:19:31.567+0000] {processor.py:186} INFO - Started process (PID=651) to work on /home/airflow/.local/lib/python3.12/site-packages/airflow/example_dags/example_latest_only_with_trigger.py
[2024-12-07T09:19:31.568+0000] {processor.py:914} INFO - Processing file /home/airflow/.local/lib/python3.12/site-packages/airflow/example_dags/example_latest_only_with_trigger.py for tasks to queue
[2024-12-07T09:19:31.569+0000] {logging_mixin.py:190} INFO - [2024-12-07T09:19:31.569+0000] {dagbag.py:588} INFO - Filling up the DagBag from /home/airflow/.local/lib/python3.12/site-packages/airflow/example_dags/example_latest_only_with_trigger.py
[2024-12-07T09:19:31.576+0000] {processor.py:925} INFO - DAG(s) 'latest_only_with_trigger' retrieved from /home/airflow/.local/lib/python3.12/site-packages/airflow/example_dags/example_latest_only_with_trigger.py
[2024-12-07T09:19:31.594+0000] {logging_mixin.py:190} INFO - [2024-12-07T09:19:31.594+0000] {dag.py:3239} INFO - Sync 1 DAGs
[2024-12-07T09:19:31.616+0000] {logging_mixin.py:190} INFO - [2024-12-07T09:19:31.616+0000] {dag.py:4180} INFO - Setting next_dagrun for latest_only_with_trigger to 2024-12-07 04:00:00+00:00, run_after=2024-12-07 08:00:00+00:00
[2024-12-07T09:19:31.631+0000] {processor.py:208} INFO - Processing /home/airflow/.local/lib/python3.12/site-packages/airflow/example_dags/example_latest_only_with_trigger.py took 0.068 seconds
[2024-12-07T09:20:01.986+0000] {processor.py:186} INFO - Started process (PID=714) to work on /home/airflow/.local/lib/python3.12/site-packages/airflow/example_dags/example_latest_only_with_trigger.py
[2024-12-07T09:20:01.986+0000] {processor.py:914} INFO - Processing file /home/airflow/.local/lib/python3.12/site-packages/airflow/example_dags/example_latest_only_with_trigger.py for tasks to queue
[2024-12-07T09:20:01.988+0000] {logging_mixin.py:190} INFO - [2024-12-07T09:20:01.988+0000] {dagbag.py:588} INFO - Filling up the DagBag from /home/airflow/.local/lib/python3.12/site-packages/airflow/example_dags/example_latest_only_with_trigger.py
[2024-12-07T09:20:01.994+0000] {processor.py:925} INFO - DAG(s) 'latest_only_with_trigger' retrieved from /home/airflow/.local/lib/python3.12/site-packages/airflow/example_dags/example_latest_only_with_trigger.py
[2024-12-07T09:20:02.014+0000] {logging_mixin.py:190} INFO - [2024-12-07T09:20:02.013+0000] {dag.py:3239} INFO - Sync 1 DAGs
[2024-12-07T09:20:02.040+0000] {logging_mixin.py:190} INFO - [2024-12-07T09:20:02.040+0000] {dag.py:4180} INFO - Setting next_dagrun for latest_only_with_trigger to 2024-12-07 04:00:00+00:00, run_after=2024-12-07 08:00:00+00:00
[2024-12-07T09:20:02.056+0000] {processor.py:208} INFO - Processing /home/airflow/.local/lib/python3.12/site-packages/airflow/example_dags/example_latest_only_with_trigger.py took 0.075 seconds
[2024-12-07T09:20:32.475+0000] {processor.py:186} INFO - Started process (PID=777) to work on /home/airflow/.local/lib/python3.12/site-packages/airflow/example_dags/example_latest_only_with_trigger.py
[2024-12-07T09:20:32.476+0000] {processor.py:914} INFO - Processing file /home/airflow/.local/lib/python3.12/site-packages/airflow/example_dags/example_latest_only_with_trigger.py for tasks to queue
[2024-12-07T09:20:32.477+0000] {logging_mixin.py:190} INFO - [2024-12-07T09:20:32.477+0000] {dagbag.py:588} INFO - Filling up the DagBag from /home/airflow/.local/lib/python3.12/site-packages/airflow/example_dags/example_latest_only_with_trigger.py
[2024-12-07T09:20:32.483+0000] {processor.py:925} INFO - DAG(s) 'latest_only_with_trigger' retrieved from /home/airflow/.local/lib/python3.12/site-packages/airflow/example_dags/example_latest_only_with_trigger.py
[2024-12-07T09:20:32.502+0000] {logging_mixin.py:190} INFO - [2024-12-07T09:20:32.501+0000] {dag.py:3239} INFO - Sync 1 DAGs
[2024-12-07T09:20:32.525+0000] {logging_mixin.py:190} INFO - [2024-12-07T09:20:32.525+0000] {dag.py:4180} INFO - Setting next_dagrun for latest_only_with_trigger to 2024-12-07 04:00:00+00:00, run_after=2024-12-07 08:00:00+00:00
[2024-12-07T09:20:32.541+0000] {processor.py:208} INFO - Processing /home/airflow/.local/lib/python3.12/site-packages/airflow/example_dags/example_latest_only_with_trigger.py took 0.070 seconds
[2024-12-07T09:21:03.409+0000] {processor.py:186} INFO - Started process (PID=840) to work on /home/airflow/.local/lib/python3.12/site-packages/airflow/example_dags/example_latest_only_with_trigger.py
[2024-12-07T09:21:03.410+0000] {processor.py:914} INFO - Processing file /home/airflow/.local/lib/python3.12/site-packages/airflow/example_dags/example_latest_only_with_trigger.py for tasks to queue
[2024-12-07T09:21:03.411+0000] {logging_mixin.py:190} INFO - [2024-12-07T09:21:03.411+0000] {dagbag.py:588} INFO - Filling up the DagBag from /home/airflow/.local/lib/python3.12/site-packages/airflow/example_dags/example_latest_only_with_trigger.py
[2024-12-07T09:21:03.417+0000] {processor.py:925} INFO - DAG(s) 'latest_only_with_trigger' retrieved from /home/airflow/.local/lib/python3.12/site-packages/airflow/example_dags/example_latest_only_with_trigger.py
[2024-12-07T09:21:03.434+0000] {logging_mixin.py:190} INFO - [2024-12-07T09:21:03.434+0000] {dag.py:3239} INFO - Sync 1 DAGs
[2024-12-07T09:21:03.456+0000] {logging_mixin.py:190} INFO - [2024-12-07T09:21:03.456+0000] {dag.py:4180} INFO - Setting next_dagrun for latest_only_with_trigger to 2024-12-07 04:00:00+00:00, run_after=2024-12-07 08:00:00+00:00
[2024-12-07T09:21:03.471+0000] {processor.py:208} INFO - Processing /home/airflow/.local/lib/python3.12/site-packages/airflow/example_dags/example_latest_only_with_trigger.py took 0.067 seconds
[2024-12-07T09:21:33.808+0000] {processor.py:186} INFO - Started process (PID=903) to work on /home/airflow/.local/lib/python3.12/site-packages/airflow/example_dags/example_latest_only_with_trigger.py
[2024-12-07T09:21:33.809+0000] {processor.py:914} INFO - Processing file /home/airflow/.local/lib/python3.12/site-packages/airflow/example_dags/example_latest_only_with_trigger.py for tasks to queue
[2024-12-07T09:21:33.810+0000] {logging_mixin.py:190} INFO - [2024-12-07T09:21:33.810+0000] {dagbag.py:588} INFO - Filling up the DagBag from /home/airflow/.local/lib/python3.12/site-packages/airflow/example_dags/example_latest_only_with_trigger.py
[2024-12-07T09:21:33.816+0000] {processor.py:925} INFO - DAG(s) 'latest_only_with_trigger' retrieved from /home/airflow/.local/lib/python3.12/site-packages/airflow/example_dags/example_latest_only_with_trigger.py
[2024-12-07T09:21:33.831+0000] {logging_mixin.py:190} INFO - [2024-12-07T09:21:33.831+0000] {dag.py:3239} INFO - Sync 1 DAGs
[2024-12-07T09:21:33.850+0000] {logging_mixin.py:190} INFO - [2024-12-07T09:21:33.850+0000] {dag.py:4180} INFO - Setting next_dagrun for latest_only_with_trigger to 2024-12-07 04:00:00+00:00, run_after=2024-12-07 08:00:00+00:00
[2024-12-07T09:21:33.863+0000] {processor.py:208} INFO - Processing /home/airflow/.local/lib/python3.12/site-packages/airflow/example_dags/example_latest_only_with_trigger.py took 0.059 seconds
[2024-12-07T09:22:04.150+0000] {processor.py:186} INFO - Started process (PID=966) to work on /home/airflow/.local/lib/python3.12/site-packages/airflow/example_dags/example_latest_only_with_trigger.py
[2024-12-07T09:22:04.151+0000] {processor.py:914} INFO - Processing file /home/airflow/.local/lib/python3.12/site-packages/airflow/example_dags/example_latest_only_with_trigger.py for tasks to queue
[2024-12-07T09:22:04.152+0000] {logging_mixin.py:190} INFO - [2024-12-07T09:22:04.152+0000] {dagbag.py:588} INFO - Filling up the DagBag from /home/airflow/.local/lib/python3.12/site-packages/airflow/example_dags/example_latest_only_with_trigger.py
[2024-12-07T09:22:04.158+0000] {processor.py:925} INFO - DAG(s) 'latest_only_with_trigger' retrieved from /home/airflow/.local/lib/python3.12/site-packages/airflow/example_dags/example_latest_only_with_trigger.py
[2024-12-07T09:22:04.173+0000] {logging_mixin.py:190} INFO - [2024-12-07T09:22:04.173+0000] {dag.py:3239} INFO - Sync 1 DAGs
[2024-12-07T09:22:04.192+0000] {logging_mixin.py:190} INFO - [2024-12-07T09:22:04.191+0000] {dag.py:4180} INFO - Setting next_dagrun for latest_only_with_trigger to 2024-12-07 04:00:00+00:00, run_after=2024-12-07 08:00:00+00:00
[2024-12-07T09:22:04.204+0000] {processor.py:208} INFO - Processing /home/airflow/.local/lib/python3.12/site-packages/airflow/example_dags/example_latest_only_with_trigger.py took 0.058 seconds
[2024-12-07T09:22:34.883+0000] {processor.py:186} INFO - Started process (PID=1029) to work on /home/airflow/.local/lib/python3.12/site-packages/airflow/example_dags/example_latest_only_with_trigger.py
[2024-12-07T09:22:34.884+0000] {processor.py:914} INFO - Processing file /home/airflow/.local/lib/python3.12/site-packages/airflow/example_dags/example_latest_only_with_trigger.py for tasks to queue
[2024-12-07T09:22:34.886+0000] {logging_mixin.py:190} INFO - [2024-12-07T09:22:34.885+0000] {dagbag.py:588} INFO - Filling up the DagBag from /home/airflow/.local/lib/python3.12/site-packages/airflow/example_dags/example_latest_only_with_trigger.py
[2024-12-07T09:22:34.892+0000] {processor.py:925} INFO - DAG(s) 'latest_only_with_trigger' retrieved from /home/airflow/.local/lib/python3.12/site-packages/airflow/example_dags/example_latest_only_with_trigger.py
[2024-12-07T09:22:34.907+0000] {logging_mixin.py:190} INFO - [2024-12-07T09:22:34.907+0000] {dag.py:3239} INFO - Sync 1 DAGs
[2024-12-07T09:22:34.924+0000] {logging_mixin.py:190} INFO - [2024-12-07T09:22:34.924+0000] {dag.py:4180} INFO - Setting next_dagrun for latest_only_with_trigger to 2024-12-07 04:00:00+00:00, run_after=2024-12-07 08:00:00+00:00
[2024-12-07T09:22:34.937+0000] {processor.py:208} INFO - Processing /home/airflow/.local/lib/python3.12/site-packages/airflow/example_dags/example_latest_only_with_trigger.py took 0.058 seconds
[2024-12-07T09:23:05.660+0000] {processor.py:186} INFO - Started process (PID=1092) to work on /home/airflow/.local/lib/python3.12/site-packages/airflow/example_dags/example_latest_only_with_trigger.py
[2024-12-07T09:23:05.660+0000] {processor.py:914} INFO - Processing file /home/airflow/.local/lib/python3.12/site-packages/airflow/example_dags/example_latest_only_with_trigger.py for tasks to queue
[2024-12-07T09:23:05.662+0000] {logging_mixin.py:190} INFO - [2024-12-07T09:23:05.662+0000] {dagbag.py:588} INFO - Filling up the DagBag from /home/airflow/.local/lib/python3.12/site-packages/airflow/example_dags/example_latest_only_with_trigger.py
[2024-12-07T09:23:05.668+0000] {processor.py:925} INFO - DAG(s) 'latest_only_with_trigger' retrieved from /home/airflow/.local/lib/python3.12/site-packages/airflow/example_dags/example_latest_only_with_trigger.py
[2024-12-07T09:23:05.687+0000] {logging_mixin.py:190} INFO - [2024-12-07T09:23:05.687+0000] {dag.py:3239} INFO - Sync 1 DAGs
[2024-12-07T09:23:05.710+0000] {logging_mixin.py:190} INFO - [2024-12-07T09:23:05.710+0000] {dag.py:4180} INFO - Setting next_dagrun for latest_only_with_trigger to 2024-12-07 04:00:00+00:00, run_after=2024-12-07 08:00:00+00:00
[2024-12-07T09:23:05.723+0000] {processor.py:208} INFO - Processing /home/airflow/.local/lib/python3.12/site-packages/airflow/example_dags/example_latest_only_with_trigger.py took 0.068 seconds
[2024-12-07T09:23:36.534+0000] {processor.py:186} INFO - Started process (PID=1156) to work on /home/airflow/.local/lib/python3.12/site-packages/airflow/example_dags/example_latest_only_with_trigger.py
[2024-12-07T09:23:36.535+0000] {processor.py:914} INFO - Processing file /home/airflow/.local/lib/python3.12/site-packages/airflow/example_dags/example_latest_only_with_trigger.py for tasks to queue
[2024-12-07T09:23:36.536+0000] {logging_mixin.py:190} INFO - [2024-12-07T09:23:36.536+0000] {dagbag.py:588} INFO - Filling up the DagBag from /home/airflow/.local/lib/python3.12/site-packages/airflow/example_dags/example_latest_only_with_trigger.py
[2024-12-07T09:23:36.543+0000] {processor.py:925} INFO - DAG(s) 'latest_only_with_trigger' retrieved from /home/airflow/.local/lib/python3.12/site-packages/airflow/example_dags/example_latest_only_with_trigger.py
[2024-12-07T09:23:36.562+0000] {logging_mixin.py:190} INFO - [2024-12-07T09:23:36.562+0000] {dag.py:3239} INFO - Sync 1 DAGs
[2024-12-07T09:23:36.586+0000] {logging_mixin.py:190} INFO - [2024-12-07T09:23:36.586+0000] {dag.py:4180} INFO - Setting next_dagrun for latest_only_with_trigger to 2024-12-07 04:00:00+00:00, run_after=2024-12-07 08:00:00+00:00
[2024-12-07T09:23:36.599+0000] {processor.py:208} INFO - Processing /home/airflow/.local/lib/python3.12/site-packages/airflow/example_dags/example_latest_only_with_trigger.py took 0.070 seconds
[2024-12-07T09:24:07.534+0000] {processor.py:186} INFO - Started process (PID=1219) to work on /home/airflow/.local/lib/python3.12/site-packages/airflow/example_dags/example_latest_only_with_trigger.py
[2024-12-07T09:24:07.535+0000] {processor.py:914} INFO - Processing file /home/airflow/.local/lib/python3.12/site-packages/airflow/example_dags/example_latest_only_with_trigger.py for tasks to queue
[2024-12-07T09:24:07.537+0000] {logging_mixin.py:190} INFO - [2024-12-07T09:24:07.537+0000] {dagbag.py:588} INFO - Filling up the DagBag from /home/airflow/.local/lib/python3.12/site-packages/airflow/example_dags/example_latest_only_with_trigger.py
[2024-12-07T09:24:07.545+0000] {processor.py:925} INFO - DAG(s) 'latest_only_with_trigger' retrieved from /home/airflow/.local/lib/python3.12/site-packages/airflow/example_dags/example_latest_only_with_trigger.py
[2024-12-07T09:24:07.568+0000] {logging_mixin.py:190} INFO - [2024-12-07T09:24:07.567+0000] {dag.py:3239} INFO - Sync 1 DAGs
[2024-12-07T09:24:07.593+0000] {logging_mixin.py:190} INFO - [2024-12-07T09:24:07.593+0000] {dag.py:4180} INFO - Setting next_dagrun for latest_only_with_trigger to 2024-12-07 04:00:00+00:00, run_after=2024-12-07 08:00:00+00:00
[2024-12-07T09:24:07.610+0000] {processor.py:208} INFO - Processing /home/airflow/.local/lib/python3.12/site-packages/airflow/example_dags/example_latest_only_with_trigger.py took 0.082 seconds
[2024-12-07T09:24:37.770+0000] {processor.py:186} INFO - Started process (PID=1282) to work on /home/airflow/.local/lib/python3.12/site-packages/airflow/example_dags/example_latest_only_with_trigger.py
[2024-12-07T09:24:37.771+0000] {processor.py:914} INFO - Processing file /home/airflow/.local/lib/python3.12/site-packages/airflow/example_dags/example_latest_only_with_trigger.py for tasks to queue
[2024-12-07T09:24:37.773+0000] {logging_mixin.py:190} INFO - [2024-12-07T09:24:37.772+0000] {dagbag.py:588} INFO - Filling up the DagBag from /home/airflow/.local/lib/python3.12/site-packages/airflow/example_dags/example_latest_only_with_trigger.py
[2024-12-07T09:24:37.781+0000] {processor.py:925} INFO - DAG(s) 'latest_only_with_trigger' retrieved from /home/airflow/.local/lib/python3.12/site-packages/airflow/example_dags/example_latest_only_with_trigger.py
[2024-12-07T09:24:37.804+0000] {logging_mixin.py:190} INFO - [2024-12-07T09:24:37.803+0000] {dag.py:3239} INFO - Sync 1 DAGs
[2024-12-07T09:24:37.831+0000] {logging_mixin.py:190} INFO - [2024-12-07T09:24:37.831+0000] {dag.py:4180} INFO - Setting next_dagrun for latest_only_with_trigger to 2024-12-07 04:00:00+00:00, run_after=2024-12-07 08:00:00+00:00
[2024-12-07T09:24:37.850+0000] {processor.py:208} INFO - Processing /home/airflow/.local/lib/python3.12/site-packages/airflow/example_dags/example_latest_only_with_trigger.py took 0.086 seconds
[2024-12-07T09:25:08.028+0000] {processor.py:186} INFO - Started process (PID=1345) to work on /home/airflow/.local/lib/python3.12/site-packages/airflow/example_dags/example_latest_only_with_trigger.py
[2024-12-07T09:25:08.028+0000] {processor.py:914} INFO - Processing file /home/airflow/.local/lib/python3.12/site-packages/airflow/example_dags/example_latest_only_with_trigger.py for tasks to queue
[2024-12-07T09:25:08.030+0000] {logging_mixin.py:190} INFO - [2024-12-07T09:25:08.030+0000] {dagbag.py:588} INFO - Filling up the DagBag from /home/airflow/.local/lib/python3.12/site-packages/airflow/example_dags/example_latest_only_with_trigger.py
[2024-12-07T09:25:08.036+0000] {processor.py:925} INFO - DAG(s) 'latest_only_with_trigger' retrieved from /home/airflow/.local/lib/python3.12/site-packages/airflow/example_dags/example_latest_only_with_trigger.py
[2024-12-07T09:25:08.051+0000] {logging_mixin.py:190} INFO - [2024-12-07T09:25:08.051+0000] {dag.py:3239} INFO - Sync 1 DAGs
[2024-12-07T09:25:08.071+0000] {logging_mixin.py:190} INFO - [2024-12-07T09:25:08.071+0000] {dag.py:4180} INFO - Setting next_dagrun for latest_only_with_trigger to 2024-12-07 04:00:00+00:00, run_after=2024-12-07 08:00:00+00:00
[2024-12-07T09:25:08.084+0000] {processor.py:208} INFO - Processing /home/airflow/.local/lib/python3.12/site-packages/airflow/example_dags/example_latest_only_with_trigger.py took 0.061 seconds
[2024-12-07T09:25:38.328+0000] {processor.py:186} INFO - Started process (PID=1408) to work on /home/airflow/.local/lib/python3.12/site-packages/airflow/example_dags/example_latest_only_with_trigger.py
[2024-12-07T09:25:38.328+0000] {processor.py:914} INFO - Processing file /home/airflow/.local/lib/python3.12/site-packages/airflow/example_dags/example_latest_only_with_trigger.py for tasks to queue
[2024-12-07T09:25:38.330+0000] {logging_mixin.py:190} INFO - [2024-12-07T09:25:38.330+0000] {dagbag.py:588} INFO - Filling up the DagBag from /home/airflow/.local/lib/python3.12/site-packages/airflow/example_dags/example_latest_only_with_trigger.py
[2024-12-07T09:25:38.336+0000] {processor.py:925} INFO - DAG(s) 'latest_only_with_trigger' retrieved from /home/airflow/.local/lib/python3.12/site-packages/airflow/example_dags/example_latest_only_with_trigger.py
[2024-12-07T09:25:38.350+0000] {logging_mixin.py:190} INFO - [2024-12-07T09:25:38.350+0000] {dag.py:3239} INFO - Sync 1 DAGs
[2024-12-07T09:25:38.367+0000] {logging_mixin.py:190} INFO - [2024-12-07T09:25:38.367+0000] {dag.py:4180} INFO - Setting next_dagrun for latest_only_with_trigger to 2024-12-07 04:00:00+00:00, run_after=2024-12-07 08:00:00+00:00
[2024-12-07T09:25:38.380+0000] {processor.py:208} INFO - Processing /home/airflow/.local/lib/python3.12/site-packages/airflow/example_dags/example_latest_only_with_trigger.py took 0.056 seconds
[2024-12-07T09:26:08.685+0000] {processor.py:186} INFO - Started process (PID=1471) to work on /home/airflow/.local/lib/python3.12/site-packages/airflow/example_dags/example_latest_only_with_trigger.py
[2024-12-07T09:26:08.686+0000] {processor.py:914} INFO - Processing file /home/airflow/.local/lib/python3.12/site-packages/airflow/example_dags/example_latest_only_with_trigger.py for tasks to queue
[2024-12-07T09:26:08.688+0000] {logging_mixin.py:190} INFO - [2024-12-07T09:26:08.687+0000] {dagbag.py:588} INFO - Filling up the DagBag from /home/airflow/.local/lib/python3.12/site-packages/airflow/example_dags/example_latest_only_with_trigger.py
[2024-12-07T09:26:08.695+0000] {processor.py:925} INFO - DAG(s) 'latest_only_with_trigger' retrieved from /home/airflow/.local/lib/python3.12/site-packages/airflow/example_dags/example_latest_only_with_trigger.py
[2024-12-07T09:26:08.716+0000] {logging_mixin.py:190} INFO - [2024-12-07T09:26:08.715+0000] {dag.py:3239} INFO - Sync 1 DAGs
[2024-12-07T09:26:08.740+0000] {logging_mixin.py:190} INFO - [2024-12-07T09:26:08.740+0000] {dag.py:4180} INFO - Setting next_dagrun for latest_only_with_trigger to 2024-12-07 04:00:00+00:00, run_after=2024-12-07 08:00:00+00:00
[2024-12-07T09:26:08.755+0000] {processor.py:208} INFO - Processing /home/airflow/.local/lib/python3.12/site-packages/airflow/example_dags/example_latest_only_with_trigger.py took 0.074 seconds
[2024-12-07T09:26:38.990+0000] {processor.py:186} INFO - Started process (PID=1534) to work on /home/airflow/.local/lib/python3.12/site-packages/airflow/example_dags/example_latest_only_with_trigger.py
[2024-12-07T09:26:38.991+0000] {processor.py:914} INFO - Processing file /home/airflow/.local/lib/python3.12/site-packages/airflow/example_dags/example_latest_only_with_trigger.py for tasks to queue
[2024-12-07T09:26:38.993+0000] {logging_mixin.py:190} INFO - [2024-12-07T09:26:38.993+0000] {dagbag.py:588} INFO - Filling up the DagBag from /home/airflow/.local/lib/python3.12/site-packages/airflow/example_dags/example_latest_only_with_trigger.py
[2024-12-07T09:26:39.000+0000] {processor.py:925} INFO - DAG(s) 'latest_only_with_trigger' retrieved from /home/airflow/.local/lib/python3.12/site-packages/airflow/example_dags/example_latest_only_with_trigger.py
[2024-12-07T09:26:39.019+0000] {logging_mixin.py:190} INFO - [2024-12-07T09:26:39.019+0000] {dag.py:3239} INFO - Sync 1 DAGs
[2024-12-07T09:26:39.039+0000] {logging_mixin.py:190} INFO - [2024-12-07T09:26:39.039+0000] {dag.py:4180} INFO - Setting next_dagrun for latest_only_with_trigger to 2024-12-07 04:00:00+00:00, run_after=2024-12-07 08:00:00+00:00
[2024-12-07T09:26:39.053+0000] {processor.py:208} INFO - Processing /home/airflow/.local/lib/python3.12/site-packages/airflow/example_dags/example_latest_only_with_trigger.py took 0.069 seconds
[2024-12-07T09:27:09.208+0000] {processor.py:186} INFO - Started process (PID=1597) to work on /home/airflow/.local/lib/python3.12/site-packages/airflow/example_dags/example_latest_only_with_trigger.py
[2024-12-07T09:27:09.209+0000] {processor.py:914} INFO - Processing file /home/airflow/.local/lib/python3.12/site-packages/airflow/example_dags/example_latest_only_with_trigger.py for tasks to queue
[2024-12-07T09:27:09.210+0000] {logging_mixin.py:190} INFO - [2024-12-07T09:27:09.210+0000] {dagbag.py:588} INFO - Filling up the DagBag from /home/airflow/.local/lib/python3.12/site-packages/airflow/example_dags/example_latest_only_with_trigger.py
[2024-12-07T09:27:09.217+0000] {processor.py:925} INFO - DAG(s) 'latest_only_with_trigger' retrieved from /home/airflow/.local/lib/python3.12/site-packages/airflow/example_dags/example_latest_only_with_trigger.py
[2024-12-07T09:27:09.235+0000] {logging_mixin.py:190} INFO - [2024-12-07T09:27:09.235+0000] {dag.py:3239} INFO - Sync 1 DAGs
[2024-12-07T09:27:09.253+0000] {logging_mixin.py:190} INFO - [2024-12-07T09:27:09.253+0000] {dag.py:4180} INFO - Setting next_dagrun for latest_only_with_trigger to 2024-12-07 04:00:00+00:00, run_after=2024-12-07 08:00:00+00:00
[2024-12-07T09:27:09.267+0000] {processor.py:208} INFO - Processing /home/airflow/.local/lib/python3.12/site-packages/airflow/example_dags/example_latest_only_with_trigger.py took 0.063 seconds
[2024-12-07T09:27:39.362+0000] {processor.py:186} INFO - Started process (PID=1660) to work on /home/airflow/.local/lib/python3.12/site-packages/airflow/example_dags/example_latest_only_with_trigger.py
[2024-12-07T09:27:39.362+0000] {processor.py:914} INFO - Processing file /home/airflow/.local/lib/python3.12/site-packages/airflow/example_dags/example_latest_only_with_trigger.py for tasks to queue
[2024-12-07T09:27:39.364+0000] {logging_mixin.py:190} INFO - [2024-12-07T09:27:39.364+0000] {dagbag.py:588} INFO - Filling up the DagBag from /home/airflow/.local/lib/python3.12/site-packages/airflow/example_dags/example_latest_only_with_trigger.py
[2024-12-07T09:27:39.371+0000] {processor.py:925} INFO - DAG(s) 'latest_only_with_trigger' retrieved from /home/airflow/.local/lib/python3.12/site-packages/airflow/example_dags/example_latest_only_with_trigger.py
[2024-12-07T09:27:39.389+0000] {logging_mixin.py:190} INFO - [2024-12-07T09:27:39.388+0000] {dag.py:3239} INFO - Sync 1 DAGs
[2024-12-07T09:27:39.408+0000] {logging_mixin.py:190} INFO - [2024-12-07T09:27:39.408+0000] {dag.py:4180} INFO - Setting next_dagrun for latest_only_with_trigger to 2024-12-07 04:00:00+00:00, run_after=2024-12-07 08:00:00+00:00
[2024-12-07T09:27:39.421+0000] {processor.py:208} INFO - Processing /home/airflow/.local/lib/python3.12/site-packages/airflow/example_dags/example_latest_only_with_trigger.py took 0.065 seconds
