[2024-12-07T09:15:04.126+0000] {processor.py:186} INFO - Started process (PID=113) to work on /home/airflow/.local/lib/python3.12/site-packages/airflow/example_dags/example_complex.py
[2024-12-07T09:15:04.127+0000] {processor.py:914} INFO - Processing file /home/airflow/.local/lib/python3.12/site-packages/airflow/example_dags/example_complex.py for tasks to queue
[2024-12-07T09:15:04.128+0000] {logging_mixin.py:190} INFO - [2024-12-07T09:15:04.128+0000] {dagbag.py:588} INFO - Filling up the DagBag from /home/airflow/.local/lib/python3.12/site-packages/airflow/example_dags/example_complex.py
[2024-12-07T09:15:04.139+0000] {processor.py:925} INFO - DAG(s) 'example_complex' retrieved from /home/airflow/.local/lib/python3.12/site-packages/airflow/example_dags/example_complex.py
[2024-12-07T09:15:04.276+0000] {logging_mixin.py:190} INFO - [2024-12-07T09:15:04.275+0000] {override.py:1911} INFO - Created Permission View: can delete on DAG:example_complex
[2024-12-07T09:15:04.286+0000] {logging_mixin.py:190} INFO - [2024-12-07T09:15:04.286+0000] {override.py:1911} INFO - Created Permission View: can edit on DAG:example_complex
[2024-12-07T09:15:04.290+0000] {logging_mixin.py:190} INFO - [2024-12-07T09:15:04.290+0000] {override.py:1911} INFO - Created Permission View: can read on DAG:example_complex
[2024-12-07T09:15:04.295+0000] {logging_mixin.py:190} INFO - [2024-12-07T09:15:04.294+0000] {override.py:1911} INFO - Created Permission View: can delete on DAG Run:example_complex
[2024-12-07T09:15:04.299+0000] {logging_mixin.py:190} INFO - [2024-12-07T09:15:04.299+0000] {override.py:1911} INFO - Created Permission View: menu access on DAG Run:example_complex
[2024-12-07T09:15:04.303+0000] {logging_mixin.py:190} INFO - [2024-12-07T09:15:04.303+0000] {override.py:1911} INFO - Created Permission View: can create on DAG Run:example_complex
[2024-12-07T09:15:04.307+0000] {logging_mixin.py:190} INFO - [2024-12-07T09:15:04.307+0000] {override.py:1911} INFO - Created Permission View: can read on DAG Run:example_complex
[2024-12-07T09:15:04.308+0000] {logging_mixin.py:190} INFO - [2024-12-07T09:15:04.308+0000] {dag.py:3239} INFO - Sync 1 DAGs
[2024-12-07T09:15:04.317+0000] {logging_mixin.py:190} INFO - [2024-12-07T09:15:04.317+0000] {dag.py:3262} INFO - Creating ORM DAG for example_complex
[2024-12-07T09:15:04.318+0000] {logging_mixin.py:190} INFO - [2024-12-07T09:15:04.317+0000] {dag.py:4180} INFO - Setting next_dagrun for example_complex to None, run_after=None
[2024-12-07T09:15:04.330+0000] {processor.py:208} INFO - Processing /home/airflow/.local/lib/python3.12/site-packages/airflow/example_dags/example_complex.py took 0.208 seconds
[2024-12-07T09:15:34.863+0000] {processor.py:186} INFO - Started process (PID=176) to work on /home/airflow/.local/lib/python3.12/site-packages/airflow/example_dags/example_complex.py
[2024-12-07T09:15:34.864+0000] {processor.py:914} INFO - Processing file /home/airflow/.local/lib/python3.12/site-packages/airflow/example_dags/example_complex.py for tasks to queue
[2024-12-07T09:15:34.866+0000] {logging_mixin.py:190} INFO - [2024-12-07T09:15:34.866+0000] {dagbag.py:588} INFO - Filling up the DagBag from /home/airflow/.local/lib/python3.12/site-packages/airflow/example_dags/example_complex.py
[2024-12-07T09:15:34.880+0000] {processor.py:925} INFO - DAG(s) 'example_complex' retrieved from /home/airflow/.local/lib/python3.12/site-packages/airflow/example_dags/example_complex.py
[2024-12-07T09:15:34.920+0000] {logging_mixin.py:190} INFO - [2024-12-07T09:15:34.920+0000] {dag.py:3239} INFO - Sync 1 DAGs
[2024-12-07T09:15:34.937+0000] {logging_mixin.py:190} INFO - [2024-12-07T09:15:34.936+0000] {dag.py:4180} INFO - Setting next_dagrun for example_complex to None, run_after=None
[2024-12-07T09:15:34.955+0000] {processor.py:208} INFO - Processing /home/airflow/.local/lib/python3.12/site-packages/airflow/example_dags/example_complex.py took 0.096 seconds
[2024-12-07T09:16:05.033+0000] {processor.py:186} INFO - Started process (PID=238) to work on /home/airflow/.local/lib/python3.12/site-packages/airflow/example_dags/example_complex.py
[2024-12-07T09:16:05.034+0000] {processor.py:914} INFO - Processing file /home/airflow/.local/lib/python3.12/site-packages/airflow/example_dags/example_complex.py for tasks to queue
[2024-12-07T09:16:05.035+0000] {logging_mixin.py:190} INFO - [2024-12-07T09:16:05.035+0000] {dagbag.py:588} INFO - Filling up the DagBag from /home/airflow/.local/lib/python3.12/site-packages/airflow/example_dags/example_complex.py
[2024-12-07T09:16:05.045+0000] {processor.py:925} INFO - DAG(s) 'example_complex' retrieved from /home/airflow/.local/lib/python3.12/site-packages/airflow/example_dags/example_complex.py
[2024-12-07T09:16:05.068+0000] {logging_mixin.py:190} INFO - [2024-12-07T09:16:05.068+0000] {dag.py:3239} INFO - Sync 1 DAGs
[2024-12-07T09:16:05.080+0000] {logging_mixin.py:190} INFO - [2024-12-07T09:16:05.080+0000] {dag.py:4180} INFO - Setting next_dagrun for example_complex to None, run_after=None
[2024-12-07T09:16:05.093+0000] {processor.py:208} INFO - Processing /home/airflow/.local/lib/python3.12/site-packages/airflow/example_dags/example_complex.py took 0.064 seconds
[2024-12-07T09:16:35.821+0000] {processor.py:186} INFO - Started process (PID=301) to work on /home/airflow/.local/lib/python3.12/site-packages/airflow/example_dags/example_complex.py
[2024-12-07T09:16:35.822+0000] {processor.py:914} INFO - Processing file /home/airflow/.local/lib/python3.12/site-packages/airflow/example_dags/example_complex.py for tasks to queue
[2024-12-07T09:16:35.823+0000] {logging_mixin.py:190} INFO - [2024-12-07T09:16:35.823+0000] {dagbag.py:588} INFO - Filling up the DagBag from /home/airflow/.local/lib/python3.12/site-packages/airflow/example_dags/example_complex.py
[2024-12-07T09:16:35.832+0000] {processor.py:925} INFO - DAG(s) 'example_complex' retrieved from /home/airflow/.local/lib/python3.12/site-packages/airflow/example_dags/example_complex.py
[2024-12-07T09:16:35.856+0000] {logging_mixin.py:190} INFO - [2024-12-07T09:16:35.856+0000] {dag.py:3239} INFO - Sync 1 DAGs
[2024-12-07T09:16:35.867+0000] {logging_mixin.py:190} INFO - [2024-12-07T09:16:35.867+0000] {dag.py:4180} INFO - Setting next_dagrun for example_complex to None, run_after=None
[2024-12-07T09:16:35.880+0000] {processor.py:208} INFO - Processing /home/airflow/.local/lib/python3.12/site-packages/airflow/example_dags/example_complex.py took 0.063 seconds
[2024-12-07T09:17:06.719+0000] {processor.py:186} INFO - Started process (PID=364) to work on /home/airflow/.local/lib/python3.12/site-packages/airflow/example_dags/example_complex.py
[2024-12-07T09:17:06.720+0000] {processor.py:914} INFO - Processing file /home/airflow/.local/lib/python3.12/site-packages/airflow/example_dags/example_complex.py for tasks to queue
[2024-12-07T09:17:06.722+0000] {logging_mixin.py:190} INFO - [2024-12-07T09:17:06.721+0000] {dagbag.py:588} INFO - Filling up the DagBag from /home/airflow/.local/lib/python3.12/site-packages/airflow/example_dags/example_complex.py
[2024-12-07T09:17:06.736+0000] {processor.py:925} INFO - DAG(s) 'example_complex' retrieved from /home/airflow/.local/lib/python3.12/site-packages/airflow/example_dags/example_complex.py
[2024-12-07T09:17:06.762+0000] {logging_mixin.py:190} INFO - [2024-12-07T09:17:06.762+0000] {dag.py:3239} INFO - Sync 1 DAGs
[2024-12-07T09:17:06.773+0000] {logging_mixin.py:190} INFO - [2024-12-07T09:17:06.773+0000] {dag.py:4180} INFO - Setting next_dagrun for example_complex to None, run_after=None
[2024-12-07T09:17:06.785+0000] {processor.py:208} INFO - Processing /home/airflow/.local/lib/python3.12/site-packages/airflow/example_dags/example_complex.py took 0.072 seconds
[2024-12-07T09:17:37.322+0000] {processor.py:186} INFO - Started process (PID=426) to work on /home/airflow/.local/lib/python3.12/site-packages/airflow/example_dags/example_complex.py
[2024-12-07T09:17:37.323+0000] {processor.py:914} INFO - Processing file /home/airflow/.local/lib/python3.12/site-packages/airflow/example_dags/example_complex.py for tasks to queue
[2024-12-07T09:17:37.324+0000] {logging_mixin.py:190} INFO - [2024-12-07T09:17:37.324+0000] {dagbag.py:588} INFO - Filling up the DagBag from /home/airflow/.local/lib/python3.12/site-packages/airflow/example_dags/example_complex.py
[2024-12-07T09:17:37.335+0000] {processor.py:925} INFO - DAG(s) 'example_complex' retrieved from /home/airflow/.local/lib/python3.12/site-packages/airflow/example_dags/example_complex.py
[2024-12-07T09:17:37.369+0000] {logging_mixin.py:190} INFO - [2024-12-07T09:17:37.368+0000] {dag.py:3239} INFO - Sync 1 DAGs
[2024-12-07T09:17:37.383+0000] {logging_mixin.py:190} INFO - [2024-12-07T09:17:37.383+0000] {dag.py:4180} INFO - Setting next_dagrun for example_complex to None, run_after=None
[2024-12-07T09:17:37.396+0000] {processor.py:208} INFO - Processing /home/airflow/.local/lib/python3.12/site-packages/airflow/example_dags/example_complex.py took 0.079 seconds
[2024-12-07T09:18:08.095+0000] {processor.py:186} INFO - Started process (PID=489) to work on /home/airflow/.local/lib/python3.12/site-packages/airflow/example_dags/example_complex.py
[2024-12-07T09:18:08.096+0000] {processor.py:914} INFO - Processing file /home/airflow/.local/lib/python3.12/site-packages/airflow/example_dags/example_complex.py for tasks to queue
[2024-12-07T09:18:08.098+0000] {logging_mixin.py:190} INFO - [2024-12-07T09:18:08.098+0000] {dagbag.py:588} INFO - Filling up the DagBag from /home/airflow/.local/lib/python3.12/site-packages/airflow/example_dags/example_complex.py
[2024-12-07T09:18:08.114+0000] {processor.py:925} INFO - DAG(s) 'example_complex' retrieved from /home/airflow/.local/lib/python3.12/site-packages/airflow/example_dags/example_complex.py
[2024-12-07T09:18:08.150+0000] {logging_mixin.py:190} INFO - [2024-12-07T09:18:08.149+0000] {dag.py:3239} INFO - Sync 1 DAGs
[2024-12-07T09:18:08.163+0000] {logging_mixin.py:190} INFO - [2024-12-07T09:18:08.163+0000] {dag.py:4180} INFO - Setting next_dagrun for example_complex to None, run_after=None
[2024-12-07T09:18:08.181+0000] {processor.py:208} INFO - Processing /home/airflow/.local/lib/python3.12/site-packages/airflow/example_dags/example_complex.py took 0.092 seconds
[2024-12-07T09:18:38.281+0000] {processor.py:186} INFO - Started process (PID=552) to work on /home/airflow/.local/lib/python3.12/site-packages/airflow/example_dags/example_complex.py
[2024-12-07T09:18:38.282+0000] {processor.py:914} INFO - Processing file /home/airflow/.local/lib/python3.12/site-packages/airflow/example_dags/example_complex.py for tasks to queue
[2024-12-07T09:18:38.284+0000] {logging_mixin.py:190} INFO - [2024-12-07T09:18:38.284+0000] {dagbag.py:588} INFO - Filling up the DagBag from /home/airflow/.local/lib/python3.12/site-packages/airflow/example_dags/example_complex.py
[2024-12-07T09:18:38.297+0000] {processor.py:925} INFO - DAG(s) 'example_complex' retrieved from /home/airflow/.local/lib/python3.12/site-packages/airflow/example_dags/example_complex.py
[2024-12-07T09:18:38.337+0000] {logging_mixin.py:190} INFO - [2024-12-07T09:18:38.337+0000] {dag.py:3239} INFO - Sync 1 DAGs
[2024-12-07T09:18:38.351+0000] {logging_mixin.py:190} INFO - [2024-12-07T09:18:38.351+0000] {dag.py:4180} INFO - Setting next_dagrun for example_complex to None, run_after=None
[2024-12-07T09:18:38.366+0000] {processor.py:208} INFO - Processing /home/airflow/.local/lib/python3.12/site-packages/airflow/example_dags/example_complex.py took 0.090 seconds
[2024-12-07T09:19:09.094+0000] {processor.py:186} INFO - Started process (PID=615) to work on /home/airflow/.local/lib/python3.12/site-packages/airflow/example_dags/example_complex.py
[2024-12-07T09:19:09.095+0000] {processor.py:914} INFO - Processing file /home/airflow/.local/lib/python3.12/site-packages/airflow/example_dags/example_complex.py for tasks to queue
[2024-12-07T09:19:09.097+0000] {logging_mixin.py:190} INFO - [2024-12-07T09:19:09.097+0000] {dagbag.py:588} INFO - Filling up the DagBag from /home/airflow/.local/lib/python3.12/site-packages/airflow/example_dags/example_complex.py
[2024-12-07T09:19:09.112+0000] {processor.py:925} INFO - DAG(s) 'example_complex' retrieved from /home/airflow/.local/lib/python3.12/site-packages/airflow/example_dags/example_complex.py
[2024-12-07T09:19:09.163+0000] {logging_mixin.py:190} INFO - [2024-12-07T09:19:09.163+0000] {dag.py:3239} INFO - Sync 1 DAGs
[2024-12-07T09:19:09.185+0000] {logging_mixin.py:190} INFO - [2024-12-07T09:19:09.185+0000] {dag.py:4180} INFO - Setting next_dagrun for example_complex to None, run_after=None
[2024-12-07T09:19:09.206+0000] {processor.py:208} INFO - Processing /home/airflow/.local/lib/python3.12/site-packages/airflow/example_dags/example_complex.py took 0.121 seconds
[2024-12-07T09:19:40.131+0000] {processor.py:186} INFO - Started process (PID=678) to work on /home/airflow/.local/lib/python3.12/site-packages/airflow/example_dags/example_complex.py
[2024-12-07T09:19:40.132+0000] {processor.py:914} INFO - Processing file /home/airflow/.local/lib/python3.12/site-packages/airflow/example_dags/example_complex.py for tasks to queue
[2024-12-07T09:19:40.134+0000] {logging_mixin.py:190} INFO - [2024-12-07T09:19:40.133+0000] {dagbag.py:588} INFO - Filling up the DagBag from /home/airflow/.local/lib/python3.12/site-packages/airflow/example_dags/example_complex.py
[2024-12-07T09:19:40.143+0000] {processor.py:925} INFO - DAG(s) 'example_complex' retrieved from /home/airflow/.local/lib/python3.12/site-packages/airflow/example_dags/example_complex.py
[2024-12-07T09:19:40.167+0000] {logging_mixin.py:190} INFO - [2024-12-07T09:19:40.166+0000] {dag.py:3239} INFO - Sync 1 DAGs
[2024-12-07T09:19:40.178+0000] {logging_mixin.py:190} INFO - [2024-12-07T09:19:40.178+0000] {dag.py:4180} INFO - Setting next_dagrun for example_complex to None, run_after=None
[2024-12-07T09:19:40.194+0000] {processor.py:208} INFO - Processing /home/airflow/.local/lib/python3.12/site-packages/airflow/example_dags/example_complex.py took 0.067 seconds
[2024-12-07T09:20:10.432+0000] {processor.py:186} INFO - Started process (PID=740) to work on /home/airflow/.local/lib/python3.12/site-packages/airflow/example_dags/example_complex.py
[2024-12-07T09:20:10.433+0000] {processor.py:914} INFO - Processing file /home/airflow/.local/lib/python3.12/site-packages/airflow/example_dags/example_complex.py for tasks to queue
[2024-12-07T09:20:10.435+0000] {logging_mixin.py:190} INFO - [2024-12-07T09:20:10.434+0000] {dagbag.py:588} INFO - Filling up the DagBag from /home/airflow/.local/lib/python3.12/site-packages/airflow/example_dags/example_complex.py
[2024-12-07T09:20:10.445+0000] {processor.py:925} INFO - DAG(s) 'example_complex' retrieved from /home/airflow/.local/lib/python3.12/site-packages/airflow/example_dags/example_complex.py
[2024-12-07T09:20:10.470+0000] {logging_mixin.py:190} INFO - [2024-12-07T09:20:10.470+0000] {dag.py:3239} INFO - Sync 1 DAGs
[2024-12-07T09:20:10.481+0000] {logging_mixin.py:190} INFO - [2024-12-07T09:20:10.481+0000] {dag.py:4180} INFO - Setting next_dagrun for example_complex to None, run_after=None
[2024-12-07T09:20:10.497+0000] {processor.py:208} INFO - Processing /home/airflow/.local/lib/python3.12/site-packages/airflow/example_dags/example_complex.py took 0.069 seconds
[2024-12-07T09:20:40.672+0000] {processor.py:186} INFO - Started process (PID=803) to work on /home/airflow/.local/lib/python3.12/site-packages/airflow/example_dags/example_complex.py
[2024-12-07T09:20:40.672+0000] {processor.py:914} INFO - Processing file /home/airflow/.local/lib/python3.12/site-packages/airflow/example_dags/example_complex.py for tasks to queue
[2024-12-07T09:20:40.674+0000] {logging_mixin.py:190} INFO - [2024-12-07T09:20:40.673+0000] {dagbag.py:588} INFO - Filling up the DagBag from /home/airflow/.local/lib/python3.12/site-packages/airflow/example_dags/example_complex.py
[2024-12-07T09:20:40.683+0000] {processor.py:925} INFO - DAG(s) 'example_complex' retrieved from /home/airflow/.local/lib/python3.12/site-packages/airflow/example_dags/example_complex.py
[2024-12-07T09:20:40.706+0000] {logging_mixin.py:190} INFO - [2024-12-07T09:20:40.706+0000] {dag.py:3239} INFO - Sync 1 DAGs
[2024-12-07T09:20:40.717+0000] {logging_mixin.py:190} INFO - [2024-12-07T09:20:40.717+0000] {dag.py:4180} INFO - Setting next_dagrun for example_complex to None, run_after=None
[2024-12-07T09:20:40.730+0000] {processor.py:208} INFO - Processing /home/airflow/.local/lib/python3.12/site-packages/airflow/example_dags/example_complex.py took 0.062 seconds
[2024-12-07T09:21:11.672+0000] {processor.py:186} INFO - Started process (PID=866) to work on /home/airflow/.local/lib/python3.12/site-packages/airflow/example_dags/example_complex.py
[2024-12-07T09:21:11.672+0000] {processor.py:914} INFO - Processing file /home/airflow/.local/lib/python3.12/site-packages/airflow/example_dags/example_complex.py for tasks to queue
[2024-12-07T09:21:11.674+0000] {logging_mixin.py:190} INFO - [2024-12-07T09:21:11.673+0000] {dagbag.py:588} INFO - Filling up the DagBag from /home/airflow/.local/lib/python3.12/site-packages/airflow/example_dags/example_complex.py
[2024-12-07T09:21:11.683+0000] {processor.py:925} INFO - DAG(s) 'example_complex' retrieved from /home/airflow/.local/lib/python3.12/site-packages/airflow/example_dags/example_complex.py
[2024-12-07T09:21:11.707+0000] {logging_mixin.py:190} INFO - [2024-12-07T09:21:11.706+0000] {dag.py:3239} INFO - Sync 1 DAGs
[2024-12-07T09:21:11.718+0000] {logging_mixin.py:190} INFO - [2024-12-07T09:21:11.717+0000] {dag.py:4180} INFO - Setting next_dagrun for example_complex to None, run_after=None
[2024-12-07T09:21:11.733+0000] {processor.py:208} INFO - Processing /home/airflow/.local/lib/python3.12/site-packages/airflow/example_dags/example_complex.py took 0.065 seconds
[2024-12-07T09:21:41.910+0000] {processor.py:186} INFO - Started process (PID=928) to work on /home/airflow/.local/lib/python3.12/site-packages/airflow/example_dags/example_complex.py
[2024-12-07T09:21:41.911+0000] {processor.py:914} INFO - Processing file /home/airflow/.local/lib/python3.12/site-packages/airflow/example_dags/example_complex.py for tasks to queue
[2024-12-07T09:21:41.913+0000] {logging_mixin.py:190} INFO - [2024-12-07T09:21:41.912+0000] {dagbag.py:588} INFO - Filling up the DagBag from /home/airflow/.local/lib/python3.12/site-packages/airflow/example_dags/example_complex.py
[2024-12-07T09:21:41.927+0000] {processor.py:925} INFO - DAG(s) 'example_complex' retrieved from /home/airflow/.local/lib/python3.12/site-packages/airflow/example_dags/example_complex.py
[2024-12-07T09:21:41.956+0000] {logging_mixin.py:190} INFO - [2024-12-07T09:21:41.956+0000] {dag.py:3239} INFO - Sync 1 DAGs
[2024-12-07T09:21:41.969+0000] {logging_mixin.py:190} INFO - [2024-12-07T09:21:41.969+0000] {dag.py:4180} INFO - Setting next_dagrun for example_complex to None, run_after=None
[2024-12-07T09:21:41.982+0000] {processor.py:208} INFO - Processing /home/airflow/.local/lib/python3.12/site-packages/airflow/example_dags/example_complex.py took 0.079 seconds
[2024-12-07T09:22:12.334+0000] {processor.py:186} INFO - Started process (PID=991) to work on /home/airflow/.local/lib/python3.12/site-packages/airflow/example_dags/example_complex.py
[2024-12-07T09:22:12.335+0000] {processor.py:914} INFO - Processing file /home/airflow/.local/lib/python3.12/site-packages/airflow/example_dags/example_complex.py for tasks to queue
[2024-12-07T09:22:12.336+0000] {logging_mixin.py:190} INFO - [2024-12-07T09:22:12.336+0000] {dagbag.py:588} INFO - Filling up the DagBag from /home/airflow/.local/lib/python3.12/site-packages/airflow/example_dags/example_complex.py
[2024-12-07T09:22:12.346+0000] {processor.py:925} INFO - DAG(s) 'example_complex' retrieved from /home/airflow/.local/lib/python3.12/site-packages/airflow/example_dags/example_complex.py
[2024-12-07T09:22:12.379+0000] {logging_mixin.py:190} INFO - [2024-12-07T09:22:12.379+0000] {dag.py:3239} INFO - Sync 1 DAGs
[2024-12-07T09:22:12.396+0000] {logging_mixin.py:190} INFO - [2024-12-07T09:22:12.395+0000] {dag.py:4180} INFO - Setting next_dagrun for example_complex to None, run_after=None
[2024-12-07T09:22:12.412+0000] {processor.py:208} INFO - Processing /home/airflow/.local/lib/python3.12/site-packages/airflow/example_dags/example_complex.py took 0.082 seconds
[2024-12-07T09:22:43.119+0000] {processor.py:186} INFO - Started process (PID=1054) to work on /home/airflow/.local/lib/python3.12/site-packages/airflow/example_dags/example_complex.py
[2024-12-07T09:22:43.120+0000] {processor.py:914} INFO - Processing file /home/airflow/.local/lib/python3.12/site-packages/airflow/example_dags/example_complex.py for tasks to queue
[2024-12-07T09:22:43.121+0000] {logging_mixin.py:190} INFO - [2024-12-07T09:22:43.121+0000] {dagbag.py:588} INFO - Filling up the DagBag from /home/airflow/.local/lib/python3.12/site-packages/airflow/example_dags/example_complex.py
[2024-12-07T09:22:43.131+0000] {processor.py:925} INFO - DAG(s) 'example_complex' retrieved from /home/airflow/.local/lib/python3.12/site-packages/airflow/example_dags/example_complex.py
[2024-12-07T09:22:43.155+0000] {logging_mixin.py:190} INFO - [2024-12-07T09:22:43.155+0000] {dag.py:3239} INFO - Sync 1 DAGs
[2024-12-07T09:22:43.167+0000] {logging_mixin.py:190} INFO - [2024-12-07T09:22:43.166+0000] {dag.py:4180} INFO - Setting next_dagrun for example_complex to None, run_after=None
[2024-12-07T09:22:43.183+0000] {processor.py:208} INFO - Processing /home/airflow/.local/lib/python3.12/site-packages/airflow/example_dags/example_complex.py took 0.068 seconds
[2024-12-07T09:23:13.880+0000] {processor.py:186} INFO - Started process (PID=1117) to work on /home/airflow/.local/lib/python3.12/site-packages/airflow/example_dags/example_complex.py
[2024-12-07T09:23:13.880+0000] {processor.py:914} INFO - Processing file /home/airflow/.local/lib/python3.12/site-packages/airflow/example_dags/example_complex.py for tasks to queue
[2024-12-07T09:23:13.882+0000] {logging_mixin.py:190} INFO - [2024-12-07T09:23:13.882+0000] {dagbag.py:588} INFO - Filling up the DagBag from /home/airflow/.local/lib/python3.12/site-packages/airflow/example_dags/example_complex.py
[2024-12-07T09:23:13.891+0000] {processor.py:925} INFO - DAG(s) 'example_complex' retrieved from /home/airflow/.local/lib/python3.12/site-packages/airflow/example_dags/example_complex.py
[2024-12-07T09:23:13.921+0000] {logging_mixin.py:190} INFO - [2024-12-07T09:23:13.921+0000] {dag.py:3239} INFO - Sync 1 DAGs
[2024-12-07T09:23:13.933+0000] {logging_mixin.py:190} INFO - [2024-12-07T09:23:13.933+0000] {dag.py:4180} INFO - Setting next_dagrun for example_complex to None, run_after=None
[2024-12-07T09:23:13.947+0000] {processor.py:208} INFO - Processing /home/airflow/.local/lib/python3.12/site-packages/airflow/example_dags/example_complex.py took 0.072 seconds
[2024-12-07T09:23:44.716+0000] {processor.py:186} INFO - Started process (PID=1181) to work on /home/airflow/.local/lib/python3.12/site-packages/airflow/example_dags/example_complex.py
[2024-12-07T09:23:44.717+0000] {processor.py:914} INFO - Processing file /home/airflow/.local/lib/python3.12/site-packages/airflow/example_dags/example_complex.py for tasks to queue
[2024-12-07T09:23:44.719+0000] {logging_mixin.py:190} INFO - [2024-12-07T09:23:44.719+0000] {dagbag.py:588} INFO - Filling up the DagBag from /home/airflow/.local/lib/python3.12/site-packages/airflow/example_dags/example_complex.py
[2024-12-07T09:23:44.734+0000] {processor.py:925} INFO - DAG(s) 'example_complex' retrieved from /home/airflow/.local/lib/python3.12/site-packages/airflow/example_dags/example_complex.py
[2024-12-07T09:23:44.770+0000] {logging_mixin.py:190} INFO - [2024-12-07T09:23:44.770+0000] {dag.py:3239} INFO - Sync 1 DAGs
[2024-12-07T09:23:44.786+0000] {logging_mixin.py:190} INFO - [2024-12-07T09:23:44.786+0000] {dag.py:4180} INFO - Setting next_dagrun for example_complex to None, run_after=None
[2024-12-07T09:23:44.803+0000] {processor.py:208} INFO - Processing /home/airflow/.local/lib/python3.12/site-packages/airflow/example_dags/example_complex.py took 0.093 seconds
[2024-12-07T09:24:14.978+0000] {processor.py:186} INFO - Started process (PID=1244) to work on /home/airflow/.local/lib/python3.12/site-packages/airflow/example_dags/example_complex.py
[2024-12-07T09:24:14.979+0000] {processor.py:914} INFO - Processing file /home/airflow/.local/lib/python3.12/site-packages/airflow/example_dags/example_complex.py for tasks to queue
[2024-12-07T09:24:14.981+0000] {logging_mixin.py:190} INFO - [2024-12-07T09:24:14.980+0000] {dagbag.py:588} INFO - Filling up the DagBag from /home/airflow/.local/lib/python3.12/site-packages/airflow/example_dags/example_complex.py
[2024-12-07T09:24:14.991+0000] {processor.py:925} INFO - DAG(s) 'example_complex' retrieved from /home/airflow/.local/lib/python3.12/site-packages/airflow/example_dags/example_complex.py
[2024-12-07T09:24:15.018+0000] {logging_mixin.py:190} INFO - [2024-12-07T09:24:15.018+0000] {dag.py:3239} INFO - Sync 1 DAGs
[2024-12-07T09:24:15.032+0000] {logging_mixin.py:190} INFO - [2024-12-07T09:24:15.032+0000] {dag.py:4180} INFO - Setting next_dagrun for example_complex to None, run_after=None
[2024-12-07T09:24:15.049+0000] {processor.py:208} INFO - Processing /home/airflow/.local/lib/python3.12/site-packages/airflow/example_dags/example_complex.py took 0.075 seconds
[2024-12-07T09:24:45.259+0000] {processor.py:186} INFO - Started process (PID=1307) to work on /home/airflow/.local/lib/python3.12/site-packages/airflow/example_dags/example_complex.py
[2024-12-07T09:24:45.260+0000] {processor.py:914} INFO - Processing file /home/airflow/.local/lib/python3.12/site-packages/airflow/example_dags/example_complex.py for tasks to queue
[2024-12-07T09:24:45.262+0000] {logging_mixin.py:190} INFO - [2024-12-07T09:24:45.261+0000] {dagbag.py:588} INFO - Filling up the DagBag from /home/airflow/.local/lib/python3.12/site-packages/airflow/example_dags/example_complex.py
[2024-12-07T09:24:45.275+0000] {processor.py:925} INFO - DAG(s) 'example_complex' retrieved from /home/airflow/.local/lib/python3.12/site-packages/airflow/example_dags/example_complex.py
[2024-12-07T09:24:45.316+0000] {logging_mixin.py:190} INFO - [2024-12-07T09:24:45.315+0000] {dag.py:3239} INFO - Sync 1 DAGs
[2024-12-07T09:24:45.332+0000] {logging_mixin.py:190} INFO - [2024-12-07T09:24:45.332+0000] {dag.py:4180} INFO - Setting next_dagrun for example_complex to None, run_after=None
[2024-12-07T09:24:45.347+0000] {processor.py:208} INFO - Processing /home/airflow/.local/lib/python3.12/site-packages/airflow/example_dags/example_complex.py took 0.093 seconds
[2024-12-07T09:25:15.402+0000] {processor.py:186} INFO - Started process (PID=1370) to work on /home/airflow/.local/lib/python3.12/site-packages/airflow/example_dags/example_complex.py
[2024-12-07T09:25:15.402+0000] {processor.py:914} INFO - Processing file /home/airflow/.local/lib/python3.12/site-packages/airflow/example_dags/example_complex.py for tasks to queue
[2024-12-07T09:25:15.404+0000] {logging_mixin.py:190} INFO - [2024-12-07T09:25:15.404+0000] {dagbag.py:588} INFO - Filling up the DagBag from /home/airflow/.local/lib/python3.12/site-packages/airflow/example_dags/example_complex.py
[2024-12-07T09:25:15.414+0000] {processor.py:925} INFO - DAG(s) 'example_complex' retrieved from /home/airflow/.local/lib/python3.12/site-packages/airflow/example_dags/example_complex.py
[2024-12-07T09:25:15.442+0000] {logging_mixin.py:190} INFO - [2024-12-07T09:25:15.442+0000] {dag.py:3239} INFO - Sync 1 DAGs
[2024-12-07T09:25:15.453+0000] {logging_mixin.py:190} INFO - [2024-12-07T09:25:15.453+0000] {dag.py:4180} INFO - Setting next_dagrun for example_complex to None, run_after=None
[2024-12-07T09:25:15.467+0000] {processor.py:208} INFO - Processing /home/airflow/.local/lib/python3.12/site-packages/airflow/example_dags/example_complex.py took 0.071 seconds
[2024-12-07T09:25:45.552+0000] {processor.py:186} INFO - Started process (PID=1433) to work on /home/airflow/.local/lib/python3.12/site-packages/airflow/example_dags/example_complex.py
[2024-12-07T09:25:45.553+0000] {processor.py:914} INFO - Processing file /home/airflow/.local/lib/python3.12/site-packages/airflow/example_dags/example_complex.py for tasks to queue
[2024-12-07T09:25:45.555+0000] {logging_mixin.py:190} INFO - [2024-12-07T09:25:45.555+0000] {dagbag.py:588} INFO - Filling up the DagBag from /home/airflow/.local/lib/python3.12/site-packages/airflow/example_dags/example_complex.py
[2024-12-07T09:25:45.570+0000] {processor.py:925} INFO - DAG(s) 'example_complex' retrieved from /home/airflow/.local/lib/python3.12/site-packages/airflow/example_dags/example_complex.py
[2024-12-07T09:25:45.599+0000] {logging_mixin.py:190} INFO - [2024-12-07T09:25:45.599+0000] {dag.py:3239} INFO - Sync 1 DAGs
[2024-12-07T09:25:45.611+0000] {logging_mixin.py:190} INFO - [2024-12-07T09:25:45.611+0000] {dag.py:4180} INFO - Setting next_dagrun for example_complex to None, run_after=None
[2024-12-07T09:25:45.625+0000] {processor.py:208} INFO - Processing /home/airflow/.local/lib/python3.12/site-packages/airflow/example_dags/example_complex.py took 0.080 seconds
[2024-12-07T09:26:15.820+0000] {processor.py:186} INFO - Started process (PID=1496) to work on /home/airflow/.local/lib/python3.12/site-packages/airflow/example_dags/example_complex.py
[2024-12-07T09:26:15.821+0000] {processor.py:914} INFO - Processing file /home/airflow/.local/lib/python3.12/site-packages/airflow/example_dags/example_complex.py for tasks to queue
[2024-12-07T09:26:15.823+0000] {logging_mixin.py:190} INFO - [2024-12-07T09:26:15.823+0000] {dagbag.py:588} INFO - Filling up the DagBag from /home/airflow/.local/lib/python3.12/site-packages/airflow/example_dags/example_complex.py
[2024-12-07T09:26:15.838+0000] {processor.py:925} INFO - DAG(s) 'example_complex' retrieved from /home/airflow/.local/lib/python3.12/site-packages/airflow/example_dags/example_complex.py
[2024-12-07T09:26:15.876+0000] {logging_mixin.py:190} INFO - [2024-12-07T09:26:15.875+0000] {dag.py:3239} INFO - Sync 1 DAGs
[2024-12-07T09:26:15.892+0000] {logging_mixin.py:190} INFO - [2024-12-07T09:26:15.892+0000] {dag.py:4180} INFO - Setting next_dagrun for example_complex to None, run_after=None
[2024-12-07T09:26:15.910+0000] {processor.py:208} INFO - Processing /home/airflow/.local/lib/python3.12/site-packages/airflow/example_dags/example_complex.py took 0.096 seconds
[2024-12-07T09:26:46.006+0000] {processor.py:186} INFO - Started process (PID=1559) to work on /home/airflow/.local/lib/python3.12/site-packages/airflow/example_dags/example_complex.py
[2024-12-07T09:26:46.007+0000] {processor.py:914} INFO - Processing file /home/airflow/.local/lib/python3.12/site-packages/airflow/example_dags/example_complex.py for tasks to queue
[2024-12-07T09:26:46.008+0000] {logging_mixin.py:190} INFO - [2024-12-07T09:26:46.008+0000] {dagbag.py:588} INFO - Filling up the DagBag from /home/airflow/.local/lib/python3.12/site-packages/airflow/example_dags/example_complex.py
[2024-12-07T09:26:46.019+0000] {processor.py:925} INFO - DAG(s) 'example_complex' retrieved from /home/airflow/.local/lib/python3.12/site-packages/airflow/example_dags/example_complex.py
[2024-12-07T09:26:46.054+0000] {logging_mixin.py:190} INFO - [2024-12-07T09:26:46.054+0000] {dag.py:3239} INFO - Sync 1 DAGs
[2024-12-07T09:26:46.070+0000] {logging_mixin.py:190} INFO - [2024-12-07T09:26:46.069+0000] {dag.py:4180} INFO - Setting next_dagrun for example_complex to None, run_after=None
[2024-12-07T09:26:46.086+0000] {processor.py:208} INFO - Processing /home/airflow/.local/lib/python3.12/site-packages/airflow/example_dags/example_complex.py took 0.084 seconds
[2024-12-07T09:27:16.259+0000] {processor.py:186} INFO - Started process (PID=1622) to work on /home/airflow/.local/lib/python3.12/site-packages/airflow/example_dags/example_complex.py
[2024-12-07T09:27:16.260+0000] {processor.py:914} INFO - Processing file /home/airflow/.local/lib/python3.12/site-packages/airflow/example_dags/example_complex.py for tasks to queue
[2024-12-07T09:27:16.261+0000] {logging_mixin.py:190} INFO - [2024-12-07T09:27:16.261+0000] {dagbag.py:588} INFO - Filling up the DagBag from /home/airflow/.local/lib/python3.12/site-packages/airflow/example_dags/example_complex.py
[2024-12-07T09:27:16.272+0000] {processor.py:925} INFO - DAG(s) 'example_complex' retrieved from /home/airflow/.local/lib/python3.12/site-packages/airflow/example_dags/example_complex.py
[2024-12-07T09:27:16.296+0000] {logging_mixin.py:190} INFO - [2024-12-07T09:27:16.296+0000] {dag.py:3239} INFO - Sync 1 DAGs
[2024-12-07T09:27:16.307+0000] {logging_mixin.py:190} INFO - [2024-12-07T09:27:16.307+0000] {dag.py:4180} INFO - Setting next_dagrun for example_complex to None, run_after=None
[2024-12-07T09:27:16.324+0000] {processor.py:208} INFO - Processing /home/airflow/.local/lib/python3.12/site-packages/airflow/example_dags/example_complex.py took 0.069 seconds
