[2024-12-07T09:14:53.209+0000] {processor.py:186} INFO - Started process (PID=67) to work on /home/airflow/.local/lib/python3.12/site-packages/airflow/example_dags/example_short_circuit_decorator.py
[2024-12-07T09:14:53.209+0000] {processor.py:914} INFO - Processing file /home/airflow/.local/lib/python3.12/site-packages/airflow/example_dags/example_short_circuit_decorator.py for tasks to queue
[2024-12-07T09:14:53.211+0000] {logging_mixin.py:190} INFO - [2024-12-07T09:14:53.210+0000] {dagbag.py:588} INFO - Filling up the DagBag from /home/airflow/.local/lib/python3.12/site-packages/airflow/example_dags/example_short_circuit_decorator.py
[2024-12-07T09:14:53.230+0000] {processor.py:925} INFO - DAG(s) 'example_short_circuit_decorator' retrieved from /home/airflow/.local/lib/python3.12/site-packages/airflow/example_dags/example_short_circuit_decorator.py
[2024-12-07T09:14:53.613+0000] {logging_mixin.py:190} INFO - [2024-12-07T09:14:53.613+0000] {override.py:1911} INFO - Created Permission View: can delete on DAG:example_short_circuit_decorator
[2024-12-07T09:14:53.625+0000] {logging_mixin.py:190} INFO - [2024-12-07T09:14:53.625+0000] {override.py:1911} INFO - Created Permission View: can edit on DAG:example_short_circuit_decorator
[2024-12-07T09:14:53.632+0000] {logging_mixin.py:190} INFO - [2024-12-07T09:14:53.632+0000] {override.py:1911} INFO - Created Permission View: can read on DAG:example_short_circuit_decorator
[2024-12-07T09:14:53.645+0000] {logging_mixin.py:190} INFO - [2024-12-07T09:14:53.645+0000] {override.py:1911} INFO - Created Permission View: can delete on DAG Run:example_short_circuit_decorator
[2024-12-07T09:14:53.654+0000] {logging_mixin.py:190} INFO - [2024-12-07T09:14:53.654+0000] {override.py:1911} INFO - Created Permission View: menu access on DAG Run:example_short_circuit_decorator
[2024-12-07T09:14:53.662+0000] {logging_mixin.py:190} INFO - [2024-12-07T09:14:53.662+0000] {override.py:1911} INFO - Created Permission View: can create on DAG Run:example_short_circuit_decorator
[2024-12-07T09:14:53.670+0000] {logging_mixin.py:190} INFO - [2024-12-07T09:14:53.670+0000] {override.py:1911} INFO - Created Permission View: can read on DAG Run:example_short_circuit_decorator
[2024-12-07T09:14:53.670+0000] {logging_mixin.py:190} INFO - [2024-12-07T09:14:53.670+0000] {dag.py:3239} INFO - Sync 1 DAGs
[2024-12-07T09:14:53.693+0000] {logging_mixin.py:190} INFO - [2024-12-07T09:14:53.692+0000] {dag.py:3262} INFO - Creating ORM DAG for example_short_circuit_decorator
[2024-12-07T09:14:53.693+0000] {logging_mixin.py:190} INFO - [2024-12-07T09:14:53.693+0000] {dag.py:4180} INFO - Setting next_dagrun for example_short_circuit_decorator to None, run_after=None
[2024-12-07T09:14:53.732+0000] {processor.py:208} INFO - Processing /home/airflow/.local/lib/python3.12/site-packages/airflow/example_dags/example_short_circuit_decorator.py took 0.541 seconds
[2024-12-07T09:15:24.407+0000] {processor.py:186} INFO - Started process (PID=130) to work on /home/airflow/.local/lib/python3.12/site-packages/airflow/example_dags/example_short_circuit_decorator.py
[2024-12-07T09:15:24.408+0000] {processor.py:914} INFO - Processing file /home/airflow/.local/lib/python3.12/site-packages/airflow/example_dags/example_short_circuit_decorator.py for tasks to queue
[2024-12-07T09:15:24.410+0000] {logging_mixin.py:190} INFO - [2024-12-07T09:15:24.410+0000] {dagbag.py:588} INFO - Filling up the DagBag from /home/airflow/.local/lib/python3.12/site-packages/airflow/example_dags/example_short_circuit_decorator.py
[2024-12-07T09:15:24.421+0000] {processor.py:925} INFO - DAG(s) 'example_short_circuit_decorator' retrieved from /home/airflow/.local/lib/python3.12/site-packages/airflow/example_dags/example_short_circuit_decorator.py
[2024-12-07T09:15:24.451+0000] {logging_mixin.py:190} INFO - [2024-12-07T09:15:24.451+0000] {dag.py:3239} INFO - Sync 1 DAGs
[2024-12-07T09:15:24.467+0000] {logging_mixin.py:190} INFO - [2024-12-07T09:15:24.466+0000] {dag.py:4180} INFO - Setting next_dagrun for example_short_circuit_decorator to None, run_after=None
[2024-12-07T09:15:24.484+0000] {processor.py:208} INFO - Processing /home/airflow/.local/lib/python3.12/site-packages/airflow/example_dags/example_short_circuit_decorator.py took 0.084 seconds
[2024-12-07T09:15:54.542+0000] {processor.py:186} INFO - Started process (PID=193) to work on /home/airflow/.local/lib/python3.12/site-packages/airflow/example_dags/example_short_circuit_decorator.py
[2024-12-07T09:15:54.542+0000] {processor.py:914} INFO - Processing file /home/airflow/.local/lib/python3.12/site-packages/airflow/example_dags/example_short_circuit_decorator.py for tasks to queue
[2024-12-07T09:15:54.544+0000] {logging_mixin.py:190} INFO - [2024-12-07T09:15:54.544+0000] {dagbag.py:588} INFO - Filling up the DagBag from /home/airflow/.local/lib/python3.12/site-packages/airflow/example_dags/example_short_circuit_decorator.py
[2024-12-07T09:15:54.551+0000] {processor.py:925} INFO - DAG(s) 'example_short_circuit_decorator' retrieved from /home/airflow/.local/lib/python3.12/site-packages/airflow/example_dags/example_short_circuit_decorator.py
[2024-12-07T09:15:54.570+0000] {logging_mixin.py:190} INFO - [2024-12-07T09:15:54.570+0000] {dag.py:3239} INFO - Sync 1 DAGs
[2024-12-07T09:15:54.582+0000] {logging_mixin.py:190} INFO - [2024-12-07T09:15:54.582+0000] {dag.py:4180} INFO - Setting next_dagrun for example_short_circuit_decorator to None, run_after=None
[2024-12-07T09:15:54.596+0000] {processor.py:208} INFO - Processing /home/airflow/.local/lib/python3.12/site-packages/airflow/example_dags/example_short_circuit_decorator.py took 0.058 seconds
[2024-12-07T09:16:24.703+0000] {processor.py:186} INFO - Started process (PID=256) to work on /home/airflow/.local/lib/python3.12/site-packages/airflow/example_dags/example_short_circuit_decorator.py
[2024-12-07T09:16:24.704+0000] {processor.py:914} INFO - Processing file /home/airflow/.local/lib/python3.12/site-packages/airflow/example_dags/example_short_circuit_decorator.py for tasks to queue
[2024-12-07T09:16:24.706+0000] {logging_mixin.py:190} INFO - [2024-12-07T09:16:24.706+0000] {dagbag.py:588} INFO - Filling up the DagBag from /home/airflow/.local/lib/python3.12/site-packages/airflow/example_dags/example_short_circuit_decorator.py
[2024-12-07T09:16:24.718+0000] {processor.py:925} INFO - DAG(s) 'example_short_circuit_decorator' retrieved from /home/airflow/.local/lib/python3.12/site-packages/airflow/example_dags/example_short_circuit_decorator.py
[2024-12-07T09:16:24.741+0000] {logging_mixin.py:190} INFO - [2024-12-07T09:16:24.741+0000] {dag.py:3239} INFO - Sync 1 DAGs
[2024-12-07T09:16:24.758+0000] {logging_mixin.py:190} INFO - [2024-12-07T09:16:24.758+0000] {dag.py:4180} INFO - Setting next_dagrun for example_short_circuit_decorator to None, run_after=None
[2024-12-07T09:16:24.773+0000] {processor.py:208} INFO - Processing /home/airflow/.local/lib/python3.12/site-packages/airflow/example_dags/example_short_circuit_decorator.py took 0.076 seconds
[2024-12-07T09:16:55.484+0000] {processor.py:186} INFO - Started process (PID=319) to work on /home/airflow/.local/lib/python3.12/site-packages/airflow/example_dags/example_short_circuit_decorator.py
[2024-12-07T09:16:55.485+0000] {processor.py:914} INFO - Processing file /home/airflow/.local/lib/python3.12/site-packages/airflow/example_dags/example_short_circuit_decorator.py for tasks to queue
[2024-12-07T09:16:55.486+0000] {logging_mixin.py:190} INFO - [2024-12-07T09:16:55.486+0000] {dagbag.py:588} INFO - Filling up the DagBag from /home/airflow/.local/lib/python3.12/site-packages/airflow/example_dags/example_short_circuit_decorator.py
[2024-12-07T09:16:55.494+0000] {processor.py:925} INFO - DAG(s) 'example_short_circuit_decorator' retrieved from /home/airflow/.local/lib/python3.12/site-packages/airflow/example_dags/example_short_circuit_decorator.py
[2024-12-07T09:16:55.511+0000] {logging_mixin.py:190} INFO - [2024-12-07T09:16:55.511+0000] {dag.py:3239} INFO - Sync 1 DAGs
[2024-12-07T09:16:55.522+0000] {logging_mixin.py:190} INFO - [2024-12-07T09:16:55.522+0000] {dag.py:4180} INFO - Setting next_dagrun for example_short_circuit_decorator to None, run_after=None
[2024-12-07T09:16:55.540+0000] {processor.py:208} INFO - Processing /home/airflow/.local/lib/python3.12/site-packages/airflow/example_dags/example_short_circuit_decorator.py took 0.060 seconds
[2024-12-07T09:17:26.435+0000] {processor.py:186} INFO - Started process (PID=382) to work on /home/airflow/.local/lib/python3.12/site-packages/airflow/example_dags/example_short_circuit_decorator.py
[2024-12-07T09:17:26.435+0000] {processor.py:914} INFO - Processing file /home/airflow/.local/lib/python3.12/site-packages/airflow/example_dags/example_short_circuit_decorator.py for tasks to queue
[2024-12-07T09:17:26.437+0000] {logging_mixin.py:190} INFO - [2024-12-07T09:17:26.436+0000] {dagbag.py:588} INFO - Filling up the DagBag from /home/airflow/.local/lib/python3.12/site-packages/airflow/example_dags/example_short_circuit_decorator.py
[2024-12-07T09:17:26.444+0000] {processor.py:925} INFO - DAG(s) 'example_short_circuit_decorator' retrieved from /home/airflow/.local/lib/python3.12/site-packages/airflow/example_dags/example_short_circuit_decorator.py
[2024-12-07T09:17:26.466+0000] {logging_mixin.py:190} INFO - [2024-12-07T09:17:26.466+0000] {dag.py:3239} INFO - Sync 1 DAGs
[2024-12-07T09:17:26.482+0000] {logging_mixin.py:190} INFO - [2024-12-07T09:17:26.481+0000] {dag.py:4180} INFO - Setting next_dagrun for example_short_circuit_decorator to None, run_after=None
[2024-12-07T09:17:26.497+0000] {processor.py:208} INFO - Processing /home/airflow/.local/lib/python3.12/site-packages/airflow/example_dags/example_short_circuit_decorator.py took 0.067 seconds
[2024-12-07T09:17:56.956+0000] {processor.py:186} INFO - Started process (PID=445) to work on /home/airflow/.local/lib/python3.12/site-packages/airflow/example_dags/example_short_circuit_decorator.py
[2024-12-07T09:17:56.957+0000] {processor.py:914} INFO - Processing file /home/airflow/.local/lib/python3.12/site-packages/airflow/example_dags/example_short_circuit_decorator.py for tasks to queue
[2024-12-07T09:17:56.958+0000] {logging_mixin.py:190} INFO - [2024-12-07T09:17:56.958+0000] {dagbag.py:588} INFO - Filling up the DagBag from /home/airflow/.local/lib/python3.12/site-packages/airflow/example_dags/example_short_circuit_decorator.py
[2024-12-07T09:17:56.965+0000] {processor.py:925} INFO - DAG(s) 'example_short_circuit_decorator' retrieved from /home/airflow/.local/lib/python3.12/site-packages/airflow/example_dags/example_short_circuit_decorator.py
[2024-12-07T09:17:56.990+0000] {logging_mixin.py:190} INFO - [2024-12-07T09:17:56.989+0000] {dag.py:3239} INFO - Sync 1 DAGs
[2024-12-07T09:17:57.004+0000] {logging_mixin.py:190} INFO - [2024-12-07T09:17:57.004+0000] {dag.py:4180} INFO - Setting next_dagrun for example_short_circuit_decorator to None, run_after=None
[2024-12-07T09:17:57.020+0000] {processor.py:208} INFO - Processing /home/airflow/.local/lib/python3.12/site-packages/airflow/example_dags/example_short_circuit_decorator.py took 0.068 seconds
[2024-12-07T09:18:27.182+0000] {processor.py:186} INFO - Started process (PID=508) to work on /home/airflow/.local/lib/python3.12/site-packages/airflow/example_dags/example_short_circuit_decorator.py
[2024-12-07T09:18:27.183+0000] {processor.py:914} INFO - Processing file /home/airflow/.local/lib/python3.12/site-packages/airflow/example_dags/example_short_circuit_decorator.py for tasks to queue
[2024-12-07T09:18:27.185+0000] {logging_mixin.py:190} INFO - [2024-12-07T09:18:27.185+0000] {dagbag.py:588} INFO - Filling up the DagBag from /home/airflow/.local/lib/python3.12/site-packages/airflow/example_dags/example_short_circuit_decorator.py
[2024-12-07T09:18:27.195+0000] {processor.py:925} INFO - DAG(s) 'example_short_circuit_decorator' retrieved from /home/airflow/.local/lib/python3.12/site-packages/airflow/example_dags/example_short_circuit_decorator.py
[2024-12-07T09:18:27.219+0000] {logging_mixin.py:190} INFO - [2024-12-07T09:18:27.218+0000] {dag.py:3239} INFO - Sync 1 DAGs
[2024-12-07T09:18:27.232+0000] {logging_mixin.py:190} INFO - [2024-12-07T09:18:27.232+0000] {dag.py:4180} INFO - Setting next_dagrun for example_short_circuit_decorator to None, run_after=None
[2024-12-07T09:18:27.247+0000] {processor.py:208} INFO - Processing /home/airflow/.local/lib/python3.12/site-packages/airflow/example_dags/example_short_circuit_decorator.py took 0.071 seconds
[2024-12-07T09:18:57.346+0000] {processor.py:186} INFO - Started process (PID=571) to work on /home/airflow/.local/lib/python3.12/site-packages/airflow/example_dags/example_short_circuit_decorator.py
[2024-12-07T09:18:57.347+0000] {processor.py:914} INFO - Processing file /home/airflow/.local/lib/python3.12/site-packages/airflow/example_dags/example_short_circuit_decorator.py for tasks to queue
[2024-12-07T09:18:57.349+0000] {logging_mixin.py:190} INFO - [2024-12-07T09:18:57.348+0000] {dagbag.py:588} INFO - Filling up the DagBag from /home/airflow/.local/lib/python3.12/site-packages/airflow/example_dags/example_short_circuit_decorator.py
[2024-12-07T09:18:57.358+0000] {processor.py:925} INFO - DAG(s) 'example_short_circuit_decorator' retrieved from /home/airflow/.local/lib/python3.12/site-packages/airflow/example_dags/example_short_circuit_decorator.py
[2024-12-07T09:18:57.382+0000] {logging_mixin.py:190} INFO - [2024-12-07T09:18:57.381+0000] {dag.py:3239} INFO - Sync 1 DAGs
[2024-12-07T09:18:57.397+0000] {logging_mixin.py:190} INFO - [2024-12-07T09:18:57.397+0000] {dag.py:4180} INFO - Setting next_dagrun for example_short_circuit_decorator to None, run_after=None
[2024-12-07T09:18:57.410+0000] {processor.py:208} INFO - Processing /home/airflow/.local/lib/python3.12/site-packages/airflow/example_dags/example_short_circuit_decorator.py took 0.068 seconds
[2024-12-07T09:19:27.657+0000] {processor.py:186} INFO - Started process (PID=634) to work on /home/airflow/.local/lib/python3.12/site-packages/airflow/example_dags/example_short_circuit_decorator.py
[2024-12-07T09:19:27.657+0000] {processor.py:914} INFO - Processing file /home/airflow/.local/lib/python3.12/site-packages/airflow/example_dags/example_short_circuit_decorator.py for tasks to queue
[2024-12-07T09:19:27.660+0000] {logging_mixin.py:190} INFO - [2024-12-07T09:19:27.659+0000] {dagbag.py:588} INFO - Filling up the DagBag from /home/airflow/.local/lib/python3.12/site-packages/airflow/example_dags/example_short_circuit_decorator.py
[2024-12-07T09:19:27.672+0000] {processor.py:925} INFO - DAG(s) 'example_short_circuit_decorator' retrieved from /home/airflow/.local/lib/python3.12/site-packages/airflow/example_dags/example_short_circuit_decorator.py
[2024-12-07T09:19:27.694+0000] {logging_mixin.py:190} INFO - [2024-12-07T09:19:27.694+0000] {dag.py:3239} INFO - Sync 1 DAGs
[2024-12-07T09:19:27.708+0000] {logging_mixin.py:190} INFO - [2024-12-07T09:19:27.708+0000] {dag.py:4180} INFO - Setting next_dagrun for example_short_circuit_decorator to None, run_after=None
[2024-12-07T09:19:27.723+0000] {processor.py:208} INFO - Processing /home/airflow/.local/lib/python3.12/site-packages/airflow/example_dags/example_short_circuit_decorator.py took 0.073 seconds
[2024-12-07T09:19:58.124+0000] {processor.py:186} INFO - Started process (PID=697) to work on /home/airflow/.local/lib/python3.12/site-packages/airflow/example_dags/example_short_circuit_decorator.py
[2024-12-07T09:19:58.125+0000] {processor.py:914} INFO - Processing file /home/airflow/.local/lib/python3.12/site-packages/airflow/example_dags/example_short_circuit_decorator.py for tasks to queue
[2024-12-07T09:19:58.126+0000] {logging_mixin.py:190} INFO - [2024-12-07T09:19:58.126+0000] {dagbag.py:588} INFO - Filling up the DagBag from /home/airflow/.local/lib/python3.12/site-packages/airflow/example_dags/example_short_circuit_decorator.py
[2024-12-07T09:19:58.134+0000] {processor.py:925} INFO - DAG(s) 'example_short_circuit_decorator' retrieved from /home/airflow/.local/lib/python3.12/site-packages/airflow/example_dags/example_short_circuit_decorator.py
[2024-12-07T09:19:58.153+0000] {logging_mixin.py:190} INFO - [2024-12-07T09:19:58.152+0000] {dag.py:3239} INFO - Sync 1 DAGs
[2024-12-07T09:19:58.164+0000] {logging_mixin.py:190} INFO - [2024-12-07T09:19:58.164+0000] {dag.py:4180} INFO - Setting next_dagrun for example_short_circuit_decorator to None, run_after=None
[2024-12-07T09:19:58.178+0000] {processor.py:208} INFO - Processing /home/airflow/.local/lib/python3.12/site-packages/airflow/example_dags/example_short_circuit_decorator.py took 0.059 seconds
[2024-12-07T09:20:28.569+0000] {processor.py:186} INFO - Started process (PID=760) to work on /home/airflow/.local/lib/python3.12/site-packages/airflow/example_dags/example_short_circuit_decorator.py
[2024-12-07T09:20:28.569+0000] {processor.py:914} INFO - Processing file /home/airflow/.local/lib/python3.12/site-packages/airflow/example_dags/example_short_circuit_decorator.py for tasks to queue
[2024-12-07T09:20:28.571+0000] {logging_mixin.py:190} INFO - [2024-12-07T09:20:28.570+0000] {dagbag.py:588} INFO - Filling up the DagBag from /home/airflow/.local/lib/python3.12/site-packages/airflow/example_dags/example_short_circuit_decorator.py
[2024-12-07T09:20:28.578+0000] {processor.py:925} INFO - DAG(s) 'example_short_circuit_decorator' retrieved from /home/airflow/.local/lib/python3.12/site-packages/airflow/example_dags/example_short_circuit_decorator.py
[2024-12-07T09:20:28.601+0000] {logging_mixin.py:190} INFO - [2024-12-07T09:20:28.601+0000] {dag.py:3239} INFO - Sync 1 DAGs
[2024-12-07T09:20:28.616+0000] {logging_mixin.py:190} INFO - [2024-12-07T09:20:28.616+0000] {dag.py:4180} INFO - Setting next_dagrun for example_short_circuit_decorator to None, run_after=None
[2024-12-07T09:20:28.630+0000] {processor.py:208} INFO - Processing /home/airflow/.local/lib/python3.12/site-packages/airflow/example_dags/example_short_circuit_decorator.py took 0.066 seconds
[2024-12-07T09:20:59.528+0000] {processor.py:186} INFO - Started process (PID=823) to work on /home/airflow/.local/lib/python3.12/site-packages/airflow/example_dags/example_short_circuit_decorator.py
[2024-12-07T09:20:59.528+0000] {processor.py:914} INFO - Processing file /home/airflow/.local/lib/python3.12/site-packages/airflow/example_dags/example_short_circuit_decorator.py for tasks to queue
[2024-12-07T09:20:59.530+0000] {logging_mixin.py:190} INFO - [2024-12-07T09:20:59.530+0000] {dagbag.py:588} INFO - Filling up the DagBag from /home/airflow/.local/lib/python3.12/site-packages/airflow/example_dags/example_short_circuit_decorator.py
[2024-12-07T09:20:59.538+0000] {processor.py:925} INFO - DAG(s) 'example_short_circuit_decorator' retrieved from /home/airflow/.local/lib/python3.12/site-packages/airflow/example_dags/example_short_circuit_decorator.py
[2024-12-07T09:20:59.555+0000] {logging_mixin.py:190} INFO - [2024-12-07T09:20:59.555+0000] {dag.py:3239} INFO - Sync 1 DAGs
[2024-12-07T09:20:59.567+0000] {logging_mixin.py:190} INFO - [2024-12-07T09:20:59.567+0000] {dag.py:4180} INFO - Setting next_dagrun for example_short_circuit_decorator to None, run_after=None
[2024-12-07T09:20:59.580+0000] {processor.py:208} INFO - Processing /home/airflow/.local/lib/python3.12/site-packages/airflow/example_dags/example_short_circuit_decorator.py took 0.057 seconds
[2024-12-07T09:21:30.041+0000] {processor.py:186} INFO - Started process (PID=886) to work on /home/airflow/.local/lib/python3.12/site-packages/airflow/example_dags/example_short_circuit_decorator.py
[2024-12-07T09:21:30.041+0000] {processor.py:914} INFO - Processing file /home/airflow/.local/lib/python3.12/site-packages/airflow/example_dags/example_short_circuit_decorator.py for tasks to queue
[2024-12-07T09:21:30.043+0000] {logging_mixin.py:190} INFO - [2024-12-07T09:21:30.042+0000] {dagbag.py:588} INFO - Filling up the DagBag from /home/airflow/.local/lib/python3.12/site-packages/airflow/example_dags/example_short_circuit_decorator.py
[2024-12-07T09:21:30.050+0000] {processor.py:925} INFO - DAG(s) 'example_short_circuit_decorator' retrieved from /home/airflow/.local/lib/python3.12/site-packages/airflow/example_dags/example_short_circuit_decorator.py
[2024-12-07T09:21:30.068+0000] {logging_mixin.py:190} INFO - [2024-12-07T09:21:30.067+0000] {dag.py:3239} INFO - Sync 1 DAGs
[2024-12-07T09:21:30.080+0000] {logging_mixin.py:190} INFO - [2024-12-07T09:21:30.080+0000] {dag.py:4180} INFO - Setting next_dagrun for example_short_circuit_decorator to None, run_after=None
[2024-12-07T09:21:30.095+0000] {processor.py:208} INFO - Processing /home/airflow/.local/lib/python3.12/site-packages/airflow/example_dags/example_short_circuit_decorator.py took 0.059 seconds
[2024-12-07T09:22:00.295+0000] {processor.py:186} INFO - Started process (PID=949) to work on /home/airflow/.local/lib/python3.12/site-packages/airflow/example_dags/example_short_circuit_decorator.py
[2024-12-07T09:22:00.296+0000] {processor.py:914} INFO - Processing file /home/airflow/.local/lib/python3.12/site-packages/airflow/example_dags/example_short_circuit_decorator.py for tasks to queue
[2024-12-07T09:22:00.297+0000] {logging_mixin.py:190} INFO - [2024-12-07T09:22:00.297+0000] {dagbag.py:588} INFO - Filling up the DagBag from /home/airflow/.local/lib/python3.12/site-packages/airflow/example_dags/example_short_circuit_decorator.py
[2024-12-07T09:22:00.304+0000] {processor.py:925} INFO - DAG(s) 'example_short_circuit_decorator' retrieved from /home/airflow/.local/lib/python3.12/site-packages/airflow/example_dags/example_short_circuit_decorator.py
[2024-12-07T09:22:00.323+0000] {logging_mixin.py:190} INFO - [2024-12-07T09:22:00.322+0000] {dag.py:3239} INFO - Sync 1 DAGs
[2024-12-07T09:22:00.334+0000] {logging_mixin.py:190} INFO - [2024-12-07T09:22:00.334+0000] {dag.py:4180} INFO - Setting next_dagrun for example_short_circuit_decorator to None, run_after=None
[2024-12-07T09:22:00.348+0000] {processor.py:208} INFO - Processing /home/airflow/.local/lib/python3.12/site-packages/airflow/example_dags/example_short_circuit_decorator.py took 0.057 seconds
[2024-12-07T09:22:31.050+0000] {processor.py:186} INFO - Started process (PID=1012) to work on /home/airflow/.local/lib/python3.12/site-packages/airflow/example_dags/example_short_circuit_decorator.py
[2024-12-07T09:22:31.051+0000] {processor.py:914} INFO - Processing file /home/airflow/.local/lib/python3.12/site-packages/airflow/example_dags/example_short_circuit_decorator.py for tasks to queue
[2024-12-07T09:22:31.053+0000] {logging_mixin.py:190} INFO - [2024-12-07T09:22:31.052+0000] {dagbag.py:588} INFO - Filling up the DagBag from /home/airflow/.local/lib/python3.12/site-packages/airflow/example_dags/example_short_circuit_decorator.py
[2024-12-07T09:22:31.062+0000] {processor.py:925} INFO - DAG(s) 'example_short_circuit_decorator' retrieved from /home/airflow/.local/lib/python3.12/site-packages/airflow/example_dags/example_short_circuit_decorator.py
[2024-12-07T09:22:31.082+0000] {logging_mixin.py:190} INFO - [2024-12-07T09:22:31.082+0000] {dag.py:3239} INFO - Sync 1 DAGs
[2024-12-07T09:22:31.094+0000] {logging_mixin.py:190} INFO - [2024-12-07T09:22:31.093+0000] {dag.py:4180} INFO - Setting next_dagrun for example_short_circuit_decorator to None, run_after=None
[2024-12-07T09:22:31.108+0000] {processor.py:208} INFO - Processing /home/airflow/.local/lib/python3.12/site-packages/airflow/example_dags/example_short_circuit_decorator.py took 0.064 seconds
[2024-12-07T09:23:01.794+0000] {processor.py:186} INFO - Started process (PID=1075) to work on /home/airflow/.local/lib/python3.12/site-packages/airflow/example_dags/example_short_circuit_decorator.py
[2024-12-07T09:23:01.795+0000] {processor.py:914} INFO - Processing file /home/airflow/.local/lib/python3.12/site-packages/airflow/example_dags/example_short_circuit_decorator.py for tasks to queue
[2024-12-07T09:23:01.797+0000] {logging_mixin.py:190} INFO - [2024-12-07T09:23:01.797+0000] {dagbag.py:588} INFO - Filling up the DagBag from /home/airflow/.local/lib/python3.12/site-packages/airflow/example_dags/example_short_circuit_decorator.py
[2024-12-07T09:23:01.808+0000] {processor.py:925} INFO - DAG(s) 'example_short_circuit_decorator' retrieved from /home/airflow/.local/lib/python3.12/site-packages/airflow/example_dags/example_short_circuit_decorator.py
[2024-12-07T09:23:01.835+0000] {logging_mixin.py:190} INFO - [2024-12-07T09:23:01.834+0000] {dag.py:3239} INFO - Sync 1 DAGs
[2024-12-07T09:23:01.851+0000] {logging_mixin.py:190} INFO - [2024-12-07T09:23:01.851+0000] {dag.py:4180} INFO - Setting next_dagrun for example_short_circuit_decorator to None, run_after=None
[2024-12-07T09:23:01.868+0000] {processor.py:208} INFO - Processing /home/airflow/.local/lib/python3.12/site-packages/airflow/example_dags/example_short_circuit_decorator.py took 0.080 seconds
[2024-12-07T09:23:32.584+0000] {processor.py:186} INFO - Started process (PID=1139) to work on /home/airflow/.local/lib/python3.12/site-packages/airflow/example_dags/example_short_circuit_decorator.py
[2024-12-07T09:23:32.585+0000] {processor.py:914} INFO - Processing file /home/airflow/.local/lib/python3.12/site-packages/airflow/example_dags/example_short_circuit_decorator.py for tasks to queue
[2024-12-07T09:23:32.587+0000] {logging_mixin.py:190} INFO - [2024-12-07T09:23:32.586+0000] {dagbag.py:588} INFO - Filling up the DagBag from /home/airflow/.local/lib/python3.12/site-packages/airflow/example_dags/example_short_circuit_decorator.py
[2024-12-07T09:23:32.597+0000] {processor.py:925} INFO - DAG(s) 'example_short_circuit_decorator' retrieved from /home/airflow/.local/lib/python3.12/site-packages/airflow/example_dags/example_short_circuit_decorator.py
[2024-12-07T09:23:32.621+0000] {logging_mixin.py:190} INFO - [2024-12-07T09:23:32.620+0000] {dag.py:3239} INFO - Sync 1 DAGs
[2024-12-07T09:23:32.637+0000] {logging_mixin.py:190} INFO - [2024-12-07T09:23:32.637+0000] {dag.py:4180} INFO - Setting next_dagrun for example_short_circuit_decorator to None, run_after=None
[2024-12-07T09:23:32.654+0000] {processor.py:208} INFO - Processing /home/airflow/.local/lib/python3.12/site-packages/airflow/example_dags/example_short_circuit_decorator.py took 0.076 seconds
[2024-12-07T09:24:03.447+0000] {processor.py:186} INFO - Started process (PID=1202) to work on /home/airflow/.local/lib/python3.12/site-packages/airflow/example_dags/example_short_circuit_decorator.py
[2024-12-07T09:24:03.447+0000] {processor.py:914} INFO - Processing file /home/airflow/.local/lib/python3.12/site-packages/airflow/example_dags/example_short_circuit_decorator.py for tasks to queue
[2024-12-07T09:24:03.449+0000] {logging_mixin.py:190} INFO - [2024-12-07T09:24:03.449+0000] {dagbag.py:588} INFO - Filling up the DagBag from /home/airflow/.local/lib/python3.12/site-packages/airflow/example_dags/example_short_circuit_decorator.py
[2024-12-07T09:24:03.456+0000] {processor.py:925} INFO - DAG(s) 'example_short_circuit_decorator' retrieved from /home/airflow/.local/lib/python3.12/site-packages/airflow/example_dags/example_short_circuit_decorator.py
[2024-12-07T09:24:03.474+0000] {logging_mixin.py:190} INFO - [2024-12-07T09:24:03.473+0000] {dag.py:3239} INFO - Sync 1 DAGs
[2024-12-07T09:24:03.485+0000] {logging_mixin.py:190} INFO - [2024-12-07T09:24:03.485+0000] {dag.py:4180} INFO - Setting next_dagrun for example_short_circuit_decorator to None, run_after=None
[2024-12-07T09:24:03.499+0000] {processor.py:208} INFO - Processing /home/airflow/.local/lib/python3.12/site-packages/airflow/example_dags/example_short_circuit_decorator.py took 0.057 seconds
[2024-12-07T09:24:33.811+0000] {processor.py:186} INFO - Started process (PID=1265) to work on /home/airflow/.local/lib/python3.12/site-packages/airflow/example_dags/example_short_circuit_decorator.py
[2024-12-07T09:24:33.812+0000] {processor.py:914} INFO - Processing file /home/airflow/.local/lib/python3.12/site-packages/airflow/example_dags/example_short_circuit_decorator.py for tasks to queue
[2024-12-07T09:24:33.814+0000] {logging_mixin.py:190} INFO - [2024-12-07T09:24:33.814+0000] {dagbag.py:588} INFO - Filling up the DagBag from /home/airflow/.local/lib/python3.12/site-packages/airflow/example_dags/example_short_circuit_decorator.py
[2024-12-07T09:24:33.824+0000] {processor.py:925} INFO - DAG(s) 'example_short_circuit_decorator' retrieved from /home/airflow/.local/lib/python3.12/site-packages/airflow/example_dags/example_short_circuit_decorator.py
[2024-12-07T09:24:33.847+0000] {logging_mixin.py:190} INFO - [2024-12-07T09:24:33.846+0000] {dag.py:3239} INFO - Sync 1 DAGs
[2024-12-07T09:24:33.862+0000] {logging_mixin.py:190} INFO - [2024-12-07T09:24:33.862+0000] {dag.py:4180} INFO - Setting next_dagrun for example_short_circuit_decorator to None, run_after=None
[2024-12-07T09:24:33.876+0000] {processor.py:208} INFO - Processing /home/airflow/.local/lib/python3.12/site-packages/airflow/example_dags/example_short_circuit_decorator.py took 0.071 seconds
[2024-12-07T09:25:04.205+0000] {processor.py:186} INFO - Started process (PID=1328) to work on /home/airflow/.local/lib/python3.12/site-packages/airflow/example_dags/example_short_circuit_decorator.py
[2024-12-07T09:25:04.206+0000] {processor.py:914} INFO - Processing file /home/airflow/.local/lib/python3.12/site-packages/airflow/example_dags/example_short_circuit_decorator.py for tasks to queue
[2024-12-07T09:25:04.207+0000] {logging_mixin.py:190} INFO - [2024-12-07T09:25:04.207+0000] {dagbag.py:588} INFO - Filling up the DagBag from /home/airflow/.local/lib/python3.12/site-packages/airflow/example_dags/example_short_circuit_decorator.py
[2024-12-07T09:25:04.214+0000] {processor.py:925} INFO - DAG(s) 'example_short_circuit_decorator' retrieved from /home/airflow/.local/lib/python3.12/site-packages/airflow/example_dags/example_short_circuit_decorator.py
[2024-12-07T09:25:04.232+0000] {logging_mixin.py:190} INFO - [2024-12-07T09:25:04.232+0000] {dag.py:3239} INFO - Sync 1 DAGs
[2024-12-07T09:25:04.243+0000] {logging_mixin.py:190} INFO - [2024-12-07T09:25:04.243+0000] {dag.py:4180} INFO - Setting next_dagrun for example_short_circuit_decorator to None, run_after=None
[2024-12-07T09:25:04.256+0000] {processor.py:208} INFO - Processing /home/airflow/.local/lib/python3.12/site-packages/airflow/example_dags/example_short_circuit_decorator.py took 0.055 seconds
[2024-12-07T09:25:34.587+0000] {processor.py:186} INFO - Started process (PID=1391) to work on /home/airflow/.local/lib/python3.12/site-packages/airflow/example_dags/example_short_circuit_decorator.py
[2024-12-07T09:25:34.587+0000] {processor.py:914} INFO - Processing file /home/airflow/.local/lib/python3.12/site-packages/airflow/example_dags/example_short_circuit_decorator.py for tasks to queue
[2024-12-07T09:25:34.589+0000] {logging_mixin.py:190} INFO - [2024-12-07T09:25:34.589+0000] {dagbag.py:588} INFO - Filling up the DagBag from /home/airflow/.local/lib/python3.12/site-packages/airflow/example_dags/example_short_circuit_decorator.py
[2024-12-07T09:25:34.596+0000] {processor.py:925} INFO - DAG(s) 'example_short_circuit_decorator' retrieved from /home/airflow/.local/lib/python3.12/site-packages/airflow/example_dags/example_short_circuit_decorator.py
[2024-12-07T09:25:34.614+0000] {logging_mixin.py:190} INFO - [2024-12-07T09:25:34.614+0000] {dag.py:3239} INFO - Sync 1 DAGs
[2024-12-07T09:25:34.626+0000] {logging_mixin.py:190} INFO - [2024-12-07T09:25:34.626+0000] {dag.py:4180} INFO - Setting next_dagrun for example_short_circuit_decorator to None, run_after=None
[2024-12-07T09:25:34.641+0000] {processor.py:208} INFO - Processing /home/airflow/.local/lib/python3.12/site-packages/airflow/example_dags/example_short_circuit_decorator.py took 0.058 seconds
[2024-12-07T09:26:04.810+0000] {processor.py:186} INFO - Started process (PID=1454) to work on /home/airflow/.local/lib/python3.12/site-packages/airflow/example_dags/example_short_circuit_decorator.py
[2024-12-07T09:26:04.811+0000] {processor.py:914} INFO - Processing file /home/airflow/.local/lib/python3.12/site-packages/airflow/example_dags/example_short_circuit_decorator.py for tasks to queue
[2024-12-07T09:26:04.812+0000] {logging_mixin.py:190} INFO - [2024-12-07T09:26:04.812+0000] {dagbag.py:588} INFO - Filling up the DagBag from /home/airflow/.local/lib/python3.12/site-packages/airflow/example_dags/example_short_circuit_decorator.py
[2024-12-07T09:26:04.819+0000] {processor.py:925} INFO - DAG(s) 'example_short_circuit_decorator' retrieved from /home/airflow/.local/lib/python3.12/site-packages/airflow/example_dags/example_short_circuit_decorator.py
[2024-12-07T09:26:04.836+0000] {logging_mixin.py:190} INFO - [2024-12-07T09:26:04.836+0000] {dag.py:3239} INFO - Sync 1 DAGs
[2024-12-07T09:26:04.847+0000] {logging_mixin.py:190} INFO - [2024-12-07T09:26:04.847+0000] {dag.py:4180} INFO - Setting next_dagrun for example_short_circuit_decorator to None, run_after=None
[2024-12-07T09:26:04.860+0000] {processor.py:208} INFO - Processing /home/airflow/.local/lib/python3.12/site-packages/airflow/example_dags/example_short_circuit_decorator.py took 0.054 seconds
[2024-12-07T09:26:35.149+0000] {processor.py:186} INFO - Started process (PID=1517) to work on /home/airflow/.local/lib/python3.12/site-packages/airflow/example_dags/example_short_circuit_decorator.py
[2024-12-07T09:26:35.150+0000] {processor.py:914} INFO - Processing file /home/airflow/.local/lib/python3.12/site-packages/airflow/example_dags/example_short_circuit_decorator.py for tasks to queue
[2024-12-07T09:26:35.151+0000] {logging_mixin.py:190} INFO - [2024-12-07T09:26:35.151+0000] {dagbag.py:588} INFO - Filling up the DagBag from /home/airflow/.local/lib/python3.12/site-packages/airflow/example_dags/example_short_circuit_decorator.py
[2024-12-07T09:26:35.159+0000] {processor.py:925} INFO - DAG(s) 'example_short_circuit_decorator' retrieved from /home/airflow/.local/lib/python3.12/site-packages/airflow/example_dags/example_short_circuit_decorator.py
[2024-12-07T09:26:35.181+0000] {logging_mixin.py:190} INFO - [2024-12-07T09:26:35.181+0000] {dag.py:3239} INFO - Sync 1 DAGs
[2024-12-07T09:26:35.197+0000] {logging_mixin.py:190} INFO - [2024-12-07T09:26:35.197+0000] {dag.py:4180} INFO - Setting next_dagrun for example_short_circuit_decorator to None, run_after=None
[2024-12-07T09:26:35.213+0000] {processor.py:208} INFO - Processing /home/airflow/.local/lib/python3.12/site-packages/airflow/example_dags/example_short_circuit_decorator.py took 0.068 seconds
[2024-12-07T09:27:05.410+0000] {processor.py:186} INFO - Started process (PID=1580) to work on /home/airflow/.local/lib/python3.12/site-packages/airflow/example_dags/example_short_circuit_decorator.py
[2024-12-07T09:27:05.411+0000] {processor.py:914} INFO - Processing file /home/airflow/.local/lib/python3.12/site-packages/airflow/example_dags/example_short_circuit_decorator.py for tasks to queue
[2024-12-07T09:27:05.412+0000] {logging_mixin.py:190} INFO - [2024-12-07T09:27:05.412+0000] {dagbag.py:588} INFO - Filling up the DagBag from /home/airflow/.local/lib/python3.12/site-packages/airflow/example_dags/example_short_circuit_decorator.py
[2024-12-07T09:27:05.420+0000] {processor.py:925} INFO - DAG(s) 'example_short_circuit_decorator' retrieved from /home/airflow/.local/lib/python3.12/site-packages/airflow/example_dags/example_short_circuit_decorator.py
[2024-12-07T09:27:05.443+0000] {logging_mixin.py:190} INFO - [2024-12-07T09:27:05.442+0000] {dag.py:3239} INFO - Sync 1 DAGs
[2024-12-07T09:27:05.458+0000] {logging_mixin.py:190} INFO - [2024-12-07T09:27:05.458+0000] {dag.py:4180} INFO - Setting next_dagrun for example_short_circuit_decorator to None, run_after=None
[2024-12-07T09:27:05.473+0000] {processor.py:208} INFO - Processing /home/airflow/.local/lib/python3.12/site-packages/airflow/example_dags/example_short_circuit_decorator.py took 0.067 seconds
[2024-12-07T09:27:35.572+0000] {processor.py:186} INFO - Started process (PID=1643) to work on /home/airflow/.local/lib/python3.12/site-packages/airflow/example_dags/example_short_circuit_decorator.py
[2024-12-07T09:27:35.573+0000] {processor.py:914} INFO - Processing file /home/airflow/.local/lib/python3.12/site-packages/airflow/example_dags/example_short_circuit_decorator.py for tasks to queue
[2024-12-07T09:27:35.574+0000] {logging_mixin.py:190} INFO - [2024-12-07T09:27:35.574+0000] {dagbag.py:588} INFO - Filling up the DagBag from /home/airflow/.local/lib/python3.12/site-packages/airflow/example_dags/example_short_circuit_decorator.py
[2024-12-07T09:27:35.582+0000] {processor.py:925} INFO - DAG(s) 'example_short_circuit_decorator' retrieved from /home/airflow/.local/lib/python3.12/site-packages/airflow/example_dags/example_short_circuit_decorator.py
[2024-12-07T09:27:35.604+0000] {logging_mixin.py:190} INFO - [2024-12-07T09:27:35.604+0000] {dag.py:3239} INFO - Sync 1 DAGs
[2024-12-07T09:27:35.619+0000] {logging_mixin.py:190} INFO - [2024-12-07T09:27:35.619+0000] {dag.py:4180} INFO - Setting next_dagrun for example_short_circuit_decorator to None, run_after=None
[2024-12-07T09:27:35.635+0000] {processor.py:208} INFO - Processing /home/airflow/.local/lib/python3.12/site-packages/airflow/example_dags/example_short_circuit_decorator.py took 0.066 seconds
