[2024-12-07T09:14:55.612+0000] {processor.py:186} INFO - Started process (PID=77) to work on /home/airflow/.local/lib/python3.12/site-packages/airflow/example_dags/example_python_decorator.py
[2024-12-07T09:14:55.614+0000] {processor.py:914} INFO - Processing file /home/airflow/.local/lib/python3.12/site-packages/airflow/example_dags/example_python_decorator.py for tasks to queue
[2024-12-07T09:14:55.617+0000] {logging_mixin.py:190} INFO - [2024-12-07T09:14:55.617+0000] {dagbag.py:588} INFO - Filling up the DagBag from /home/airflow/.local/lib/python3.12/site-packages/airflow/example_dags/example_python_decorator.py
[2024-12-07T09:14:55.634+0000] {processor.py:925} INFO - DAG(s) 'example_python_decorator' retrieved from /home/airflow/.local/lib/python3.12/site-packages/airflow/example_dags/example_python_decorator.py
[2024-12-07T09:14:55.789+0000] {logging_mixin.py:190} INFO - [2024-12-07T09:14:55.788+0000] {override.py:1911} INFO - Created Permission View: can delete on DAG:example_python_decorator
[2024-12-07T09:14:55.805+0000] {logging_mixin.py:190} INFO - [2024-12-07T09:14:55.804+0000] {override.py:1911} INFO - Created Permission View: can edit on DAG:example_python_decorator
[2024-12-07T09:14:55.810+0000] {logging_mixin.py:190} INFO - [2024-12-07T09:14:55.810+0000] {override.py:1911} INFO - Created Permission View: can read on DAG:example_python_decorator
[2024-12-07T09:14:55.815+0000] {logging_mixin.py:190} INFO - [2024-12-07T09:14:55.815+0000] {override.py:1911} INFO - Created Permission View: can delete on DAG Run:example_python_decorator
[2024-12-07T09:14:55.820+0000] {logging_mixin.py:190} INFO - [2024-12-07T09:14:55.820+0000] {override.py:1911} INFO - Created Permission View: menu access on DAG Run:example_python_decorator
[2024-12-07T09:14:55.825+0000] {logging_mixin.py:190} INFO - [2024-12-07T09:14:55.825+0000] {override.py:1911} INFO - Created Permission View: can create on DAG Run:example_python_decorator
[2024-12-07T09:14:55.830+0000] {logging_mixin.py:190} INFO - [2024-12-07T09:14:55.830+0000] {override.py:1911} INFO - Created Permission View: can read on DAG Run:example_python_decorator
[2024-12-07T09:14:55.831+0000] {logging_mixin.py:190} INFO - [2024-12-07T09:14:55.831+0000] {dag.py:3239} INFO - Sync 1 DAGs
[2024-12-07T09:14:55.844+0000] {logging_mixin.py:190} INFO - [2024-12-07T09:14:55.844+0000] {dag.py:3262} INFO - Creating ORM DAG for example_python_decorator
[2024-12-07T09:14:55.845+0000] {logging_mixin.py:190} INFO - [2024-12-07T09:14:55.845+0000] {dag.py:4180} INFO - Setting next_dagrun for example_python_decorator to None, run_after=None
[2024-12-07T09:14:55.859+0000] {processor.py:208} INFO - Processing /home/airflow/.local/lib/python3.12/site-packages/airflow/example_dags/example_python_decorator.py took 0.253 seconds
[2024-12-07T09:15:25.956+0000] {processor.py:186} INFO - Started process (PID=139) to work on /home/airflow/.local/lib/python3.12/site-packages/airflow/example_dags/example_python_decorator.py
[2024-12-07T09:15:25.957+0000] {processor.py:914} INFO - Processing file /home/airflow/.local/lib/python3.12/site-packages/airflow/example_dags/example_python_decorator.py for tasks to queue
[2024-12-07T09:15:25.958+0000] {logging_mixin.py:190} INFO - [2024-12-07T09:15:25.958+0000] {dagbag.py:588} INFO - Filling up the DagBag from /home/airflow/.local/lib/python3.12/site-packages/airflow/example_dags/example_python_decorator.py
[2024-12-07T09:15:25.970+0000] {processor.py:925} INFO - DAG(s) 'example_python_decorator' retrieved from /home/airflow/.local/lib/python3.12/site-packages/airflow/example_dags/example_python_decorator.py
[2024-12-07T09:15:25.987+0000] {logging_mixin.py:190} INFO - [2024-12-07T09:15:25.987+0000] {dag.py:3239} INFO - Sync 1 DAGs
[2024-12-07T09:15:25.998+0000] {logging_mixin.py:190} INFO - [2024-12-07T09:15:25.998+0000] {dag.py:4180} INFO - Setting next_dagrun for example_python_decorator to None, run_after=None
[2024-12-07T09:15:26.011+0000] {processor.py:208} INFO - Processing /home/airflow/.local/lib/python3.12/site-packages/airflow/example_dags/example_python_decorator.py took 0.060 seconds
[2024-12-07T09:15:56.982+0000] {processor.py:186} INFO - Started process (PID=202) to work on /home/airflow/.local/lib/python3.12/site-packages/airflow/example_dags/example_python_decorator.py
[2024-12-07T09:15:56.982+0000] {processor.py:914} INFO - Processing file /home/airflow/.local/lib/python3.12/site-packages/airflow/example_dags/example_python_decorator.py for tasks to queue
[2024-12-07T09:15:56.985+0000] {logging_mixin.py:190} INFO - [2024-12-07T09:15:56.984+0000] {dagbag.py:588} INFO - Filling up the DagBag from /home/airflow/.local/lib/python3.12/site-packages/airflow/example_dags/example_python_decorator.py
[2024-12-07T09:15:57.000+0000] {processor.py:925} INFO - DAG(s) 'example_python_decorator' retrieved from /home/airflow/.local/lib/python3.12/site-packages/airflow/example_dags/example_python_decorator.py
[2024-12-07T09:15:57.024+0000] {logging_mixin.py:190} INFO - [2024-12-07T09:15:57.023+0000] {dag.py:3239} INFO - Sync 1 DAGs
[2024-12-07T09:15:57.036+0000] {logging_mixin.py:190} INFO - [2024-12-07T09:15:57.035+0000] {dag.py:4180} INFO - Setting next_dagrun for example_python_decorator to None, run_after=None
[2024-12-07T09:15:57.049+0000] {processor.py:208} INFO - Processing /home/airflow/.local/lib/python3.12/site-packages/airflow/example_dags/example_python_decorator.py took 0.074 seconds
[2024-12-07T09:16:27.078+0000] {processor.py:186} INFO - Started process (PID=264) to work on /home/airflow/.local/lib/python3.12/site-packages/airflow/example_dags/example_python_decorator.py
[2024-12-07T09:16:27.079+0000] {processor.py:914} INFO - Processing file /home/airflow/.local/lib/python3.12/site-packages/airflow/example_dags/example_python_decorator.py for tasks to queue
[2024-12-07T09:16:27.081+0000] {logging_mixin.py:190} INFO - [2024-12-07T09:16:27.080+0000] {dagbag.py:588} INFO - Filling up the DagBag from /home/airflow/.local/lib/python3.12/site-packages/airflow/example_dags/example_python_decorator.py
[2024-12-07T09:16:27.092+0000] {processor.py:925} INFO - DAG(s) 'example_python_decorator' retrieved from /home/airflow/.local/lib/python3.12/site-packages/airflow/example_dags/example_python_decorator.py
[2024-12-07T09:16:27.109+0000] {logging_mixin.py:190} INFO - [2024-12-07T09:16:27.109+0000] {dag.py:3239} INFO - Sync 1 DAGs
[2024-12-07T09:16:27.123+0000] {logging_mixin.py:190} INFO - [2024-12-07T09:16:27.123+0000] {dag.py:4180} INFO - Setting next_dagrun for example_python_decorator to None, run_after=None
[2024-12-07T09:16:27.137+0000] {processor.py:208} INFO - Processing /home/airflow/.local/lib/python3.12/site-packages/airflow/example_dags/example_python_decorator.py took 0.063 seconds
[2024-12-07T09:16:57.950+0000] {processor.py:186} INFO - Started process (PID=328) to work on /home/airflow/.local/lib/python3.12/site-packages/airflow/example_dags/example_python_decorator.py
[2024-12-07T09:16:57.951+0000] {processor.py:914} INFO - Processing file /home/airflow/.local/lib/python3.12/site-packages/airflow/example_dags/example_python_decorator.py for tasks to queue
[2024-12-07T09:16:57.954+0000] {logging_mixin.py:190} INFO - [2024-12-07T09:16:57.953+0000] {dagbag.py:588} INFO - Filling up the DagBag from /home/airflow/.local/lib/python3.12/site-packages/airflow/example_dags/example_python_decorator.py
[2024-12-07T09:16:57.977+0000] {processor.py:925} INFO - DAG(s) 'example_python_decorator' retrieved from /home/airflow/.local/lib/python3.12/site-packages/airflow/example_dags/example_python_decorator.py
[2024-12-07T09:16:58.002+0000] {logging_mixin.py:190} INFO - [2024-12-07T09:16:58.002+0000] {dag.py:3239} INFO - Sync 1 DAGs
[2024-12-07T09:16:58.018+0000] {logging_mixin.py:190} INFO - [2024-12-07T09:16:58.018+0000] {dag.py:4180} INFO - Setting next_dagrun for example_python_decorator to None, run_after=None
[2024-12-07T09:16:58.034+0000] {processor.py:208} INFO - Processing /home/airflow/.local/lib/python3.12/site-packages/airflow/example_dags/example_python_decorator.py took 0.090 seconds
[2024-12-07T09:17:28.811+0000] {processor.py:186} INFO - Started process (PID=391) to work on /home/airflow/.local/lib/python3.12/site-packages/airflow/example_dags/example_python_decorator.py
[2024-12-07T09:17:28.812+0000] {processor.py:914} INFO - Processing file /home/airflow/.local/lib/python3.12/site-packages/airflow/example_dags/example_python_decorator.py for tasks to queue
[2024-12-07T09:17:28.814+0000] {logging_mixin.py:190} INFO - [2024-12-07T09:17:28.814+0000] {dagbag.py:588} INFO - Filling up the DagBag from /home/airflow/.local/lib/python3.12/site-packages/airflow/example_dags/example_python_decorator.py
[2024-12-07T09:17:28.829+0000] {processor.py:925} INFO - DAG(s) 'example_python_decorator' retrieved from /home/airflow/.local/lib/python3.12/site-packages/airflow/example_dags/example_python_decorator.py
[2024-12-07T09:17:28.849+0000] {logging_mixin.py:190} INFO - [2024-12-07T09:17:28.849+0000] {dag.py:3239} INFO - Sync 1 DAGs
[2024-12-07T09:17:28.860+0000] {logging_mixin.py:190} INFO - [2024-12-07T09:17:28.860+0000] {dag.py:4180} INFO - Setting next_dagrun for example_python_decorator to None, run_after=None
[2024-12-07T09:17:28.872+0000] {processor.py:208} INFO - Processing /home/airflow/.local/lib/python3.12/site-packages/airflow/example_dags/example_python_decorator.py took 0.067 seconds
[2024-12-07T09:17:59.374+0000] {processor.py:186} INFO - Started process (PID=454) to work on /home/airflow/.local/lib/python3.12/site-packages/airflow/example_dags/example_python_decorator.py
[2024-12-07T09:17:59.375+0000] {processor.py:914} INFO - Processing file /home/airflow/.local/lib/python3.12/site-packages/airflow/example_dags/example_python_decorator.py for tasks to queue
[2024-12-07T09:17:59.377+0000] {logging_mixin.py:190} INFO - [2024-12-07T09:17:59.376+0000] {dagbag.py:588} INFO - Filling up the DagBag from /home/airflow/.local/lib/python3.12/site-packages/airflow/example_dags/example_python_decorator.py
[2024-12-07T09:17:59.389+0000] {processor.py:925} INFO - DAG(s) 'example_python_decorator' retrieved from /home/airflow/.local/lib/python3.12/site-packages/airflow/example_dags/example_python_decorator.py
[2024-12-07T09:17:59.408+0000] {logging_mixin.py:190} INFO - [2024-12-07T09:17:59.408+0000] {dag.py:3239} INFO - Sync 1 DAGs
[2024-12-07T09:17:59.418+0000] {logging_mixin.py:190} INFO - [2024-12-07T09:17:59.418+0000] {dag.py:4180} INFO - Setting next_dagrun for example_python_decorator to None, run_after=None
[2024-12-07T09:17:59.430+0000] {processor.py:208} INFO - Processing /home/airflow/.local/lib/python3.12/site-packages/airflow/example_dags/example_python_decorator.py took 0.061 seconds
[2024-12-07T09:18:29.569+0000] {processor.py:186} INFO - Started process (PID=517) to work on /home/airflow/.local/lib/python3.12/site-packages/airflow/example_dags/example_python_decorator.py
[2024-12-07T09:18:29.569+0000] {processor.py:914} INFO - Processing file /home/airflow/.local/lib/python3.12/site-packages/airflow/example_dags/example_python_decorator.py for tasks to queue
[2024-12-07T09:18:29.571+0000] {logging_mixin.py:190} INFO - [2024-12-07T09:18:29.571+0000] {dagbag.py:588} INFO - Filling up the DagBag from /home/airflow/.local/lib/python3.12/site-packages/airflow/example_dags/example_python_decorator.py
[2024-12-07T09:18:29.586+0000] {processor.py:925} INFO - DAG(s) 'example_python_decorator' retrieved from /home/airflow/.local/lib/python3.12/site-packages/airflow/example_dags/example_python_decorator.py
[2024-12-07T09:18:29.611+0000] {logging_mixin.py:190} INFO - [2024-12-07T09:18:29.611+0000] {dag.py:3239} INFO - Sync 1 DAGs
[2024-12-07T09:18:29.625+0000] {logging_mixin.py:190} INFO - [2024-12-07T09:18:29.625+0000] {dag.py:4180} INFO - Setting next_dagrun for example_python_decorator to None, run_after=None
[2024-12-07T09:18:29.641+0000] {processor.py:208} INFO - Processing /home/airflow/.local/lib/python3.12/site-packages/airflow/example_dags/example_python_decorator.py took 0.078 seconds
[2024-12-07T09:18:59.759+0000] {processor.py:186} INFO - Started process (PID=580) to work on /home/airflow/.local/lib/python3.12/site-packages/airflow/example_dags/example_python_decorator.py
[2024-12-07T09:18:59.759+0000] {processor.py:914} INFO - Processing file /home/airflow/.local/lib/python3.12/site-packages/airflow/example_dags/example_python_decorator.py for tasks to queue
[2024-12-07T09:18:59.761+0000] {logging_mixin.py:190} INFO - [2024-12-07T09:18:59.761+0000] {dagbag.py:588} INFO - Filling up the DagBag from /home/airflow/.local/lib/python3.12/site-packages/airflow/example_dags/example_python_decorator.py
[2024-12-07T09:18:59.773+0000] {processor.py:925} INFO - DAG(s) 'example_python_decorator' retrieved from /home/airflow/.local/lib/python3.12/site-packages/airflow/example_dags/example_python_decorator.py
[2024-12-07T09:18:59.791+0000] {logging_mixin.py:190} INFO - [2024-12-07T09:18:59.791+0000] {dag.py:3239} INFO - Sync 1 DAGs
[2024-12-07T09:18:59.802+0000] {logging_mixin.py:190} INFO - [2024-12-07T09:18:59.802+0000] {dag.py:4180} INFO - Setting next_dagrun for example_python_decorator to None, run_after=None
[2024-12-07T09:18:59.815+0000] {processor.py:208} INFO - Processing /home/airflow/.local/lib/python3.12/site-packages/airflow/example_dags/example_python_decorator.py took 0.061 seconds
[2024-12-07T09:19:30.147+0000] {processor.py:186} INFO - Started process (PID=643) to work on /home/airflow/.local/lib/python3.12/site-packages/airflow/example_dags/example_python_decorator.py
[2024-12-07T09:19:30.148+0000] {processor.py:914} INFO - Processing file /home/airflow/.local/lib/python3.12/site-packages/airflow/example_dags/example_python_decorator.py for tasks to queue
[2024-12-07T09:19:30.149+0000] {logging_mixin.py:190} INFO - [2024-12-07T09:19:30.149+0000] {dagbag.py:588} INFO - Filling up the DagBag from /home/airflow/.local/lib/python3.12/site-packages/airflow/example_dags/example_python_decorator.py
[2024-12-07T09:19:30.162+0000] {processor.py:925} INFO - DAG(s) 'example_python_decorator' retrieved from /home/airflow/.local/lib/python3.12/site-packages/airflow/example_dags/example_python_decorator.py
[2024-12-07T09:19:30.182+0000] {logging_mixin.py:190} INFO - [2024-12-07T09:19:30.181+0000] {dag.py:3239} INFO - Sync 1 DAGs
[2024-12-07T09:19:30.193+0000] {logging_mixin.py:190} INFO - [2024-12-07T09:19:30.193+0000] {dag.py:4180} INFO - Setting next_dagrun for example_python_decorator to None, run_after=None
[2024-12-07T09:19:30.205+0000] {processor.py:208} INFO - Processing /home/airflow/.local/lib/python3.12/site-packages/airflow/example_dags/example_python_decorator.py took 0.063 seconds
[2024-12-07T09:20:00.591+0000] {processor.py:186} INFO - Started process (PID=706) to work on /home/airflow/.local/lib/python3.12/site-packages/airflow/example_dags/example_python_decorator.py
[2024-12-07T09:20:00.592+0000] {processor.py:914} INFO - Processing file /home/airflow/.local/lib/python3.12/site-packages/airflow/example_dags/example_python_decorator.py for tasks to queue
[2024-12-07T09:20:00.594+0000] {logging_mixin.py:190} INFO - [2024-12-07T09:20:00.593+0000] {dagbag.py:588} INFO - Filling up the DagBag from /home/airflow/.local/lib/python3.12/site-packages/airflow/example_dags/example_python_decorator.py
[2024-12-07T09:20:00.607+0000] {processor.py:925} INFO - DAG(s) 'example_python_decorator' retrieved from /home/airflow/.local/lib/python3.12/site-packages/airflow/example_dags/example_python_decorator.py
[2024-12-07T09:20:00.627+0000] {logging_mixin.py:190} INFO - [2024-12-07T09:20:00.627+0000] {dag.py:3239} INFO - Sync 1 DAGs
[2024-12-07T09:20:00.639+0000] {logging_mixin.py:190} INFO - [2024-12-07T09:20:00.639+0000] {dag.py:4180} INFO - Setting next_dagrun for example_python_decorator to None, run_after=None
[2024-12-07T09:20:00.652+0000] {processor.py:208} INFO - Processing /home/airflow/.local/lib/python3.12/site-packages/airflow/example_dags/example_python_decorator.py took 0.065 seconds
[2024-12-07T09:20:31.009+0000] {processor.py:186} INFO - Started process (PID=769) to work on /home/airflow/.local/lib/python3.12/site-packages/airflow/example_dags/example_python_decorator.py
[2024-12-07T09:20:31.010+0000] {processor.py:914} INFO - Processing file /home/airflow/.local/lib/python3.12/site-packages/airflow/example_dags/example_python_decorator.py for tasks to queue
[2024-12-07T09:20:31.011+0000] {logging_mixin.py:190} INFO - [2024-12-07T09:20:31.011+0000] {dagbag.py:588} INFO - Filling up the DagBag from /home/airflow/.local/lib/python3.12/site-packages/airflow/example_dags/example_python_decorator.py
[2024-12-07T09:20:31.024+0000] {processor.py:925} INFO - DAG(s) 'example_python_decorator' retrieved from /home/airflow/.local/lib/python3.12/site-packages/airflow/example_dags/example_python_decorator.py
[2024-12-07T09:20:31.041+0000] {logging_mixin.py:190} INFO - [2024-12-07T09:20:31.041+0000] {dag.py:3239} INFO - Sync 1 DAGs
[2024-12-07T09:20:31.052+0000] {logging_mixin.py:190} INFO - [2024-12-07T09:20:31.051+0000] {dag.py:4180} INFO - Setting next_dagrun for example_python_decorator to None, run_after=None
[2024-12-07T09:20:31.064+0000] {processor.py:208} INFO - Processing /home/airflow/.local/lib/python3.12/site-packages/airflow/example_dags/example_python_decorator.py took 0.060 seconds
[2024-12-07T09:21:01.981+0000] {processor.py:186} INFO - Started process (PID=832) to work on /home/airflow/.local/lib/python3.12/site-packages/airflow/example_dags/example_python_decorator.py
[2024-12-07T09:21:01.982+0000] {processor.py:914} INFO - Processing file /home/airflow/.local/lib/python3.12/site-packages/airflow/example_dags/example_python_decorator.py for tasks to queue
[2024-12-07T09:21:01.984+0000] {logging_mixin.py:190} INFO - [2024-12-07T09:21:01.983+0000] {dagbag.py:588} INFO - Filling up the DagBag from /home/airflow/.local/lib/python3.12/site-packages/airflow/example_dags/example_python_decorator.py
[2024-12-07T09:21:01.996+0000] {processor.py:925} INFO - DAG(s) 'example_python_decorator' retrieved from /home/airflow/.local/lib/python3.12/site-packages/airflow/example_dags/example_python_decorator.py
[2024-12-07T09:21:02.015+0000] {logging_mixin.py:190} INFO - [2024-12-07T09:21:02.014+0000] {dag.py:3239} INFO - Sync 1 DAGs
[2024-12-07T09:21:02.027+0000] {logging_mixin.py:190} INFO - [2024-12-07T09:21:02.026+0000] {dag.py:4180} INFO - Setting next_dagrun for example_python_decorator to None, run_after=None
[2024-12-07T09:21:02.040+0000] {processor.py:208} INFO - Processing /home/airflow/.local/lib/python3.12/site-packages/airflow/example_dags/example_python_decorator.py took 0.063 seconds
[2024-12-07T09:21:32.395+0000] {processor.py:186} INFO - Started process (PID=895) to work on /home/airflow/.local/lib/python3.12/site-packages/airflow/example_dags/example_python_decorator.py
[2024-12-07T09:21:32.395+0000] {processor.py:914} INFO - Processing file /home/airflow/.local/lib/python3.12/site-packages/airflow/example_dags/example_python_decorator.py for tasks to queue
[2024-12-07T09:21:32.397+0000] {logging_mixin.py:190} INFO - [2024-12-07T09:21:32.397+0000] {dagbag.py:588} INFO - Filling up the DagBag from /home/airflow/.local/lib/python3.12/site-packages/airflow/example_dags/example_python_decorator.py
[2024-12-07T09:21:32.408+0000] {processor.py:925} INFO - DAG(s) 'example_python_decorator' retrieved from /home/airflow/.local/lib/python3.12/site-packages/airflow/example_dags/example_python_decorator.py
[2024-12-07T09:21:32.427+0000] {logging_mixin.py:190} INFO - [2024-12-07T09:21:32.427+0000] {dag.py:3239} INFO - Sync 1 DAGs
[2024-12-07T09:21:32.439+0000] {logging_mixin.py:190} INFO - [2024-12-07T09:21:32.439+0000] {dag.py:4180} INFO - Setting next_dagrun for example_python_decorator to None, run_after=None
[2024-12-07T09:21:32.451+0000] {processor.py:208} INFO - Processing /home/airflow/.local/lib/python3.12/site-packages/airflow/example_dags/example_python_decorator.py took 0.061 seconds
[2024-12-07T09:22:02.739+0000] {processor.py:186} INFO - Started process (PID=958) to work on /home/airflow/.local/lib/python3.12/site-packages/airflow/example_dags/example_python_decorator.py
[2024-12-07T09:22:02.740+0000] {processor.py:914} INFO - Processing file /home/airflow/.local/lib/python3.12/site-packages/airflow/example_dags/example_python_decorator.py for tasks to queue
[2024-12-07T09:22:02.741+0000] {logging_mixin.py:190} INFO - [2024-12-07T09:22:02.741+0000] {dagbag.py:588} INFO - Filling up the DagBag from /home/airflow/.local/lib/python3.12/site-packages/airflow/example_dags/example_python_decorator.py
[2024-12-07T09:22:02.758+0000] {processor.py:925} INFO - DAG(s) 'example_python_decorator' retrieved from /home/airflow/.local/lib/python3.12/site-packages/airflow/example_dags/example_python_decorator.py
[2024-12-07T09:22:02.777+0000] {logging_mixin.py:190} INFO - [2024-12-07T09:22:02.776+0000] {dag.py:3239} INFO - Sync 1 DAGs
[2024-12-07T09:22:02.789+0000] {logging_mixin.py:190} INFO - [2024-12-07T09:22:02.788+0000] {dag.py:4180} INFO - Setting next_dagrun for example_python_decorator to None, run_after=None
[2024-12-07T09:22:02.801+0000] {processor.py:208} INFO - Processing /home/airflow/.local/lib/python3.12/site-packages/airflow/example_dags/example_python_decorator.py took 0.067 seconds
[2024-12-07T09:22:33.476+0000] {processor.py:186} INFO - Started process (PID=1021) to work on /home/airflow/.local/lib/python3.12/site-packages/airflow/example_dags/example_python_decorator.py
[2024-12-07T09:22:33.476+0000] {processor.py:914} INFO - Processing file /home/airflow/.local/lib/python3.12/site-packages/airflow/example_dags/example_python_decorator.py for tasks to queue
[2024-12-07T09:22:33.478+0000] {logging_mixin.py:190} INFO - [2024-12-07T09:22:33.478+0000] {dagbag.py:588} INFO - Filling up the DagBag from /home/airflow/.local/lib/python3.12/site-packages/airflow/example_dags/example_python_decorator.py
[2024-12-07T09:22:33.495+0000] {processor.py:925} INFO - DAG(s) 'example_python_decorator' retrieved from /home/airflow/.local/lib/python3.12/site-packages/airflow/example_dags/example_python_decorator.py
[2024-12-07T09:22:33.517+0000] {logging_mixin.py:190} INFO - [2024-12-07T09:22:33.517+0000] {dag.py:3239} INFO - Sync 1 DAGs
[2024-12-07T09:22:33.533+0000] {logging_mixin.py:190} INFO - [2024-12-07T09:22:33.533+0000] {dag.py:4180} INFO - Setting next_dagrun for example_python_decorator to None, run_after=None
[2024-12-07T09:22:33.549+0000] {processor.py:208} INFO - Processing /home/airflow/.local/lib/python3.12/site-packages/airflow/example_dags/example_python_decorator.py took 0.078 seconds
[2024-12-07T09:23:04.267+0000] {processor.py:186} INFO - Started process (PID=1084) to work on /home/airflow/.local/lib/python3.12/site-packages/airflow/example_dags/example_python_decorator.py
[2024-12-07T09:23:04.268+0000] {processor.py:914} INFO - Processing file /home/airflow/.local/lib/python3.12/site-packages/airflow/example_dags/example_python_decorator.py for tasks to queue
[2024-12-07T09:23:04.270+0000] {logging_mixin.py:190} INFO - [2024-12-07T09:23:04.269+0000] {dagbag.py:588} INFO - Filling up the DagBag from /home/airflow/.local/lib/python3.12/site-packages/airflow/example_dags/example_python_decorator.py
[2024-12-07T09:23:04.281+0000] {processor.py:925} INFO - DAG(s) 'example_python_decorator' retrieved from /home/airflow/.local/lib/python3.12/site-packages/airflow/example_dags/example_python_decorator.py
[2024-12-07T09:23:04.300+0000] {logging_mixin.py:190} INFO - [2024-12-07T09:23:04.299+0000] {dag.py:3239} INFO - Sync 1 DAGs
[2024-12-07T09:23:04.311+0000] {logging_mixin.py:190} INFO - [2024-12-07T09:23:04.310+0000] {dag.py:4180} INFO - Setting next_dagrun for example_python_decorator to None, run_after=None
[2024-12-07T09:23:04.323+0000] {processor.py:208} INFO - Processing /home/airflow/.local/lib/python3.12/site-packages/airflow/example_dags/example_python_decorator.py took 0.060 seconds
[2024-12-07T09:23:35.096+0000] {processor.py:186} INFO - Started process (PID=1148) to work on /home/airflow/.local/lib/python3.12/site-packages/airflow/example_dags/example_python_decorator.py
[2024-12-07T09:23:35.096+0000] {processor.py:914} INFO - Processing file /home/airflow/.local/lib/python3.12/site-packages/airflow/example_dags/example_python_decorator.py for tasks to queue
[2024-12-07T09:23:35.098+0000] {logging_mixin.py:190} INFO - [2024-12-07T09:23:35.098+0000] {dagbag.py:588} INFO - Filling up the DagBag from /home/airflow/.local/lib/python3.12/site-packages/airflow/example_dags/example_python_decorator.py
[2024-12-07T09:23:35.110+0000] {processor.py:925} INFO - DAG(s) 'example_python_decorator' retrieved from /home/airflow/.local/lib/python3.12/site-packages/airflow/example_dags/example_python_decorator.py
[2024-12-07T09:23:35.131+0000] {logging_mixin.py:190} INFO - [2024-12-07T09:23:35.131+0000] {dag.py:3239} INFO - Sync 1 DAGs
[2024-12-07T09:23:35.146+0000] {logging_mixin.py:190} INFO - [2024-12-07T09:23:35.146+0000] {dag.py:4180} INFO - Setting next_dagrun for example_python_decorator to None, run_after=None
[2024-12-07T09:23:35.162+0000] {processor.py:208} INFO - Processing /home/airflow/.local/lib/python3.12/site-packages/airflow/example_dags/example_python_decorator.py took 0.072 seconds
[2024-12-07T09:24:05.921+0000] {processor.py:186} INFO - Started process (PID=1211) to work on /home/airflow/.local/lib/python3.12/site-packages/airflow/example_dags/example_python_decorator.py
[2024-12-07T09:24:05.922+0000] {processor.py:914} INFO - Processing file /home/airflow/.local/lib/python3.12/site-packages/airflow/example_dags/example_python_decorator.py for tasks to queue
[2024-12-07T09:24:05.924+0000] {logging_mixin.py:190} INFO - [2024-12-07T09:24:05.923+0000] {dagbag.py:588} INFO - Filling up the DagBag from /home/airflow/.local/lib/python3.12/site-packages/airflow/example_dags/example_python_decorator.py
[2024-12-07T09:24:05.942+0000] {processor.py:925} INFO - DAG(s) 'example_python_decorator' retrieved from /home/airflow/.local/lib/python3.12/site-packages/airflow/example_dags/example_python_decorator.py
[2024-12-07T09:24:05.968+0000] {logging_mixin.py:190} INFO - [2024-12-07T09:24:05.968+0000] {dag.py:3239} INFO - Sync 1 DAGs
[2024-12-07T09:24:05.981+0000] {logging_mixin.py:190} INFO - [2024-12-07T09:24:05.981+0000] {dag.py:4180} INFO - Setting next_dagrun for example_python_decorator to None, run_after=None
[2024-12-07T09:24:06.000+0000] {processor.py:208} INFO - Processing /home/airflow/.local/lib/python3.12/site-packages/airflow/example_dags/example_python_decorator.py took 0.086 seconds
[2024-12-07T09:24:36.274+0000] {processor.py:186} INFO - Started process (PID=1274) to work on /home/airflow/.local/lib/python3.12/site-packages/airflow/example_dags/example_python_decorator.py
[2024-12-07T09:24:36.275+0000] {processor.py:914} INFO - Processing file /home/airflow/.local/lib/python3.12/site-packages/airflow/example_dags/example_python_decorator.py for tasks to queue
[2024-12-07T09:24:36.277+0000] {logging_mixin.py:190} INFO - [2024-12-07T09:24:36.276+0000] {dagbag.py:588} INFO - Filling up the DagBag from /home/airflow/.local/lib/python3.12/site-packages/airflow/example_dags/example_python_decorator.py
[2024-12-07T09:24:36.291+0000] {processor.py:925} INFO - DAG(s) 'example_python_decorator' retrieved from /home/airflow/.local/lib/python3.12/site-packages/airflow/example_dags/example_python_decorator.py
[2024-12-07T09:24:36.310+0000] {logging_mixin.py:190} INFO - [2024-12-07T09:24:36.309+0000] {dag.py:3239} INFO - Sync 1 DAGs
[2024-12-07T09:24:36.322+0000] {logging_mixin.py:190} INFO - [2024-12-07T09:24:36.322+0000] {dag.py:4180} INFO - Setting next_dagrun for example_python_decorator to None, run_after=None
[2024-12-07T09:24:36.338+0000] {processor.py:208} INFO - Processing /home/airflow/.local/lib/python3.12/site-packages/airflow/example_dags/example_python_decorator.py took 0.071 seconds
[2024-12-07T09:25:06.639+0000] {processor.py:186} INFO - Started process (PID=1337) to work on /home/airflow/.local/lib/python3.12/site-packages/airflow/example_dags/example_python_decorator.py
[2024-12-07T09:25:06.640+0000] {processor.py:914} INFO - Processing file /home/airflow/.local/lib/python3.12/site-packages/airflow/example_dags/example_python_decorator.py for tasks to queue
[2024-12-07T09:25:06.642+0000] {logging_mixin.py:190} INFO - [2024-12-07T09:25:06.642+0000] {dagbag.py:588} INFO - Filling up the DagBag from /home/airflow/.local/lib/python3.12/site-packages/airflow/example_dags/example_python_decorator.py
[2024-12-07T09:25:06.654+0000] {processor.py:925} INFO - DAG(s) 'example_python_decorator' retrieved from /home/airflow/.local/lib/python3.12/site-packages/airflow/example_dags/example_python_decorator.py
[2024-12-07T09:25:06.671+0000] {logging_mixin.py:190} INFO - [2024-12-07T09:25:06.671+0000] {dag.py:3239} INFO - Sync 1 DAGs
[2024-12-07T09:25:06.682+0000] {logging_mixin.py:190} INFO - [2024-12-07T09:25:06.682+0000] {dag.py:4180} INFO - Setting next_dagrun for example_python_decorator to None, run_after=None
[2024-12-07T09:25:06.695+0000] {processor.py:208} INFO - Processing /home/airflow/.local/lib/python3.12/site-packages/airflow/example_dags/example_python_decorator.py took 0.060 seconds
[2024-12-07T09:25:36.936+0000] {processor.py:186} INFO - Started process (PID=1400) to work on /home/airflow/.local/lib/python3.12/site-packages/airflow/example_dags/example_python_decorator.py
[2024-12-07T09:25:36.937+0000] {processor.py:914} INFO - Processing file /home/airflow/.local/lib/python3.12/site-packages/airflow/example_dags/example_python_decorator.py for tasks to queue
[2024-12-07T09:25:36.939+0000] {logging_mixin.py:190} INFO - [2024-12-07T09:25:36.938+0000] {dagbag.py:588} INFO - Filling up the DagBag from /home/airflow/.local/lib/python3.12/site-packages/airflow/example_dags/example_python_decorator.py
[2024-12-07T09:25:36.951+0000] {processor.py:925} INFO - DAG(s) 'example_python_decorator' retrieved from /home/airflow/.local/lib/python3.12/site-packages/airflow/example_dags/example_python_decorator.py
[2024-12-07T09:25:36.968+0000] {logging_mixin.py:190} INFO - [2024-12-07T09:25:36.968+0000] {dag.py:3239} INFO - Sync 1 DAGs
[2024-12-07T09:25:36.979+0000] {logging_mixin.py:190} INFO - [2024-12-07T09:25:36.979+0000] {dag.py:4180} INFO - Setting next_dagrun for example_python_decorator to None, run_after=None
[2024-12-07T09:25:36.991+0000] {processor.py:208} INFO - Processing /home/airflow/.local/lib/python3.12/site-packages/airflow/example_dags/example_python_decorator.py took 0.059 seconds
[2024-12-07T09:26:07.202+0000] {processor.py:186} INFO - Started process (PID=1463) to work on /home/airflow/.local/lib/python3.12/site-packages/airflow/example_dags/example_python_decorator.py
[2024-12-07T09:26:07.203+0000] {processor.py:914} INFO - Processing file /home/airflow/.local/lib/python3.12/site-packages/airflow/example_dags/example_python_decorator.py for tasks to queue
[2024-12-07T09:26:07.205+0000] {logging_mixin.py:190} INFO - [2024-12-07T09:26:07.204+0000] {dagbag.py:588} INFO - Filling up the DagBag from /home/airflow/.local/lib/python3.12/site-packages/airflow/example_dags/example_python_decorator.py
[2024-12-07T09:26:07.216+0000] {processor.py:925} INFO - DAG(s) 'example_python_decorator' retrieved from /home/airflow/.local/lib/python3.12/site-packages/airflow/example_dags/example_python_decorator.py
[2024-12-07T09:26:07.236+0000] {logging_mixin.py:190} INFO - [2024-12-07T09:26:07.236+0000] {dag.py:3239} INFO - Sync 1 DAGs
[2024-12-07T09:26:07.247+0000] {logging_mixin.py:190} INFO - [2024-12-07T09:26:07.247+0000] {dag.py:4180} INFO - Setting next_dagrun for example_python_decorator to None, run_after=None
[2024-12-07T09:26:07.259+0000] {processor.py:208} INFO - Processing /home/airflow/.local/lib/python3.12/site-packages/airflow/example_dags/example_python_decorator.py took 0.062 seconds
[2024-12-07T09:26:37.511+0000] {processor.py:186} INFO - Started process (PID=1526) to work on /home/airflow/.local/lib/python3.12/site-packages/airflow/example_dags/example_python_decorator.py
[2024-12-07T09:26:37.512+0000] {processor.py:914} INFO - Processing file /home/airflow/.local/lib/python3.12/site-packages/airflow/example_dags/example_python_decorator.py for tasks to queue
[2024-12-07T09:26:37.513+0000] {logging_mixin.py:190} INFO - [2024-12-07T09:26:37.513+0000] {dagbag.py:588} INFO - Filling up the DagBag from /home/airflow/.local/lib/python3.12/site-packages/airflow/example_dags/example_python_decorator.py
[2024-12-07T09:26:37.526+0000] {processor.py:925} INFO - DAG(s) 'example_python_decorator' retrieved from /home/airflow/.local/lib/python3.12/site-packages/airflow/example_dags/example_python_decorator.py
[2024-12-07T09:26:37.545+0000] {logging_mixin.py:190} INFO - [2024-12-07T09:26:37.545+0000] {dag.py:3239} INFO - Sync 1 DAGs
[2024-12-07T09:26:37.556+0000] {logging_mixin.py:190} INFO - [2024-12-07T09:26:37.556+0000] {dag.py:4180} INFO - Setting next_dagrun for example_python_decorator to None, run_after=None
[2024-12-07T09:26:37.568+0000] {processor.py:208} INFO - Processing /home/airflow/.local/lib/python3.12/site-packages/airflow/example_dags/example_python_decorator.py took 0.062 seconds
[2024-12-07T09:27:07.766+0000] {processor.py:186} INFO - Started process (PID=1589) to work on /home/airflow/.local/lib/python3.12/site-packages/airflow/example_dags/example_python_decorator.py
[2024-12-07T09:27:07.767+0000] {processor.py:914} INFO - Processing file /home/airflow/.local/lib/python3.12/site-packages/airflow/example_dags/example_python_decorator.py for tasks to queue
[2024-12-07T09:27:07.769+0000] {logging_mixin.py:190} INFO - [2024-12-07T09:27:07.768+0000] {dagbag.py:588} INFO - Filling up the DagBag from /home/airflow/.local/lib/python3.12/site-packages/airflow/example_dags/example_python_decorator.py
[2024-12-07T09:27:07.782+0000] {processor.py:925} INFO - DAG(s) 'example_python_decorator' retrieved from /home/airflow/.local/lib/python3.12/site-packages/airflow/example_dags/example_python_decorator.py
[2024-12-07T09:27:07.799+0000] {logging_mixin.py:190} INFO - [2024-12-07T09:27:07.799+0000] {dag.py:3239} INFO - Sync 1 DAGs
[2024-12-07T09:27:07.810+0000] {logging_mixin.py:190} INFO - [2024-12-07T09:27:07.810+0000] {dag.py:4180} INFO - Setting next_dagrun for example_python_decorator to None, run_after=None
[2024-12-07T09:27:07.822+0000] {processor.py:208} INFO - Processing /home/airflow/.local/lib/python3.12/site-packages/airflow/example_dags/example_python_decorator.py took 0.060 seconds
[2024-12-07T09:27:37.958+0000] {processor.py:186} INFO - Started process (PID=1652) to work on /home/airflow/.local/lib/python3.12/site-packages/airflow/example_dags/example_python_decorator.py
[2024-12-07T09:27:37.959+0000] {processor.py:914} INFO - Processing file /home/airflow/.local/lib/python3.12/site-packages/airflow/example_dags/example_python_decorator.py for tasks to queue
[2024-12-07T09:27:37.961+0000] {logging_mixin.py:190} INFO - [2024-12-07T09:27:37.961+0000] {dagbag.py:588} INFO - Filling up the DagBag from /home/airflow/.local/lib/python3.12/site-packages/airflow/example_dags/example_python_decorator.py
[2024-12-07T09:27:37.977+0000] {processor.py:925} INFO - DAG(s) 'example_python_decorator' retrieved from /home/airflow/.local/lib/python3.12/site-packages/airflow/example_dags/example_python_decorator.py
[2024-12-07T09:27:37.997+0000] {logging_mixin.py:190} INFO - [2024-12-07T09:27:37.997+0000] {dag.py:3239} INFO - Sync 1 DAGs
[2024-12-07T09:27:38.008+0000] {logging_mixin.py:190} INFO - [2024-12-07T09:27:38.008+0000] {dag.py:4180} INFO - Setting next_dagrun for example_python_decorator to None, run_after=None
[2024-12-07T09:27:38.020+0000] {processor.py:208} INFO - Processing /home/airflow/.local/lib/python3.12/site-packages/airflow/example_dags/example_python_decorator.py took 0.068 seconds
