[2024-12-07T09:14:54.610+0000] {processor.py:186} INFO - Started process (PID=72) to work on /home/airflow/.local/lib/python3.12/site-packages/airflow/example_dags/example_params_ui_tutorial.py
[2024-12-07T09:14:54.611+0000] {processor.py:914} INFO - Processing file /home/airflow/.local/lib/python3.12/site-packages/airflow/example_dags/example_params_ui_tutorial.py for tasks to queue
[2024-12-07T09:14:54.613+0000] {logging_mixin.py:190} INFO - [2024-12-07T09:14:54.613+0000] {dagbag.py:588} INFO - Filling up the DagBag from /home/airflow/.local/lib/python3.12/site-packages/airflow/example_dags/example_params_ui_tutorial.py
[2024-12-07T09:14:54.630+0000] {processor.py:925} INFO - DAG(s) 'example_params_ui_tutorial' retrieved from /home/airflow/.local/lib/python3.12/site-packages/airflow/example_dags/example_params_ui_tutorial.py
[2024-12-07T09:14:54.788+0000] {logging_mixin.py:190} INFO - [2024-12-07T09:14:54.788+0000] {override.py:1911} INFO - Created Permission View: can delete on DAG:example_params_ui_tutorial
[2024-12-07T09:14:54.798+0000] {logging_mixin.py:190} INFO - [2024-12-07T09:14:54.797+0000] {override.py:1911} INFO - Created Permission View: can edit on DAG:example_params_ui_tutorial
[2024-12-07T09:14:54.803+0000] {logging_mixin.py:190} INFO - [2024-12-07T09:14:54.803+0000] {override.py:1911} INFO - Created Permission View: can read on DAG:example_params_ui_tutorial
[2024-12-07T09:14:54.809+0000] {logging_mixin.py:190} INFO - [2024-12-07T09:14:54.808+0000] {override.py:1911} INFO - Created Permission View: can delete on DAG Run:example_params_ui_tutorial
[2024-12-07T09:14:54.814+0000] {logging_mixin.py:190} INFO - [2024-12-07T09:14:54.814+0000] {override.py:1911} INFO - Created Permission View: menu access on DAG Run:example_params_ui_tutorial
[2024-12-07T09:14:54.819+0000] {logging_mixin.py:190} INFO - [2024-12-07T09:14:54.819+0000] {override.py:1911} INFO - Created Permission View: can create on DAG Run:example_params_ui_tutorial
[2024-12-07T09:14:54.824+0000] {logging_mixin.py:190} INFO - [2024-12-07T09:14:54.824+0000] {override.py:1911} INFO - Created Permission View: can read on DAG Run:example_params_ui_tutorial
[2024-12-07T09:14:54.825+0000] {logging_mixin.py:190} INFO - [2024-12-07T09:14:54.825+0000] {dag.py:3239} INFO - Sync 1 DAGs
[2024-12-07T09:14:54.838+0000] {logging_mixin.py:190} INFO - [2024-12-07T09:14:54.838+0000] {dag.py:3262} INFO - Creating ORM DAG for example_params_ui_tutorial
[2024-12-07T09:14:54.839+0000] {logging_mixin.py:190} INFO - [2024-12-07T09:14:54.839+0000] {dag.py:4180} INFO - Setting next_dagrun for example_params_ui_tutorial to None, run_after=None
[2024-12-07T09:14:54.854+0000] {processor.py:208} INFO - Processing /home/airflow/.local/lib/python3.12/site-packages/airflow/example_dags/example_params_ui_tutorial.py took 0.250 seconds
[2024-12-07T09:15:25.792+0000] {processor.py:186} INFO - Started process (PID=135) to work on /home/airflow/.local/lib/python3.12/site-packages/airflow/example_dags/example_params_ui_tutorial.py
[2024-12-07T09:15:25.793+0000] {processor.py:914} INFO - Processing file /home/airflow/.local/lib/python3.12/site-packages/airflow/example_dags/example_params_ui_tutorial.py for tasks to queue
[2024-12-07T09:15:25.794+0000] {logging_mixin.py:190} INFO - [2024-12-07T09:15:25.794+0000] {dagbag.py:588} INFO - Filling up the DagBag from /home/airflow/.local/lib/python3.12/site-packages/airflow/example_dags/example_params_ui_tutorial.py
[2024-12-07T09:15:25.802+0000] {processor.py:925} INFO - DAG(s) 'example_params_ui_tutorial' retrieved from /home/airflow/.local/lib/python3.12/site-packages/airflow/example_dags/example_params_ui_tutorial.py
[2024-12-07T09:15:25.852+0000] {logging_mixin.py:190} INFO - [2024-12-07T09:15:25.851+0000] {dag.py:3239} INFO - Sync 1 DAGs
[2024-12-07T09:15:25.865+0000] {logging_mixin.py:190} INFO - [2024-12-07T09:15:25.865+0000] {dag.py:4180} INFO - Setting next_dagrun for example_params_ui_tutorial to None, run_after=None
[2024-12-07T09:15:25.879+0000] {processor.py:208} INFO - Processing /home/airflow/.local/lib/python3.12/site-packages/airflow/example_dags/example_params_ui_tutorial.py took 0.092 seconds
[2024-12-07T09:15:56.791+0000] {processor.py:186} INFO - Started process (PID=198) to work on /home/airflow/.local/lib/python3.12/site-packages/airflow/example_dags/example_params_ui_tutorial.py
[2024-12-07T09:15:56.791+0000] {processor.py:914} INFO - Processing file /home/airflow/.local/lib/python3.12/site-packages/airflow/example_dags/example_params_ui_tutorial.py for tasks to queue
[2024-12-07T09:15:56.793+0000] {logging_mixin.py:190} INFO - [2024-12-07T09:15:56.793+0000] {dagbag.py:588} INFO - Filling up the DagBag from /home/airflow/.local/lib/python3.12/site-packages/airflow/example_dags/example_params_ui_tutorial.py
[2024-12-07T09:15:56.802+0000] {processor.py:925} INFO - DAG(s) 'example_params_ui_tutorial' retrieved from /home/airflow/.local/lib/python3.12/site-packages/airflow/example_dags/example_params_ui_tutorial.py
[2024-12-07T09:15:56.841+0000] {logging_mixin.py:190} INFO - [2024-12-07T09:15:56.841+0000] {dag.py:3239} INFO - Sync 1 DAGs
[2024-12-07T09:15:56.853+0000] {logging_mixin.py:190} INFO - [2024-12-07T09:15:56.853+0000] {dag.py:4180} INFO - Setting next_dagrun for example_params_ui_tutorial to None, run_after=None
[2024-12-07T09:15:56.868+0000] {processor.py:208} INFO - Processing /home/airflow/.local/lib/python3.12/site-packages/airflow/example_dags/example_params_ui_tutorial.py took 0.081 seconds
[2024-12-07T09:16:26.930+0000] {processor.py:186} INFO - Started process (PID=261) to work on /home/airflow/.local/lib/python3.12/site-packages/airflow/example_dags/example_params_ui_tutorial.py
[2024-12-07T09:16:26.931+0000] {processor.py:914} INFO - Processing file /home/airflow/.local/lib/python3.12/site-packages/airflow/example_dags/example_params_ui_tutorial.py for tasks to queue
[2024-12-07T09:16:26.933+0000] {logging_mixin.py:190} INFO - [2024-12-07T09:16:26.933+0000] {dagbag.py:588} INFO - Filling up the DagBag from /home/airflow/.local/lib/python3.12/site-packages/airflow/example_dags/example_params_ui_tutorial.py
[2024-12-07T09:16:26.943+0000] {processor.py:925} INFO - DAG(s) 'example_params_ui_tutorial' retrieved from /home/airflow/.local/lib/python3.12/site-packages/airflow/example_dags/example_params_ui_tutorial.py
[2024-12-07T09:16:26.978+0000] {logging_mixin.py:190} INFO - [2024-12-07T09:16:26.977+0000] {dag.py:3239} INFO - Sync 1 DAGs
[2024-12-07T09:16:26.989+0000] {logging_mixin.py:190} INFO - [2024-12-07T09:16:26.989+0000] {dag.py:4180} INFO - Setting next_dagrun for example_params_ui_tutorial to None, run_after=None
[2024-12-07T09:16:27.003+0000] {processor.py:208} INFO - Processing /home/airflow/.local/lib/python3.12/site-packages/airflow/example_dags/example_params_ui_tutorial.py took 0.078 seconds
[2024-12-07T09:16:57.683+0000] {processor.py:186} INFO - Started process (PID=324) to work on /home/airflow/.local/lib/python3.12/site-packages/airflow/example_dags/example_params_ui_tutorial.py
[2024-12-07T09:16:57.684+0000] {processor.py:914} INFO - Processing file /home/airflow/.local/lib/python3.12/site-packages/airflow/example_dags/example_params_ui_tutorial.py for tasks to queue
[2024-12-07T09:16:57.686+0000] {logging_mixin.py:190} INFO - [2024-12-07T09:16:57.686+0000] {dagbag.py:588} INFO - Filling up the DagBag from /home/airflow/.local/lib/python3.12/site-packages/airflow/example_dags/example_params_ui_tutorial.py
[2024-12-07T09:16:57.700+0000] {processor.py:925} INFO - DAG(s) 'example_params_ui_tutorial' retrieved from /home/airflow/.local/lib/python3.12/site-packages/airflow/example_dags/example_params_ui_tutorial.py
[2024-12-07T09:16:57.769+0000] {logging_mixin.py:190} INFO - [2024-12-07T09:16:57.769+0000] {dag.py:3239} INFO - Sync 1 DAGs
[2024-12-07T09:16:57.791+0000] {logging_mixin.py:190} INFO - [2024-12-07T09:16:57.790+0000] {dag.py:4180} INFO - Setting next_dagrun for example_params_ui_tutorial to None, run_after=None
[2024-12-07T09:16:57.812+0000] {processor.py:208} INFO - Processing /home/airflow/.local/lib/python3.12/site-packages/airflow/example_dags/example_params_ui_tutorial.py took 0.136 seconds
[2024-12-07T09:17:28.645+0000] {processor.py:186} INFO - Started process (PID=387) to work on /home/airflow/.local/lib/python3.12/site-packages/airflow/example_dags/example_params_ui_tutorial.py
[2024-12-07T09:17:28.645+0000] {processor.py:914} INFO - Processing file /home/airflow/.local/lib/python3.12/site-packages/airflow/example_dags/example_params_ui_tutorial.py for tasks to queue
[2024-12-07T09:17:28.647+0000] {logging_mixin.py:190} INFO - [2024-12-07T09:17:28.647+0000] {dagbag.py:588} INFO - Filling up the DagBag from /home/airflow/.local/lib/python3.12/site-packages/airflow/example_dags/example_params_ui_tutorial.py
[2024-12-07T09:17:28.654+0000] {processor.py:925} INFO - DAG(s) 'example_params_ui_tutorial' retrieved from /home/airflow/.local/lib/python3.12/site-packages/airflow/example_dags/example_params_ui_tutorial.py
[2024-12-07T09:17:28.693+0000] {logging_mixin.py:190} INFO - [2024-12-07T09:17:28.693+0000] {dag.py:3239} INFO - Sync 1 DAGs
[2024-12-07T09:17:28.707+0000] {logging_mixin.py:190} INFO - [2024-12-07T09:17:28.707+0000] {dag.py:4180} INFO - Setting next_dagrun for example_params_ui_tutorial to None, run_after=None
[2024-12-07T09:17:28.721+0000] {processor.py:208} INFO - Processing /home/airflow/.local/lib/python3.12/site-packages/airflow/example_dags/example_params_ui_tutorial.py took 0.080 seconds
[2024-12-07T09:17:59.212+0000] {processor.py:186} INFO - Started process (PID=450) to work on /home/airflow/.local/lib/python3.12/site-packages/airflow/example_dags/example_params_ui_tutorial.py
[2024-12-07T09:17:59.212+0000] {processor.py:914} INFO - Processing file /home/airflow/.local/lib/python3.12/site-packages/airflow/example_dags/example_params_ui_tutorial.py for tasks to queue
[2024-12-07T09:17:59.214+0000] {logging_mixin.py:190} INFO - [2024-12-07T09:17:59.214+0000] {dagbag.py:588} INFO - Filling up the DagBag from /home/airflow/.local/lib/python3.12/site-packages/airflow/example_dags/example_params_ui_tutorial.py
[2024-12-07T09:17:59.221+0000] {processor.py:925} INFO - DAG(s) 'example_params_ui_tutorial' retrieved from /home/airflow/.local/lib/python3.12/site-packages/airflow/example_dags/example_params_ui_tutorial.py
[2024-12-07T09:17:59.271+0000] {logging_mixin.py:190} INFO - [2024-12-07T09:17:59.271+0000] {dag.py:3239} INFO - Sync 1 DAGs
[2024-12-07T09:17:59.283+0000] {logging_mixin.py:190} INFO - [2024-12-07T09:17:59.283+0000] {dag.py:4180} INFO - Setting next_dagrun for example_params_ui_tutorial to None, run_after=None
[2024-12-07T09:17:59.297+0000] {processor.py:208} INFO - Processing /home/airflow/.local/lib/python3.12/site-packages/airflow/example_dags/example_params_ui_tutorial.py took 0.090 seconds
[2024-12-07T09:18:29.400+0000] {processor.py:186} INFO - Started process (PID=513) to work on /home/airflow/.local/lib/python3.12/site-packages/airflow/example_dags/example_params_ui_tutorial.py
[2024-12-07T09:18:29.400+0000] {processor.py:914} INFO - Processing file /home/airflow/.local/lib/python3.12/site-packages/airflow/example_dags/example_params_ui_tutorial.py for tasks to queue
[2024-12-07T09:18:29.402+0000] {logging_mixin.py:190} INFO - [2024-12-07T09:18:29.402+0000] {dagbag.py:588} INFO - Filling up the DagBag from /home/airflow/.local/lib/python3.12/site-packages/airflow/example_dags/example_params_ui_tutorial.py
[2024-12-07T09:18:29.409+0000] {processor.py:925} INFO - DAG(s) 'example_params_ui_tutorial' retrieved from /home/airflow/.local/lib/python3.12/site-packages/airflow/example_dags/example_params_ui_tutorial.py
[2024-12-07T09:18:29.446+0000] {logging_mixin.py:190} INFO - [2024-12-07T09:18:29.445+0000] {dag.py:3239} INFO - Sync 1 DAGs
[2024-12-07T09:18:29.456+0000] {logging_mixin.py:190} INFO - [2024-12-07T09:18:29.456+0000] {dag.py:4180} INFO - Setting next_dagrun for example_params_ui_tutorial to None, run_after=None
[2024-12-07T09:18:29.469+0000] {processor.py:208} INFO - Processing /home/airflow/.local/lib/python3.12/site-packages/airflow/example_dags/example_params_ui_tutorial.py took 0.073 seconds
[2024-12-07T09:18:59.595+0000] {processor.py:186} INFO - Started process (PID=576) to work on /home/airflow/.local/lib/python3.12/site-packages/airflow/example_dags/example_params_ui_tutorial.py
[2024-12-07T09:18:59.596+0000] {processor.py:914} INFO - Processing file /home/airflow/.local/lib/python3.12/site-packages/airflow/example_dags/example_params_ui_tutorial.py for tasks to queue
[2024-12-07T09:18:59.598+0000] {logging_mixin.py:190} INFO - [2024-12-07T09:18:59.597+0000] {dagbag.py:588} INFO - Filling up the DagBag from /home/airflow/.local/lib/python3.12/site-packages/airflow/example_dags/example_params_ui_tutorial.py
[2024-12-07T09:18:59.606+0000] {processor.py:925} INFO - DAG(s) 'example_params_ui_tutorial' retrieved from /home/airflow/.local/lib/python3.12/site-packages/airflow/example_dags/example_params_ui_tutorial.py
[2024-12-07T09:18:59.652+0000] {logging_mixin.py:190} INFO - [2024-12-07T09:18:59.652+0000] {dag.py:3239} INFO - Sync 1 DAGs
[2024-12-07T09:18:59.664+0000] {logging_mixin.py:190} INFO - [2024-12-07T09:18:59.663+0000] {dag.py:4180} INFO - Setting next_dagrun for example_params_ui_tutorial to None, run_after=None
[2024-12-07T09:18:59.678+0000] {processor.py:208} INFO - Processing /home/airflow/.local/lib/python3.12/site-packages/airflow/example_dags/example_params_ui_tutorial.py took 0.087 seconds
[2024-12-07T09:19:29.973+0000] {processor.py:186} INFO - Started process (PID=639) to work on /home/airflow/.local/lib/python3.12/site-packages/airflow/example_dags/example_params_ui_tutorial.py
[2024-12-07T09:19:29.973+0000] {processor.py:914} INFO - Processing file /home/airflow/.local/lib/python3.12/site-packages/airflow/example_dags/example_params_ui_tutorial.py for tasks to queue
[2024-12-07T09:19:29.975+0000] {logging_mixin.py:190} INFO - [2024-12-07T09:19:29.975+0000] {dagbag.py:588} INFO - Filling up the DagBag from /home/airflow/.local/lib/python3.12/site-packages/airflow/example_dags/example_params_ui_tutorial.py
[2024-12-07T09:19:29.983+0000] {processor.py:925} INFO - DAG(s) 'example_params_ui_tutorial' retrieved from /home/airflow/.local/lib/python3.12/site-packages/airflow/example_dags/example_params_ui_tutorial.py
[2024-12-07T09:19:30.026+0000] {logging_mixin.py:190} INFO - [2024-12-07T09:19:30.026+0000] {dag.py:3239} INFO - Sync 1 DAGs
[2024-12-07T09:19:30.040+0000] {logging_mixin.py:190} INFO - [2024-12-07T09:19:30.040+0000] {dag.py:4180} INFO - Setting next_dagrun for example_params_ui_tutorial to None, run_after=None
[2024-12-07T09:19:30.055+0000] {processor.py:208} INFO - Processing /home/airflow/.local/lib/python3.12/site-packages/airflow/example_dags/example_params_ui_tutorial.py took 0.087 seconds
[2024-12-07T09:20:00.419+0000] {processor.py:186} INFO - Started process (PID=702) to work on /home/airflow/.local/lib/python3.12/site-packages/airflow/example_dags/example_params_ui_tutorial.py
[2024-12-07T09:20:00.420+0000] {processor.py:914} INFO - Processing file /home/airflow/.local/lib/python3.12/site-packages/airflow/example_dags/example_params_ui_tutorial.py for tasks to queue
[2024-12-07T09:20:00.421+0000] {logging_mixin.py:190} INFO - [2024-12-07T09:20:00.421+0000] {dagbag.py:588} INFO - Filling up the DagBag from /home/airflow/.local/lib/python3.12/site-packages/airflow/example_dags/example_params_ui_tutorial.py
[2024-12-07T09:20:00.429+0000] {processor.py:925} INFO - DAG(s) 'example_params_ui_tutorial' retrieved from /home/airflow/.local/lib/python3.12/site-packages/airflow/example_dags/example_params_ui_tutorial.py
[2024-12-07T09:20:00.466+0000] {logging_mixin.py:190} INFO - [2024-12-07T09:20:00.466+0000] {dag.py:3239} INFO - Sync 1 DAGs
[2024-12-07T09:20:00.481+0000] {logging_mixin.py:190} INFO - [2024-12-07T09:20:00.480+0000] {dag.py:4180} INFO - Setting next_dagrun for example_params_ui_tutorial to None, run_after=None
[2024-12-07T09:20:00.497+0000] {processor.py:208} INFO - Processing /home/airflow/.local/lib/python3.12/site-packages/airflow/example_dags/example_params_ui_tutorial.py took 0.083 seconds
[2024-12-07T09:20:30.841+0000] {processor.py:186} INFO - Started process (PID=765) to work on /home/airflow/.local/lib/python3.12/site-packages/airflow/example_dags/example_params_ui_tutorial.py
[2024-12-07T09:20:30.841+0000] {processor.py:914} INFO - Processing file /home/airflow/.local/lib/python3.12/site-packages/airflow/example_dags/example_params_ui_tutorial.py for tasks to queue
[2024-12-07T09:20:30.843+0000] {logging_mixin.py:190} INFO - [2024-12-07T09:20:30.843+0000] {dagbag.py:588} INFO - Filling up the DagBag from /home/airflow/.local/lib/python3.12/site-packages/airflow/example_dags/example_params_ui_tutorial.py
[2024-12-07T09:20:30.851+0000] {processor.py:925} INFO - DAG(s) 'example_params_ui_tutorial' retrieved from /home/airflow/.local/lib/python3.12/site-packages/airflow/example_dags/example_params_ui_tutorial.py
[2024-12-07T09:20:30.889+0000] {logging_mixin.py:190} INFO - [2024-12-07T09:20:30.889+0000] {dag.py:3239} INFO - Sync 1 DAGs
[2024-12-07T09:20:30.902+0000] {logging_mixin.py:190} INFO - [2024-12-07T09:20:30.902+0000] {dag.py:4180} INFO - Setting next_dagrun for example_params_ui_tutorial to None, run_after=None
[2024-12-07T09:20:30.916+0000] {processor.py:208} INFO - Processing /home/airflow/.local/lib/python3.12/site-packages/airflow/example_dags/example_params_ui_tutorial.py took 0.080 seconds
[2024-12-07T09:21:01.794+0000] {processor.py:186} INFO - Started process (PID=828) to work on /home/airflow/.local/lib/python3.12/site-packages/airflow/example_dags/example_params_ui_tutorial.py
[2024-12-07T09:21:01.795+0000] {processor.py:914} INFO - Processing file /home/airflow/.local/lib/python3.12/site-packages/airflow/example_dags/example_params_ui_tutorial.py for tasks to queue
[2024-12-07T09:21:01.797+0000] {logging_mixin.py:190} INFO - [2024-12-07T09:21:01.797+0000] {dagbag.py:588} INFO - Filling up the DagBag from /home/airflow/.local/lib/python3.12/site-packages/airflow/example_dags/example_params_ui_tutorial.py
[2024-12-07T09:21:01.805+0000] {processor.py:925} INFO - DAG(s) 'example_params_ui_tutorial' retrieved from /home/airflow/.local/lib/python3.12/site-packages/airflow/example_dags/example_params_ui_tutorial.py
[2024-12-07T09:21:01.856+0000] {logging_mixin.py:190} INFO - [2024-12-07T09:21:01.855+0000] {dag.py:3239} INFO - Sync 1 DAGs
[2024-12-07T09:21:01.870+0000] {logging_mixin.py:190} INFO - [2024-12-07T09:21:01.870+0000] {dag.py:4180} INFO - Setting next_dagrun for example_params_ui_tutorial to None, run_after=None
[2024-12-07T09:21:01.884+0000] {processor.py:208} INFO - Processing /home/airflow/.local/lib/python3.12/site-packages/airflow/example_dags/example_params_ui_tutorial.py took 0.094 seconds
[2024-12-07T09:21:32.227+0000] {processor.py:186} INFO - Started process (PID=891) to work on /home/airflow/.local/lib/python3.12/site-packages/airflow/example_dags/example_params_ui_tutorial.py
[2024-12-07T09:21:32.228+0000] {processor.py:914} INFO - Processing file /home/airflow/.local/lib/python3.12/site-packages/airflow/example_dags/example_params_ui_tutorial.py for tasks to queue
[2024-12-07T09:21:32.229+0000] {logging_mixin.py:190} INFO - [2024-12-07T09:21:32.229+0000] {dagbag.py:588} INFO - Filling up the DagBag from /home/airflow/.local/lib/python3.12/site-packages/airflow/example_dags/example_params_ui_tutorial.py
[2024-12-07T09:21:32.236+0000] {processor.py:925} INFO - DAG(s) 'example_params_ui_tutorial' retrieved from /home/airflow/.local/lib/python3.12/site-packages/airflow/example_dags/example_params_ui_tutorial.py
[2024-12-07T09:21:32.278+0000] {logging_mixin.py:190} INFO - [2024-12-07T09:21:32.278+0000] {dag.py:3239} INFO - Sync 1 DAGs
[2024-12-07T09:21:32.290+0000] {logging_mixin.py:190} INFO - [2024-12-07T09:21:32.290+0000] {dag.py:4180} INFO - Setting next_dagrun for example_params_ui_tutorial to None, run_after=None
[2024-12-07T09:21:32.303+0000] {processor.py:208} INFO - Processing /home/airflow/.local/lib/python3.12/site-packages/airflow/example_dags/example_params_ui_tutorial.py took 0.081 seconds
[2024-12-07T09:22:02.564+0000] {processor.py:186} INFO - Started process (PID=954) to work on /home/airflow/.local/lib/python3.12/site-packages/airflow/example_dags/example_params_ui_tutorial.py
[2024-12-07T09:22:02.565+0000] {processor.py:914} INFO - Processing file /home/airflow/.local/lib/python3.12/site-packages/airflow/example_dags/example_params_ui_tutorial.py for tasks to queue
[2024-12-07T09:22:02.567+0000] {logging_mixin.py:190} INFO - [2024-12-07T09:22:02.567+0000] {dagbag.py:588} INFO - Filling up the DagBag from /home/airflow/.local/lib/python3.12/site-packages/airflow/example_dags/example_params_ui_tutorial.py
[2024-12-07T09:22:02.575+0000] {processor.py:925} INFO - DAG(s) 'example_params_ui_tutorial' retrieved from /home/airflow/.local/lib/python3.12/site-packages/airflow/example_dags/example_params_ui_tutorial.py
[2024-12-07T09:22:02.610+0000] {logging_mixin.py:190} INFO - [2024-12-07T09:22:02.610+0000] {dag.py:3239} INFO - Sync 1 DAGs
[2024-12-07T09:22:02.622+0000] {logging_mixin.py:190} INFO - [2024-12-07T09:22:02.621+0000] {dag.py:4180} INFO - Setting next_dagrun for example_params_ui_tutorial to None, run_after=None
[2024-12-07T09:22:02.635+0000] {processor.py:208} INFO - Processing /home/airflow/.local/lib/python3.12/site-packages/airflow/example_dags/example_params_ui_tutorial.py took 0.075 seconds
[2024-12-07T09:22:33.312+0000] {processor.py:186} INFO - Started process (PID=1017) to work on /home/airflow/.local/lib/python3.12/site-packages/airflow/example_dags/example_params_ui_tutorial.py
[2024-12-07T09:22:33.313+0000] {processor.py:914} INFO - Processing file /home/airflow/.local/lib/python3.12/site-packages/airflow/example_dags/example_params_ui_tutorial.py for tasks to queue
[2024-12-07T09:22:33.315+0000] {logging_mixin.py:190} INFO - [2024-12-07T09:22:33.314+0000] {dagbag.py:588} INFO - Filling up the DagBag from /home/airflow/.local/lib/python3.12/site-packages/airflow/example_dags/example_params_ui_tutorial.py
[2024-12-07T09:22:33.322+0000] {processor.py:925} INFO - DAG(s) 'example_params_ui_tutorial' retrieved from /home/airflow/.local/lib/python3.12/site-packages/airflow/example_dags/example_params_ui_tutorial.py
[2024-12-07T09:22:33.371+0000] {logging_mixin.py:190} INFO - [2024-12-07T09:22:33.371+0000] {dag.py:3239} INFO - Sync 1 DAGs
[2024-12-07T09:22:33.385+0000] {logging_mixin.py:190} INFO - [2024-12-07T09:22:33.385+0000] {dag.py:4180} INFO - Setting next_dagrun for example_params_ui_tutorial to None, run_after=None
[2024-12-07T09:22:33.399+0000] {processor.py:208} INFO - Processing /home/airflow/.local/lib/python3.12/site-packages/airflow/example_dags/example_params_ui_tutorial.py took 0.091 seconds
[2024-12-07T09:23:04.112+0000] {processor.py:186} INFO - Started process (PID=1080) to work on /home/airflow/.local/lib/python3.12/site-packages/airflow/example_dags/example_params_ui_tutorial.py
[2024-12-07T09:23:04.112+0000] {processor.py:914} INFO - Processing file /home/airflow/.local/lib/python3.12/site-packages/airflow/example_dags/example_params_ui_tutorial.py for tasks to queue
[2024-12-07T09:23:04.114+0000] {logging_mixin.py:190} INFO - [2024-12-07T09:23:04.114+0000] {dagbag.py:588} INFO - Filling up the DagBag from /home/airflow/.local/lib/python3.12/site-packages/airflow/example_dags/example_params_ui_tutorial.py
[2024-12-07T09:23:04.122+0000] {processor.py:925} INFO - DAG(s) 'example_params_ui_tutorial' retrieved from /home/airflow/.local/lib/python3.12/site-packages/airflow/example_dags/example_params_ui_tutorial.py
[2024-12-07T09:23:04.160+0000] {logging_mixin.py:190} INFO - [2024-12-07T09:23:04.160+0000] {dag.py:3239} INFO - Sync 1 DAGs
[2024-12-07T09:23:04.173+0000] {logging_mixin.py:190} INFO - [2024-12-07T09:23:04.173+0000] {dag.py:4180} INFO - Setting next_dagrun for example_params_ui_tutorial to None, run_after=None
[2024-12-07T09:23:04.188+0000] {processor.py:208} INFO - Processing /home/airflow/.local/lib/python3.12/site-packages/airflow/example_dags/example_params_ui_tutorial.py took 0.081 seconds
[2024-12-07T09:23:34.886+0000] {processor.py:186} INFO - Started process (PID=1144) to work on /home/airflow/.local/lib/python3.12/site-packages/airflow/example_dags/example_params_ui_tutorial.py
[2024-12-07T09:23:34.886+0000] {processor.py:914} INFO - Processing file /home/airflow/.local/lib/python3.12/site-packages/airflow/example_dags/example_params_ui_tutorial.py for tasks to queue
[2024-12-07T09:23:34.888+0000] {logging_mixin.py:190} INFO - [2024-12-07T09:23:34.888+0000] {dagbag.py:588} INFO - Filling up the DagBag from /home/airflow/.local/lib/python3.12/site-packages/airflow/example_dags/example_params_ui_tutorial.py
[2024-12-07T09:23:34.898+0000] {processor.py:925} INFO - DAG(s) 'example_params_ui_tutorial' retrieved from /home/airflow/.local/lib/python3.12/site-packages/airflow/example_dags/example_params_ui_tutorial.py
[2024-12-07T09:23:34.952+0000] {logging_mixin.py:190} INFO - [2024-12-07T09:23:34.951+0000] {dag.py:3239} INFO - Sync 1 DAGs
[2024-12-07T09:23:34.967+0000] {logging_mixin.py:190} INFO - [2024-12-07T09:23:34.967+0000] {dag.py:4180} INFO - Setting next_dagrun for example_params_ui_tutorial to None, run_after=None
[2024-12-07T09:23:34.982+0000] {processor.py:208} INFO - Processing /home/airflow/.local/lib/python3.12/site-packages/airflow/example_dags/example_params_ui_tutorial.py took 0.100 seconds
[2024-12-07T09:24:05.720+0000] {processor.py:186} INFO - Started process (PID=1207) to work on /home/airflow/.local/lib/python3.12/site-packages/airflow/example_dags/example_params_ui_tutorial.py
[2024-12-07T09:24:05.720+0000] {processor.py:914} INFO - Processing file /home/airflow/.local/lib/python3.12/site-packages/airflow/example_dags/example_params_ui_tutorial.py for tasks to queue
[2024-12-07T09:24:05.722+0000] {logging_mixin.py:190} INFO - [2024-12-07T09:24:05.722+0000] {dagbag.py:588} INFO - Filling up the DagBag from /home/airflow/.local/lib/python3.12/site-packages/airflow/example_dags/example_params_ui_tutorial.py
[2024-12-07T09:24:05.731+0000] {processor.py:925} INFO - DAG(s) 'example_params_ui_tutorial' retrieved from /home/airflow/.local/lib/python3.12/site-packages/airflow/example_dags/example_params_ui_tutorial.py
[2024-12-07T09:24:05.771+0000] {logging_mixin.py:190} INFO - [2024-12-07T09:24:05.770+0000] {dag.py:3239} INFO - Sync 1 DAGs
[2024-12-07T09:24:05.782+0000] {logging_mixin.py:190} INFO - [2024-12-07T09:24:05.782+0000] {dag.py:4180} INFO - Setting next_dagrun for example_params_ui_tutorial to None, run_after=None
[2024-12-07T09:24:05.796+0000] {processor.py:208} INFO - Processing /home/airflow/.local/lib/python3.12/site-packages/airflow/example_dags/example_params_ui_tutorial.py took 0.081 seconds
[2024-12-07T09:24:36.084+0000] {processor.py:186} INFO - Started process (PID=1270) to work on /home/airflow/.local/lib/python3.12/site-packages/airflow/example_dags/example_params_ui_tutorial.py
[2024-12-07T09:24:36.085+0000] {processor.py:914} INFO - Processing file /home/airflow/.local/lib/python3.12/site-packages/airflow/example_dags/example_params_ui_tutorial.py for tasks to queue
[2024-12-07T09:24:36.087+0000] {logging_mixin.py:190} INFO - [2024-12-07T09:24:36.086+0000] {dagbag.py:588} INFO - Filling up the DagBag from /home/airflow/.local/lib/python3.12/site-packages/airflow/example_dags/example_params_ui_tutorial.py
[2024-12-07T09:24:36.094+0000] {processor.py:925} INFO - DAG(s) 'example_params_ui_tutorial' retrieved from /home/airflow/.local/lib/python3.12/site-packages/airflow/example_dags/example_params_ui_tutorial.py
[2024-12-07T09:24:36.133+0000] {logging_mixin.py:190} INFO - [2024-12-07T09:24:36.132+0000] {dag.py:3239} INFO - Sync 1 DAGs
[2024-12-07T09:24:36.145+0000] {logging_mixin.py:190} INFO - [2024-12-07T09:24:36.144+0000] {dag.py:4180} INFO - Setting next_dagrun for example_params_ui_tutorial to None, run_after=None
[2024-12-07T09:24:36.159+0000] {processor.py:208} INFO - Processing /home/airflow/.local/lib/python3.12/site-packages/airflow/example_dags/example_params_ui_tutorial.py took 0.080 seconds
[2024-12-07T09:25:06.474+0000] {processor.py:186} INFO - Started process (PID=1333) to work on /home/airflow/.local/lib/python3.12/site-packages/airflow/example_dags/example_params_ui_tutorial.py
[2024-12-07T09:25:06.475+0000] {processor.py:914} INFO - Processing file /home/airflow/.local/lib/python3.12/site-packages/airflow/example_dags/example_params_ui_tutorial.py for tasks to queue
[2024-12-07T09:25:06.476+0000] {logging_mixin.py:190} INFO - [2024-12-07T09:25:06.476+0000] {dagbag.py:588} INFO - Filling up the DagBag from /home/airflow/.local/lib/python3.12/site-packages/airflow/example_dags/example_params_ui_tutorial.py
[2024-12-07T09:25:06.484+0000] {processor.py:925} INFO - DAG(s) 'example_params_ui_tutorial' retrieved from /home/airflow/.local/lib/python3.12/site-packages/airflow/example_dags/example_params_ui_tutorial.py
[2024-12-07T09:25:06.525+0000] {logging_mixin.py:190} INFO - [2024-12-07T09:25:06.525+0000] {dag.py:3239} INFO - Sync 1 DAGs
[2024-12-07T09:25:06.541+0000] {logging_mixin.py:190} INFO - [2024-12-07T09:25:06.541+0000] {dag.py:4180} INFO - Setting next_dagrun for example_params_ui_tutorial to None, run_after=None
[2024-12-07T09:25:06.556+0000] {processor.py:208} INFO - Processing /home/airflow/.local/lib/python3.12/site-packages/airflow/example_dags/example_params_ui_tutorial.py took 0.087 seconds
[2024-12-07T09:25:36.773+0000] {processor.py:186} INFO - Started process (PID=1396) to work on /home/airflow/.local/lib/python3.12/site-packages/airflow/example_dags/example_params_ui_tutorial.py
[2024-12-07T09:25:36.774+0000] {processor.py:914} INFO - Processing file /home/airflow/.local/lib/python3.12/site-packages/airflow/example_dags/example_params_ui_tutorial.py for tasks to queue
[2024-12-07T09:25:36.775+0000] {logging_mixin.py:190} INFO - [2024-12-07T09:25:36.775+0000] {dagbag.py:588} INFO - Filling up the DagBag from /home/airflow/.local/lib/python3.12/site-packages/airflow/example_dags/example_params_ui_tutorial.py
[2024-12-07T09:25:36.783+0000] {processor.py:925} INFO - DAG(s) 'example_params_ui_tutorial' retrieved from /home/airflow/.local/lib/python3.12/site-packages/airflow/example_dags/example_params_ui_tutorial.py
[2024-12-07T09:25:36.829+0000] {logging_mixin.py:190} INFO - [2024-12-07T09:25:36.829+0000] {dag.py:3239} INFO - Sync 1 DAGs
[2024-12-07T09:25:36.843+0000] {logging_mixin.py:190} INFO - [2024-12-07T09:25:36.843+0000] {dag.py:4180} INFO - Setting next_dagrun for example_params_ui_tutorial to None, run_after=None
[2024-12-07T09:25:36.856+0000] {processor.py:208} INFO - Processing /home/airflow/.local/lib/python3.12/site-packages/airflow/example_dags/example_params_ui_tutorial.py took 0.088 seconds
[2024-12-07T09:26:07.014+0000] {processor.py:186} INFO - Started process (PID=1459) to work on /home/airflow/.local/lib/python3.12/site-packages/airflow/example_dags/example_params_ui_tutorial.py
[2024-12-07T09:26:07.015+0000] {processor.py:914} INFO - Processing file /home/airflow/.local/lib/python3.12/site-packages/airflow/example_dags/example_params_ui_tutorial.py for tasks to queue
[2024-12-07T09:26:07.016+0000] {logging_mixin.py:190} INFO - [2024-12-07T09:26:07.016+0000] {dagbag.py:588} INFO - Filling up the DagBag from /home/airflow/.local/lib/python3.12/site-packages/airflow/example_dags/example_params_ui_tutorial.py
[2024-12-07T09:26:07.024+0000] {processor.py:925} INFO - DAG(s) 'example_params_ui_tutorial' retrieved from /home/airflow/.local/lib/python3.12/site-packages/airflow/example_dags/example_params_ui_tutorial.py
[2024-12-07T09:26:07.075+0000] {logging_mixin.py:190} INFO - [2024-12-07T09:26:07.075+0000] {dag.py:3239} INFO - Sync 1 DAGs
[2024-12-07T09:26:07.090+0000] {logging_mixin.py:190} INFO - [2024-12-07T09:26:07.090+0000] {dag.py:4180} INFO - Setting next_dagrun for example_params_ui_tutorial to None, run_after=None
[2024-12-07T09:26:07.105+0000] {processor.py:208} INFO - Processing /home/airflow/.local/lib/python3.12/site-packages/airflow/example_dags/example_params_ui_tutorial.py took 0.095 seconds
[2024-12-07T09:26:37.350+0000] {processor.py:186} INFO - Started process (PID=1522) to work on /home/airflow/.local/lib/python3.12/site-packages/airflow/example_dags/example_params_ui_tutorial.py
[2024-12-07T09:26:37.350+0000] {processor.py:914} INFO - Processing file /home/airflow/.local/lib/python3.12/site-packages/airflow/example_dags/example_params_ui_tutorial.py for tasks to queue
[2024-12-07T09:26:37.352+0000] {logging_mixin.py:190} INFO - [2024-12-07T09:26:37.351+0000] {dagbag.py:588} INFO - Filling up the DagBag from /home/airflow/.local/lib/python3.12/site-packages/airflow/example_dags/example_params_ui_tutorial.py
[2024-12-07T09:26:37.359+0000] {processor.py:925} INFO - DAG(s) 'example_params_ui_tutorial' retrieved from /home/airflow/.local/lib/python3.12/site-packages/airflow/example_dags/example_params_ui_tutorial.py
[2024-12-07T09:26:37.409+0000] {logging_mixin.py:190} INFO - [2024-12-07T09:26:37.409+0000] {dag.py:3239} INFO - Sync 1 DAGs
[2024-12-07T09:26:37.423+0000] {logging_mixin.py:190} INFO - [2024-12-07T09:26:37.423+0000] {dag.py:4180} INFO - Setting next_dagrun for example_params_ui_tutorial to None, run_after=None
[2024-12-07T09:26:37.436+0000] {processor.py:208} INFO - Processing /home/airflow/.local/lib/python3.12/site-packages/airflow/example_dags/example_params_ui_tutorial.py took 0.091 seconds
[2024-12-07T09:27:07.619+0000] {processor.py:186} INFO - Started process (PID=1585) to work on /home/airflow/.local/lib/python3.12/site-packages/airflow/example_dags/example_params_ui_tutorial.py
[2024-12-07T09:27:07.620+0000] {processor.py:914} INFO - Processing file /home/airflow/.local/lib/python3.12/site-packages/airflow/example_dags/example_params_ui_tutorial.py for tasks to queue
[2024-12-07T09:27:07.621+0000] {logging_mixin.py:190} INFO - [2024-12-07T09:27:07.621+0000] {dagbag.py:588} INFO - Filling up the DagBag from /home/airflow/.local/lib/python3.12/site-packages/airflow/example_dags/example_params_ui_tutorial.py
[2024-12-07T09:27:07.628+0000] {processor.py:925} INFO - DAG(s) 'example_params_ui_tutorial' retrieved from /home/airflow/.local/lib/python3.12/site-packages/airflow/example_dags/example_params_ui_tutorial.py
[2024-12-07T09:27:07.663+0000] {logging_mixin.py:190} INFO - [2024-12-07T09:27:07.663+0000] {dag.py:3239} INFO - Sync 1 DAGs
[2024-12-07T09:27:07.675+0000] {logging_mixin.py:190} INFO - [2024-12-07T09:27:07.674+0000] {dag.py:4180} INFO - Setting next_dagrun for example_params_ui_tutorial to None, run_after=None
[2024-12-07T09:27:07.689+0000] {processor.py:208} INFO - Processing /home/airflow/.local/lib/python3.12/site-packages/airflow/example_dags/example_params_ui_tutorial.py took 0.075 seconds
[2024-12-07T09:27:37.789+0000] {processor.py:186} INFO - Started process (PID=1648) to work on /home/airflow/.local/lib/python3.12/site-packages/airflow/example_dags/example_params_ui_tutorial.py
[2024-12-07T09:27:37.790+0000] {processor.py:914} INFO - Processing file /home/airflow/.local/lib/python3.12/site-packages/airflow/example_dags/example_params_ui_tutorial.py for tasks to queue
[2024-12-07T09:27:37.792+0000] {logging_mixin.py:190} INFO - [2024-12-07T09:27:37.791+0000] {dagbag.py:588} INFO - Filling up the DagBag from /home/airflow/.local/lib/python3.12/site-packages/airflow/example_dags/example_params_ui_tutorial.py
[2024-12-07T09:27:37.799+0000] {processor.py:925} INFO - DAG(s) 'example_params_ui_tutorial' retrieved from /home/airflow/.local/lib/python3.12/site-packages/airflow/example_dags/example_params_ui_tutorial.py
[2024-12-07T09:27:37.849+0000] {logging_mixin.py:190} INFO - [2024-12-07T09:27:37.848+0000] {dag.py:3239} INFO - Sync 1 DAGs
[2024-12-07T09:27:37.862+0000] {logging_mixin.py:190} INFO - [2024-12-07T09:27:37.862+0000] {dag.py:4180} INFO - Setting next_dagrun for example_params_ui_tutorial to None, run_after=None
[2024-12-07T09:27:37.875+0000] {processor.py:208} INFO - Processing /home/airflow/.local/lib/python3.12/site-packages/airflow/example_dags/example_params_ui_tutorial.py took 0.092 seconds
