[2024-12-07T09:14:57.515+0000] {processor.py:186} INFO - Started process (PID=85) to work on /home/airflow/.local/lib/python3.12/site-packages/airflow/example_dags/example_xcom.py
[2024-12-07T09:14:57.516+0000] {processor.py:914} INFO - Processing file /home/airflow/.local/lib/python3.12/site-packages/airflow/example_dags/example_xcom.py for tasks to queue
[2024-12-07T09:14:57.518+0000] {logging_mixin.py:190} INFO - [2024-12-07T09:14:57.518+0000] {dagbag.py:588} INFO - Filling up the DagBag from /home/airflow/.local/lib/python3.12/site-packages/airflow/example_dags/example_xcom.py
[2024-12-07T09:14:57.530+0000] {processor.py:925} INFO - DAG(s) 'example_xcom' retrieved from /home/airflow/.local/lib/python3.12/site-packages/airflow/example_dags/example_xcom.py
[2024-12-07T09:14:57.630+0000] {logging_mixin.py:190} INFO - [2024-12-07T09:14:57.629+0000] {override.py:1911} INFO - Created Permission View: can delete on DAG:example_xcom
[2024-12-07T09:14:57.636+0000] {logging_mixin.py:190} INFO - [2024-12-07T09:14:57.636+0000] {override.py:1911} INFO - Created Permission View: can edit on DAG:example_xcom
[2024-12-07T09:14:57.641+0000] {logging_mixin.py:190} INFO - [2024-12-07T09:14:57.640+0000] {override.py:1911} INFO - Created Permission View: can read on DAG:example_xcom
[2024-12-07T09:14:57.645+0000] {logging_mixin.py:190} INFO - [2024-12-07T09:14:57.645+0000] {override.py:1911} INFO - Created Permission View: can delete on DAG Run:example_xcom
[2024-12-07T09:14:57.649+0000] {logging_mixin.py:190} INFO - [2024-12-07T09:14:57.649+0000] {override.py:1911} INFO - Created Permission View: menu access on DAG Run:example_xcom
[2024-12-07T09:14:57.653+0000] {logging_mixin.py:190} INFO - [2024-12-07T09:14:57.653+0000] {override.py:1911} INFO - Created Permission View: can create on DAG Run:example_xcom
[2024-12-07T09:14:57.658+0000] {logging_mixin.py:190} INFO - [2024-12-07T09:14:57.657+0000] {override.py:1911} INFO - Created Permission View: can read on DAG Run:example_xcom
[2024-12-07T09:14:57.658+0000] {logging_mixin.py:190} INFO - [2024-12-07T09:14:57.658+0000] {dag.py:3239} INFO - Sync 1 DAGs
[2024-12-07T09:14:57.667+0000] {logging_mixin.py:190} INFO - [2024-12-07T09:14:57.667+0000] {dag.py:3262} INFO - Creating ORM DAG for example_xcom
[2024-12-07T09:14:57.674+0000] {logging_mixin.py:190} INFO - [2024-12-07T09:14:57.674+0000] {dag.py:4180} INFO - Setting next_dagrun for example_xcom to 2021-01-01 00:00:00+00:00, run_after=2021-01-01 00:00:00+00:00
[2024-12-07T09:14:57.686+0000] {processor.py:208} INFO - Processing /home/airflow/.local/lib/python3.12/site-packages/airflow/example_dags/example_xcom.py took 0.177 seconds
[2024-12-07T09:15:28.422+0000] {processor.py:186} INFO - Started process (PID=148) to work on /home/airflow/.local/lib/python3.12/site-packages/airflow/example_dags/example_xcom.py
[2024-12-07T09:15:28.423+0000] {processor.py:914} INFO - Processing file /home/airflow/.local/lib/python3.12/site-packages/airflow/example_dags/example_xcom.py for tasks to queue
[2024-12-07T09:15:28.424+0000] {logging_mixin.py:190} INFO - [2024-12-07T09:15:28.424+0000] {dagbag.py:588} INFO - Filling up the DagBag from /home/airflow/.local/lib/python3.12/site-packages/airflow/example_dags/example_xcom.py
[2024-12-07T09:15:28.431+0000] {processor.py:925} INFO - DAG(s) 'example_xcom' retrieved from /home/airflow/.local/lib/python3.12/site-packages/airflow/example_dags/example_xcom.py
[2024-12-07T09:15:28.450+0000] {logging_mixin.py:190} INFO - [2024-12-07T09:15:28.450+0000] {dag.py:3239} INFO - Sync 1 DAGs
[2024-12-07T09:15:28.470+0000] {logging_mixin.py:190} INFO - [2024-12-07T09:15:28.470+0000] {dag.py:4180} INFO - Setting next_dagrun for example_xcom to 2021-01-01 00:00:00+00:00, run_after=2021-01-01 00:00:00+00:00
[2024-12-07T09:15:28.484+0000] {processor.py:208} INFO - Processing /home/airflow/.local/lib/python3.12/site-packages/airflow/example_dags/example_xcom.py took 0.067 seconds
[2024-12-07T09:15:58.568+0000] {processor.py:186} INFO - Started process (PID=211) to work on /home/airflow/.local/lib/python3.12/site-packages/airflow/example_dags/example_xcom.py
[2024-12-07T09:15:58.569+0000] {processor.py:914} INFO - Processing file /home/airflow/.local/lib/python3.12/site-packages/airflow/example_dags/example_xcom.py for tasks to queue
[2024-12-07T09:15:58.571+0000] {logging_mixin.py:190} INFO - [2024-12-07T09:15:58.570+0000] {dagbag.py:588} INFO - Filling up the DagBag from /home/airflow/.local/lib/python3.12/site-packages/airflow/example_dags/example_xcom.py
[2024-12-07T09:15:58.578+0000] {processor.py:925} INFO - DAG(s) 'example_xcom' retrieved from /home/airflow/.local/lib/python3.12/site-packages/airflow/example_dags/example_xcom.py
[2024-12-07T09:15:58.595+0000] {logging_mixin.py:190} INFO - [2024-12-07T09:15:58.595+0000] {dag.py:3239} INFO - Sync 1 DAGs
[2024-12-07T09:15:58.613+0000] {logging_mixin.py:190} INFO - [2024-12-07T09:15:58.612+0000] {dag.py:4180} INFO - Setting next_dagrun for example_xcom to 2021-01-01 00:00:00+00:00, run_after=2021-01-01 00:00:00+00:00
[2024-12-07T09:15:58.625+0000] {processor.py:208} INFO - Processing /home/airflow/.local/lib/python3.12/site-packages/airflow/example_dags/example_xcom.py took 0.062 seconds
[2024-12-07T09:16:28.679+0000] {processor.py:186} INFO - Started process (PID=274) to work on /home/airflow/.local/lib/python3.12/site-packages/airflow/example_dags/example_xcom.py
[2024-12-07T09:16:28.680+0000] {processor.py:914} INFO - Processing file /home/airflow/.local/lib/python3.12/site-packages/airflow/example_dags/example_xcom.py for tasks to queue
[2024-12-07T09:16:28.682+0000] {logging_mixin.py:190} INFO - [2024-12-07T09:16:28.682+0000] {dagbag.py:588} INFO - Filling up the DagBag from /home/airflow/.local/lib/python3.12/site-packages/airflow/example_dags/example_xcom.py
[2024-12-07T09:16:28.692+0000] {processor.py:925} INFO - DAG(s) 'example_xcom' retrieved from /home/airflow/.local/lib/python3.12/site-packages/airflow/example_dags/example_xcom.py
[2024-12-07T09:16:28.714+0000] {logging_mixin.py:190} INFO - [2024-12-07T09:16:28.714+0000] {dag.py:3239} INFO - Sync 1 DAGs
[2024-12-07T09:16:28.738+0000] {logging_mixin.py:190} INFO - [2024-12-07T09:16:28.738+0000] {dag.py:4180} INFO - Setting next_dagrun for example_xcom to 2021-01-01 00:00:00+00:00, run_after=2021-01-01 00:00:00+00:00
[2024-12-07T09:16:28.756+0000] {processor.py:208} INFO - Processing /home/airflow/.local/lib/python3.12/site-packages/airflow/example_dags/example_xcom.py took 0.083 seconds
[2024-12-07T09:16:59.534+0000] {processor.py:186} INFO - Started process (PID=337) to work on /home/airflow/.local/lib/python3.12/site-packages/airflow/example_dags/example_xcom.py
[2024-12-07T09:16:59.535+0000] {processor.py:914} INFO - Processing file /home/airflow/.local/lib/python3.12/site-packages/airflow/example_dags/example_xcom.py for tasks to queue
[2024-12-07T09:16:59.537+0000] {logging_mixin.py:190} INFO - [2024-12-07T09:16:59.537+0000] {dagbag.py:588} INFO - Filling up the DagBag from /home/airflow/.local/lib/python3.12/site-packages/airflow/example_dags/example_xcom.py
[2024-12-07T09:16:59.547+0000] {processor.py:925} INFO - DAG(s) 'example_xcom' retrieved from /home/airflow/.local/lib/python3.12/site-packages/airflow/example_dags/example_xcom.py
[2024-12-07T09:16:59.569+0000] {logging_mixin.py:190} INFO - [2024-12-07T09:16:59.568+0000] {dag.py:3239} INFO - Sync 1 DAGs
[2024-12-07T09:16:59.593+0000] {logging_mixin.py:190} INFO - [2024-12-07T09:16:59.593+0000] {dag.py:4180} INFO - Setting next_dagrun for example_xcom to 2021-01-01 00:00:00+00:00, run_after=2021-01-01 00:00:00+00:00
[2024-12-07T09:16:59.608+0000] {processor.py:208} INFO - Processing /home/airflow/.local/lib/python3.12/site-packages/airflow/example_dags/example_xcom.py took 0.078 seconds
[2024-12-07T09:17:30.347+0000] {processor.py:186} INFO - Started process (PID=400) to work on /home/airflow/.local/lib/python3.12/site-packages/airflow/example_dags/example_xcom.py
[2024-12-07T09:17:30.347+0000] {processor.py:914} INFO - Processing file /home/airflow/.local/lib/python3.12/site-packages/airflow/example_dags/example_xcom.py for tasks to queue
[2024-12-07T09:17:30.349+0000] {logging_mixin.py:190} INFO - [2024-12-07T09:17:30.349+0000] {dagbag.py:588} INFO - Filling up the DagBag from /home/airflow/.local/lib/python3.12/site-packages/airflow/example_dags/example_xcom.py
[2024-12-07T09:17:30.356+0000] {processor.py:925} INFO - DAG(s) 'example_xcom' retrieved from /home/airflow/.local/lib/python3.12/site-packages/airflow/example_dags/example_xcom.py
[2024-12-07T09:17:30.377+0000] {logging_mixin.py:190} INFO - [2024-12-07T09:17:30.377+0000] {dag.py:3239} INFO - Sync 1 DAGs
[2024-12-07T09:17:30.401+0000] {logging_mixin.py:190} INFO - [2024-12-07T09:17:30.400+0000] {dag.py:4180} INFO - Setting next_dagrun for example_xcom to 2021-01-01 00:00:00+00:00, run_after=2021-01-01 00:00:00+00:00
[2024-12-07T09:17:30.416+0000] {processor.py:208} INFO - Processing /home/airflow/.local/lib/python3.12/site-packages/airflow/example_dags/example_xcom.py took 0.074 seconds
[2024-12-07T09:18:00.828+0000] {processor.py:186} INFO - Started process (PID=463) to work on /home/airflow/.local/lib/python3.12/site-packages/airflow/example_dags/example_xcom.py
[2024-12-07T09:18:00.829+0000] {processor.py:914} INFO - Processing file /home/airflow/.local/lib/python3.12/site-packages/airflow/example_dags/example_xcom.py for tasks to queue
[2024-12-07T09:18:00.830+0000] {logging_mixin.py:190} INFO - [2024-12-07T09:18:00.830+0000] {dagbag.py:588} INFO - Filling up the DagBag from /home/airflow/.local/lib/python3.12/site-packages/airflow/example_dags/example_xcom.py
[2024-12-07T09:18:00.837+0000] {processor.py:925} INFO - DAG(s) 'example_xcom' retrieved from /home/airflow/.local/lib/python3.12/site-packages/airflow/example_dags/example_xcom.py
[2024-12-07T09:18:00.853+0000] {logging_mixin.py:190} INFO - [2024-12-07T09:18:00.853+0000] {dag.py:3239} INFO - Sync 1 DAGs
[2024-12-07T09:18:00.869+0000] {logging_mixin.py:190} INFO - [2024-12-07T09:18:00.869+0000] {dag.py:4180} INFO - Setting next_dagrun for example_xcom to 2021-01-01 00:00:00+00:00, run_after=2021-01-01 00:00:00+00:00
[2024-12-07T09:18:00.881+0000] {processor.py:208} INFO - Processing /home/airflow/.local/lib/python3.12/site-packages/airflow/example_dags/example_xcom.py took 0.057 seconds
[2024-12-07T09:18:31.055+0000] {processor.py:186} INFO - Started process (PID=526) to work on /home/airflow/.local/lib/python3.12/site-packages/airflow/example_dags/example_xcom.py
[2024-12-07T09:18:31.055+0000] {processor.py:914} INFO - Processing file /home/airflow/.local/lib/python3.12/site-packages/airflow/example_dags/example_xcom.py for tasks to queue
[2024-12-07T09:18:31.058+0000] {logging_mixin.py:190} INFO - [2024-12-07T09:18:31.057+0000] {dagbag.py:588} INFO - Filling up the DagBag from /home/airflow/.local/lib/python3.12/site-packages/airflow/example_dags/example_xcom.py
[2024-12-07T09:18:31.066+0000] {processor.py:925} INFO - DAG(s) 'example_xcom' retrieved from /home/airflow/.local/lib/python3.12/site-packages/airflow/example_dags/example_xcom.py
[2024-12-07T09:18:31.082+0000] {logging_mixin.py:190} INFO - [2024-12-07T09:18:31.082+0000] {dag.py:3239} INFO - Sync 1 DAGs
[2024-12-07T09:18:31.100+0000] {logging_mixin.py:190} INFO - [2024-12-07T09:18:31.100+0000] {dag.py:4180} INFO - Setting next_dagrun for example_xcom to 2021-01-01 00:00:00+00:00, run_after=2021-01-01 00:00:00+00:00
[2024-12-07T09:18:31.112+0000] {processor.py:208} INFO - Processing /home/airflow/.local/lib/python3.12/site-packages/airflow/example_dags/example_xcom.py took 0.063 seconds
[2024-12-07T09:19:01.218+0000] {processor.py:186} INFO - Started process (PID=589) to work on /home/airflow/.local/lib/python3.12/site-packages/airflow/example_dags/example_xcom.py
[2024-12-07T09:19:01.218+0000] {processor.py:914} INFO - Processing file /home/airflow/.local/lib/python3.12/site-packages/airflow/example_dags/example_xcom.py for tasks to queue
[2024-12-07T09:19:01.220+0000] {logging_mixin.py:190} INFO - [2024-12-07T09:19:01.220+0000] {dagbag.py:588} INFO - Filling up the DagBag from /home/airflow/.local/lib/python3.12/site-packages/airflow/example_dags/example_xcom.py
[2024-12-07T09:19:01.229+0000] {processor.py:925} INFO - DAG(s) 'example_xcom' retrieved from /home/airflow/.local/lib/python3.12/site-packages/airflow/example_dags/example_xcom.py
[2024-12-07T09:19:01.244+0000] {logging_mixin.py:190} INFO - [2024-12-07T09:19:01.244+0000] {dag.py:3239} INFO - Sync 1 DAGs
[2024-12-07T09:19:01.265+0000] {logging_mixin.py:190} INFO - [2024-12-07T09:19:01.265+0000] {dag.py:4180} INFO - Setting next_dagrun for example_xcom to 2021-01-01 00:00:00+00:00, run_after=2021-01-01 00:00:00+00:00
[2024-12-07T09:19:01.281+0000] {processor.py:208} INFO - Processing /home/airflow/.local/lib/python3.12/site-packages/airflow/example_dags/example_xcom.py took 0.069 seconds
[2024-12-07T09:19:31.650+0000] {processor.py:186} INFO - Started process (PID=652) to work on /home/airflow/.local/lib/python3.12/site-packages/airflow/example_dags/example_xcom.py
[2024-12-07T09:19:31.651+0000] {processor.py:914} INFO - Processing file /home/airflow/.local/lib/python3.12/site-packages/airflow/example_dags/example_xcom.py for tasks to queue
[2024-12-07T09:19:31.653+0000] {logging_mixin.py:190} INFO - [2024-12-07T09:19:31.652+0000] {dagbag.py:588} INFO - Filling up the DagBag from /home/airflow/.local/lib/python3.12/site-packages/airflow/example_dags/example_xcom.py
[2024-12-07T09:19:31.660+0000] {processor.py:925} INFO - DAG(s) 'example_xcom' retrieved from /home/airflow/.local/lib/python3.12/site-packages/airflow/example_dags/example_xcom.py
[2024-12-07T09:19:31.677+0000] {logging_mixin.py:190} INFO - [2024-12-07T09:19:31.677+0000] {dag.py:3239} INFO - Sync 1 DAGs
[2024-12-07T09:19:31.696+0000] {logging_mixin.py:190} INFO - [2024-12-07T09:19:31.696+0000] {dag.py:4180} INFO - Setting next_dagrun for example_xcom to 2021-01-01 00:00:00+00:00, run_after=2021-01-01 00:00:00+00:00
[2024-12-07T09:19:31.709+0000] {processor.py:208} INFO - Processing /home/airflow/.local/lib/python3.12/site-packages/airflow/example_dags/example_xcom.py took 0.064 seconds
[2024-12-07T09:20:02.080+0000] {processor.py:186} INFO - Started process (PID=715) to work on /home/airflow/.local/lib/python3.12/site-packages/airflow/example_dags/example_xcom.py
[2024-12-07T09:20:02.081+0000] {processor.py:914} INFO - Processing file /home/airflow/.local/lib/python3.12/site-packages/airflow/example_dags/example_xcom.py for tasks to queue
[2024-12-07T09:20:02.083+0000] {logging_mixin.py:190} INFO - [2024-12-07T09:20:02.082+0000] {dagbag.py:588} INFO - Filling up the DagBag from /home/airflow/.local/lib/python3.12/site-packages/airflow/example_dags/example_xcom.py
[2024-12-07T09:20:02.090+0000] {processor.py:925} INFO - DAG(s) 'example_xcom' retrieved from /home/airflow/.local/lib/python3.12/site-packages/airflow/example_dags/example_xcom.py
[2024-12-07T09:20:02.106+0000] {logging_mixin.py:190} INFO - [2024-12-07T09:20:02.106+0000] {dag.py:3239} INFO - Sync 1 DAGs
[2024-12-07T09:20:02.125+0000] {logging_mixin.py:190} INFO - [2024-12-07T09:20:02.124+0000] {dag.py:4180} INFO - Setting next_dagrun for example_xcom to 2021-01-01 00:00:00+00:00, run_after=2021-01-01 00:00:00+00:00
[2024-12-07T09:20:02.140+0000] {processor.py:208} INFO - Processing /home/airflow/.local/lib/python3.12/site-packages/airflow/example_dags/example_xcom.py took 0.064 seconds
[2024-12-07T09:20:32.482+0000] {processor.py:186} INFO - Started process (PID=778) to work on /home/airflow/.local/lib/python3.12/site-packages/airflow/example_dags/example_xcom.py
[2024-12-07T09:20:32.482+0000] {processor.py:914} INFO - Processing file /home/airflow/.local/lib/python3.12/site-packages/airflow/example_dags/example_xcom.py for tasks to queue
[2024-12-07T09:20:32.484+0000] {logging_mixin.py:190} INFO - [2024-12-07T09:20:32.483+0000] {dagbag.py:588} INFO - Filling up the DagBag from /home/airflow/.local/lib/python3.12/site-packages/airflow/example_dags/example_xcom.py
[2024-12-07T09:20:32.492+0000] {processor.py:925} INFO - DAG(s) 'example_xcom' retrieved from /home/airflow/.local/lib/python3.12/site-packages/airflow/example_dags/example_xcom.py
[2024-12-07T09:20:32.511+0000] {logging_mixin.py:190} INFO - [2024-12-07T09:20:32.511+0000] {dag.py:3239} INFO - Sync 1 DAGs
[2024-12-07T09:20:32.533+0000] {logging_mixin.py:190} INFO - [2024-12-07T09:20:32.533+0000] {dag.py:4180} INFO - Setting next_dagrun for example_xcom to 2021-01-01 00:00:00+00:00, run_after=2021-01-01 00:00:00+00:00
[2024-12-07T09:20:32.548+0000] {processor.py:208} INFO - Processing /home/airflow/.local/lib/python3.12/site-packages/airflow/example_dags/example_xcom.py took 0.071 seconds
[2024-12-07T09:21:03.484+0000] {processor.py:186} INFO - Started process (PID=841) to work on /home/airflow/.local/lib/python3.12/site-packages/airflow/example_dags/example_xcom.py
[2024-12-07T09:21:03.484+0000] {processor.py:914} INFO - Processing file /home/airflow/.local/lib/python3.12/site-packages/airflow/example_dags/example_xcom.py for tasks to queue
[2024-12-07T09:21:03.486+0000] {logging_mixin.py:190} INFO - [2024-12-07T09:21:03.486+0000] {dagbag.py:588} INFO - Filling up the DagBag from /home/airflow/.local/lib/python3.12/site-packages/airflow/example_dags/example_xcom.py
[2024-12-07T09:21:03.494+0000] {processor.py:925} INFO - DAG(s) 'example_xcom' retrieved from /home/airflow/.local/lib/python3.12/site-packages/airflow/example_dags/example_xcom.py
[2024-12-07T09:21:03.515+0000] {logging_mixin.py:190} INFO - [2024-12-07T09:21:03.514+0000] {dag.py:3239} INFO - Sync 1 DAGs
[2024-12-07T09:21:03.539+0000] {logging_mixin.py:190} INFO - [2024-12-07T09:21:03.538+0000] {dag.py:4180} INFO - Setting next_dagrun for example_xcom to 2021-01-01 00:00:00+00:00, run_after=2021-01-01 00:00:00+00:00
[2024-12-07T09:21:03.554+0000] {processor.py:208} INFO - Processing /home/airflow/.local/lib/python3.12/site-packages/airflow/example_dags/example_xcom.py took 0.076 seconds
[2024-12-07T09:21:33.877+0000] {processor.py:186} INFO - Started process (PID=904) to work on /home/airflow/.local/lib/python3.12/site-packages/airflow/example_dags/example_xcom.py
[2024-12-07T09:21:33.878+0000] {processor.py:914} INFO - Processing file /home/airflow/.local/lib/python3.12/site-packages/airflow/example_dags/example_xcom.py for tasks to queue
[2024-12-07T09:21:33.879+0000] {logging_mixin.py:190} INFO - [2024-12-07T09:21:33.879+0000] {dagbag.py:588} INFO - Filling up the DagBag from /home/airflow/.local/lib/python3.12/site-packages/airflow/example_dags/example_xcom.py
[2024-12-07T09:21:33.886+0000] {processor.py:925} INFO - DAG(s) 'example_xcom' retrieved from /home/airflow/.local/lib/python3.12/site-packages/airflow/example_dags/example_xcom.py
[2024-12-07T09:21:33.903+0000] {logging_mixin.py:190} INFO - [2024-12-07T09:21:33.903+0000] {dag.py:3239} INFO - Sync 1 DAGs
[2024-12-07T09:21:33.920+0000] {logging_mixin.py:190} INFO - [2024-12-07T09:21:33.920+0000] {dag.py:4180} INFO - Setting next_dagrun for example_xcom to 2021-01-01 00:00:00+00:00, run_after=2021-01-01 00:00:00+00:00
[2024-12-07T09:21:33.932+0000] {processor.py:208} INFO - Processing /home/airflow/.local/lib/python3.12/site-packages/airflow/example_dags/example_xcom.py took 0.060 seconds
[2024-12-07T09:22:04.227+0000] {processor.py:186} INFO - Started process (PID=967) to work on /home/airflow/.local/lib/python3.12/site-packages/airflow/example_dags/example_xcom.py
[2024-12-07T09:22:04.228+0000] {processor.py:914} INFO - Processing file /home/airflow/.local/lib/python3.12/site-packages/airflow/example_dags/example_xcom.py for tasks to queue
[2024-12-07T09:22:04.230+0000] {logging_mixin.py:190} INFO - [2024-12-07T09:22:04.230+0000] {dagbag.py:588} INFO - Filling up the DagBag from /home/airflow/.local/lib/python3.12/site-packages/airflow/example_dags/example_xcom.py
[2024-12-07T09:22:04.237+0000] {processor.py:925} INFO - DAG(s) 'example_xcom' retrieved from /home/airflow/.local/lib/python3.12/site-packages/airflow/example_dags/example_xcom.py
[2024-12-07T09:22:04.254+0000] {logging_mixin.py:190} INFO - [2024-12-07T09:22:04.254+0000] {dag.py:3239} INFO - Sync 1 DAGs
[2024-12-07T09:22:04.272+0000] {logging_mixin.py:190} INFO - [2024-12-07T09:22:04.272+0000] {dag.py:4180} INFO - Setting next_dagrun for example_xcom to 2021-01-01 00:00:00+00:00, run_after=2021-01-01 00:00:00+00:00
[2024-12-07T09:22:04.284+0000] {processor.py:208} INFO - Processing /home/airflow/.local/lib/python3.12/site-packages/airflow/example_dags/example_xcom.py took 0.061 seconds
[2024-12-07T09:22:34.951+0000] {processor.py:186} INFO - Started process (PID=1030) to work on /home/airflow/.local/lib/python3.12/site-packages/airflow/example_dags/example_xcom.py
[2024-12-07T09:22:34.951+0000] {processor.py:914} INFO - Processing file /home/airflow/.local/lib/python3.12/site-packages/airflow/example_dags/example_xcom.py for tasks to queue
[2024-12-07T09:22:34.953+0000] {logging_mixin.py:190} INFO - [2024-12-07T09:22:34.953+0000] {dagbag.py:588} INFO - Filling up the DagBag from /home/airflow/.local/lib/python3.12/site-packages/airflow/example_dags/example_xcom.py
[2024-12-07T09:22:34.960+0000] {processor.py:925} INFO - DAG(s) 'example_xcom' retrieved from /home/airflow/.local/lib/python3.12/site-packages/airflow/example_dags/example_xcom.py
[2024-12-07T09:22:34.979+0000] {logging_mixin.py:190} INFO - [2024-12-07T09:22:34.979+0000] {dag.py:3239} INFO - Sync 1 DAGs
[2024-12-07T09:22:35.002+0000] {logging_mixin.py:190} INFO - [2024-12-07T09:22:35.001+0000] {dag.py:4180} INFO - Setting next_dagrun for example_xcom to 2021-01-01 00:00:00+00:00, run_after=2021-01-01 00:00:00+00:00
[2024-12-07T09:22:35.016+0000] {processor.py:208} INFO - Processing /home/airflow/.local/lib/python3.12/site-packages/airflow/example_dags/example_xcom.py took 0.069 seconds
[2024-12-07T09:23:05.734+0000] {processor.py:186} INFO - Started process (PID=1093) to work on /home/airflow/.local/lib/python3.12/site-packages/airflow/example_dags/example_xcom.py
[2024-12-07T09:23:05.735+0000] {processor.py:914} INFO - Processing file /home/airflow/.local/lib/python3.12/site-packages/airflow/example_dags/example_xcom.py for tasks to queue
[2024-12-07T09:23:05.737+0000] {logging_mixin.py:190} INFO - [2024-12-07T09:23:05.737+0000] {dagbag.py:588} INFO - Filling up the DagBag from /home/airflow/.local/lib/python3.12/site-packages/airflow/example_dags/example_xcom.py
[2024-12-07T09:23:05.746+0000] {processor.py:925} INFO - DAG(s) 'example_xcom' retrieved from /home/airflow/.local/lib/python3.12/site-packages/airflow/example_dags/example_xcom.py
[2024-12-07T09:23:05.765+0000] {logging_mixin.py:190} INFO - [2024-12-07T09:23:05.764+0000] {dag.py:3239} INFO - Sync 1 DAGs
[2024-12-07T09:23:05.788+0000] {logging_mixin.py:190} INFO - [2024-12-07T09:23:05.787+0000] {dag.py:4180} INFO - Setting next_dagrun for example_xcom to 2021-01-01 00:00:00+00:00, run_after=2021-01-01 00:00:00+00:00
[2024-12-07T09:23:05.803+0000] {processor.py:208} INFO - Processing /home/airflow/.local/lib/python3.12/site-packages/airflow/example_dags/example_xcom.py took 0.074 seconds
[2024-12-07T09:23:36.623+0000] {processor.py:186} INFO - Started process (PID=1157) to work on /home/airflow/.local/lib/python3.12/site-packages/airflow/example_dags/example_xcom.py
[2024-12-07T09:23:36.623+0000] {processor.py:914} INFO - Processing file /home/airflow/.local/lib/python3.12/site-packages/airflow/example_dags/example_xcom.py for tasks to queue
[2024-12-07T09:23:36.625+0000] {logging_mixin.py:190} INFO - [2024-12-07T09:23:36.625+0000] {dagbag.py:588} INFO - Filling up the DagBag from /home/airflow/.local/lib/python3.12/site-packages/airflow/example_dags/example_xcom.py
[2024-12-07T09:23:36.633+0000] {processor.py:925} INFO - DAG(s) 'example_xcom' retrieved from /home/airflow/.local/lib/python3.12/site-packages/airflow/example_dags/example_xcom.py
[2024-12-07T09:23:36.653+0000] {logging_mixin.py:190} INFO - [2024-12-07T09:23:36.653+0000] {dag.py:3239} INFO - Sync 1 DAGs
[2024-12-07T09:23:36.679+0000] {logging_mixin.py:190} INFO - [2024-12-07T09:23:36.679+0000] {dag.py:4180} INFO - Setting next_dagrun for example_xcom to 2021-01-01 00:00:00+00:00, run_after=2021-01-01 00:00:00+00:00
[2024-12-07T09:23:36.693+0000] {processor.py:208} INFO - Processing /home/airflow/.local/lib/python3.12/site-packages/airflow/example_dags/example_xcom.py took 0.075 seconds
[2024-12-07T09:24:07.608+0000] {processor.py:186} INFO - Started process (PID=1220) to work on /home/airflow/.local/lib/python3.12/site-packages/airflow/example_dags/example_xcom.py
[2024-12-07T09:24:07.609+0000] {processor.py:914} INFO - Processing file /home/airflow/.local/lib/python3.12/site-packages/airflow/example_dags/example_xcom.py for tasks to queue
[2024-12-07T09:24:07.611+0000] {logging_mixin.py:190} INFO - [2024-12-07T09:24:07.610+0000] {dagbag.py:588} INFO - Filling up the DagBag from /home/airflow/.local/lib/python3.12/site-packages/airflow/example_dags/example_xcom.py
[2024-12-07T09:24:07.620+0000] {processor.py:925} INFO - DAG(s) 'example_xcom' retrieved from /home/airflow/.local/lib/python3.12/site-packages/airflow/example_dags/example_xcom.py
[2024-12-07T09:24:07.638+0000] {logging_mixin.py:190} INFO - [2024-12-07T09:24:07.638+0000] {dag.py:3239} INFO - Sync 1 DAGs
[2024-12-07T09:24:07.664+0000] {logging_mixin.py:190} INFO - [2024-12-07T09:24:07.664+0000] {dag.py:4180} INFO - Setting next_dagrun for example_xcom to 2021-01-01 00:00:00+00:00, run_after=2021-01-01 00:00:00+00:00
[2024-12-07T09:24:07.679+0000] {processor.py:208} INFO - Processing /home/airflow/.local/lib/python3.12/site-packages/airflow/example_dags/example_xcom.py took 0.078 seconds
[2024-12-07T09:24:37.843+0000] {processor.py:186} INFO - Started process (PID=1283) to work on /home/airflow/.local/lib/python3.12/site-packages/airflow/example_dags/example_xcom.py
[2024-12-07T09:24:37.843+0000] {processor.py:914} INFO - Processing file /home/airflow/.local/lib/python3.12/site-packages/airflow/example_dags/example_xcom.py for tasks to queue
[2024-12-07T09:24:37.845+0000] {logging_mixin.py:190} INFO - [2024-12-07T09:24:37.845+0000] {dagbag.py:588} INFO - Filling up the DagBag from /home/airflow/.local/lib/python3.12/site-packages/airflow/example_dags/example_xcom.py
[2024-12-07T09:24:37.855+0000] {processor.py:925} INFO - DAG(s) 'example_xcom' retrieved from /home/airflow/.local/lib/python3.12/site-packages/airflow/example_dags/example_xcom.py
[2024-12-07T09:24:37.876+0000] {logging_mixin.py:190} INFO - [2024-12-07T09:24:37.875+0000] {dag.py:3239} INFO - Sync 1 DAGs
[2024-12-07T09:24:37.904+0000] {logging_mixin.py:190} INFO - [2024-12-07T09:24:37.904+0000] {dag.py:4180} INFO - Setting next_dagrun for example_xcom to 2021-01-01 00:00:00+00:00, run_after=2021-01-01 00:00:00+00:00
[2024-12-07T09:24:37.922+0000] {processor.py:208} INFO - Processing /home/airflow/.local/lib/python3.12/site-packages/airflow/example_dags/example_xcom.py took 0.084 seconds
[2024-12-07T09:25:08.100+0000] {processor.py:186} INFO - Started process (PID=1346) to work on /home/airflow/.local/lib/python3.12/site-packages/airflow/example_dags/example_xcom.py
[2024-12-07T09:25:08.101+0000] {processor.py:914} INFO - Processing file /home/airflow/.local/lib/python3.12/site-packages/airflow/example_dags/example_xcom.py for tasks to queue
[2024-12-07T09:25:08.102+0000] {logging_mixin.py:190} INFO - [2024-12-07T09:25:08.102+0000] {dagbag.py:588} INFO - Filling up the DagBag from /home/airflow/.local/lib/python3.12/site-packages/airflow/example_dags/example_xcom.py
[2024-12-07T09:25:08.110+0000] {processor.py:925} INFO - DAG(s) 'example_xcom' retrieved from /home/airflow/.local/lib/python3.12/site-packages/airflow/example_dags/example_xcom.py
[2024-12-07T09:25:08.126+0000] {logging_mixin.py:190} INFO - [2024-12-07T09:25:08.125+0000] {dag.py:3239} INFO - Sync 1 DAGs
[2024-12-07T09:25:08.143+0000] {logging_mixin.py:190} INFO - [2024-12-07T09:25:08.143+0000] {dag.py:4180} INFO - Setting next_dagrun for example_xcom to 2021-01-01 00:00:00+00:00, run_after=2021-01-01 00:00:00+00:00
[2024-12-07T09:25:08.155+0000] {processor.py:208} INFO - Processing /home/airflow/.local/lib/python3.12/site-packages/airflow/example_dags/example_xcom.py took 0.059 seconds
[2024-12-07T09:25:38.395+0000] {processor.py:186} INFO - Started process (PID=1409) to work on /home/airflow/.local/lib/python3.12/site-packages/airflow/example_dags/example_xcom.py
[2024-12-07T09:25:38.396+0000] {processor.py:914} INFO - Processing file /home/airflow/.local/lib/python3.12/site-packages/airflow/example_dags/example_xcom.py for tasks to queue
[2024-12-07T09:25:38.398+0000] {logging_mixin.py:190} INFO - [2024-12-07T09:25:38.397+0000] {dagbag.py:588} INFO - Filling up the DagBag from /home/airflow/.local/lib/python3.12/site-packages/airflow/example_dags/example_xcom.py
[2024-12-07T09:25:38.405+0000] {processor.py:925} INFO - DAG(s) 'example_xcom' retrieved from /home/airflow/.local/lib/python3.12/site-packages/airflow/example_dags/example_xcom.py
[2024-12-07T09:25:38.420+0000] {logging_mixin.py:190} INFO - [2024-12-07T09:25:38.420+0000] {dag.py:3239} INFO - Sync 1 DAGs
[2024-12-07T09:25:38.437+0000] {logging_mixin.py:190} INFO - [2024-12-07T09:25:38.437+0000] {dag.py:4180} INFO - Setting next_dagrun for example_xcom to 2021-01-01 00:00:00+00:00, run_after=2021-01-01 00:00:00+00:00
[2024-12-07T09:25:38.449+0000] {processor.py:208} INFO - Processing /home/airflow/.local/lib/python3.12/site-packages/airflow/example_dags/example_xcom.py took 0.058 seconds
[2024-12-07T09:26:08.693+0000] {processor.py:186} INFO - Started process (PID=1472) to work on /home/airflow/.local/lib/python3.12/site-packages/airflow/example_dags/example_xcom.py
[2024-12-07T09:26:08.693+0000] {processor.py:914} INFO - Processing file /home/airflow/.local/lib/python3.12/site-packages/airflow/example_dags/example_xcom.py for tasks to queue
[2024-12-07T09:26:08.695+0000] {logging_mixin.py:190} INFO - [2024-12-07T09:26:08.695+0000] {dagbag.py:588} INFO - Filling up the DagBag from /home/airflow/.local/lib/python3.12/site-packages/airflow/example_dags/example_xcom.py
[2024-12-07T09:26:08.703+0000] {processor.py:925} INFO - DAG(s) 'example_xcom' retrieved from /home/airflow/.local/lib/python3.12/site-packages/airflow/example_dags/example_xcom.py
[2024-12-07T09:26:08.727+0000] {logging_mixin.py:190} INFO - [2024-12-07T09:26:08.727+0000] {dag.py:3239} INFO - Sync 1 DAGs
[2024-12-07T09:26:08.749+0000] {logging_mixin.py:190} INFO - [2024-12-07T09:26:08.748+0000] {dag.py:4180} INFO - Setting next_dagrun for example_xcom to 2021-01-01 00:00:00+00:00, run_after=2021-01-01 00:00:00+00:00
[2024-12-07T09:26:08.763+0000] {processor.py:208} INFO - Processing /home/airflow/.local/lib/python3.12/site-packages/airflow/example_dags/example_xcom.py took 0.076 seconds
[2024-12-07T09:26:39.000+0000] {processor.py:186} INFO - Started process (PID=1535) to work on /home/airflow/.local/lib/python3.12/site-packages/airflow/example_dags/example_xcom.py
[2024-12-07T09:26:39.000+0000] {processor.py:914} INFO - Processing file /home/airflow/.local/lib/python3.12/site-packages/airflow/example_dags/example_xcom.py for tasks to queue
[2024-12-07T09:26:39.002+0000] {logging_mixin.py:190} INFO - [2024-12-07T09:26:39.001+0000] {dagbag.py:588} INFO - Filling up the DagBag from /home/airflow/.local/lib/python3.12/site-packages/airflow/example_dags/example_xcom.py
[2024-12-07T09:26:39.010+0000] {processor.py:925} INFO - DAG(s) 'example_xcom' retrieved from /home/airflow/.local/lib/python3.12/site-packages/airflow/example_dags/example_xcom.py
[2024-12-07T09:26:39.031+0000] {logging_mixin.py:190} INFO - [2024-12-07T09:26:39.031+0000] {dag.py:3239} INFO - Sync 1 DAGs
[2024-12-07T09:26:39.051+0000] {logging_mixin.py:190} INFO - [2024-12-07T09:26:39.051+0000] {dag.py:4180} INFO - Setting next_dagrun for example_xcom to 2021-01-01 00:00:00+00:00, run_after=2021-01-01 00:00:00+00:00
[2024-12-07T09:26:39.065+0000] {processor.py:208} INFO - Processing /home/airflow/.local/lib/python3.12/site-packages/airflow/example_dags/example_xcom.py took 0.070 seconds
[2024-12-07T09:27:09.215+0000] {processor.py:186} INFO - Started process (PID=1598) to work on /home/airflow/.local/lib/python3.12/site-packages/airflow/example_dags/example_xcom.py
[2024-12-07T09:27:09.216+0000] {processor.py:914} INFO - Processing file /home/airflow/.local/lib/python3.12/site-packages/airflow/example_dags/example_xcom.py for tasks to queue
[2024-12-07T09:27:09.218+0000] {logging_mixin.py:190} INFO - [2024-12-07T09:27:09.217+0000] {dagbag.py:588} INFO - Filling up the DagBag from /home/airflow/.local/lib/python3.12/site-packages/airflow/example_dags/example_xcom.py
[2024-12-07T09:27:09.227+0000] {processor.py:925} INFO - DAG(s) 'example_xcom' retrieved from /home/airflow/.local/lib/python3.12/site-packages/airflow/example_dags/example_xcom.py
[2024-12-07T09:27:09.243+0000] {logging_mixin.py:190} INFO - [2024-12-07T09:27:09.243+0000] {dag.py:3239} INFO - Sync 1 DAGs
[2024-12-07T09:27:09.260+0000] {logging_mixin.py:190} INFO - [2024-12-07T09:27:09.260+0000] {dag.py:4180} INFO - Setting next_dagrun for example_xcom to 2021-01-01 00:00:00+00:00, run_after=2021-01-01 00:00:00+00:00
[2024-12-07T09:27:09.277+0000] {processor.py:208} INFO - Processing /home/airflow/.local/lib/python3.12/site-packages/airflow/example_dags/example_xcom.py took 0.067 seconds
[2024-12-07T09:27:39.434+0000] {processor.py:186} INFO - Started process (PID=1661) to work on /home/airflow/.local/lib/python3.12/site-packages/airflow/example_dags/example_xcom.py
[2024-12-07T09:27:39.435+0000] {processor.py:914} INFO - Processing file /home/airflow/.local/lib/python3.12/site-packages/airflow/example_dags/example_xcom.py for tasks to queue
[2024-12-07T09:27:39.436+0000] {logging_mixin.py:190} INFO - [2024-12-07T09:27:39.436+0000] {dagbag.py:588} INFO - Filling up the DagBag from /home/airflow/.local/lib/python3.12/site-packages/airflow/example_dags/example_xcom.py
[2024-12-07T09:27:39.444+0000] {processor.py:925} INFO - DAG(s) 'example_xcom' retrieved from /home/airflow/.local/lib/python3.12/site-packages/airflow/example_dags/example_xcom.py
[2024-12-07T09:27:39.460+0000] {logging_mixin.py:190} INFO - [2024-12-07T09:27:39.459+0000] {dag.py:3239} INFO - Sync 1 DAGs
[2024-12-07T09:27:39.482+0000] {logging_mixin.py:190} INFO - [2024-12-07T09:27:39.482+0000] {dag.py:4180} INFO - Setting next_dagrun for example_xcom to 2021-01-01 00:00:00+00:00, run_after=2021-01-01 00:00:00+00:00
[2024-12-07T09:27:39.497+0000] {processor.py:208} INFO - Processing /home/airflow/.local/lib/python3.12/site-packages/airflow/example_dags/example_xcom.py took 0.068 seconds
