[2024-12-07T09:15:00.068+0000] {processor.py:186} INFO - Started process (PID=94) to work on /home/airflow/.local/lib/python3.12/site-packages/airflow/example_dags/example_python_operator.py
[2024-12-07T09:15:00.069+0000] {processor.py:914} INFO - Processing file /home/airflow/.local/lib/python3.12/site-packages/airflow/example_dags/example_python_operator.py for tasks to queue
[2024-12-07T09:15:00.071+0000] {logging_mixin.py:190} INFO - [2024-12-07T09:15:00.071+0000] {dagbag.py:588} INFO - Filling up the DagBag from /home/airflow/.local/lib/python3.12/site-packages/airflow/example_dags/example_python_operator.py
[2024-12-07T09:15:00.087+0000] {processor.py:925} INFO - DAG(s) 'example_python_operator' retrieved from /home/airflow/.local/lib/python3.12/site-packages/airflow/example_dags/example_python_operator.py
[2024-12-07T09:15:00.220+0000] {logging_mixin.py:190} INFO - [2024-12-07T09:15:00.219+0000] {override.py:1911} INFO - Created Permission View: can delete on DAG:example_python_operator
[2024-12-07T09:15:00.228+0000] {logging_mixin.py:190} INFO - [2024-12-07T09:15:00.228+0000] {override.py:1911} INFO - Created Permission View: can edit on DAG:example_python_operator
[2024-12-07T09:15:00.234+0000] {logging_mixin.py:190} INFO - [2024-12-07T09:15:00.233+0000] {override.py:1911} INFO - Created Permission View: can read on DAG:example_python_operator
[2024-12-07T09:15:00.239+0000] {logging_mixin.py:190} INFO - [2024-12-07T09:15:00.239+0000] {override.py:1911} INFO - Created Permission View: can delete on DAG Run:example_python_operator
[2024-12-07T09:15:00.245+0000] {logging_mixin.py:190} INFO - [2024-12-07T09:15:00.244+0000] {override.py:1911} INFO - Created Permission View: menu access on DAG Run:example_python_operator
[2024-12-07T09:15:00.250+0000] {logging_mixin.py:190} INFO - [2024-12-07T09:15:00.250+0000] {override.py:1911} INFO - Created Permission View: can create on DAG Run:example_python_operator
[2024-12-07T09:15:00.255+0000] {logging_mixin.py:190} INFO - [2024-12-07T09:15:00.255+0000] {override.py:1911} INFO - Created Permission View: can read on DAG Run:example_python_operator
[2024-12-07T09:15:00.256+0000] {logging_mixin.py:190} INFO - [2024-12-07T09:15:00.256+0000] {dag.py:3239} INFO - Sync 1 DAGs
[2024-12-07T09:15:00.270+0000] {logging_mixin.py:190} INFO - [2024-12-07T09:15:00.270+0000] {dag.py:3262} INFO - Creating ORM DAG for example_python_operator
[2024-12-07T09:15:00.271+0000] {logging_mixin.py:190} INFO - [2024-12-07T09:15:00.270+0000] {dag.py:4180} INFO - Setting next_dagrun for example_python_operator to None, run_after=None
[2024-12-07T09:15:00.286+0000] {processor.py:208} INFO - Processing /home/airflow/.local/lib/python3.12/site-packages/airflow/example_dags/example_python_operator.py took 0.225 seconds
[2024-12-07T09:15:30.527+0000] {processor.py:186} INFO - Started process (PID=157) to work on /home/airflow/.local/lib/python3.12/site-packages/airflow/example_dags/example_python_operator.py
[2024-12-07T09:15:30.528+0000] {processor.py:914} INFO - Processing file /home/airflow/.local/lib/python3.12/site-packages/airflow/example_dags/example_python_operator.py for tasks to queue
[2024-12-07T09:15:30.530+0000] {logging_mixin.py:190} INFO - [2024-12-07T09:15:30.529+0000] {dagbag.py:588} INFO - Filling up the DagBag from /home/airflow/.local/lib/python3.12/site-packages/airflow/example_dags/example_python_operator.py
[2024-12-07T09:15:30.540+0000] {processor.py:925} INFO - DAG(s) 'example_python_operator' retrieved from /home/airflow/.local/lib/python3.12/site-packages/airflow/example_dags/example_python_operator.py
[2024-12-07T09:15:30.557+0000] {logging_mixin.py:190} INFO - [2024-12-07T09:15:30.556+0000] {dag.py:3239} INFO - Sync 1 DAGs
[2024-12-07T09:15:30.568+0000] {logging_mixin.py:190} INFO - [2024-12-07T09:15:30.567+0000] {dag.py:4180} INFO - Setting next_dagrun for example_python_operator to None, run_after=None
[2024-12-07T09:15:30.580+0000] {processor.py:208} INFO - Processing /home/airflow/.local/lib/python3.12/site-packages/airflow/example_dags/example_python_operator.py took 0.057 seconds
[2024-12-07T09:16:01.045+0000] {processor.py:186} INFO - Started process (PID=219) to work on /home/airflow/.local/lib/python3.12/site-packages/airflow/example_dags/example_python_operator.py
[2024-12-07T09:16:01.045+0000] {processor.py:914} INFO - Processing file /home/airflow/.local/lib/python3.12/site-packages/airflow/example_dags/example_python_operator.py for tasks to queue
[2024-12-07T09:16:01.048+0000] {logging_mixin.py:190} INFO - [2024-12-07T09:16:01.047+0000] {dagbag.py:588} INFO - Filling up the DagBag from /home/airflow/.local/lib/python3.12/site-packages/airflow/example_dags/example_python_operator.py
[2024-12-07T09:16:01.061+0000] {processor.py:925} INFO - DAG(s) 'example_python_operator' retrieved from /home/airflow/.local/lib/python3.12/site-packages/airflow/example_dags/example_python_operator.py
[2024-12-07T09:16:01.078+0000] {logging_mixin.py:190} INFO - [2024-12-07T09:16:01.078+0000] {dag.py:3239} INFO - Sync 1 DAGs
[2024-12-07T09:16:01.089+0000] {logging_mixin.py:190} INFO - [2024-12-07T09:16:01.089+0000] {dag.py:4180} INFO - Setting next_dagrun for example_python_operator to None, run_after=None
[2024-12-07T09:16:01.103+0000] {processor.py:208} INFO - Processing /home/airflow/.local/lib/python3.12/site-packages/airflow/example_dags/example_python_operator.py took 0.065 seconds
[2024-12-07T09:16:31.136+0000] {processor.py:186} INFO - Started process (PID=281) to work on /home/airflow/.local/lib/python3.12/site-packages/airflow/example_dags/example_python_operator.py
[2024-12-07T09:16:31.136+0000] {processor.py:914} INFO - Processing file /home/airflow/.local/lib/python3.12/site-packages/airflow/example_dags/example_python_operator.py for tasks to queue
[2024-12-07T09:16:31.138+0000] {logging_mixin.py:190} INFO - [2024-12-07T09:16:31.138+0000] {dagbag.py:588} INFO - Filling up the DagBag from /home/airflow/.local/lib/python3.12/site-packages/airflow/example_dags/example_python_operator.py
[2024-12-07T09:16:31.147+0000] {processor.py:925} INFO - DAG(s) 'example_python_operator' retrieved from /home/airflow/.local/lib/python3.12/site-packages/airflow/example_dags/example_python_operator.py
[2024-12-07T09:16:31.166+0000] {logging_mixin.py:190} INFO - [2024-12-07T09:16:31.166+0000] {dag.py:3239} INFO - Sync 1 DAGs
[2024-12-07T09:16:31.178+0000] {logging_mixin.py:190} INFO - [2024-12-07T09:16:31.178+0000] {dag.py:4180} INFO - Setting next_dagrun for example_python_operator to None, run_after=None
[2024-12-07T09:16:31.190+0000] {processor.py:208} INFO - Processing /home/airflow/.local/lib/python3.12/site-packages/airflow/example_dags/example_python_operator.py took 0.059 seconds
[2024-12-07T09:17:01.849+0000] {processor.py:186} INFO - Started process (PID=344) to work on /home/airflow/.local/lib/python3.12/site-packages/airflow/example_dags/example_python_operator.py
[2024-12-07T09:17:01.850+0000] {processor.py:914} INFO - Processing file /home/airflow/.local/lib/python3.12/site-packages/airflow/example_dags/example_python_operator.py for tasks to queue
[2024-12-07T09:17:01.851+0000] {logging_mixin.py:190} INFO - [2024-12-07T09:17:01.851+0000] {dagbag.py:588} INFO - Filling up the DagBag from /home/airflow/.local/lib/python3.12/site-packages/airflow/example_dags/example_python_operator.py
[2024-12-07T09:17:01.862+0000] {processor.py:925} INFO - DAG(s) 'example_python_operator' retrieved from /home/airflow/.local/lib/python3.12/site-packages/airflow/example_dags/example_python_operator.py
[2024-12-07T09:17:01.879+0000] {logging_mixin.py:190} INFO - [2024-12-07T09:17:01.878+0000] {dag.py:3239} INFO - Sync 1 DAGs
[2024-12-07T09:17:01.894+0000] {logging_mixin.py:190} INFO - [2024-12-07T09:17:01.894+0000] {dag.py:4180} INFO - Setting next_dagrun for example_python_operator to None, run_after=None
[2024-12-07T09:17:01.908+0000] {processor.py:208} INFO - Processing /home/airflow/.local/lib/python3.12/site-packages/airflow/example_dags/example_python_operator.py took 0.066 seconds
[2024-12-07T09:17:32.723+0000] {processor.py:186} INFO - Started process (PID=407) to work on /home/airflow/.local/lib/python3.12/site-packages/airflow/example_dags/example_python_operator.py
[2024-12-07T09:17:32.724+0000] {processor.py:914} INFO - Processing file /home/airflow/.local/lib/python3.12/site-packages/airflow/example_dags/example_python_operator.py for tasks to queue
[2024-12-07T09:17:32.725+0000] {logging_mixin.py:190} INFO - [2024-12-07T09:17:32.725+0000] {dagbag.py:588} INFO - Filling up the DagBag from /home/airflow/.local/lib/python3.12/site-packages/airflow/example_dags/example_python_operator.py
[2024-12-07T09:17:32.737+0000] {processor.py:925} INFO - DAG(s) 'example_python_operator' retrieved from /home/airflow/.local/lib/python3.12/site-packages/airflow/example_dags/example_python_operator.py
[2024-12-07T09:17:32.755+0000] {logging_mixin.py:190} INFO - [2024-12-07T09:17:32.754+0000] {dag.py:3239} INFO - Sync 1 DAGs
[2024-12-07T09:17:32.768+0000] {logging_mixin.py:190} INFO - [2024-12-07T09:17:32.768+0000] {dag.py:4180} INFO - Setting next_dagrun for example_python_operator to None, run_after=None
[2024-12-07T09:17:32.782+0000] {processor.py:208} INFO - Processing /home/airflow/.local/lib/python3.12/site-packages/airflow/example_dags/example_python_operator.py took 0.063 seconds
[2024-12-07T09:18:03.174+0000] {processor.py:186} INFO - Started process (PID=470) to work on /home/airflow/.local/lib/python3.12/site-packages/airflow/example_dags/example_python_operator.py
[2024-12-07T09:18:03.174+0000] {processor.py:914} INFO - Processing file /home/airflow/.local/lib/python3.12/site-packages/airflow/example_dags/example_python_operator.py for tasks to queue
[2024-12-07T09:18:03.176+0000] {logging_mixin.py:190} INFO - [2024-12-07T09:18:03.176+0000] {dagbag.py:588} INFO - Filling up the DagBag from /home/airflow/.local/lib/python3.12/site-packages/airflow/example_dags/example_python_operator.py
[2024-12-07T09:18:03.189+0000] {processor.py:925} INFO - DAG(s) 'example_python_operator' retrieved from /home/airflow/.local/lib/python3.12/site-packages/airflow/example_dags/example_python_operator.py
[2024-12-07T09:18:03.213+0000] {logging_mixin.py:190} INFO - [2024-12-07T09:18:03.212+0000] {dag.py:3239} INFO - Sync 1 DAGs
[2024-12-07T09:18:03.228+0000] {logging_mixin.py:190} INFO - [2024-12-07T09:18:03.228+0000] {dag.py:4180} INFO - Setting next_dagrun for example_python_operator to None, run_after=None
[2024-12-07T09:18:03.246+0000] {processor.py:208} INFO - Processing /home/airflow/.local/lib/python3.12/site-packages/airflow/example_dags/example_python_operator.py took 0.078 seconds
[2024-12-07T09:18:33.406+0000] {processor.py:186} INFO - Started process (PID=533) to work on /home/airflow/.local/lib/python3.12/site-packages/airflow/example_dags/example_python_operator.py
[2024-12-07T09:18:33.406+0000] {processor.py:914} INFO - Processing file /home/airflow/.local/lib/python3.12/site-packages/airflow/example_dags/example_python_operator.py for tasks to queue
[2024-12-07T09:18:33.408+0000] {logging_mixin.py:190} INFO - [2024-12-07T09:18:33.407+0000] {dagbag.py:588} INFO - Filling up the DagBag from /home/airflow/.local/lib/python3.12/site-packages/airflow/example_dags/example_python_operator.py
[2024-12-07T09:18:33.419+0000] {processor.py:925} INFO - DAG(s) 'example_python_operator' retrieved from /home/airflow/.local/lib/python3.12/site-packages/airflow/example_dags/example_python_operator.py
[2024-12-07T09:18:33.434+0000] {logging_mixin.py:190} INFO - [2024-12-07T09:18:33.434+0000] {dag.py:3239} INFO - Sync 1 DAGs
[2024-12-07T09:18:33.444+0000] {logging_mixin.py:190} INFO - [2024-12-07T09:18:33.444+0000] {dag.py:4180} INFO - Setting next_dagrun for example_python_operator to None, run_after=None
[2024-12-07T09:18:33.457+0000] {processor.py:208} INFO - Processing /home/airflow/.local/lib/python3.12/site-packages/airflow/example_dags/example_python_operator.py took 0.056 seconds
[2024-12-07T09:19:03.589+0000] {processor.py:186} INFO - Started process (PID=596) to work on /home/airflow/.local/lib/python3.12/site-packages/airflow/example_dags/example_python_operator.py
[2024-12-07T09:19:03.590+0000] {processor.py:914} INFO - Processing file /home/airflow/.local/lib/python3.12/site-packages/airflow/example_dags/example_python_operator.py for tasks to queue
[2024-12-07T09:19:03.591+0000] {logging_mixin.py:190} INFO - [2024-12-07T09:19:03.591+0000] {dagbag.py:588} INFO - Filling up the DagBag from /home/airflow/.local/lib/python3.12/site-packages/airflow/example_dags/example_python_operator.py
[2024-12-07T09:19:03.601+0000] {processor.py:925} INFO - DAG(s) 'example_python_operator' retrieved from /home/airflow/.local/lib/python3.12/site-packages/airflow/example_dags/example_python_operator.py
[2024-12-07T09:19:03.621+0000] {logging_mixin.py:190} INFO - [2024-12-07T09:19:03.621+0000] {dag.py:3239} INFO - Sync 1 DAGs
[2024-12-07T09:19:03.636+0000] {logging_mixin.py:190} INFO - [2024-12-07T09:19:03.636+0000] {dag.py:4180} INFO - Setting next_dagrun for example_python_operator to None, run_after=None
[2024-12-07T09:19:03.652+0000] {processor.py:208} INFO - Processing /home/airflow/.local/lib/python3.12/site-packages/airflow/example_dags/example_python_operator.py took 0.067 seconds
[2024-12-07T09:19:34.014+0000] {processor.py:186} INFO - Started process (PID=659) to work on /home/airflow/.local/lib/python3.12/site-packages/airflow/example_dags/example_python_operator.py
[2024-12-07T09:19:34.014+0000] {processor.py:914} INFO - Processing file /home/airflow/.local/lib/python3.12/site-packages/airflow/example_dags/example_python_operator.py for tasks to queue
[2024-12-07T09:19:34.016+0000] {logging_mixin.py:190} INFO - [2024-12-07T09:19:34.016+0000] {dagbag.py:588} INFO - Filling up the DagBag from /home/airflow/.local/lib/python3.12/site-packages/airflow/example_dags/example_python_operator.py
[2024-12-07T09:19:34.028+0000] {processor.py:925} INFO - DAG(s) 'example_python_operator' retrieved from /home/airflow/.local/lib/python3.12/site-packages/airflow/example_dags/example_python_operator.py
[2024-12-07T09:19:34.048+0000] {logging_mixin.py:190} INFO - [2024-12-07T09:19:34.048+0000] {dag.py:3239} INFO - Sync 1 DAGs
[2024-12-07T09:19:34.064+0000] {logging_mixin.py:190} INFO - [2024-12-07T09:19:34.063+0000] {dag.py:4180} INFO - Setting next_dagrun for example_python_operator to None, run_after=None
[2024-12-07T09:19:34.082+0000] {processor.py:208} INFO - Processing /home/airflow/.local/lib/python3.12/site-packages/airflow/example_dags/example_python_operator.py took 0.074 seconds
[2024-12-07T09:20:04.404+0000] {processor.py:186} INFO - Started process (PID=722) to work on /home/airflow/.local/lib/python3.12/site-packages/airflow/example_dags/example_python_operator.py
[2024-12-07T09:20:04.404+0000] {processor.py:914} INFO - Processing file /home/airflow/.local/lib/python3.12/site-packages/airflow/example_dags/example_python_operator.py for tasks to queue
[2024-12-07T09:20:04.406+0000] {logging_mixin.py:190} INFO - [2024-12-07T09:20:04.406+0000] {dagbag.py:588} INFO - Filling up the DagBag from /home/airflow/.local/lib/python3.12/site-packages/airflow/example_dags/example_python_operator.py
[2024-12-07T09:20:04.415+0000] {processor.py:925} INFO - DAG(s) 'example_python_operator' retrieved from /home/airflow/.local/lib/python3.12/site-packages/airflow/example_dags/example_python_operator.py
[2024-12-07T09:20:04.433+0000] {logging_mixin.py:190} INFO - [2024-12-07T09:20:04.433+0000] {dag.py:3239} INFO - Sync 1 DAGs
[2024-12-07T09:20:04.445+0000] {logging_mixin.py:190} INFO - [2024-12-07T09:20:04.445+0000] {dag.py:4180} INFO - Setting next_dagrun for example_python_operator to None, run_after=None
[2024-12-07T09:20:04.461+0000] {processor.py:208} INFO - Processing /home/airflow/.local/lib/python3.12/site-packages/airflow/example_dags/example_python_operator.py took 0.062 seconds
[2024-12-07T09:20:34.849+0000] {processor.py:186} INFO - Started process (PID=785) to work on /home/airflow/.local/lib/python3.12/site-packages/airflow/example_dags/example_python_operator.py
[2024-12-07T09:20:34.850+0000] {processor.py:914} INFO - Processing file /home/airflow/.local/lib/python3.12/site-packages/airflow/example_dags/example_python_operator.py for tasks to queue
[2024-12-07T09:20:34.852+0000] {logging_mixin.py:190} INFO - [2024-12-07T09:20:34.851+0000] {dagbag.py:588} INFO - Filling up the DagBag from /home/airflow/.local/lib/python3.12/site-packages/airflow/example_dags/example_python_operator.py
[2024-12-07T09:20:34.861+0000] {processor.py:925} INFO - DAG(s) 'example_python_operator' retrieved from /home/airflow/.local/lib/python3.12/site-packages/airflow/example_dags/example_python_operator.py
[2024-12-07T09:20:34.881+0000] {logging_mixin.py:190} INFO - [2024-12-07T09:20:34.881+0000] {dag.py:3239} INFO - Sync 1 DAGs
[2024-12-07T09:20:34.894+0000] {logging_mixin.py:190} INFO - [2024-12-07T09:20:34.894+0000] {dag.py:4180} INFO - Setting next_dagrun for example_python_operator to None, run_after=None
[2024-12-07T09:20:34.910+0000] {processor.py:208} INFO - Processing /home/airflow/.local/lib/python3.12/site-packages/airflow/example_dags/example_python_operator.py took 0.066 seconds
[2024-12-07T09:21:05.804+0000] {processor.py:186} INFO - Started process (PID=848) to work on /home/airflow/.local/lib/python3.12/site-packages/airflow/example_dags/example_python_operator.py
[2024-12-07T09:21:05.804+0000] {processor.py:914} INFO - Processing file /home/airflow/.local/lib/python3.12/site-packages/airflow/example_dags/example_python_operator.py for tasks to queue
[2024-12-07T09:21:05.806+0000] {logging_mixin.py:190} INFO - [2024-12-07T09:21:05.806+0000] {dagbag.py:588} INFO - Filling up the DagBag from /home/airflow/.local/lib/python3.12/site-packages/airflow/example_dags/example_python_operator.py
[2024-12-07T09:21:05.818+0000] {processor.py:925} INFO - DAG(s) 'example_python_operator' retrieved from /home/airflow/.local/lib/python3.12/site-packages/airflow/example_dags/example_python_operator.py
[2024-12-07T09:21:05.836+0000] {logging_mixin.py:190} INFO - [2024-12-07T09:21:05.836+0000] {dag.py:3239} INFO - Sync 1 DAGs
[2024-12-07T09:21:05.847+0000] {logging_mixin.py:190} INFO - [2024-12-07T09:21:05.847+0000] {dag.py:4180} INFO - Setting next_dagrun for example_python_operator to None, run_after=None
[2024-12-07T09:21:05.860+0000] {processor.py:208} INFO - Processing /home/airflow/.local/lib/python3.12/site-packages/airflow/example_dags/example_python_operator.py took 0.062 seconds
[2024-12-07T09:21:36.160+0000] {processor.py:186} INFO - Started process (PID=911) to work on /home/airflow/.local/lib/python3.12/site-packages/airflow/example_dags/example_python_operator.py
[2024-12-07T09:21:36.161+0000] {processor.py:914} INFO - Processing file /home/airflow/.local/lib/python3.12/site-packages/airflow/example_dags/example_python_operator.py for tasks to queue
[2024-12-07T09:21:36.162+0000] {logging_mixin.py:190} INFO - [2024-12-07T09:21:36.162+0000] {dagbag.py:588} INFO - Filling up the DagBag from /home/airflow/.local/lib/python3.12/site-packages/airflow/example_dags/example_python_operator.py
[2024-12-07T09:21:36.173+0000] {processor.py:925} INFO - DAG(s) 'example_python_operator' retrieved from /home/airflow/.local/lib/python3.12/site-packages/airflow/example_dags/example_python_operator.py
[2024-12-07T09:21:36.191+0000] {logging_mixin.py:190} INFO - [2024-12-07T09:21:36.191+0000] {dag.py:3239} INFO - Sync 1 DAGs
[2024-12-07T09:21:36.204+0000] {logging_mixin.py:190} INFO - [2024-12-07T09:21:36.204+0000] {dag.py:4180} INFO - Setting next_dagrun for example_python_operator to None, run_after=None
[2024-12-07T09:21:36.218+0000] {processor.py:208} INFO - Processing /home/airflow/.local/lib/python3.12/site-packages/airflow/example_dags/example_python_operator.py took 0.062 seconds
[2024-12-07T09:22:06.539+0000] {processor.py:186} INFO - Started process (PID=974) to work on /home/airflow/.local/lib/python3.12/site-packages/airflow/example_dags/example_python_operator.py
[2024-12-07T09:22:06.540+0000] {processor.py:914} INFO - Processing file /home/airflow/.local/lib/python3.12/site-packages/airflow/example_dags/example_python_operator.py for tasks to queue
[2024-12-07T09:22:06.541+0000] {logging_mixin.py:190} INFO - [2024-12-07T09:22:06.541+0000] {dagbag.py:588} INFO - Filling up the DagBag from /home/airflow/.local/lib/python3.12/site-packages/airflow/example_dags/example_python_operator.py
[2024-12-07T09:22:06.552+0000] {processor.py:925} INFO - DAG(s) 'example_python_operator' retrieved from /home/airflow/.local/lib/python3.12/site-packages/airflow/example_dags/example_python_operator.py
[2024-12-07T09:22:06.568+0000] {logging_mixin.py:190} INFO - [2024-12-07T09:22:06.568+0000] {dag.py:3239} INFO - Sync 1 DAGs
[2024-12-07T09:22:06.578+0000] {logging_mixin.py:190} INFO - [2024-12-07T09:22:06.578+0000] {dag.py:4180} INFO - Setting next_dagrun for example_python_operator to None, run_after=None
[2024-12-07T09:22:06.590+0000] {processor.py:208} INFO - Processing /home/airflow/.local/lib/python3.12/site-packages/airflow/example_dags/example_python_operator.py took 0.056 seconds
[2024-12-07T09:22:37.280+0000] {processor.py:186} INFO - Started process (PID=1037) to work on /home/airflow/.local/lib/python3.12/site-packages/airflow/example_dags/example_python_operator.py
[2024-12-07T09:22:37.280+0000] {processor.py:914} INFO - Processing file /home/airflow/.local/lib/python3.12/site-packages/airflow/example_dags/example_python_operator.py for tasks to queue
[2024-12-07T09:22:37.282+0000] {logging_mixin.py:190} INFO - [2024-12-07T09:22:37.282+0000] {dagbag.py:588} INFO - Filling up the DagBag from /home/airflow/.local/lib/python3.12/site-packages/airflow/example_dags/example_python_operator.py
[2024-12-07T09:22:37.293+0000] {processor.py:925} INFO - DAG(s) 'example_python_operator' retrieved from /home/airflow/.local/lib/python3.12/site-packages/airflow/example_dags/example_python_operator.py
[2024-12-07T09:22:37.314+0000] {logging_mixin.py:190} INFO - [2024-12-07T09:22:37.313+0000] {dag.py:3239} INFO - Sync 1 DAGs
[2024-12-07T09:22:37.328+0000] {logging_mixin.py:190} INFO - [2024-12-07T09:22:37.328+0000] {dag.py:4180} INFO - Setting next_dagrun for example_python_operator to None, run_after=None
[2024-12-07T09:22:37.344+0000] {processor.py:208} INFO - Processing /home/airflow/.local/lib/python3.12/site-packages/airflow/example_dags/example_python_operator.py took 0.068 seconds
[2024-12-07T09:23:08.059+0000] {processor.py:186} INFO - Started process (PID=1100) to work on /home/airflow/.local/lib/python3.12/site-packages/airflow/example_dags/example_python_operator.py
[2024-12-07T09:23:08.059+0000] {processor.py:914} INFO - Processing file /home/airflow/.local/lib/python3.12/site-packages/airflow/example_dags/example_python_operator.py for tasks to queue
[2024-12-07T09:23:08.061+0000] {logging_mixin.py:190} INFO - [2024-12-07T09:23:08.060+0000] {dagbag.py:588} INFO - Filling up the DagBag from /home/airflow/.local/lib/python3.12/site-packages/airflow/example_dags/example_python_operator.py
[2024-12-07T09:23:08.073+0000] {processor.py:925} INFO - DAG(s) 'example_python_operator' retrieved from /home/airflow/.local/lib/python3.12/site-packages/airflow/example_dags/example_python_operator.py
[2024-12-07T09:23:08.093+0000] {logging_mixin.py:190} INFO - [2024-12-07T09:23:08.093+0000] {dag.py:3239} INFO - Sync 1 DAGs
[2024-12-07T09:23:08.107+0000] {logging_mixin.py:190} INFO - [2024-12-07T09:23:08.107+0000] {dag.py:4180} INFO - Setting next_dagrun for example_python_operator to None, run_after=None
[2024-12-07T09:23:08.123+0000] {processor.py:208} INFO - Processing /home/airflow/.local/lib/python3.12/site-packages/airflow/example_dags/example_python_operator.py took 0.068 seconds
[2024-12-07T09:23:38.962+0000] {processor.py:186} INFO - Started process (PID=1164) to work on /home/airflow/.local/lib/python3.12/site-packages/airflow/example_dags/example_python_operator.py
[2024-12-07T09:23:38.962+0000] {processor.py:914} INFO - Processing file /home/airflow/.local/lib/python3.12/site-packages/airflow/example_dags/example_python_operator.py for tasks to queue
[2024-12-07T09:23:38.964+0000] {logging_mixin.py:190} INFO - [2024-12-07T09:23:38.964+0000] {dagbag.py:588} INFO - Filling up the DagBag from /home/airflow/.local/lib/python3.12/site-packages/airflow/example_dags/example_python_operator.py
[2024-12-07T09:23:38.976+0000] {processor.py:925} INFO - DAG(s) 'example_python_operator' retrieved from /home/airflow/.local/lib/python3.12/site-packages/airflow/example_dags/example_python_operator.py
[2024-12-07T09:23:38.996+0000] {logging_mixin.py:190} INFO - [2024-12-07T09:23:38.996+0000] {dag.py:3239} INFO - Sync 1 DAGs
[2024-12-07T09:23:39.011+0000] {logging_mixin.py:190} INFO - [2024-12-07T09:23:39.010+0000] {dag.py:4180} INFO - Setting next_dagrun for example_python_operator to None, run_after=None
[2024-12-07T09:23:39.026+0000] {processor.py:208} INFO - Processing /home/airflow/.local/lib/python3.12/site-packages/airflow/example_dags/example_python_operator.py took 0.069 seconds
[2024-12-07T09:24:09.111+0000] {processor.py:186} INFO - Started process (PID=1227) to work on /home/airflow/.local/lib/python3.12/site-packages/airflow/example_dags/example_python_operator.py
[2024-12-07T09:24:09.112+0000] {processor.py:914} INFO - Processing file /home/airflow/.local/lib/python3.12/site-packages/airflow/example_dags/example_python_operator.py for tasks to queue
[2024-12-07T09:24:09.114+0000] {logging_mixin.py:190} INFO - [2024-12-07T09:24:09.113+0000] {dagbag.py:588} INFO - Filling up the DagBag from /home/airflow/.local/lib/python3.12/site-packages/airflow/example_dags/example_python_operator.py
[2024-12-07T09:24:09.136+0000] {processor.py:925} INFO - DAG(s) 'example_python_operator' retrieved from /home/airflow/.local/lib/python3.12/site-packages/airflow/example_dags/example_python_operator.py
[2024-12-07T09:24:09.173+0000] {logging_mixin.py:190} INFO - [2024-12-07T09:24:09.173+0000] {dag.py:3239} INFO - Sync 1 DAGs
[2024-12-07T09:24:09.191+0000] {logging_mixin.py:190} INFO - [2024-12-07T09:24:09.191+0000] {dag.py:4180} INFO - Setting next_dagrun for example_python_operator to None, run_after=None
[2024-12-07T09:24:09.210+0000] {processor.py:208} INFO - Processing /home/airflow/.local/lib/python3.12/site-packages/airflow/example_dags/example_python_operator.py took 0.106 seconds
[2024-12-07T09:24:39.260+0000] {processor.py:186} INFO - Started process (PID=1290) to work on /home/airflow/.local/lib/python3.12/site-packages/airflow/example_dags/example_python_operator.py
[2024-12-07T09:24:39.261+0000] {processor.py:914} INFO - Processing file /home/airflow/.local/lib/python3.12/site-packages/airflow/example_dags/example_python_operator.py for tasks to queue
[2024-12-07T09:24:39.264+0000] {logging_mixin.py:190} INFO - [2024-12-07T09:24:39.263+0000] {dagbag.py:588} INFO - Filling up the DagBag from /home/airflow/.local/lib/python3.12/site-packages/airflow/example_dags/example_python_operator.py
[2024-12-07T09:24:39.279+0000] {processor.py:925} INFO - DAG(s) 'example_python_operator' retrieved from /home/airflow/.local/lib/python3.12/site-packages/airflow/example_dags/example_python_operator.py
[2024-12-07T09:24:39.307+0000] {logging_mixin.py:190} INFO - [2024-12-07T09:24:39.307+0000] {dag.py:3239} INFO - Sync 1 DAGs
[2024-12-07T09:24:39.325+0000] {logging_mixin.py:190} INFO - [2024-12-07T09:24:39.325+0000] {dag.py:4180} INFO - Setting next_dagrun for example_python_operator to None, run_after=None
[2024-12-07T09:24:39.345+0000] {processor.py:208} INFO - Processing /home/airflow/.local/lib/python3.12/site-packages/airflow/example_dags/example_python_operator.py took 0.092 seconds
[2024-12-07T09:25:09.458+0000] {processor.py:186} INFO - Started process (PID=1353) to work on /home/airflow/.local/lib/python3.12/site-packages/airflow/example_dags/example_python_operator.py
[2024-12-07T09:25:09.459+0000] {processor.py:914} INFO - Processing file /home/airflow/.local/lib/python3.12/site-packages/airflow/example_dags/example_python_operator.py for tasks to queue
[2024-12-07T09:25:09.460+0000] {logging_mixin.py:190} INFO - [2024-12-07T09:25:09.460+0000] {dagbag.py:588} INFO - Filling up the DagBag from /home/airflow/.local/lib/python3.12/site-packages/airflow/example_dags/example_python_operator.py
[2024-12-07T09:25:09.471+0000] {processor.py:925} INFO - DAG(s) 'example_python_operator' retrieved from /home/airflow/.local/lib/python3.12/site-packages/airflow/example_dags/example_python_operator.py
[2024-12-07T09:25:09.490+0000] {logging_mixin.py:190} INFO - [2024-12-07T09:25:09.490+0000] {dag.py:3239} INFO - Sync 1 DAGs
[2024-12-07T09:25:09.505+0000] {logging_mixin.py:190} INFO - [2024-12-07T09:25:09.505+0000] {dag.py:4180} INFO - Setting next_dagrun for example_python_operator to None, run_after=None
[2024-12-07T09:25:09.520+0000] {processor.py:208} INFO - Processing /home/airflow/.local/lib/python3.12/site-packages/airflow/example_dags/example_python_operator.py took 0.066 seconds
[2024-12-07T09:25:39.684+0000] {processor.py:186} INFO - Started process (PID=1416) to work on /home/airflow/.local/lib/python3.12/site-packages/airflow/example_dags/example_python_operator.py
[2024-12-07T09:25:39.684+0000] {processor.py:914} INFO - Processing file /home/airflow/.local/lib/python3.12/site-packages/airflow/example_dags/example_python_operator.py for tasks to queue
[2024-12-07T09:25:39.686+0000] {logging_mixin.py:190} INFO - [2024-12-07T09:25:39.685+0000] {dagbag.py:588} INFO - Filling up the DagBag from /home/airflow/.local/lib/python3.12/site-packages/airflow/example_dags/example_python_operator.py
[2024-12-07T09:25:39.695+0000] {processor.py:925} INFO - DAG(s) 'example_python_operator' retrieved from /home/airflow/.local/lib/python3.12/site-packages/airflow/example_dags/example_python_operator.py
[2024-12-07T09:25:39.711+0000] {logging_mixin.py:190} INFO - [2024-12-07T09:25:39.711+0000] {dag.py:3239} INFO - Sync 1 DAGs
[2024-12-07T09:25:39.721+0000] {logging_mixin.py:190} INFO - [2024-12-07T09:25:39.721+0000] {dag.py:4180} INFO - Setting next_dagrun for example_python_operator to None, run_after=None
[2024-12-07T09:25:39.740+0000] {processor.py:208} INFO - Processing /home/airflow/.local/lib/python3.12/site-packages/airflow/example_dags/example_python_operator.py took 0.060 seconds
[2024-12-07T09:26:10.051+0000] {processor.py:186} INFO - Started process (PID=1479) to work on /home/airflow/.local/lib/python3.12/site-packages/airflow/example_dags/example_python_operator.py
[2024-12-07T09:26:10.052+0000] {processor.py:914} INFO - Processing file /home/airflow/.local/lib/python3.12/site-packages/airflow/example_dags/example_python_operator.py for tasks to queue
[2024-12-07T09:26:10.053+0000] {logging_mixin.py:190} INFO - [2024-12-07T09:26:10.053+0000] {dagbag.py:588} INFO - Filling up the DagBag from /home/airflow/.local/lib/python3.12/site-packages/airflow/example_dags/example_python_operator.py
[2024-12-07T09:26:10.063+0000] {processor.py:925} INFO - DAG(s) 'example_python_operator' retrieved from /home/airflow/.local/lib/python3.12/site-packages/airflow/example_dags/example_python_operator.py
[2024-12-07T09:26:10.078+0000] {logging_mixin.py:190} INFO - [2024-12-07T09:26:10.078+0000] {dag.py:3239} INFO - Sync 1 DAGs
[2024-12-07T09:26:10.088+0000] {logging_mixin.py:190} INFO - [2024-12-07T09:26:10.088+0000] {dag.py:4180} INFO - Setting next_dagrun for example_python_operator to None, run_after=None
[2024-12-07T09:26:10.100+0000] {processor.py:208} INFO - Processing /home/airflow/.local/lib/python3.12/site-packages/airflow/example_dags/example_python_operator.py took 0.054 seconds
[2024-12-07T09:26:40.358+0000] {processor.py:186} INFO - Started process (PID=1542) to work on /home/airflow/.local/lib/python3.12/site-packages/airflow/example_dags/example_python_operator.py
[2024-12-07T09:26:40.359+0000] {processor.py:914} INFO - Processing file /home/airflow/.local/lib/python3.12/site-packages/airflow/example_dags/example_python_operator.py for tasks to queue
[2024-12-07T09:26:40.361+0000] {logging_mixin.py:190} INFO - [2024-12-07T09:26:40.360+0000] {dagbag.py:588} INFO - Filling up the DagBag from /home/airflow/.local/lib/python3.12/site-packages/airflow/example_dags/example_python_operator.py
[2024-12-07T09:26:40.372+0000] {processor.py:925} INFO - DAG(s) 'example_python_operator' retrieved from /home/airflow/.local/lib/python3.12/site-packages/airflow/example_dags/example_python_operator.py
[2024-12-07T09:26:40.388+0000] {logging_mixin.py:190} INFO - [2024-12-07T09:26:40.388+0000] {dag.py:3239} INFO - Sync 1 DAGs
[2024-12-07T09:26:40.399+0000] {logging_mixin.py:190} INFO - [2024-12-07T09:26:40.398+0000] {dag.py:4180} INFO - Setting next_dagrun for example_python_operator to None, run_after=None
[2024-12-07T09:26:40.411+0000] {processor.py:208} INFO - Processing /home/airflow/.local/lib/python3.12/site-packages/airflow/example_dags/example_python_operator.py took 0.059 seconds
[2024-12-07T09:27:10.597+0000] {processor.py:186} INFO - Started process (PID=1605) to work on /home/airflow/.local/lib/python3.12/site-packages/airflow/example_dags/example_python_operator.py
[2024-12-07T09:27:10.597+0000] {processor.py:914} INFO - Processing file /home/airflow/.local/lib/python3.12/site-packages/airflow/example_dags/example_python_operator.py for tasks to queue
[2024-12-07T09:27:10.600+0000] {logging_mixin.py:190} INFO - [2024-12-07T09:27:10.599+0000] {dagbag.py:588} INFO - Filling up the DagBag from /home/airflow/.local/lib/python3.12/site-packages/airflow/example_dags/example_python_operator.py
[2024-12-07T09:27:10.611+0000] {processor.py:925} INFO - DAG(s) 'example_python_operator' retrieved from /home/airflow/.local/lib/python3.12/site-packages/airflow/example_dags/example_python_operator.py
[2024-12-07T09:27:10.631+0000] {logging_mixin.py:190} INFO - [2024-12-07T09:27:10.631+0000] {dag.py:3239} INFO - Sync 1 DAGs
[2024-12-07T09:27:10.646+0000] {logging_mixin.py:190} INFO - [2024-12-07T09:27:10.645+0000] {dag.py:4180} INFO - Setting next_dagrun for example_python_operator to None, run_after=None
[2024-12-07T09:27:10.661+0000] {processor.py:208} INFO - Processing /home/airflow/.local/lib/python3.12/site-packages/airflow/example_dags/example_python_operator.py took 0.070 seconds
