[2024-12-07T09:15:04.353+0000] {processor.py:186} INFO - Started process (PID=114) to work on /home/airflow/.local/lib/python3.12/site-packages/airflow/example_dags/example_branch_labels.py
[2024-12-07T09:15:04.354+0000] {processor.py:914} INFO - Processing file /home/airflow/.local/lib/python3.12/site-packages/airflow/example_dags/example_branch_labels.py for tasks to queue
[2024-12-07T09:15:04.356+0000] {logging_mixin.py:190} INFO - [2024-12-07T09:15:04.355+0000] {dagbag.py:588} INFO - Filling up the DagBag from /home/airflow/.local/lib/python3.12/site-packages/airflow/example_dags/example_branch_labels.py
[2024-12-07T09:15:04.364+0000] {processor.py:925} INFO - DAG(s) 'example_branch_labels' retrieved from /home/airflow/.local/lib/python3.12/site-packages/airflow/example_dags/example_branch_labels.py
[2024-12-07T09:15:04.480+0000] {logging_mixin.py:190} INFO - [2024-12-07T09:15:04.479+0000] {override.py:1911} INFO - Created Permission View: can delete on DAG:example_branch_labels
[2024-12-07T09:15:04.488+0000] {logging_mixin.py:190} INFO - [2024-12-07T09:15:04.488+0000] {override.py:1911} INFO - Created Permission View: can edit on DAG:example_branch_labels
[2024-12-07T09:15:04.493+0000] {logging_mixin.py:190} INFO - [2024-12-07T09:15:04.493+0000] {override.py:1911} INFO - Created Permission View: can read on DAG:example_branch_labels
[2024-12-07T09:15:04.498+0000] {logging_mixin.py:190} INFO - [2024-12-07T09:15:04.498+0000] {override.py:1911} INFO - Created Permission View: can delete on DAG Run:example_branch_labels
[2024-12-07T09:15:04.505+0000] {logging_mixin.py:190} INFO - [2024-12-07T09:15:04.504+0000] {override.py:1911} INFO - Created Permission View: menu access on DAG Run:example_branch_labels
[2024-12-07T09:15:04.510+0000] {logging_mixin.py:190} INFO - [2024-12-07T09:15:04.510+0000] {override.py:1911} INFO - Created Permission View: can create on DAG Run:example_branch_labels
[2024-12-07T09:15:04.515+0000] {logging_mixin.py:190} INFO - [2024-12-07T09:15:04.514+0000] {override.py:1911} INFO - Created Permission View: can read on DAG Run:example_branch_labels
[2024-12-07T09:15:04.515+0000] {logging_mixin.py:190} INFO - [2024-12-07T09:15:04.515+0000] {dag.py:3239} INFO - Sync 1 DAGs
[2024-12-07T09:15:04.525+0000] {logging_mixin.py:190} INFO - [2024-12-07T09:15:04.525+0000] {dag.py:3262} INFO - Creating ORM DAG for example_branch_labels
[2024-12-07T09:15:04.534+0000] {logging_mixin.py:190} INFO - [2024-12-07T09:15:04.534+0000] {dag.py:4180} INFO - Setting next_dagrun for example_branch_labels to 2024-12-06 00:00:00+00:00, run_after=2024-12-07 00:00:00+00:00
[2024-12-07T09:15:04.547+0000] {processor.py:208} INFO - Processing /home/airflow/.local/lib/python3.12/site-packages/airflow/example_dags/example_branch_labels.py took 0.198 seconds
[2024-12-07T09:15:34.981+0000] {processor.py:186} INFO - Started process (PID=177) to work on /home/airflow/.local/lib/python3.12/site-packages/airflow/example_dags/example_branch_labels.py
[2024-12-07T09:15:34.982+0000] {processor.py:914} INFO - Processing file /home/airflow/.local/lib/python3.12/site-packages/airflow/example_dags/example_branch_labels.py for tasks to queue
[2024-12-07T09:15:34.984+0000] {logging_mixin.py:190} INFO - [2024-12-07T09:15:34.984+0000] {dagbag.py:588} INFO - Filling up the DagBag from /home/airflow/.local/lib/python3.12/site-packages/airflow/example_dags/example_branch_labels.py
[2024-12-07T09:15:34.992+0000] {processor.py:925} INFO - DAG(s) 'example_branch_labels' retrieved from /home/airflow/.local/lib/python3.12/site-packages/airflow/example_dags/example_branch_labels.py
[2024-12-07T09:15:35.008+0000] {logging_mixin.py:190} INFO - [2024-12-07T09:15:35.008+0000] {dag.py:3239} INFO - Sync 1 DAGs
[2024-12-07T09:15:35.026+0000] {logging_mixin.py:190} INFO - [2024-12-07T09:15:35.026+0000] {dag.py:4180} INFO - Setting next_dagrun for example_branch_labels to 2024-12-06 00:00:00+00:00, run_after=2024-12-07 00:00:00+00:00
[2024-12-07T09:15:35.039+0000] {processor.py:208} INFO - Processing /home/airflow/.local/lib/python3.12/site-packages/airflow/example_dags/example_branch_labels.py took 0.062 seconds
[2024-12-07T09:16:05.121+0000] {processor.py:186} INFO - Started process (PID=239) to work on /home/airflow/.local/lib/python3.12/site-packages/airflow/example_dags/example_branch_labels.py
[2024-12-07T09:16:05.122+0000] {processor.py:914} INFO - Processing file /home/airflow/.local/lib/python3.12/site-packages/airflow/example_dags/example_branch_labels.py for tasks to queue
[2024-12-07T09:16:05.123+0000] {logging_mixin.py:190} INFO - [2024-12-07T09:16:05.123+0000] {dagbag.py:588} INFO - Filling up the DagBag from /home/airflow/.local/lib/python3.12/site-packages/airflow/example_dags/example_branch_labels.py
[2024-12-07T09:16:05.131+0000] {processor.py:925} INFO - DAG(s) 'example_branch_labels' retrieved from /home/airflow/.local/lib/python3.12/site-packages/airflow/example_dags/example_branch_labels.py
[2024-12-07T09:16:05.150+0000] {logging_mixin.py:190} INFO - [2024-12-07T09:16:05.150+0000] {dag.py:3239} INFO - Sync 1 DAGs
[2024-12-07T09:16:05.177+0000] {logging_mixin.py:190} INFO - [2024-12-07T09:16:05.177+0000] {dag.py:4180} INFO - Setting next_dagrun for example_branch_labels to 2024-12-06 00:00:00+00:00, run_after=2024-12-07 00:00:00+00:00
[2024-12-07T09:16:05.193+0000] {processor.py:208} INFO - Processing /home/airflow/.local/lib/python3.12/site-packages/airflow/example_dags/example_branch_labels.py took 0.077 seconds
[2024-12-07T09:16:35.906+0000] {processor.py:186} INFO - Started process (PID=302) to work on /home/airflow/.local/lib/python3.12/site-packages/airflow/example_dags/example_branch_labels.py
[2024-12-07T09:16:35.906+0000] {processor.py:914} INFO - Processing file /home/airflow/.local/lib/python3.12/site-packages/airflow/example_dags/example_branch_labels.py for tasks to queue
[2024-12-07T09:16:35.908+0000] {logging_mixin.py:190} INFO - [2024-12-07T09:16:35.908+0000] {dagbag.py:588} INFO - Filling up the DagBag from /home/airflow/.local/lib/python3.12/site-packages/airflow/example_dags/example_branch_labels.py
[2024-12-07T09:16:35.915+0000] {processor.py:925} INFO - DAG(s) 'example_branch_labels' retrieved from /home/airflow/.local/lib/python3.12/site-packages/airflow/example_dags/example_branch_labels.py
[2024-12-07T09:16:35.931+0000] {logging_mixin.py:190} INFO - [2024-12-07T09:16:35.930+0000] {dag.py:3239} INFO - Sync 1 DAGs
[2024-12-07T09:16:35.949+0000] {logging_mixin.py:190} INFO - [2024-12-07T09:16:35.948+0000] {dag.py:4180} INFO - Setting next_dagrun for example_branch_labels to 2024-12-06 00:00:00+00:00, run_after=2024-12-07 00:00:00+00:00
[2024-12-07T09:16:35.961+0000] {processor.py:208} INFO - Processing /home/airflow/.local/lib/python3.12/site-packages/airflow/example_dags/example_branch_labels.py took 0.060 seconds
[2024-12-07T09:17:06.809+0000] {processor.py:186} INFO - Started process (PID=365) to work on /home/airflow/.local/lib/python3.12/site-packages/airflow/example_dags/example_branch_labels.py
[2024-12-07T09:17:06.809+0000] {processor.py:914} INFO - Processing file /home/airflow/.local/lib/python3.12/site-packages/airflow/example_dags/example_branch_labels.py for tasks to queue
[2024-12-07T09:17:06.811+0000] {logging_mixin.py:190} INFO - [2024-12-07T09:17:06.810+0000] {dagbag.py:588} INFO - Filling up the DagBag from /home/airflow/.local/lib/python3.12/site-packages/airflow/example_dags/example_branch_labels.py
[2024-12-07T09:17:06.818+0000] {processor.py:925} INFO - DAG(s) 'example_branch_labels' retrieved from /home/airflow/.local/lib/python3.12/site-packages/airflow/example_dags/example_branch_labels.py
[2024-12-07T09:17:06.838+0000] {logging_mixin.py:190} INFO - [2024-12-07T09:17:06.837+0000] {dag.py:3239} INFO - Sync 1 DAGs
[2024-12-07T09:17:06.863+0000] {logging_mixin.py:190} INFO - [2024-12-07T09:17:06.863+0000] {dag.py:4180} INFO - Setting next_dagrun for example_branch_labels to 2024-12-06 00:00:00+00:00, run_after=2024-12-07 00:00:00+00:00
[2024-12-07T09:17:06.878+0000] {processor.py:208} INFO - Processing /home/airflow/.local/lib/python3.12/site-packages/airflow/example_dags/example_branch_labels.py took 0.074 seconds
[2024-12-07T09:17:37.401+0000] {processor.py:186} INFO - Started process (PID=427) to work on /home/airflow/.local/lib/python3.12/site-packages/airflow/example_dags/example_branch_labels.py
[2024-12-07T09:17:37.402+0000] {processor.py:914} INFO - Processing file /home/airflow/.local/lib/python3.12/site-packages/airflow/example_dags/example_branch_labels.py for tasks to queue
[2024-12-07T09:17:37.403+0000] {logging_mixin.py:190} INFO - [2024-12-07T09:17:37.403+0000] {dagbag.py:588} INFO - Filling up the DagBag from /home/airflow/.local/lib/python3.12/site-packages/airflow/example_dags/example_branch_labels.py
[2024-12-07T09:17:37.413+0000] {processor.py:925} INFO - DAG(s) 'example_branch_labels' retrieved from /home/airflow/.local/lib/python3.12/site-packages/airflow/example_dags/example_branch_labels.py
[2024-12-07T09:17:37.430+0000] {logging_mixin.py:190} INFO - [2024-12-07T09:17:37.429+0000] {dag.py:3239} INFO - Sync 1 DAGs
[2024-12-07T09:17:37.450+0000] {logging_mixin.py:190} INFO - [2024-12-07T09:17:37.450+0000] {dag.py:4180} INFO - Setting next_dagrun for example_branch_labels to 2024-12-06 00:00:00+00:00, run_after=2024-12-07 00:00:00+00:00
[2024-12-07T09:17:37.463+0000] {processor.py:208} INFO - Processing /home/airflow/.local/lib/python3.12/site-packages/airflow/example_dags/example_branch_labels.py took 0.066 seconds
[2024-12-07T09:18:08.177+0000] {processor.py:186} INFO - Started process (PID=490) to work on /home/airflow/.local/lib/python3.12/site-packages/airflow/example_dags/example_branch_labels.py
[2024-12-07T09:18:08.178+0000] {processor.py:914} INFO - Processing file /home/airflow/.local/lib/python3.12/site-packages/airflow/example_dags/example_branch_labels.py for tasks to queue
[2024-12-07T09:18:08.179+0000] {logging_mixin.py:190} INFO - [2024-12-07T09:18:08.179+0000] {dagbag.py:588} INFO - Filling up the DagBag from /home/airflow/.local/lib/python3.12/site-packages/airflow/example_dags/example_branch_labels.py
[2024-12-07T09:18:08.187+0000] {processor.py:925} INFO - DAG(s) 'example_branch_labels' retrieved from /home/airflow/.local/lib/python3.12/site-packages/airflow/example_dags/example_branch_labels.py
[2024-12-07T09:18:08.209+0000] {logging_mixin.py:190} INFO - [2024-12-07T09:18:08.208+0000] {dag.py:3239} INFO - Sync 1 DAGs
[2024-12-07T09:18:08.236+0000] {logging_mixin.py:190} INFO - [2024-12-07T09:18:08.235+0000] {dag.py:4180} INFO - Setting next_dagrun for example_branch_labels to 2024-12-06 00:00:00+00:00, run_after=2024-12-07 00:00:00+00:00
[2024-12-07T09:18:08.269+0000] {processor.py:208} INFO - Processing /home/airflow/.local/lib/python3.12/site-packages/airflow/example_dags/example_branch_labels.py took 0.097 seconds
[2024-12-07T09:18:38.372+0000] {processor.py:186} INFO - Started process (PID=553) to work on /home/airflow/.local/lib/python3.12/site-packages/airflow/example_dags/example_branch_labels.py
[2024-12-07T09:18:38.373+0000] {processor.py:914} INFO - Processing file /home/airflow/.local/lib/python3.12/site-packages/airflow/example_dags/example_branch_labels.py for tasks to queue
[2024-12-07T09:18:38.375+0000] {logging_mixin.py:190} INFO - [2024-12-07T09:18:38.375+0000] {dagbag.py:588} INFO - Filling up the DagBag from /home/airflow/.local/lib/python3.12/site-packages/airflow/example_dags/example_branch_labels.py
[2024-12-07T09:18:38.385+0000] {processor.py:925} INFO - DAG(s) 'example_branch_labels' retrieved from /home/airflow/.local/lib/python3.12/site-packages/airflow/example_dags/example_branch_labels.py
[2024-12-07T09:18:38.404+0000] {logging_mixin.py:190} INFO - [2024-12-07T09:18:38.404+0000] {dag.py:3239} INFO - Sync 1 DAGs
[2024-12-07T09:18:38.430+0000] {logging_mixin.py:190} INFO - [2024-12-07T09:18:38.429+0000] {dag.py:4180} INFO - Setting next_dagrun for example_branch_labels to 2024-12-06 00:00:00+00:00, run_after=2024-12-07 00:00:00+00:00
[2024-12-07T09:18:38.448+0000] {processor.py:208} INFO - Processing /home/airflow/.local/lib/python3.12/site-packages/airflow/example_dags/example_branch_labels.py took 0.083 seconds
[2024-12-07T09:19:09.245+0000] {processor.py:186} INFO - Started process (PID=616) to work on /home/airflow/.local/lib/python3.12/site-packages/airflow/example_dags/example_branch_labels.py
[2024-12-07T09:19:09.245+0000] {processor.py:914} INFO - Processing file /home/airflow/.local/lib/python3.12/site-packages/airflow/example_dags/example_branch_labels.py for tasks to queue
[2024-12-07T09:19:09.248+0000] {logging_mixin.py:190} INFO - [2024-12-07T09:19:09.247+0000] {dagbag.py:588} INFO - Filling up the DagBag from /home/airflow/.local/lib/python3.12/site-packages/airflow/example_dags/example_branch_labels.py
[2024-12-07T09:19:09.259+0000] {processor.py:925} INFO - DAG(s) 'example_branch_labels' retrieved from /home/airflow/.local/lib/python3.12/site-packages/airflow/example_dags/example_branch_labels.py
[2024-12-07T09:19:09.283+0000] {logging_mixin.py:190} INFO - [2024-12-07T09:19:09.283+0000] {dag.py:3239} INFO - Sync 1 DAGs
[2024-12-07T09:19:09.312+0000] {logging_mixin.py:190} INFO - [2024-12-07T09:19:09.311+0000] {dag.py:4180} INFO - Setting next_dagrun for example_branch_labels to 2024-12-06 00:00:00+00:00, run_after=2024-12-07 00:00:00+00:00
[2024-12-07T09:19:09.329+0000] {processor.py:208} INFO - Processing /home/airflow/.local/lib/python3.12/site-packages/airflow/example_dags/example_branch_labels.py took 0.093 seconds
[2024-12-07T09:19:40.225+0000] {processor.py:186} INFO - Started process (PID=679) to work on /home/airflow/.local/lib/python3.12/site-packages/airflow/example_dags/example_branch_labels.py
[2024-12-07T09:19:40.226+0000] {processor.py:914} INFO - Processing file /home/airflow/.local/lib/python3.12/site-packages/airflow/example_dags/example_branch_labels.py for tasks to queue
[2024-12-07T09:19:40.228+0000] {logging_mixin.py:190} INFO - [2024-12-07T09:19:40.227+0000] {dagbag.py:588} INFO - Filling up the DagBag from /home/airflow/.local/lib/python3.12/site-packages/airflow/example_dags/example_branch_labels.py
[2024-12-07T09:19:40.238+0000] {processor.py:925} INFO - DAG(s) 'example_branch_labels' retrieved from /home/airflow/.local/lib/python3.12/site-packages/airflow/example_dags/example_branch_labels.py
[2024-12-07T09:19:40.261+0000] {logging_mixin.py:190} INFO - [2024-12-07T09:19:40.260+0000] {dag.py:3239} INFO - Sync 1 DAGs
[2024-12-07T09:19:40.287+0000] {logging_mixin.py:190} INFO - [2024-12-07T09:19:40.287+0000] {dag.py:4180} INFO - Setting next_dagrun for example_branch_labels to 2024-12-06 00:00:00+00:00, run_after=2024-12-07 00:00:00+00:00
[2024-12-07T09:19:40.302+0000] {processor.py:208} INFO - Processing /home/airflow/.local/lib/python3.12/site-packages/airflow/example_dags/example_branch_labels.py took 0.084 seconds
[2024-12-07T09:20:10.440+0000] {processor.py:186} INFO - Started process (PID=741) to work on /home/airflow/.local/lib/python3.12/site-packages/airflow/example_dags/example_branch_labels.py
[2024-12-07T09:20:10.440+0000] {processor.py:914} INFO - Processing file /home/airflow/.local/lib/python3.12/site-packages/airflow/example_dags/example_branch_labels.py for tasks to queue
[2024-12-07T09:20:10.442+0000] {logging_mixin.py:190} INFO - [2024-12-07T09:20:10.442+0000] {dagbag.py:588} INFO - Filling up the DagBag from /home/airflow/.local/lib/python3.12/site-packages/airflow/example_dags/example_branch_labels.py
[2024-12-07T09:20:10.450+0000] {processor.py:925} INFO - DAG(s) 'example_branch_labels' retrieved from /home/airflow/.local/lib/python3.12/site-packages/airflow/example_dags/example_branch_labels.py
[2024-12-07T09:20:10.466+0000] {logging_mixin.py:190} INFO - [2024-12-07T09:20:10.466+0000] {dag.py:3239} INFO - Sync 1 DAGs
[2024-12-07T09:20:10.485+0000] {logging_mixin.py:190} INFO - [2024-12-07T09:20:10.485+0000] {dag.py:4180} INFO - Setting next_dagrun for example_branch_labels to 2024-12-06 00:00:00+00:00, run_after=2024-12-07 00:00:00+00:00
[2024-12-07T09:20:10.500+0000] {processor.py:208} INFO - Processing /home/airflow/.local/lib/python3.12/site-packages/airflow/example_dags/example_branch_labels.py took 0.066 seconds
[2024-12-07T09:20:40.754+0000] {processor.py:186} INFO - Started process (PID=804) to work on /home/airflow/.local/lib/python3.12/site-packages/airflow/example_dags/example_branch_labels.py
[2024-12-07T09:20:40.755+0000] {processor.py:914} INFO - Processing file /home/airflow/.local/lib/python3.12/site-packages/airflow/example_dags/example_branch_labels.py for tasks to queue
[2024-12-07T09:20:40.756+0000] {logging_mixin.py:190} INFO - [2024-12-07T09:20:40.756+0000] {dagbag.py:588} INFO - Filling up the DagBag from /home/airflow/.local/lib/python3.12/site-packages/airflow/example_dags/example_branch_labels.py
[2024-12-07T09:20:40.764+0000] {processor.py:925} INFO - DAG(s) 'example_branch_labels' retrieved from /home/airflow/.local/lib/python3.12/site-packages/airflow/example_dags/example_branch_labels.py
[2024-12-07T09:20:40.780+0000] {logging_mixin.py:190} INFO - [2024-12-07T09:20:40.779+0000] {dag.py:3239} INFO - Sync 1 DAGs
[2024-12-07T09:20:40.797+0000] {logging_mixin.py:190} INFO - [2024-12-07T09:20:40.797+0000] {dag.py:4180} INFO - Setting next_dagrun for example_branch_labels to 2024-12-06 00:00:00+00:00, run_after=2024-12-07 00:00:00+00:00
[2024-12-07T09:20:40.810+0000] {processor.py:208} INFO - Processing /home/airflow/.local/lib/python3.12/site-packages/airflow/example_dags/example_branch_labels.py took 0.061 seconds
[2024-12-07T09:21:11.758+0000] {processor.py:186} INFO - Started process (PID=867) to work on /home/airflow/.local/lib/python3.12/site-packages/airflow/example_dags/example_branch_labels.py
[2024-12-07T09:21:11.759+0000] {processor.py:914} INFO - Processing file /home/airflow/.local/lib/python3.12/site-packages/airflow/example_dags/example_branch_labels.py for tasks to queue
[2024-12-07T09:21:11.760+0000] {logging_mixin.py:190} INFO - [2024-12-07T09:21:11.760+0000] {dagbag.py:588} INFO - Filling up the DagBag from /home/airflow/.local/lib/python3.12/site-packages/airflow/example_dags/example_branch_labels.py
[2024-12-07T09:21:11.768+0000] {processor.py:925} INFO - DAG(s) 'example_branch_labels' retrieved from /home/airflow/.local/lib/python3.12/site-packages/airflow/example_dags/example_branch_labels.py
[2024-12-07T09:21:11.784+0000] {logging_mixin.py:190} INFO - [2024-12-07T09:21:11.784+0000] {dag.py:3239} INFO - Sync 1 DAGs
[2024-12-07T09:21:11.802+0000] {logging_mixin.py:190} INFO - [2024-12-07T09:21:11.802+0000] {dag.py:4180} INFO - Setting next_dagrun for example_branch_labels to 2024-12-06 00:00:00+00:00, run_after=2024-12-07 00:00:00+00:00
[2024-12-07T09:21:11.815+0000] {processor.py:208} INFO - Processing /home/airflow/.local/lib/python3.12/site-packages/airflow/example_dags/example_branch_labels.py took 0.061 seconds
[2024-12-07T09:21:41.920+0000] {processor.py:186} INFO - Started process (PID=929) to work on /home/airflow/.local/lib/python3.12/site-packages/airflow/example_dags/example_branch_labels.py
[2024-12-07T09:21:41.920+0000] {processor.py:914} INFO - Processing file /home/airflow/.local/lib/python3.12/site-packages/airflow/example_dags/example_branch_labels.py for tasks to queue
[2024-12-07T09:21:41.922+0000] {logging_mixin.py:190} INFO - [2024-12-07T09:21:41.922+0000] {dagbag.py:588} INFO - Filling up the DagBag from /home/airflow/.local/lib/python3.12/site-packages/airflow/example_dags/example_branch_labels.py
[2024-12-07T09:21:41.933+0000] {processor.py:925} INFO - DAG(s) 'example_branch_labels' retrieved from /home/airflow/.local/lib/python3.12/site-packages/airflow/example_dags/example_branch_labels.py
[2024-12-07T09:21:41.949+0000] {logging_mixin.py:190} INFO - [2024-12-07T09:21:41.949+0000] {dag.py:3239} INFO - Sync 1 DAGs
[2024-12-07T09:21:41.968+0000] {logging_mixin.py:190} INFO - [2024-12-07T09:21:41.968+0000] {dag.py:4180} INFO - Setting next_dagrun for example_branch_labels to 2024-12-06 00:00:00+00:00, run_after=2024-12-07 00:00:00+00:00
[2024-12-07T09:21:41.982+0000] {processor.py:208} INFO - Processing /home/airflow/.local/lib/python3.12/site-packages/airflow/example_dags/example_branch_labels.py took 0.068 seconds
[2024-12-07T09:22:12.342+0000] {processor.py:186} INFO - Started process (PID=992) to work on /home/airflow/.local/lib/python3.12/site-packages/airflow/example_dags/example_branch_labels.py
[2024-12-07T09:22:12.342+0000] {processor.py:914} INFO - Processing file /home/airflow/.local/lib/python3.12/site-packages/airflow/example_dags/example_branch_labels.py for tasks to queue
[2024-12-07T09:22:12.344+0000] {logging_mixin.py:190} INFO - [2024-12-07T09:22:12.343+0000] {dagbag.py:588} INFO - Filling up the DagBag from /home/airflow/.local/lib/python3.12/site-packages/airflow/example_dags/example_branch_labels.py
[2024-12-07T09:22:12.354+0000] {processor.py:925} INFO - DAG(s) 'example_branch_labels' retrieved from /home/airflow/.local/lib/python3.12/site-packages/airflow/example_dags/example_branch_labels.py
[2024-12-07T09:22:12.375+0000] {logging_mixin.py:190} INFO - [2024-12-07T09:22:12.375+0000] {dag.py:3239} INFO - Sync 1 DAGs
[2024-12-07T09:22:12.399+0000] {logging_mixin.py:190} INFO - [2024-12-07T09:22:12.398+0000] {dag.py:4180} INFO - Setting next_dagrun for example_branch_labels to 2024-12-06 00:00:00+00:00, run_after=2024-12-07 00:00:00+00:00
[2024-12-07T09:22:12.413+0000] {processor.py:208} INFO - Processing /home/airflow/.local/lib/python3.12/site-packages/airflow/example_dags/example_branch_labels.py took 0.076 seconds
[2024-12-07T09:22:43.126+0000] {processor.py:186} INFO - Started process (PID=1055) to work on /home/airflow/.local/lib/python3.12/site-packages/airflow/example_dags/example_branch_labels.py
[2024-12-07T09:22:43.126+0000] {processor.py:914} INFO - Processing file /home/airflow/.local/lib/python3.12/site-packages/airflow/example_dags/example_branch_labels.py for tasks to queue
[2024-12-07T09:22:43.128+0000] {logging_mixin.py:190} INFO - [2024-12-07T09:22:43.128+0000] {dagbag.py:588} INFO - Filling up the DagBag from /home/airflow/.local/lib/python3.12/site-packages/airflow/example_dags/example_branch_labels.py
[2024-12-07T09:22:43.135+0000] {processor.py:925} INFO - DAG(s) 'example_branch_labels' retrieved from /home/airflow/.local/lib/python3.12/site-packages/airflow/example_dags/example_branch_labels.py
[2024-12-07T09:22:43.150+0000] {logging_mixin.py:190} INFO - [2024-12-07T09:22:43.150+0000] {dag.py:3239} INFO - Sync 1 DAGs
[2024-12-07T09:22:43.169+0000] {logging_mixin.py:190} INFO - [2024-12-07T09:22:43.169+0000] {dag.py:4180} INFO - Setting next_dagrun for example_branch_labels to 2024-12-06 00:00:00+00:00, run_after=2024-12-07 00:00:00+00:00
[2024-12-07T09:22:43.185+0000] {processor.py:208} INFO - Processing /home/airflow/.local/lib/python3.12/site-packages/airflow/example_dags/example_branch_labels.py took 0.063 seconds
[2024-12-07T09:23:13.886+0000] {processor.py:186} INFO - Started process (PID=1118) to work on /home/airflow/.local/lib/python3.12/site-packages/airflow/example_dags/example_branch_labels.py
[2024-12-07T09:23:13.886+0000] {processor.py:914} INFO - Processing file /home/airflow/.local/lib/python3.12/site-packages/airflow/example_dags/example_branch_labels.py for tasks to queue
[2024-12-07T09:23:13.888+0000] {logging_mixin.py:190} INFO - [2024-12-07T09:23:13.888+0000] {dagbag.py:588} INFO - Filling up the DagBag from /home/airflow/.local/lib/python3.12/site-packages/airflow/example_dags/example_branch_labels.py
[2024-12-07T09:23:13.895+0000] {processor.py:925} INFO - DAG(s) 'example_branch_labels' retrieved from /home/airflow/.local/lib/python3.12/site-packages/airflow/example_dags/example_branch_labels.py
[2024-12-07T09:23:13.911+0000] {logging_mixin.py:190} INFO - [2024-12-07T09:23:13.911+0000] {dag.py:3239} INFO - Sync 1 DAGs
[2024-12-07T09:23:13.932+0000] {logging_mixin.py:190} INFO - [2024-12-07T09:23:13.932+0000] {dag.py:4180} INFO - Setting next_dagrun for example_branch_labels to 2024-12-06 00:00:00+00:00, run_after=2024-12-07 00:00:00+00:00
[2024-12-07T09:23:13.946+0000] {processor.py:208} INFO - Processing /home/airflow/.local/lib/python3.12/site-packages/airflow/example_dags/example_branch_labels.py took 0.064 seconds
[2024-12-07T09:23:44.727+0000] {processor.py:186} INFO - Started process (PID=1182) to work on /home/airflow/.local/lib/python3.12/site-packages/airflow/example_dags/example_branch_labels.py
[2024-12-07T09:23:44.728+0000] {processor.py:914} INFO - Processing file /home/airflow/.local/lib/python3.12/site-packages/airflow/example_dags/example_branch_labels.py for tasks to queue
[2024-12-07T09:23:44.730+0000] {logging_mixin.py:190} INFO - [2024-12-07T09:23:44.730+0000] {dagbag.py:588} INFO - Filling up the DagBag from /home/airflow/.local/lib/python3.12/site-packages/airflow/example_dags/example_branch_labels.py
[2024-12-07T09:23:44.741+0000] {processor.py:925} INFO - DAG(s) 'example_branch_labels' retrieved from /home/airflow/.local/lib/python3.12/site-packages/airflow/example_dags/example_branch_labels.py
[2024-12-07T09:23:44.762+0000] {logging_mixin.py:190} INFO - [2024-12-07T09:23:44.761+0000] {dag.py:3239} INFO - Sync 1 DAGs
[2024-12-07T09:23:44.789+0000] {logging_mixin.py:190} INFO - [2024-12-07T09:23:44.789+0000] {dag.py:4180} INFO - Setting next_dagrun for example_branch_labels to 2024-12-06 00:00:00+00:00, run_after=2024-12-07 00:00:00+00:00
[2024-12-07T09:23:44.804+0000] {processor.py:208} INFO - Processing /home/airflow/.local/lib/python3.12/site-packages/airflow/example_dags/example_branch_labels.py took 0.084 seconds
[2024-12-07T09:24:14.986+0000] {processor.py:186} INFO - Started process (PID=1245) to work on /home/airflow/.local/lib/python3.12/site-packages/airflow/example_dags/example_branch_labels.py
[2024-12-07T09:24:14.987+0000] {processor.py:914} INFO - Processing file /home/airflow/.local/lib/python3.12/site-packages/airflow/example_dags/example_branch_labels.py for tasks to queue
[2024-12-07T09:24:14.989+0000] {logging_mixin.py:190} INFO - [2024-12-07T09:24:14.989+0000] {dagbag.py:588} INFO - Filling up the DagBag from /home/airflow/.local/lib/python3.12/site-packages/airflow/example_dags/example_branch_labels.py
[2024-12-07T09:24:14.997+0000] {processor.py:925} INFO - DAG(s) 'example_branch_labels' retrieved from /home/airflow/.local/lib/python3.12/site-packages/airflow/example_dags/example_branch_labels.py
[2024-12-07T09:24:15.014+0000] {logging_mixin.py:190} INFO - [2024-12-07T09:24:15.014+0000] {dag.py:3239} INFO - Sync 1 DAGs
[2024-12-07T09:24:15.035+0000] {logging_mixin.py:190} INFO - [2024-12-07T09:24:15.035+0000] {dag.py:4180} INFO - Setting next_dagrun for example_branch_labels to 2024-12-06 00:00:00+00:00, run_after=2024-12-07 00:00:00+00:00
[2024-12-07T09:24:15.049+0000] {processor.py:208} INFO - Processing /home/airflow/.local/lib/python3.12/site-packages/airflow/example_dags/example_branch_labels.py took 0.067 seconds
[2024-12-07T09:24:45.272+0000] {processor.py:186} INFO - Started process (PID=1308) to work on /home/airflow/.local/lib/python3.12/site-packages/airflow/example_dags/example_branch_labels.py
[2024-12-07T09:24:45.273+0000] {processor.py:914} INFO - Processing file /home/airflow/.local/lib/python3.12/site-packages/airflow/example_dags/example_branch_labels.py for tasks to queue
[2024-12-07T09:24:45.275+0000] {logging_mixin.py:190} INFO - [2024-12-07T09:24:45.275+0000] {dagbag.py:588} INFO - Filling up the DagBag from /home/airflow/.local/lib/python3.12/site-packages/airflow/example_dags/example_branch_labels.py
[2024-12-07T09:24:45.288+0000] {processor.py:925} INFO - DAG(s) 'example_branch_labels' retrieved from /home/airflow/.local/lib/python3.12/site-packages/airflow/example_dags/example_branch_labels.py
[2024-12-07T09:24:45.312+0000] {logging_mixin.py:190} INFO - [2024-12-07T09:24:45.312+0000] {dag.py:3239} INFO - Sync 1 DAGs
[2024-12-07T09:24:45.342+0000] {logging_mixin.py:190} INFO - [2024-12-07T09:24:45.342+0000] {dag.py:4180} INFO - Setting next_dagrun for example_branch_labels to 2024-12-06 00:00:00+00:00, run_after=2024-12-07 00:00:00+00:00
[2024-12-07T09:24:45.355+0000] {processor.py:208} INFO - Processing /home/airflow/.local/lib/python3.12/site-packages/airflow/example_dags/example_branch_labels.py took 0.089 seconds
[2024-12-07T09:25:15.409+0000] {processor.py:186} INFO - Started process (PID=1371) to work on /home/airflow/.local/lib/python3.12/site-packages/airflow/example_dags/example_branch_labels.py
[2024-12-07T09:25:15.410+0000] {processor.py:914} INFO - Processing file /home/airflow/.local/lib/python3.12/site-packages/airflow/example_dags/example_branch_labels.py for tasks to queue
[2024-12-07T09:25:15.411+0000] {logging_mixin.py:190} INFO - [2024-12-07T09:25:15.411+0000] {dagbag.py:588} INFO - Filling up the DagBag from /home/airflow/.local/lib/python3.12/site-packages/airflow/example_dags/example_branch_labels.py
[2024-12-07T09:25:15.420+0000] {processor.py:925} INFO - DAG(s) 'example_branch_labels' retrieved from /home/airflow/.local/lib/python3.12/site-packages/airflow/example_dags/example_branch_labels.py
[2024-12-07T09:25:15.436+0000] {logging_mixin.py:190} INFO - [2024-12-07T09:25:15.436+0000] {dag.py:3239} INFO - Sync 1 DAGs
[2024-12-07T09:25:15.455+0000] {logging_mixin.py:190} INFO - [2024-12-07T09:25:15.455+0000] {dag.py:4180} INFO - Setting next_dagrun for example_branch_labels to 2024-12-06 00:00:00+00:00, run_after=2024-12-07 00:00:00+00:00
[2024-12-07T09:25:15.468+0000] {processor.py:208} INFO - Processing /home/airflow/.local/lib/python3.12/site-packages/airflow/example_dags/example_branch_labels.py took 0.063 seconds
[2024-12-07T09:25:45.632+0000] {processor.py:186} INFO - Started process (PID=1434) to work on /home/airflow/.local/lib/python3.12/site-packages/airflow/example_dags/example_branch_labels.py
[2024-12-07T09:25:45.633+0000] {processor.py:914} INFO - Processing file /home/airflow/.local/lib/python3.12/site-packages/airflow/example_dags/example_branch_labels.py for tasks to queue
[2024-12-07T09:25:45.635+0000] {logging_mixin.py:190} INFO - [2024-12-07T09:25:45.634+0000] {dagbag.py:588} INFO - Filling up the DagBag from /home/airflow/.local/lib/python3.12/site-packages/airflow/example_dags/example_branch_labels.py
[2024-12-07T09:25:45.642+0000] {processor.py:925} INFO - DAG(s) 'example_branch_labels' retrieved from /home/airflow/.local/lib/python3.12/site-packages/airflow/example_dags/example_branch_labels.py
[2024-12-07T09:25:45.660+0000] {logging_mixin.py:190} INFO - [2024-12-07T09:25:45.660+0000] {dag.py:3239} INFO - Sync 1 DAGs
[2024-12-07T09:25:45.678+0000] {logging_mixin.py:190} INFO - [2024-12-07T09:25:45.678+0000] {dag.py:4180} INFO - Setting next_dagrun for example_branch_labels to 2024-12-06 00:00:00+00:00, run_after=2024-12-07 00:00:00+00:00
[2024-12-07T09:25:45.694+0000] {processor.py:208} INFO - Processing /home/airflow/.local/lib/python3.12/site-packages/airflow/example_dags/example_branch_labels.py took 0.066 seconds
[2024-12-07T09:26:15.943+0000] {processor.py:186} INFO - Started process (PID=1497) to work on /home/airflow/.local/lib/python3.12/site-packages/airflow/example_dags/example_branch_labels.py
[2024-12-07T09:26:15.944+0000] {processor.py:914} INFO - Processing file /home/airflow/.local/lib/python3.12/site-packages/airflow/example_dags/example_branch_labels.py for tasks to queue
[2024-12-07T09:26:15.946+0000] {logging_mixin.py:190} INFO - [2024-12-07T09:26:15.945+0000] {dagbag.py:588} INFO - Filling up the DagBag from /home/airflow/.local/lib/python3.12/site-packages/airflow/example_dags/example_branch_labels.py
[2024-12-07T09:26:15.955+0000] {processor.py:925} INFO - DAG(s) 'example_branch_labels' retrieved from /home/airflow/.local/lib/python3.12/site-packages/airflow/example_dags/example_branch_labels.py
[2024-12-07T09:26:15.974+0000] {logging_mixin.py:190} INFO - [2024-12-07T09:26:15.974+0000] {dag.py:3239} INFO - Sync 1 DAGs
[2024-12-07T09:26:15.993+0000] {logging_mixin.py:190} INFO - [2024-12-07T09:26:15.993+0000] {dag.py:4180} INFO - Setting next_dagrun for example_branch_labels to 2024-12-06 00:00:00+00:00, run_after=2024-12-07 00:00:00+00:00
[2024-12-07T09:26:16.006+0000] {processor.py:208} INFO - Processing /home/airflow/.local/lib/python3.12/site-packages/airflow/example_dags/example_branch_labels.py took 0.069 seconds
[2024-12-07T09:26:46.113+0000] {processor.py:186} INFO - Started process (PID=1560) to work on /home/airflow/.local/lib/python3.12/site-packages/airflow/example_dags/example_branch_labels.py
[2024-12-07T09:26:46.114+0000] {processor.py:914} INFO - Processing file /home/airflow/.local/lib/python3.12/site-packages/airflow/example_dags/example_branch_labels.py for tasks to queue
[2024-12-07T09:26:46.115+0000] {logging_mixin.py:190} INFO - [2024-12-07T09:26:46.115+0000] {dagbag.py:588} INFO - Filling up the DagBag from /home/airflow/.local/lib/python3.12/site-packages/airflow/example_dags/example_branch_labels.py
[2024-12-07T09:26:46.125+0000] {processor.py:925} INFO - DAG(s) 'example_branch_labels' retrieved from /home/airflow/.local/lib/python3.12/site-packages/airflow/example_dags/example_branch_labels.py
[2024-12-07T09:26:46.141+0000] {logging_mixin.py:190} INFO - [2024-12-07T09:26:46.141+0000] {dag.py:3239} INFO - Sync 1 DAGs
[2024-12-07T09:26:46.161+0000] {logging_mixin.py:190} INFO - [2024-12-07T09:26:46.161+0000] {dag.py:4180} INFO - Setting next_dagrun for example_branch_labels to 2024-12-06 00:00:00+00:00, run_after=2024-12-07 00:00:00+00:00
[2024-12-07T09:26:46.174+0000] {processor.py:208} INFO - Processing /home/airflow/.local/lib/python3.12/site-packages/airflow/example_dags/example_branch_labels.py took 0.065 seconds
[2024-12-07T09:27:16.346+0000] {processor.py:186} INFO - Started process (PID=1623) to work on /home/airflow/.local/lib/python3.12/site-packages/airflow/example_dags/example_branch_labels.py
[2024-12-07T09:27:16.346+0000] {processor.py:914} INFO - Processing file /home/airflow/.local/lib/python3.12/site-packages/airflow/example_dags/example_branch_labels.py for tasks to queue
[2024-12-07T09:27:16.348+0000] {logging_mixin.py:190} INFO - [2024-12-07T09:27:16.348+0000] {dagbag.py:588} INFO - Filling up the DagBag from /home/airflow/.local/lib/python3.12/site-packages/airflow/example_dags/example_branch_labels.py
[2024-12-07T09:27:16.356+0000] {processor.py:925} INFO - DAG(s) 'example_branch_labels' retrieved from /home/airflow/.local/lib/python3.12/site-packages/airflow/example_dags/example_branch_labels.py
[2024-12-07T09:27:16.376+0000] {logging_mixin.py:190} INFO - [2024-12-07T09:27:16.376+0000] {dag.py:3239} INFO - Sync 1 DAGs
[2024-12-07T09:27:16.401+0000] {logging_mixin.py:190} INFO - [2024-12-07T09:27:16.401+0000] {dag.py:4180} INFO - Setting next_dagrun for example_branch_labels to 2024-12-06 00:00:00+00:00, run_after=2024-12-07 00:00:00+00:00
[2024-12-07T09:27:16.414+0000] {processor.py:208} INFO - Processing /home/airflow/.local/lib/python3.12/site-packages/airflow/example_dags/example_branch_labels.py took 0.073 seconds
