[2024-12-07T09:14:58.484+0000] {processor.py:186} INFO - Started process (PID=91) to work on /home/airflow/.local/lib/python3.12/site-packages/airflow/example_dags/tutorial_objectstorage.py
[2024-12-07T09:14:58.485+0000] {processor.py:914} INFO - Processing file /home/airflow/.local/lib/python3.12/site-packages/airflow/example_dags/tutorial_objectstorage.py for tasks to queue
[2024-12-07T09:14:58.487+0000] {logging_mixin.py:190} INFO - [2024-12-07T09:14:58.487+0000] {dagbag.py:588} INFO - Filling up the DagBag from /home/airflow/.local/lib/python3.12/site-packages/airflow/example_dags/tutorial_objectstorage.py
[2024-12-07T09:14:58.498+0000] {processor.py:925} INFO - DAG(s) 'tutorial_objectstorage' retrieved from /home/airflow/.local/lib/python3.12/site-packages/airflow/example_dags/tutorial_objectstorage.py
[2024-12-07T09:14:58.622+0000] {logging_mixin.py:190} INFO - [2024-12-07T09:14:58.621+0000] {override.py:1911} INFO - Created Permission View: can delete on DAG:tutorial_objectstorage
[2024-12-07T09:14:58.631+0000] {logging_mixin.py:190} INFO - [2024-12-07T09:14:58.631+0000] {override.py:1911} INFO - Created Permission View: can edit on DAG:tutorial_objectstorage
[2024-12-07T09:14:58.637+0000] {logging_mixin.py:190} INFO - [2024-12-07T09:14:58.636+0000] {override.py:1911} INFO - Created Permission View: can read on DAG:tutorial_objectstorage
[2024-12-07T09:14:58.642+0000] {logging_mixin.py:190} INFO - [2024-12-07T09:14:58.642+0000] {override.py:1911} INFO - Created Permission View: can delete on DAG Run:tutorial_objectstorage
[2024-12-07T09:14:58.648+0000] {logging_mixin.py:190} INFO - [2024-12-07T09:14:58.648+0000] {override.py:1911} INFO - Created Permission View: menu access on DAG Run:tutorial_objectstorage
[2024-12-07T09:14:58.653+0000] {logging_mixin.py:190} INFO - [2024-12-07T09:14:58.653+0000] {override.py:1911} INFO - Created Permission View: can create on DAG Run:tutorial_objectstorage
[2024-12-07T09:14:58.659+0000] {logging_mixin.py:190} INFO - [2024-12-07T09:14:58.658+0000] {override.py:1911} INFO - Created Permission View: can read on DAG Run:tutorial_objectstorage
[2024-12-07T09:14:58.659+0000] {logging_mixin.py:190} INFO - [2024-12-07T09:14:58.659+0000] {dag.py:3239} INFO - Sync 1 DAGs
[2024-12-07T09:14:58.672+0000] {logging_mixin.py:190} INFO - [2024-12-07T09:14:58.672+0000] {dag.py:3262} INFO - Creating ORM DAG for tutorial_objectstorage
[2024-12-07T09:14:58.673+0000] {logging_mixin.py:190} INFO - [2024-12-07T09:14:58.673+0000] {dag.py:4180} INFO - Setting next_dagrun for tutorial_objectstorage to None, run_after=None
[2024-12-07T09:14:58.687+0000] {processor.py:208} INFO - Processing /home/airflow/.local/lib/python3.12/site-packages/airflow/example_dags/tutorial_objectstorage.py took 0.209 seconds
[2024-12-07T09:15:28.793+0000] {processor.py:186} INFO - Started process (PID=153) to work on /home/airflow/.local/lib/python3.12/site-packages/airflow/example_dags/tutorial_objectstorage.py
[2024-12-07T09:15:28.794+0000] {processor.py:914} INFO - Processing file /home/airflow/.local/lib/python3.12/site-packages/airflow/example_dags/tutorial_objectstorage.py for tasks to queue
[2024-12-07T09:15:28.796+0000] {logging_mixin.py:190} INFO - [2024-12-07T09:15:28.795+0000] {dagbag.py:588} INFO - Filling up the DagBag from /home/airflow/.local/lib/python3.12/site-packages/airflow/example_dags/tutorial_objectstorage.py
[2024-12-07T09:15:28.803+0000] {processor.py:925} INFO - DAG(s) 'tutorial_objectstorage' retrieved from /home/airflow/.local/lib/python3.12/site-packages/airflow/example_dags/tutorial_objectstorage.py
[2024-12-07T09:15:28.817+0000] {logging_mixin.py:190} INFO - [2024-12-07T09:15:28.817+0000] {dag.py:3239} INFO - Sync 1 DAGs
[2024-12-07T09:15:28.828+0000] {logging_mixin.py:190} INFO - [2024-12-07T09:15:28.828+0000] {dag.py:4180} INFO - Setting next_dagrun for tutorial_objectstorage to None, run_after=None
[2024-12-07T09:15:28.840+0000] {processor.py:208} INFO - Processing /home/airflow/.local/lib/python3.12/site-packages/airflow/example_dags/tutorial_objectstorage.py took 0.051 seconds
[2024-12-07T09:15:58.921+0000] {processor.py:186} INFO - Started process (PID=216) to work on /home/airflow/.local/lib/python3.12/site-packages/airflow/example_dags/tutorial_objectstorage.py
[2024-12-07T09:15:58.922+0000] {processor.py:914} INFO - Processing file /home/airflow/.local/lib/python3.12/site-packages/airflow/example_dags/tutorial_objectstorage.py for tasks to queue
[2024-12-07T09:15:58.923+0000] {logging_mixin.py:190} INFO - [2024-12-07T09:15:58.923+0000] {dagbag.py:588} INFO - Filling up the DagBag from /home/airflow/.local/lib/python3.12/site-packages/airflow/example_dags/tutorial_objectstorage.py
[2024-12-07T09:15:58.930+0000] {processor.py:925} INFO - DAG(s) 'tutorial_objectstorage' retrieved from /home/airflow/.local/lib/python3.12/site-packages/airflow/example_dags/tutorial_objectstorage.py
[2024-12-07T09:15:58.944+0000] {logging_mixin.py:190} INFO - [2024-12-07T09:15:58.944+0000] {dag.py:3239} INFO - Sync 1 DAGs
[2024-12-07T09:15:58.955+0000] {logging_mixin.py:190} INFO - [2024-12-07T09:15:58.955+0000] {dag.py:4180} INFO - Setting next_dagrun for tutorial_objectstorage to None, run_after=None
[2024-12-07T09:15:58.967+0000] {processor.py:208} INFO - Processing /home/airflow/.local/lib/python3.12/site-packages/airflow/example_dags/tutorial_objectstorage.py took 0.051 seconds
[2024-12-07T09:16:29.032+0000] {processor.py:186} INFO - Started process (PID=279) to work on /home/airflow/.local/lib/python3.12/site-packages/airflow/example_dags/tutorial_objectstorage.py
[2024-12-07T09:16:29.033+0000] {processor.py:914} INFO - Processing file /home/airflow/.local/lib/python3.12/site-packages/airflow/example_dags/tutorial_objectstorage.py for tasks to queue
[2024-12-07T09:16:29.035+0000] {logging_mixin.py:190} INFO - [2024-12-07T09:16:29.034+0000] {dagbag.py:588} INFO - Filling up the DagBag from /home/airflow/.local/lib/python3.12/site-packages/airflow/example_dags/tutorial_objectstorage.py
[2024-12-07T09:16:29.045+0000] {processor.py:925} INFO - DAG(s) 'tutorial_objectstorage' retrieved from /home/airflow/.local/lib/python3.12/site-packages/airflow/example_dags/tutorial_objectstorage.py
[2024-12-07T09:16:29.064+0000] {logging_mixin.py:190} INFO - [2024-12-07T09:16:29.063+0000] {dag.py:3239} INFO - Sync 1 DAGs
[2024-12-07T09:16:29.080+0000] {logging_mixin.py:190} INFO - [2024-12-07T09:16:29.080+0000] {dag.py:4180} INFO - Setting next_dagrun for tutorial_objectstorage to None, run_after=None
[2024-12-07T09:16:29.097+0000] {processor.py:208} INFO - Processing /home/airflow/.local/lib/python3.12/site-packages/airflow/example_dags/tutorial_objectstorage.py took 0.072 seconds
[2024-12-07T09:16:59.817+0000] {processor.py:186} INFO - Started process (PID=342) to work on /home/airflow/.local/lib/python3.12/site-packages/airflow/example_dags/tutorial_objectstorage.py
[2024-12-07T09:16:59.818+0000] {processor.py:914} INFO - Processing file /home/airflow/.local/lib/python3.12/site-packages/airflow/example_dags/tutorial_objectstorage.py for tasks to queue
[2024-12-07T09:16:59.819+0000] {logging_mixin.py:190} INFO - [2024-12-07T09:16:59.819+0000] {dagbag.py:588} INFO - Filling up the DagBag from /home/airflow/.local/lib/python3.12/site-packages/airflow/example_dags/tutorial_objectstorage.py
[2024-12-07T09:16:59.826+0000] {processor.py:925} INFO - DAG(s) 'tutorial_objectstorage' retrieved from /home/airflow/.local/lib/python3.12/site-packages/airflow/example_dags/tutorial_objectstorage.py
[2024-12-07T09:16:59.841+0000] {logging_mixin.py:190} INFO - [2024-12-07T09:16:59.841+0000] {dag.py:3239} INFO - Sync 1 DAGs
[2024-12-07T09:16:59.853+0000] {logging_mixin.py:190} INFO - [2024-12-07T09:16:59.853+0000] {dag.py:4180} INFO - Setting next_dagrun for tutorial_objectstorage to None, run_after=None
[2024-12-07T09:16:59.867+0000] {processor.py:208} INFO - Processing /home/airflow/.local/lib/python3.12/site-packages/airflow/example_dags/tutorial_objectstorage.py took 0.054 seconds
[2024-12-07T09:17:30.627+0000] {processor.py:186} INFO - Started process (PID=405) to work on /home/airflow/.local/lib/python3.12/site-packages/airflow/example_dags/tutorial_objectstorage.py
[2024-12-07T09:17:30.627+0000] {processor.py:914} INFO - Processing file /home/airflow/.local/lib/python3.12/site-packages/airflow/example_dags/tutorial_objectstorage.py for tasks to queue
[2024-12-07T09:17:30.629+0000] {logging_mixin.py:190} INFO - [2024-12-07T09:17:30.629+0000] {dagbag.py:588} INFO - Filling up the DagBag from /home/airflow/.local/lib/python3.12/site-packages/airflow/example_dags/tutorial_objectstorage.py
[2024-12-07T09:17:30.637+0000] {processor.py:925} INFO - DAG(s) 'tutorial_objectstorage' retrieved from /home/airflow/.local/lib/python3.12/site-packages/airflow/example_dags/tutorial_objectstorage.py
[2024-12-07T09:17:30.650+0000] {logging_mixin.py:190} INFO - [2024-12-07T09:17:30.650+0000] {dag.py:3239} INFO - Sync 1 DAGs
[2024-12-07T09:17:30.662+0000] {logging_mixin.py:190} INFO - [2024-12-07T09:17:30.662+0000] {dag.py:4180} INFO - Setting next_dagrun for tutorial_objectstorage to None, run_after=None
[2024-12-07T09:17:30.675+0000] {processor.py:208} INFO - Processing /home/airflow/.local/lib/python3.12/site-packages/airflow/example_dags/tutorial_objectstorage.py took 0.054 seconds
[2024-12-07T09:18:01.070+0000] {processor.py:186} INFO - Started process (PID=468) to work on /home/airflow/.local/lib/python3.12/site-packages/airflow/example_dags/tutorial_objectstorage.py
[2024-12-07T09:18:01.070+0000] {processor.py:914} INFO - Processing file /home/airflow/.local/lib/python3.12/site-packages/airflow/example_dags/tutorial_objectstorage.py for tasks to queue
[2024-12-07T09:18:01.073+0000] {logging_mixin.py:190} INFO - [2024-12-07T09:18:01.072+0000] {dagbag.py:588} INFO - Filling up the DagBag from /home/airflow/.local/lib/python3.12/site-packages/airflow/example_dags/tutorial_objectstorage.py
[2024-12-07T09:18:01.083+0000] {processor.py:925} INFO - DAG(s) 'tutorial_objectstorage' retrieved from /home/airflow/.local/lib/python3.12/site-packages/airflow/example_dags/tutorial_objectstorage.py
[2024-12-07T09:18:01.102+0000] {logging_mixin.py:190} INFO - [2024-12-07T09:18:01.101+0000] {dag.py:3239} INFO - Sync 1 DAGs
[2024-12-07T09:18:01.117+0000] {logging_mixin.py:190} INFO - [2024-12-07T09:18:01.117+0000] {dag.py:4180} INFO - Setting next_dagrun for tutorial_objectstorage to None, run_after=None
[2024-12-07T09:18:01.132+0000] {processor.py:208} INFO - Processing /home/airflow/.local/lib/python3.12/site-packages/airflow/example_dags/tutorial_objectstorage.py took 0.069 seconds
[2024-12-07T09:18:31.314+0000] {processor.py:186} INFO - Started process (PID=531) to work on /home/airflow/.local/lib/python3.12/site-packages/airflow/example_dags/tutorial_objectstorage.py
[2024-12-07T09:18:31.314+0000] {processor.py:914} INFO - Processing file /home/airflow/.local/lib/python3.12/site-packages/airflow/example_dags/tutorial_objectstorage.py for tasks to queue
[2024-12-07T09:18:31.316+0000] {logging_mixin.py:190} INFO - [2024-12-07T09:18:31.316+0000] {dagbag.py:588} INFO - Filling up the DagBag from /home/airflow/.local/lib/python3.12/site-packages/airflow/example_dags/tutorial_objectstorage.py
[2024-12-07T09:18:31.323+0000] {processor.py:925} INFO - DAG(s) 'tutorial_objectstorage' retrieved from /home/airflow/.local/lib/python3.12/site-packages/airflow/example_dags/tutorial_objectstorage.py
[2024-12-07T09:18:31.338+0000] {logging_mixin.py:190} INFO - [2024-12-07T09:18:31.337+0000] {dag.py:3239} INFO - Sync 1 DAGs
[2024-12-07T09:18:31.350+0000] {logging_mixin.py:190} INFO - [2024-12-07T09:18:31.350+0000] {dag.py:4180} INFO - Setting next_dagrun for tutorial_objectstorage to None, run_after=None
[2024-12-07T09:18:31.363+0000] {processor.py:208} INFO - Processing /home/airflow/.local/lib/python3.12/site-packages/airflow/example_dags/tutorial_objectstorage.py took 0.054 seconds
[2024-12-07T09:19:01.483+0000] {processor.py:186} INFO - Started process (PID=594) to work on /home/airflow/.local/lib/python3.12/site-packages/airflow/example_dags/tutorial_objectstorage.py
[2024-12-07T09:19:01.484+0000] {processor.py:914} INFO - Processing file /home/airflow/.local/lib/python3.12/site-packages/airflow/example_dags/tutorial_objectstorage.py for tasks to queue
[2024-12-07T09:19:01.485+0000] {logging_mixin.py:190} INFO - [2024-12-07T09:19:01.485+0000] {dagbag.py:588} INFO - Filling up the DagBag from /home/airflow/.local/lib/python3.12/site-packages/airflow/example_dags/tutorial_objectstorage.py
[2024-12-07T09:19:01.493+0000] {processor.py:925} INFO - DAG(s) 'tutorial_objectstorage' retrieved from /home/airflow/.local/lib/python3.12/site-packages/airflow/example_dags/tutorial_objectstorage.py
[2024-12-07T09:19:01.510+0000] {logging_mixin.py:190} INFO - [2024-12-07T09:19:01.509+0000] {dag.py:3239} INFO - Sync 1 DAGs
[2024-12-07T09:19:01.524+0000] {logging_mixin.py:190} INFO - [2024-12-07T09:19:01.524+0000] {dag.py:4180} INFO - Setting next_dagrun for tutorial_objectstorage to None, run_after=None
[2024-12-07T09:19:01.539+0000] {processor.py:208} INFO - Processing /home/airflow/.local/lib/python3.12/site-packages/airflow/example_dags/tutorial_objectstorage.py took 0.060 seconds
[2024-12-07T09:19:31.916+0000] {processor.py:186} INFO - Started process (PID=657) to work on /home/airflow/.local/lib/python3.12/site-packages/airflow/example_dags/tutorial_objectstorage.py
[2024-12-07T09:19:31.917+0000] {processor.py:914} INFO - Processing file /home/airflow/.local/lib/python3.12/site-packages/airflow/example_dags/tutorial_objectstorage.py for tasks to queue
[2024-12-07T09:19:31.918+0000] {logging_mixin.py:190} INFO - [2024-12-07T09:19:31.918+0000] {dagbag.py:588} INFO - Filling up the DagBag from /home/airflow/.local/lib/python3.12/site-packages/airflow/example_dags/tutorial_objectstorage.py
[2024-12-07T09:19:31.926+0000] {processor.py:925} INFO - DAG(s) 'tutorial_objectstorage' retrieved from /home/airflow/.local/lib/python3.12/site-packages/airflow/example_dags/tutorial_objectstorage.py
[2024-12-07T09:19:31.945+0000] {logging_mixin.py:190} INFO - [2024-12-07T09:19:31.945+0000] {dag.py:3239} INFO - Sync 1 DAGs
[2024-12-07T09:19:31.961+0000] {logging_mixin.py:190} INFO - [2024-12-07T09:19:31.960+0000] {dag.py:4180} INFO - Setting next_dagrun for tutorial_objectstorage to None, run_after=None
[2024-12-07T09:19:31.975+0000] {processor.py:208} INFO - Processing /home/airflow/.local/lib/python3.12/site-packages/airflow/example_dags/tutorial_objectstorage.py took 0.064 seconds
[2024-12-07T09:20:02.341+0000] {processor.py:186} INFO - Started process (PID=720) to work on /home/airflow/.local/lib/python3.12/site-packages/airflow/example_dags/tutorial_objectstorage.py
[2024-12-07T09:20:02.342+0000] {processor.py:914} INFO - Processing file /home/airflow/.local/lib/python3.12/site-packages/airflow/example_dags/tutorial_objectstorage.py for tasks to queue
[2024-12-07T09:20:02.343+0000] {logging_mixin.py:190} INFO - [2024-12-07T09:20:02.343+0000] {dagbag.py:588} INFO - Filling up the DagBag from /home/airflow/.local/lib/python3.12/site-packages/airflow/example_dags/tutorial_objectstorage.py
[2024-12-07T09:20:02.351+0000] {processor.py:925} INFO - DAG(s) 'tutorial_objectstorage' retrieved from /home/airflow/.local/lib/python3.12/site-packages/airflow/example_dags/tutorial_objectstorage.py
[2024-12-07T09:20:02.366+0000] {logging_mixin.py:190} INFO - [2024-12-07T09:20:02.366+0000] {dag.py:3239} INFO - Sync 1 DAGs
[2024-12-07T09:20:02.382+0000] {logging_mixin.py:190} INFO - [2024-12-07T09:20:02.381+0000] {dag.py:4180} INFO - Setting next_dagrun for tutorial_objectstorage to None, run_after=None
[2024-12-07T09:20:02.399+0000] {processor.py:208} INFO - Processing /home/airflow/.local/lib/python3.12/site-packages/airflow/example_dags/tutorial_objectstorage.py took 0.062 seconds
[2024-12-07T09:20:32.753+0000] {processor.py:186} INFO - Started process (PID=783) to work on /home/airflow/.local/lib/python3.12/site-packages/airflow/example_dags/tutorial_objectstorage.py
[2024-12-07T09:20:32.754+0000] {processor.py:914} INFO - Processing file /home/airflow/.local/lib/python3.12/site-packages/airflow/example_dags/tutorial_objectstorage.py for tasks to queue
[2024-12-07T09:20:32.756+0000] {logging_mixin.py:190} INFO - [2024-12-07T09:20:32.755+0000] {dagbag.py:588} INFO - Filling up the DagBag from /home/airflow/.local/lib/python3.12/site-packages/airflow/example_dags/tutorial_objectstorage.py
[2024-12-07T09:20:32.763+0000] {processor.py:925} INFO - DAG(s) 'tutorial_objectstorage' retrieved from /home/airflow/.local/lib/python3.12/site-packages/airflow/example_dags/tutorial_objectstorage.py
[2024-12-07T09:20:32.778+0000] {logging_mixin.py:190} INFO - [2024-12-07T09:20:32.778+0000] {dag.py:3239} INFO - Sync 1 DAGs
[2024-12-07T09:20:32.790+0000] {logging_mixin.py:190} INFO - [2024-12-07T09:20:32.790+0000] {dag.py:4180} INFO - Setting next_dagrun for tutorial_objectstorage to None, run_after=None
[2024-12-07T09:20:32.803+0000] {processor.py:208} INFO - Processing /home/airflow/.local/lib/python3.12/site-packages/airflow/example_dags/tutorial_objectstorage.py took 0.054 seconds
[2024-12-07T09:21:03.705+0000] {processor.py:186} INFO - Started process (PID=846) to work on /home/airflow/.local/lib/python3.12/site-packages/airflow/example_dags/tutorial_objectstorage.py
[2024-12-07T09:21:03.705+0000] {processor.py:914} INFO - Processing file /home/airflow/.local/lib/python3.12/site-packages/airflow/example_dags/tutorial_objectstorage.py for tasks to queue
[2024-12-07T09:21:03.707+0000] {logging_mixin.py:190} INFO - [2024-12-07T09:21:03.706+0000] {dagbag.py:588} INFO - Filling up the DagBag from /home/airflow/.local/lib/python3.12/site-packages/airflow/example_dags/tutorial_objectstorage.py
[2024-12-07T09:21:03.714+0000] {processor.py:925} INFO - DAG(s) 'tutorial_objectstorage' retrieved from /home/airflow/.local/lib/python3.12/site-packages/airflow/example_dags/tutorial_objectstorage.py
[2024-12-07T09:21:03.729+0000] {logging_mixin.py:190} INFO - [2024-12-07T09:21:03.729+0000] {dag.py:3239} INFO - Sync 1 DAGs
[2024-12-07T09:21:03.740+0000] {logging_mixin.py:190} INFO - [2024-12-07T09:21:03.740+0000] {dag.py:4180} INFO - Setting next_dagrun for tutorial_objectstorage to None, run_after=None
[2024-12-07T09:21:03.754+0000] {processor.py:208} INFO - Processing /home/airflow/.local/lib/python3.12/site-packages/airflow/example_dags/tutorial_objectstorage.py took 0.054 seconds
[2024-12-07T09:21:34.060+0000] {processor.py:186} INFO - Started process (PID=908) to work on /home/airflow/.local/lib/python3.12/site-packages/airflow/example_dags/tutorial_objectstorage.py
[2024-12-07T09:21:34.061+0000] {processor.py:914} INFO - Processing file /home/airflow/.local/lib/python3.12/site-packages/airflow/example_dags/tutorial_objectstorage.py for tasks to queue
[2024-12-07T09:21:34.062+0000] {logging_mixin.py:190} INFO - [2024-12-07T09:21:34.062+0000] {dagbag.py:588} INFO - Filling up the DagBag from /home/airflow/.local/lib/python3.12/site-packages/airflow/example_dags/tutorial_objectstorage.py
[2024-12-07T09:21:34.069+0000] {processor.py:925} INFO - DAG(s) 'tutorial_objectstorage' retrieved from /home/airflow/.local/lib/python3.12/site-packages/airflow/example_dags/tutorial_objectstorage.py
[2024-12-07T09:21:34.086+0000] {logging_mixin.py:190} INFO - [2024-12-07T09:21:34.086+0000] {dag.py:3239} INFO - Sync 1 DAGs
[2024-12-07T09:21:34.099+0000] {logging_mixin.py:190} INFO - [2024-12-07T09:21:34.099+0000] {dag.py:4180} INFO - Setting next_dagrun for tutorial_objectstorage to None, run_after=None
[2024-12-07T09:21:34.113+0000] {processor.py:208} INFO - Processing /home/airflow/.local/lib/python3.12/site-packages/airflow/example_dags/tutorial_objectstorage.py took 0.057 seconds
[2024-12-07T09:22:04.480+0000] {processor.py:186} INFO - Started process (PID=972) to work on /home/airflow/.local/lib/python3.12/site-packages/airflow/example_dags/tutorial_objectstorage.py
[2024-12-07T09:22:04.481+0000] {processor.py:914} INFO - Processing file /home/airflow/.local/lib/python3.12/site-packages/airflow/example_dags/tutorial_objectstorage.py for tasks to queue
[2024-12-07T09:22:04.482+0000] {logging_mixin.py:190} INFO - [2024-12-07T09:22:04.482+0000] {dagbag.py:588} INFO - Filling up the DagBag from /home/airflow/.local/lib/python3.12/site-packages/airflow/example_dags/tutorial_objectstorage.py
[2024-12-07T09:22:04.490+0000] {processor.py:925} INFO - DAG(s) 'tutorial_objectstorage' retrieved from /home/airflow/.local/lib/python3.12/site-packages/airflow/example_dags/tutorial_objectstorage.py
[2024-12-07T09:22:04.505+0000] {logging_mixin.py:190} INFO - [2024-12-07T09:22:04.505+0000] {dag.py:3239} INFO - Sync 1 DAGs
[2024-12-07T09:22:04.516+0000] {logging_mixin.py:190} INFO - [2024-12-07T09:22:04.516+0000] {dag.py:4180} INFO - Setting next_dagrun for tutorial_objectstorage to None, run_after=None
[2024-12-07T09:22:04.529+0000] {processor.py:208} INFO - Processing /home/airflow/.local/lib/python3.12/site-packages/airflow/example_dags/tutorial_objectstorage.py took 0.053 seconds
[2024-12-07T09:22:35.222+0000] {processor.py:186} INFO - Started process (PID=1035) to work on /home/airflow/.local/lib/python3.12/site-packages/airflow/example_dags/tutorial_objectstorage.py
[2024-12-07T09:22:35.222+0000] {processor.py:914} INFO - Processing file /home/airflow/.local/lib/python3.12/site-packages/airflow/example_dags/tutorial_objectstorage.py for tasks to queue
[2024-12-07T09:22:35.224+0000] {logging_mixin.py:190} INFO - [2024-12-07T09:22:35.224+0000] {dagbag.py:588} INFO - Filling up the DagBag from /home/airflow/.local/lib/python3.12/site-packages/airflow/example_dags/tutorial_objectstorage.py
[2024-12-07T09:22:35.231+0000] {processor.py:925} INFO - DAG(s) 'tutorial_objectstorage' retrieved from /home/airflow/.local/lib/python3.12/site-packages/airflow/example_dags/tutorial_objectstorage.py
[2024-12-07T09:22:35.246+0000] {logging_mixin.py:190} INFO - [2024-12-07T09:22:35.246+0000] {dag.py:3239} INFO - Sync 1 DAGs
[2024-12-07T09:22:35.259+0000] {logging_mixin.py:190} INFO - [2024-12-07T09:22:35.259+0000] {dag.py:4180} INFO - Setting next_dagrun for tutorial_objectstorage to None, run_after=None
[2024-12-07T09:22:35.271+0000] {processor.py:208} INFO - Processing /home/airflow/.local/lib/python3.12/site-packages/airflow/example_dags/tutorial_objectstorage.py took 0.055 seconds
[2024-12-07T09:23:06.000+0000] {processor.py:186} INFO - Started process (PID=1098) to work on /home/airflow/.local/lib/python3.12/site-packages/airflow/example_dags/tutorial_objectstorage.py
[2024-12-07T09:23:06.000+0000] {processor.py:914} INFO - Processing file /home/airflow/.local/lib/python3.12/site-packages/airflow/example_dags/tutorial_objectstorage.py for tasks to queue
[2024-12-07T09:23:06.002+0000] {logging_mixin.py:190} INFO - [2024-12-07T09:23:06.002+0000] {dagbag.py:588} INFO - Filling up the DagBag from /home/airflow/.local/lib/python3.12/site-packages/airflow/example_dags/tutorial_objectstorage.py
[2024-12-07T09:23:06.009+0000] {processor.py:925} INFO - DAG(s) 'tutorial_objectstorage' retrieved from /home/airflow/.local/lib/python3.12/site-packages/airflow/example_dags/tutorial_objectstorage.py
[2024-12-07T09:23:06.023+0000] {logging_mixin.py:190} INFO - [2024-12-07T09:23:06.023+0000] {dag.py:3239} INFO - Sync 1 DAGs
[2024-12-07T09:23:06.035+0000] {logging_mixin.py:190} INFO - [2024-12-07T09:23:06.035+0000] {dag.py:4180} INFO - Setting next_dagrun for tutorial_objectstorage to None, run_after=None
[2024-12-07T09:23:06.047+0000] {processor.py:208} INFO - Processing /home/airflow/.local/lib/python3.12/site-packages/airflow/example_dags/tutorial_objectstorage.py took 0.052 seconds
[2024-12-07T09:23:36.899+0000] {processor.py:186} INFO - Started process (PID=1162) to work on /home/airflow/.local/lib/python3.12/site-packages/airflow/example_dags/tutorial_objectstorage.py
[2024-12-07T09:23:36.899+0000] {processor.py:914} INFO - Processing file /home/airflow/.local/lib/python3.12/site-packages/airflow/example_dags/tutorial_objectstorage.py for tasks to queue
[2024-12-07T09:23:36.901+0000] {logging_mixin.py:190} INFO - [2024-12-07T09:23:36.901+0000] {dagbag.py:588} INFO - Filling up the DagBag from /home/airflow/.local/lib/python3.12/site-packages/airflow/example_dags/tutorial_objectstorage.py
[2024-12-07T09:23:36.908+0000] {processor.py:925} INFO - DAG(s) 'tutorial_objectstorage' retrieved from /home/airflow/.local/lib/python3.12/site-packages/airflow/example_dags/tutorial_objectstorage.py
[2024-12-07T09:23:36.923+0000] {logging_mixin.py:190} INFO - [2024-12-07T09:23:36.923+0000] {dag.py:3239} INFO - Sync 1 DAGs
[2024-12-07T09:23:36.935+0000] {logging_mixin.py:190} INFO - [2024-12-07T09:23:36.934+0000] {dag.py:4180} INFO - Setting next_dagrun for tutorial_objectstorage to None, run_after=None
[2024-12-07T09:23:36.947+0000] {processor.py:208} INFO - Processing /home/airflow/.local/lib/python3.12/site-packages/airflow/example_dags/tutorial_objectstorage.py took 0.053 seconds
[2024-12-07T09:24:07.986+0000] {processor.py:186} INFO - Started process (PID=1225) to work on /home/airflow/.local/lib/python3.12/site-packages/airflow/example_dags/tutorial_objectstorage.py
[2024-12-07T09:24:07.987+0000] {processor.py:914} INFO - Processing file /home/airflow/.local/lib/python3.12/site-packages/airflow/example_dags/tutorial_objectstorage.py for tasks to queue
[2024-12-07T09:24:07.989+0000] {logging_mixin.py:190} INFO - [2024-12-07T09:24:07.988+0000] {dagbag.py:588} INFO - Filling up the DagBag from /home/airflow/.local/lib/python3.12/site-packages/airflow/example_dags/tutorial_objectstorage.py
[2024-12-07T09:24:07.997+0000] {processor.py:925} INFO - DAG(s) 'tutorial_objectstorage' retrieved from /home/airflow/.local/lib/python3.12/site-packages/airflow/example_dags/tutorial_objectstorage.py
[2024-12-07T09:24:08.017+0000] {logging_mixin.py:190} INFO - [2024-12-07T09:24:08.017+0000] {dag.py:3239} INFO - Sync 1 DAGs
[2024-12-07T09:24:08.035+0000] {logging_mixin.py:190} INFO - [2024-12-07T09:24:08.035+0000] {dag.py:4180} INFO - Setting next_dagrun for tutorial_objectstorage to None, run_after=None
[2024-12-07T09:24:08.056+0000] {processor.py:208} INFO - Processing /home/airflow/.local/lib/python3.12/site-packages/airflow/example_dags/tutorial_objectstorage.py took 0.075 seconds
[2024-12-07T09:24:38.121+0000] {processor.py:186} INFO - Started process (PID=1288) to work on /home/airflow/.local/lib/python3.12/site-packages/airflow/example_dags/tutorial_objectstorage.py
[2024-12-07T09:24:38.122+0000] {processor.py:914} INFO - Processing file /home/airflow/.local/lib/python3.12/site-packages/airflow/example_dags/tutorial_objectstorage.py for tasks to queue
[2024-12-07T09:24:38.124+0000] {logging_mixin.py:190} INFO - [2024-12-07T09:24:38.124+0000] {dagbag.py:588} INFO - Filling up the DagBag from /home/airflow/.local/lib/python3.12/site-packages/airflow/example_dags/tutorial_objectstorage.py
[2024-12-07T09:24:38.136+0000] {processor.py:925} INFO - DAG(s) 'tutorial_objectstorage' retrieved from /home/airflow/.local/lib/python3.12/site-packages/airflow/example_dags/tutorial_objectstorage.py
[2024-12-07T09:24:38.158+0000] {logging_mixin.py:190} INFO - [2024-12-07T09:24:38.158+0000] {dag.py:3239} INFO - Sync 1 DAGs
[2024-12-07T09:24:38.177+0000] {logging_mixin.py:190} INFO - [2024-12-07T09:24:38.176+0000] {dag.py:4180} INFO - Setting next_dagrun for tutorial_objectstorage to None, run_after=None
[2024-12-07T09:24:38.196+0000] {processor.py:208} INFO - Processing /home/airflow/.local/lib/python3.12/site-packages/airflow/example_dags/tutorial_objectstorage.py took 0.082 seconds
[2024-12-07T09:25:08.359+0000] {processor.py:186} INFO - Started process (PID=1351) to work on /home/airflow/.local/lib/python3.12/site-packages/airflow/example_dags/tutorial_objectstorage.py
[2024-12-07T09:25:08.359+0000] {processor.py:914} INFO - Processing file /home/airflow/.local/lib/python3.12/site-packages/airflow/example_dags/tutorial_objectstorage.py for tasks to queue
[2024-12-07T09:25:08.361+0000] {logging_mixin.py:190} INFO - [2024-12-07T09:25:08.361+0000] {dagbag.py:588} INFO - Filling up the DagBag from /home/airflow/.local/lib/python3.12/site-packages/airflow/example_dags/tutorial_objectstorage.py
[2024-12-07T09:25:08.369+0000] {processor.py:925} INFO - DAG(s) 'tutorial_objectstorage' retrieved from /home/airflow/.local/lib/python3.12/site-packages/airflow/example_dags/tutorial_objectstorage.py
[2024-12-07T09:25:08.387+0000] {logging_mixin.py:190} INFO - [2024-12-07T09:25:08.387+0000] {dag.py:3239} INFO - Sync 1 DAGs
[2024-12-07T09:25:08.401+0000] {logging_mixin.py:190} INFO - [2024-12-07T09:25:08.401+0000] {dag.py:4180} INFO - Setting next_dagrun for tutorial_objectstorage to None, run_after=None
[2024-12-07T09:25:08.417+0000] {processor.py:208} INFO - Processing /home/airflow/.local/lib/python3.12/site-packages/airflow/example_dags/tutorial_objectstorage.py took 0.063 seconds
[2024-12-07T09:25:38.593+0000] {processor.py:186} INFO - Started process (PID=1413) to work on /home/airflow/.local/lib/python3.12/site-packages/airflow/example_dags/tutorial_objectstorage.py
[2024-12-07T09:25:38.593+0000] {processor.py:914} INFO - Processing file /home/airflow/.local/lib/python3.12/site-packages/airflow/example_dags/tutorial_objectstorage.py for tasks to queue
[2024-12-07T09:25:38.595+0000] {logging_mixin.py:190} INFO - [2024-12-07T09:25:38.595+0000] {dagbag.py:588} INFO - Filling up the DagBag from /home/airflow/.local/lib/python3.12/site-packages/airflow/example_dags/tutorial_objectstorage.py
[2024-12-07T09:25:38.604+0000] {processor.py:925} INFO - DAG(s) 'tutorial_objectstorage' retrieved from /home/airflow/.local/lib/python3.12/site-packages/airflow/example_dags/tutorial_objectstorage.py
[2024-12-07T09:25:38.619+0000] {logging_mixin.py:190} INFO - [2024-12-07T09:25:38.619+0000] {dag.py:3239} INFO - Sync 1 DAGs
[2024-12-07T09:25:38.633+0000] {logging_mixin.py:190} INFO - [2024-12-07T09:25:38.632+0000] {dag.py:4180} INFO - Setting next_dagrun for tutorial_objectstorage to None, run_after=None
[2024-12-07T09:25:38.646+0000] {processor.py:208} INFO - Processing /home/airflow/.local/lib/python3.12/site-packages/airflow/example_dags/tutorial_objectstorage.py took 0.058 seconds
[2024-12-07T09:26:08.967+0000] {processor.py:186} INFO - Started process (PID=1477) to work on /home/airflow/.local/lib/python3.12/site-packages/airflow/example_dags/tutorial_objectstorage.py
[2024-12-07T09:26:08.967+0000] {processor.py:914} INFO - Processing file /home/airflow/.local/lib/python3.12/site-packages/airflow/example_dags/tutorial_objectstorage.py for tasks to queue
[2024-12-07T09:26:08.969+0000] {logging_mixin.py:190} INFO - [2024-12-07T09:26:08.969+0000] {dagbag.py:588} INFO - Filling up the DagBag from /home/airflow/.local/lib/python3.12/site-packages/airflow/example_dags/tutorial_objectstorage.py
[2024-12-07T09:26:08.976+0000] {processor.py:925} INFO - DAG(s) 'tutorial_objectstorage' retrieved from /home/airflow/.local/lib/python3.12/site-packages/airflow/example_dags/tutorial_objectstorage.py
[2024-12-07T09:26:08.990+0000] {logging_mixin.py:190} INFO - [2024-12-07T09:26:08.990+0000] {dag.py:3239} INFO - Sync 1 DAGs
[2024-12-07T09:26:09.001+0000] {logging_mixin.py:190} INFO - [2024-12-07T09:26:09.001+0000] {dag.py:4180} INFO - Setting next_dagrun for tutorial_objectstorage to None, run_after=None
[2024-12-07T09:26:09.013+0000] {processor.py:208} INFO - Processing /home/airflow/.local/lib/python3.12/site-packages/airflow/example_dags/tutorial_objectstorage.py took 0.051 seconds
[2024-12-07T09:26:39.258+0000] {processor.py:186} INFO - Started process (PID=1540) to work on /home/airflow/.local/lib/python3.12/site-packages/airflow/example_dags/tutorial_objectstorage.py
[2024-12-07T09:26:39.258+0000] {processor.py:914} INFO - Processing file /home/airflow/.local/lib/python3.12/site-packages/airflow/example_dags/tutorial_objectstorage.py for tasks to queue
[2024-12-07T09:26:39.260+0000] {logging_mixin.py:190} INFO - [2024-12-07T09:26:39.260+0000] {dagbag.py:588} INFO - Filling up the DagBag from /home/airflow/.local/lib/python3.12/site-packages/airflow/example_dags/tutorial_objectstorage.py
[2024-12-07T09:26:39.270+0000] {processor.py:925} INFO - DAG(s) 'tutorial_objectstorage' retrieved from /home/airflow/.local/lib/python3.12/site-packages/airflow/example_dags/tutorial_objectstorage.py
[2024-12-07T09:26:39.287+0000] {logging_mixin.py:190} INFO - [2024-12-07T09:26:39.287+0000] {dag.py:3239} INFO - Sync 1 DAGs
[2024-12-07T09:26:39.303+0000] {logging_mixin.py:190} INFO - [2024-12-07T09:26:39.303+0000] {dag.py:4180} INFO - Setting next_dagrun for tutorial_objectstorage to None, run_after=None
[2024-12-07T09:26:39.316+0000] {processor.py:208} INFO - Processing /home/airflow/.local/lib/python3.12/site-packages/airflow/example_dags/tutorial_objectstorage.py took 0.064 seconds
[2024-12-07T09:27:09.498+0000] {processor.py:186} INFO - Started process (PID=1603) to work on /home/airflow/.local/lib/python3.12/site-packages/airflow/example_dags/tutorial_objectstorage.py
[2024-12-07T09:27:09.498+0000] {processor.py:914} INFO - Processing file /home/airflow/.local/lib/python3.12/site-packages/airflow/example_dags/tutorial_objectstorage.py for tasks to queue
[2024-12-07T09:27:09.500+0000] {logging_mixin.py:190} INFO - [2024-12-07T09:27:09.499+0000] {dagbag.py:588} INFO - Filling up the DagBag from /home/airflow/.local/lib/python3.12/site-packages/airflow/example_dags/tutorial_objectstorage.py
[2024-12-07T09:27:09.507+0000] {processor.py:925} INFO - DAG(s) 'tutorial_objectstorage' retrieved from /home/airflow/.local/lib/python3.12/site-packages/airflow/example_dags/tutorial_objectstorage.py
[2024-12-07T09:27:09.525+0000] {logging_mixin.py:190} INFO - [2024-12-07T09:27:09.525+0000] {dag.py:3239} INFO - Sync 1 DAGs
[2024-12-07T09:27:09.541+0000] {logging_mixin.py:190} INFO - [2024-12-07T09:27:09.541+0000] {dag.py:4180} INFO - Setting next_dagrun for tutorial_objectstorage to None, run_after=None
[2024-12-07T09:27:09.557+0000] {processor.py:208} INFO - Processing /home/airflow/.local/lib/python3.12/site-packages/airflow/example_dags/tutorial_objectstorage.py took 0.063 seconds
[2024-12-07T09:27:39.703+0000] {processor.py:186} INFO - Started process (PID=1666) to work on /home/airflow/.local/lib/python3.12/site-packages/airflow/example_dags/tutorial_objectstorage.py
[2024-12-07T09:27:39.703+0000] {processor.py:914} INFO - Processing file /home/airflow/.local/lib/python3.12/site-packages/airflow/example_dags/tutorial_objectstorage.py for tasks to queue
[2024-12-07T09:27:39.705+0000] {logging_mixin.py:190} INFO - [2024-12-07T09:27:39.704+0000] {dagbag.py:588} INFO - Filling up the DagBag from /home/airflow/.local/lib/python3.12/site-packages/airflow/example_dags/tutorial_objectstorage.py
[2024-12-07T09:27:39.712+0000] {processor.py:925} INFO - DAG(s) 'tutorial_objectstorage' retrieved from /home/airflow/.local/lib/python3.12/site-packages/airflow/example_dags/tutorial_objectstorage.py
[2024-12-07T09:27:39.728+0000] {logging_mixin.py:190} INFO - [2024-12-07T09:27:39.728+0000] {dag.py:3239} INFO - Sync 1 DAGs
[2024-12-07T09:27:39.744+0000] {logging_mixin.py:190} INFO - [2024-12-07T09:27:39.744+0000] {dag.py:4180} INFO - Setting next_dagrun for tutorial_objectstorage to None, run_after=None
[2024-12-07T09:27:39.761+0000] {processor.py:208} INFO - Processing /home/airflow/.local/lib/python3.12/site-packages/airflow/example_dags/tutorial_objectstorage.py took 0.063 seconds
