[2024-12-07T09:14:55.594+0000] {processor.py:186} INFO - Started process (PID=76) to work on /home/airflow/.local/lib/python3.12/site-packages/airflow/example_dags/tutorial.py
[2024-12-07T09:14:55.602+0000] {processor.py:914} INFO - Processing file /home/airflow/.local/lib/python3.12/site-packages/airflow/example_dags/tutorial.py for tasks to queue
[2024-12-07T09:14:55.604+0000] {logging_mixin.py:190} INFO - [2024-12-07T09:14:55.604+0000] {dagbag.py:588} INFO - Filling up the DagBag from /home/airflow/.local/lib/python3.12/site-packages/airflow/example_dags/tutorial.py
[2024-12-07T09:14:55.626+0000] {processor.py:925} INFO - DAG(s) 'tutorial' retrieved from /home/airflow/.local/lib/python3.12/site-packages/airflow/example_dags/tutorial.py
[2024-12-07T09:14:55.912+0000] {logging_mixin.py:190} INFO - [2024-12-07T09:14:55.912+0000] {override.py:1911} INFO - Created Permission View: can delete on DAG:tutorial
[2024-12-07T09:14:55.926+0000] {logging_mixin.py:190} INFO - [2024-12-07T09:14:55.926+0000] {override.py:1911} INFO - Created Permission View: can edit on DAG:tutorial
[2024-12-07T09:14:55.933+0000] {logging_mixin.py:190} INFO - [2024-12-07T09:14:55.933+0000] {override.py:1911} INFO - Created Permission View: can read on DAG:tutorial
[2024-12-07T09:14:55.945+0000] {logging_mixin.py:190} INFO - [2024-12-07T09:14:55.944+0000] {override.py:1911} INFO - Created Permission View: can delete on DAG Run:tutorial
[2024-12-07T09:14:55.954+0000] {logging_mixin.py:190} INFO - [2024-12-07T09:14:55.954+0000] {override.py:1911} INFO - Created Permission View: menu access on DAG Run:tutorial
[2024-12-07T09:14:55.962+0000] {logging_mixin.py:190} INFO - [2024-12-07T09:14:55.962+0000] {override.py:1911} INFO - Created Permission View: can create on DAG Run:tutorial
[2024-12-07T09:14:55.970+0000] {logging_mixin.py:190} INFO - [2024-12-07T09:14:55.970+0000] {override.py:1911} INFO - Created Permission View: can read on DAG Run:tutorial
[2024-12-07T09:14:55.970+0000] {logging_mixin.py:190} INFO - [2024-12-07T09:14:55.970+0000] {dag.py:3239} INFO - Sync 1 DAGs
[2024-12-07T09:14:55.993+0000] {logging_mixin.py:190} INFO - [2024-12-07T09:14:55.992+0000] {dag.py:3262} INFO - Creating ORM DAG for tutorial
[2024-12-07T09:14:56.017+0000] {logging_mixin.py:190} INFO - [2024-12-07T09:14:56.017+0000] {dag.py:4180} INFO - Setting next_dagrun for tutorial to 2024-12-06 00:00:00+00:00, run_after=2024-12-07 00:00:00+00:00
[2024-12-07T09:14:56.032+0000] {processor.py:208} INFO - Processing /home/airflow/.local/lib/python3.12/site-packages/airflow/example_dags/tutorial.py took 0.445 seconds
[2024-12-07T09:15:27.003+0000] {processor.py:186} INFO - Started process (PID=140) to work on /home/airflow/.local/lib/python3.12/site-packages/airflow/example_dags/tutorial.py
[2024-12-07T09:15:27.004+0000] {processor.py:914} INFO - Processing file /home/airflow/.local/lib/python3.12/site-packages/airflow/example_dags/tutorial.py for tasks to queue
[2024-12-07T09:15:27.005+0000] {logging_mixin.py:190} INFO - [2024-12-07T09:15:27.005+0000] {dagbag.py:588} INFO - Filling up the DagBag from /home/airflow/.local/lib/python3.12/site-packages/airflow/example_dags/tutorial.py
[2024-12-07T09:15:27.012+0000] {processor.py:925} INFO - DAG(s) 'tutorial' retrieved from /home/airflow/.local/lib/python3.12/site-packages/airflow/example_dags/tutorial.py
[2024-12-07T09:15:27.031+0000] {logging_mixin.py:190} INFO - [2024-12-07T09:15:27.030+0000] {dag.py:3239} INFO - Sync 1 DAGs
[2024-12-07T09:15:27.053+0000] {logging_mixin.py:190} INFO - [2024-12-07T09:15:27.053+0000] {dag.py:4180} INFO - Setting next_dagrun for tutorial to 2024-12-06 00:00:00+00:00, run_after=2024-12-07 00:00:00+00:00
[2024-12-07T09:15:27.068+0000] {processor.py:208} INFO - Processing /home/airflow/.local/lib/python3.12/site-packages/airflow/example_dags/tutorial.py took 0.069 seconds
[2024-12-07T09:15:58.081+0000] {processor.py:186} INFO - Started process (PID=203) to work on /home/airflow/.local/lib/python3.12/site-packages/airflow/example_dags/tutorial.py
[2024-12-07T09:15:58.082+0000] {processor.py:914} INFO - Processing file /home/airflow/.local/lib/python3.12/site-packages/airflow/example_dags/tutorial.py for tasks to queue
[2024-12-07T09:15:58.083+0000] {logging_mixin.py:190} INFO - [2024-12-07T09:15:58.083+0000] {dagbag.py:588} INFO - Filling up the DagBag from /home/airflow/.local/lib/python3.12/site-packages/airflow/example_dags/tutorial.py
[2024-12-07T09:15:58.090+0000] {processor.py:925} INFO - DAG(s) 'tutorial' retrieved from /home/airflow/.local/lib/python3.12/site-packages/airflow/example_dags/tutorial.py
[2024-12-07T09:15:58.108+0000] {logging_mixin.py:190} INFO - [2024-12-07T09:15:58.108+0000] {dag.py:3239} INFO - Sync 1 DAGs
[2024-12-07T09:15:58.132+0000] {logging_mixin.py:190} INFO - [2024-12-07T09:15:58.132+0000] {dag.py:4180} INFO - Setting next_dagrun for tutorial to 2024-12-06 00:00:00+00:00, run_after=2024-12-07 00:00:00+00:00
[2024-12-07T09:15:58.145+0000] {processor.py:208} INFO - Processing /home/airflow/.local/lib/python3.12/site-packages/airflow/example_dags/tutorial.py took 0.068 seconds
[2024-12-07T09:16:28.178+0000] {processor.py:186} INFO - Started process (PID=266) to work on /home/airflow/.local/lib/python3.12/site-packages/airflow/example_dags/tutorial.py
[2024-12-07T09:16:28.179+0000] {processor.py:914} INFO - Processing file /home/airflow/.local/lib/python3.12/site-packages/airflow/example_dags/tutorial.py for tasks to queue
[2024-12-07T09:16:28.180+0000] {logging_mixin.py:190} INFO - [2024-12-07T09:16:28.180+0000] {dagbag.py:588} INFO - Filling up the DagBag from /home/airflow/.local/lib/python3.12/site-packages/airflow/example_dags/tutorial.py
[2024-12-07T09:16:28.188+0000] {processor.py:925} INFO - DAG(s) 'tutorial' retrieved from /home/airflow/.local/lib/python3.12/site-packages/airflow/example_dags/tutorial.py
[2024-12-07T09:16:28.209+0000] {logging_mixin.py:190} INFO - [2024-12-07T09:16:28.209+0000] {dag.py:3239} INFO - Sync 1 DAGs
[2024-12-07T09:16:28.234+0000] {logging_mixin.py:190} INFO - [2024-12-07T09:16:28.234+0000] {dag.py:4180} INFO - Setting next_dagrun for tutorial to 2024-12-06 00:00:00+00:00, run_after=2024-12-07 00:00:00+00:00
[2024-12-07T09:16:28.251+0000] {processor.py:208} INFO - Processing /home/airflow/.local/lib/python3.12/site-packages/airflow/example_dags/tutorial.py took 0.077 seconds
[2024-12-07T09:16:59.019+0000] {processor.py:186} INFO - Started process (PID=329) to work on /home/airflow/.local/lib/python3.12/site-packages/airflow/example_dags/tutorial.py
[2024-12-07T09:16:59.019+0000] {processor.py:914} INFO - Processing file /home/airflow/.local/lib/python3.12/site-packages/airflow/example_dags/tutorial.py for tasks to queue
[2024-12-07T09:16:59.021+0000] {logging_mixin.py:190} INFO - [2024-12-07T09:16:59.021+0000] {dagbag.py:588} INFO - Filling up the DagBag from /home/airflow/.local/lib/python3.12/site-packages/airflow/example_dags/tutorial.py
[2024-12-07T09:16:59.028+0000] {processor.py:925} INFO - DAG(s) 'tutorial' retrieved from /home/airflow/.local/lib/python3.12/site-packages/airflow/example_dags/tutorial.py
[2024-12-07T09:16:59.048+0000] {logging_mixin.py:190} INFO - [2024-12-07T09:16:59.047+0000] {dag.py:3239} INFO - Sync 1 DAGs
[2024-12-07T09:16:59.072+0000] {logging_mixin.py:190} INFO - [2024-12-07T09:16:59.072+0000] {dag.py:4180} INFO - Setting next_dagrun for tutorial to 2024-12-06 00:00:00+00:00, run_after=2024-12-07 00:00:00+00:00
[2024-12-07T09:16:59.088+0000] {processor.py:208} INFO - Processing /home/airflow/.local/lib/python3.12/site-packages/airflow/example_dags/tutorial.py took 0.074 seconds
[2024-12-07T09:17:29.871+0000] {processor.py:186} INFO - Started process (PID=392) to work on /home/airflow/.local/lib/python3.12/site-packages/airflow/example_dags/tutorial.py
[2024-12-07T09:17:29.872+0000] {processor.py:914} INFO - Processing file /home/airflow/.local/lib/python3.12/site-packages/airflow/example_dags/tutorial.py for tasks to queue
[2024-12-07T09:17:29.874+0000] {logging_mixin.py:190} INFO - [2024-12-07T09:17:29.873+0000] {dagbag.py:588} INFO - Filling up the DagBag from /home/airflow/.local/lib/python3.12/site-packages/airflow/example_dags/tutorial.py
[2024-12-07T09:17:29.882+0000] {processor.py:925} INFO - DAG(s) 'tutorial' retrieved from /home/airflow/.local/lib/python3.12/site-packages/airflow/example_dags/tutorial.py
[2024-12-07T09:17:29.898+0000] {logging_mixin.py:190} INFO - [2024-12-07T09:17:29.898+0000] {dag.py:3239} INFO - Sync 1 DAGs
[2024-12-07T09:17:29.917+0000] {logging_mixin.py:190} INFO - [2024-12-07T09:17:29.917+0000] {dag.py:4180} INFO - Setting next_dagrun for tutorial to 2024-12-06 00:00:00+00:00, run_after=2024-12-07 00:00:00+00:00
[2024-12-07T09:17:29.936+0000] {processor.py:208} INFO - Processing /home/airflow/.local/lib/python3.12/site-packages/airflow/example_dags/tutorial.py took 0.070 seconds
[2024-12-07T09:18:00.426+0000] {processor.py:186} INFO - Started process (PID=455) to work on /home/airflow/.local/lib/python3.12/site-packages/airflow/example_dags/tutorial.py
[2024-12-07T09:18:00.427+0000] {processor.py:914} INFO - Processing file /home/airflow/.local/lib/python3.12/site-packages/airflow/example_dags/tutorial.py for tasks to queue
[2024-12-07T09:18:00.428+0000] {logging_mixin.py:190} INFO - [2024-12-07T09:18:00.428+0000] {dagbag.py:588} INFO - Filling up the DagBag from /home/airflow/.local/lib/python3.12/site-packages/airflow/example_dags/tutorial.py
[2024-12-07T09:18:00.434+0000] {processor.py:925} INFO - DAG(s) 'tutorial' retrieved from /home/airflow/.local/lib/python3.12/site-packages/airflow/example_dags/tutorial.py
[2024-12-07T09:18:00.451+0000] {logging_mixin.py:190} INFO - [2024-12-07T09:18:00.451+0000] {dag.py:3239} INFO - Sync 1 DAGs
[2024-12-07T09:18:00.474+0000] {logging_mixin.py:190} INFO - [2024-12-07T09:18:00.474+0000] {dag.py:4180} INFO - Setting next_dagrun for tutorial to 2024-12-06 00:00:00+00:00, run_after=2024-12-07 00:00:00+00:00
[2024-12-07T09:18:00.488+0000] {processor.py:208} INFO - Processing /home/airflow/.local/lib/python3.12/site-packages/airflow/example_dags/tutorial.py took 0.066 seconds
[2024-12-07T09:18:30.624+0000] {processor.py:186} INFO - Started process (PID=518) to work on /home/airflow/.local/lib/python3.12/site-packages/airflow/example_dags/tutorial.py
[2024-12-07T09:18:30.625+0000] {processor.py:914} INFO - Processing file /home/airflow/.local/lib/python3.12/site-packages/airflow/example_dags/tutorial.py for tasks to queue
[2024-12-07T09:18:30.627+0000] {logging_mixin.py:190} INFO - [2024-12-07T09:18:30.626+0000] {dagbag.py:588} INFO - Filling up the DagBag from /home/airflow/.local/lib/python3.12/site-packages/airflow/example_dags/tutorial.py
[2024-12-07T09:18:30.635+0000] {processor.py:925} INFO - DAG(s) 'tutorial' retrieved from /home/airflow/.local/lib/python3.12/site-packages/airflow/example_dags/tutorial.py
[2024-12-07T09:18:30.652+0000] {logging_mixin.py:190} INFO - [2024-12-07T09:18:30.652+0000] {dag.py:3239} INFO - Sync 1 DAGs
[2024-12-07T09:18:30.676+0000] {logging_mixin.py:190} INFO - [2024-12-07T09:18:30.676+0000] {dag.py:4180} INFO - Setting next_dagrun for tutorial to 2024-12-06 00:00:00+00:00, run_after=2024-12-07 00:00:00+00:00
[2024-12-07T09:18:30.692+0000] {processor.py:208} INFO - Processing /home/airflow/.local/lib/python3.12/site-packages/airflow/example_dags/tutorial.py took 0.072 seconds
[2024-12-07T09:19:00.807+0000] {processor.py:186} INFO - Started process (PID=581) to work on /home/airflow/.local/lib/python3.12/site-packages/airflow/example_dags/tutorial.py
[2024-12-07T09:19:00.808+0000] {processor.py:914} INFO - Processing file /home/airflow/.local/lib/python3.12/site-packages/airflow/example_dags/tutorial.py for tasks to queue
[2024-12-07T09:19:00.809+0000] {logging_mixin.py:190} INFO - [2024-12-07T09:19:00.809+0000] {dagbag.py:588} INFO - Filling up the DagBag from /home/airflow/.local/lib/python3.12/site-packages/airflow/example_dags/tutorial.py
[2024-12-07T09:19:00.816+0000] {processor.py:925} INFO - DAG(s) 'tutorial' retrieved from /home/airflow/.local/lib/python3.12/site-packages/airflow/example_dags/tutorial.py
[2024-12-07T09:19:00.834+0000] {logging_mixin.py:190} INFO - [2024-12-07T09:19:00.834+0000] {dag.py:3239} INFO - Sync 1 DAGs
[2024-12-07T09:19:00.856+0000] {logging_mixin.py:190} INFO - [2024-12-07T09:19:00.856+0000] {dag.py:4180} INFO - Setting next_dagrun for tutorial to 2024-12-06 00:00:00+00:00, run_after=2024-12-07 00:00:00+00:00
[2024-12-07T09:19:00.869+0000] {processor.py:208} INFO - Processing /home/airflow/.local/lib/python3.12/site-packages/airflow/example_dags/tutorial.py took 0.067 seconds
[2024-12-07T09:19:31.200+0000] {processor.py:186} INFO - Started process (PID=644) to work on /home/airflow/.local/lib/python3.12/site-packages/airflow/example_dags/tutorial.py
[2024-12-07T09:19:31.201+0000] {processor.py:914} INFO - Processing file /home/airflow/.local/lib/python3.12/site-packages/airflow/example_dags/tutorial.py for tasks to queue
[2024-12-07T09:19:31.203+0000] {logging_mixin.py:190} INFO - [2024-12-07T09:19:31.203+0000] {dagbag.py:588} INFO - Filling up the DagBag from /home/airflow/.local/lib/python3.12/site-packages/airflow/example_dags/tutorial.py
[2024-12-07T09:19:31.212+0000] {processor.py:925} INFO - DAG(s) 'tutorial' retrieved from /home/airflow/.local/lib/python3.12/site-packages/airflow/example_dags/tutorial.py
[2024-12-07T09:19:31.233+0000] {logging_mixin.py:190} INFO - [2024-12-07T09:19:31.233+0000] {dag.py:3239} INFO - Sync 1 DAGs
[2024-12-07T09:19:31.259+0000] {logging_mixin.py:190} INFO - [2024-12-07T09:19:31.258+0000] {dag.py:4180} INFO - Setting next_dagrun for tutorial to 2024-12-06 00:00:00+00:00, run_after=2024-12-07 00:00:00+00:00
[2024-12-07T09:19:31.274+0000] {processor.py:208} INFO - Processing /home/airflow/.local/lib/python3.12/site-packages/airflow/example_dags/tutorial.py took 0.081 seconds
[2024-12-07T09:20:01.636+0000] {processor.py:186} INFO - Started process (PID=707) to work on /home/airflow/.local/lib/python3.12/site-packages/airflow/example_dags/tutorial.py
[2024-12-07T09:20:01.637+0000] {processor.py:914} INFO - Processing file /home/airflow/.local/lib/python3.12/site-packages/airflow/example_dags/tutorial.py for tasks to queue
[2024-12-07T09:20:01.639+0000] {logging_mixin.py:190} INFO - [2024-12-07T09:20:01.638+0000] {dagbag.py:588} INFO - Filling up the DagBag from /home/airflow/.local/lib/python3.12/site-packages/airflow/example_dags/tutorial.py
[2024-12-07T09:20:01.645+0000] {processor.py:925} INFO - DAG(s) 'tutorial' retrieved from /home/airflow/.local/lib/python3.12/site-packages/airflow/example_dags/tutorial.py
[2024-12-07T09:20:01.662+0000] {logging_mixin.py:190} INFO - [2024-12-07T09:20:01.661+0000] {dag.py:3239} INFO - Sync 1 DAGs
[2024-12-07T09:20:01.679+0000] {logging_mixin.py:190} INFO - [2024-12-07T09:20:01.679+0000] {dag.py:4180} INFO - Setting next_dagrun for tutorial to 2024-12-06 00:00:00+00:00, run_after=2024-12-07 00:00:00+00:00
[2024-12-07T09:20:01.691+0000] {processor.py:208} INFO - Processing /home/airflow/.local/lib/python3.12/site-packages/airflow/example_dags/tutorial.py took 0.061 seconds
[2024-12-07T09:20:32.057+0000] {processor.py:186} INFO - Started process (PID=770) to work on /home/airflow/.local/lib/python3.12/site-packages/airflow/example_dags/tutorial.py
[2024-12-07T09:20:32.058+0000] {processor.py:914} INFO - Processing file /home/airflow/.local/lib/python3.12/site-packages/airflow/example_dags/tutorial.py for tasks to queue
[2024-12-07T09:20:32.060+0000] {logging_mixin.py:190} INFO - [2024-12-07T09:20:32.059+0000] {dagbag.py:588} INFO - Filling up the DagBag from /home/airflow/.local/lib/python3.12/site-packages/airflow/example_dags/tutorial.py
[2024-12-07T09:20:32.067+0000] {processor.py:925} INFO - DAG(s) 'tutorial' retrieved from /home/airflow/.local/lib/python3.12/site-packages/airflow/example_dags/tutorial.py
[2024-12-07T09:20:32.087+0000] {logging_mixin.py:190} INFO - [2024-12-07T09:20:32.086+0000] {dag.py:3239} INFO - Sync 1 DAGs
[2024-12-07T09:20:32.110+0000] {logging_mixin.py:190} INFO - [2024-12-07T09:20:32.110+0000] {dag.py:4180} INFO - Setting next_dagrun for tutorial to 2024-12-06 00:00:00+00:00, run_after=2024-12-07 00:00:00+00:00
[2024-12-07T09:20:32.125+0000] {processor.py:208} INFO - Processing /home/airflow/.local/lib/python3.12/site-packages/airflow/example_dags/tutorial.py took 0.075 seconds
[2024-12-07T09:21:03.031+0000] {processor.py:186} INFO - Started process (PID=833) to work on /home/airflow/.local/lib/python3.12/site-packages/airflow/example_dags/tutorial.py
[2024-12-07T09:21:03.031+0000] {processor.py:914} INFO - Processing file /home/airflow/.local/lib/python3.12/site-packages/airflow/example_dags/tutorial.py for tasks to queue
[2024-12-07T09:21:03.033+0000] {logging_mixin.py:190} INFO - [2024-12-07T09:21:03.033+0000] {dagbag.py:588} INFO - Filling up the DagBag from /home/airflow/.local/lib/python3.12/site-packages/airflow/example_dags/tutorial.py
[2024-12-07T09:21:03.039+0000] {processor.py:925} INFO - DAG(s) 'tutorial' retrieved from /home/airflow/.local/lib/python3.12/site-packages/airflow/example_dags/tutorial.py
[2024-12-07T09:21:03.059+0000] {logging_mixin.py:190} INFO - [2024-12-07T09:21:03.058+0000] {dag.py:3239} INFO - Sync 1 DAGs
[2024-12-07T09:21:03.079+0000] {logging_mixin.py:190} INFO - [2024-12-07T09:21:03.079+0000] {dag.py:4180} INFO - Setting next_dagrun for tutorial to 2024-12-06 00:00:00+00:00, run_after=2024-12-07 00:00:00+00:00
[2024-12-07T09:21:03.094+0000] {processor.py:208} INFO - Processing /home/airflow/.local/lib/python3.12/site-packages/airflow/example_dags/tutorial.py took 0.068 seconds
[2024-12-07T09:21:33.447+0000] {processor.py:186} INFO - Started process (PID=896) to work on /home/airflow/.local/lib/python3.12/site-packages/airflow/example_dags/tutorial.py
[2024-12-07T09:21:33.448+0000] {processor.py:914} INFO - Processing file /home/airflow/.local/lib/python3.12/site-packages/airflow/example_dags/tutorial.py for tasks to queue
[2024-12-07T09:21:33.449+0000] {logging_mixin.py:190} INFO - [2024-12-07T09:21:33.449+0000] {dagbag.py:588} INFO - Filling up the DagBag from /home/airflow/.local/lib/python3.12/site-packages/airflow/example_dags/tutorial.py
[2024-12-07T09:21:33.456+0000] {processor.py:925} INFO - DAG(s) 'tutorial' retrieved from /home/airflow/.local/lib/python3.12/site-packages/airflow/example_dags/tutorial.py
[2024-12-07T09:21:33.473+0000] {logging_mixin.py:190} INFO - [2024-12-07T09:21:33.473+0000] {dag.py:3239} INFO - Sync 1 DAGs
[2024-12-07T09:21:33.496+0000] {logging_mixin.py:190} INFO - [2024-12-07T09:21:33.496+0000] {dag.py:4180} INFO - Setting next_dagrun for tutorial to 2024-12-06 00:00:00+00:00, run_after=2024-12-07 00:00:00+00:00
[2024-12-07T09:21:33.513+0000] {processor.py:208} INFO - Processing /home/airflow/.local/lib/python3.12/site-packages/airflow/example_dags/tutorial.py took 0.070 seconds
[2024-12-07T09:22:03.795+0000] {processor.py:186} INFO - Started process (PID=959) to work on /home/airflow/.local/lib/python3.12/site-packages/airflow/example_dags/tutorial.py
[2024-12-07T09:22:03.796+0000] {processor.py:914} INFO - Processing file /home/airflow/.local/lib/python3.12/site-packages/airflow/example_dags/tutorial.py for tasks to queue
[2024-12-07T09:22:03.798+0000] {logging_mixin.py:190} INFO - [2024-12-07T09:22:03.798+0000] {dagbag.py:588} INFO - Filling up the DagBag from /home/airflow/.local/lib/python3.12/site-packages/airflow/example_dags/tutorial.py
[2024-12-07T09:22:03.806+0000] {processor.py:925} INFO - DAG(s) 'tutorial' retrieved from /home/airflow/.local/lib/python3.12/site-packages/airflow/example_dags/tutorial.py
[2024-12-07T09:22:03.826+0000] {logging_mixin.py:190} INFO - [2024-12-07T09:22:03.826+0000] {dag.py:3239} INFO - Sync 1 DAGs
[2024-12-07T09:22:03.850+0000] {logging_mixin.py:190} INFO - [2024-12-07T09:22:03.850+0000] {dag.py:4180} INFO - Setting next_dagrun for tutorial to 2024-12-06 00:00:00+00:00, run_after=2024-12-07 00:00:00+00:00
[2024-12-07T09:22:03.868+0000] {processor.py:208} INFO - Processing /home/airflow/.local/lib/python3.12/site-packages/airflow/example_dags/tutorial.py took 0.078 seconds
[2024-12-07T09:22:34.533+0000] {processor.py:186} INFO - Started process (PID=1022) to work on /home/airflow/.local/lib/python3.12/site-packages/airflow/example_dags/tutorial.py
[2024-12-07T09:22:34.534+0000] {processor.py:914} INFO - Processing file /home/airflow/.local/lib/python3.12/site-packages/airflow/example_dags/tutorial.py for tasks to queue
[2024-12-07T09:22:34.535+0000] {logging_mixin.py:190} INFO - [2024-12-07T09:22:34.535+0000] {dagbag.py:588} INFO - Filling up the DagBag from /home/airflow/.local/lib/python3.12/site-packages/airflow/example_dags/tutorial.py
[2024-12-07T09:22:34.542+0000] {processor.py:925} INFO - DAG(s) 'tutorial' retrieved from /home/airflow/.local/lib/python3.12/site-packages/airflow/example_dags/tutorial.py
[2024-12-07T09:22:34.563+0000] {logging_mixin.py:190} INFO - [2024-12-07T09:22:34.563+0000] {dag.py:3239} INFO - Sync 1 DAGs
[2024-12-07T09:22:34.588+0000] {logging_mixin.py:190} INFO - [2024-12-07T09:22:34.588+0000] {dag.py:4180} INFO - Setting next_dagrun for tutorial to 2024-12-06 00:00:00+00:00, run_after=2024-12-07 00:00:00+00:00
[2024-12-07T09:22:34.604+0000] {processor.py:208} INFO - Processing /home/airflow/.local/lib/python3.12/site-packages/airflow/example_dags/tutorial.py took 0.075 seconds
[2024-12-07T09:23:05.315+0000] {processor.py:186} INFO - Started process (PID=1085) to work on /home/airflow/.local/lib/python3.12/site-packages/airflow/example_dags/tutorial.py
[2024-12-07T09:23:05.315+0000] {processor.py:914} INFO - Processing file /home/airflow/.local/lib/python3.12/site-packages/airflow/example_dags/tutorial.py for tasks to queue
[2024-12-07T09:23:05.317+0000] {logging_mixin.py:190} INFO - [2024-12-07T09:23:05.317+0000] {dagbag.py:588} INFO - Filling up the DagBag from /home/airflow/.local/lib/python3.12/site-packages/airflow/example_dags/tutorial.py
[2024-12-07T09:23:05.323+0000] {processor.py:925} INFO - DAG(s) 'tutorial' retrieved from /home/airflow/.local/lib/python3.12/site-packages/airflow/example_dags/tutorial.py
[2024-12-07T09:23:05.341+0000] {logging_mixin.py:190} INFO - [2024-12-07T09:23:05.341+0000] {dag.py:3239} INFO - Sync 1 DAGs
[2024-12-07T09:23:05.365+0000] {logging_mixin.py:190} INFO - [2024-12-07T09:23:05.364+0000] {dag.py:4180} INFO - Setting next_dagrun for tutorial to 2024-12-06 00:00:00+00:00, run_after=2024-12-07 00:00:00+00:00
[2024-12-07T09:23:05.379+0000] {processor.py:208} INFO - Processing /home/airflow/.local/lib/python3.12/site-packages/airflow/example_dags/tutorial.py took 0.068 seconds
[2024-12-07T09:23:36.120+0000] {processor.py:186} INFO - Started process (PID=1149) to work on /home/airflow/.local/lib/python3.12/site-packages/airflow/example_dags/tutorial.py
[2024-12-07T09:23:36.120+0000] {processor.py:914} INFO - Processing file /home/airflow/.local/lib/python3.12/site-packages/airflow/example_dags/tutorial.py for tasks to queue
[2024-12-07T09:23:36.122+0000] {logging_mixin.py:190} INFO - [2024-12-07T09:23:36.122+0000] {dagbag.py:588} INFO - Filling up the DagBag from /home/airflow/.local/lib/python3.12/site-packages/airflow/example_dags/tutorial.py
[2024-12-07T09:23:36.130+0000] {processor.py:925} INFO - DAG(s) 'tutorial' retrieved from /home/airflow/.local/lib/python3.12/site-packages/airflow/example_dags/tutorial.py
[2024-12-07T09:23:36.153+0000] {logging_mixin.py:190} INFO - [2024-12-07T09:23:36.152+0000] {dag.py:3239} INFO - Sync 1 DAGs
[2024-12-07T09:23:36.176+0000] {logging_mixin.py:190} INFO - [2024-12-07T09:23:36.176+0000] {dag.py:4180} INFO - Setting next_dagrun for tutorial to 2024-12-06 00:00:00+00:00, run_after=2024-12-07 00:00:00+00:00
[2024-12-07T09:23:36.195+0000] {processor.py:208} INFO - Processing /home/airflow/.local/lib/python3.12/site-packages/airflow/example_dags/tutorial.py took 0.080 seconds
[2024-12-07T09:24:07.041+0000] {processor.py:186} INFO - Started process (PID=1212) to work on /home/airflow/.local/lib/python3.12/site-packages/airflow/example_dags/tutorial.py
[2024-12-07T09:24:07.041+0000] {processor.py:914} INFO - Processing file /home/airflow/.local/lib/python3.12/site-packages/airflow/example_dags/tutorial.py for tasks to queue
[2024-12-07T09:24:07.043+0000] {logging_mixin.py:190} INFO - [2024-12-07T09:24:07.043+0000] {dagbag.py:588} INFO - Filling up the DagBag from /home/airflow/.local/lib/python3.12/site-packages/airflow/example_dags/tutorial.py
[2024-12-07T09:24:07.052+0000] {processor.py:925} INFO - DAG(s) 'tutorial' retrieved from /home/airflow/.local/lib/python3.12/site-packages/airflow/example_dags/tutorial.py
[2024-12-07T09:24:07.092+0000] {logging_mixin.py:190} INFO - [2024-12-07T09:24:07.091+0000] {dag.py:3239} INFO - Sync 1 DAGs
[2024-12-07T09:24:07.118+0000] {logging_mixin.py:190} INFO - [2024-12-07T09:24:07.118+0000] {dag.py:4180} INFO - Setting next_dagrun for tutorial to 2024-12-06 00:00:00+00:00, run_after=2024-12-07 00:00:00+00:00
[2024-12-07T09:24:07.134+0000] {processor.py:208} INFO - Processing /home/airflow/.local/lib/python3.12/site-packages/airflow/example_dags/tutorial.py took 0.097 seconds
[2024-12-07T09:24:37.319+0000] {processor.py:186} INFO - Started process (PID=1275) to work on /home/airflow/.local/lib/python3.12/site-packages/airflow/example_dags/tutorial.py
[2024-12-07T09:24:37.320+0000] {processor.py:914} INFO - Processing file /home/airflow/.local/lib/python3.12/site-packages/airflow/example_dags/tutorial.py for tasks to queue
[2024-12-07T09:24:37.321+0000] {logging_mixin.py:190} INFO - [2024-12-07T09:24:37.321+0000] {dagbag.py:588} INFO - Filling up the DagBag from /home/airflow/.local/lib/python3.12/site-packages/airflow/example_dags/tutorial.py
[2024-12-07T09:24:37.329+0000] {processor.py:925} INFO - DAG(s) 'tutorial' retrieved from /home/airflow/.local/lib/python3.12/site-packages/airflow/example_dags/tutorial.py
[2024-12-07T09:24:37.351+0000] {logging_mixin.py:190} INFO - [2024-12-07T09:24:37.351+0000] {dag.py:3239} INFO - Sync 1 DAGs
[2024-12-07T09:24:37.378+0000] {logging_mixin.py:190} INFO - [2024-12-07T09:24:37.378+0000] {dag.py:4180} INFO - Setting next_dagrun for tutorial to 2024-12-06 00:00:00+00:00, run_after=2024-12-07 00:00:00+00:00
[2024-12-07T09:24:37.395+0000] {processor.py:208} INFO - Processing /home/airflow/.local/lib/python3.12/site-packages/airflow/example_dags/tutorial.py took 0.081 seconds
[2024-12-07T09:25:07.680+0000] {processor.py:186} INFO - Started process (PID=1338) to work on /home/airflow/.local/lib/python3.12/site-packages/airflow/example_dags/tutorial.py
[2024-12-07T09:25:07.681+0000] {processor.py:914} INFO - Processing file /home/airflow/.local/lib/python3.12/site-packages/airflow/example_dags/tutorial.py for tasks to queue
[2024-12-07T09:25:07.683+0000] {logging_mixin.py:190} INFO - [2024-12-07T09:25:07.682+0000] {dagbag.py:588} INFO - Filling up the DagBag from /home/airflow/.local/lib/python3.12/site-packages/airflow/example_dags/tutorial.py
[2024-12-07T09:25:07.691+0000] {processor.py:925} INFO - DAG(s) 'tutorial' retrieved from /home/airflow/.local/lib/python3.12/site-packages/airflow/example_dags/tutorial.py
[2024-12-07T09:25:07.711+0000] {logging_mixin.py:190} INFO - [2024-12-07T09:25:07.711+0000] {dag.py:3239} INFO - Sync 1 DAGs
[2024-12-07T09:25:07.733+0000] {logging_mixin.py:190} INFO - [2024-12-07T09:25:07.733+0000] {dag.py:4180} INFO - Setting next_dagrun for tutorial to 2024-12-06 00:00:00+00:00, run_after=2024-12-07 00:00:00+00:00
[2024-12-07T09:25:07.749+0000] {processor.py:208} INFO - Processing /home/airflow/.local/lib/python3.12/site-packages/airflow/example_dags/tutorial.py took 0.075 seconds
[2024-12-07T09:25:37.983+0000] {processor.py:186} INFO - Started process (PID=1401) to work on /home/airflow/.local/lib/python3.12/site-packages/airflow/example_dags/tutorial.py
[2024-12-07T09:25:37.983+0000] {processor.py:914} INFO - Processing file /home/airflow/.local/lib/python3.12/site-packages/airflow/example_dags/tutorial.py for tasks to queue
[2024-12-07T09:25:37.985+0000] {logging_mixin.py:190} INFO - [2024-12-07T09:25:37.985+0000] {dagbag.py:588} INFO - Filling up the DagBag from /home/airflow/.local/lib/python3.12/site-packages/airflow/example_dags/tutorial.py
[2024-12-07T09:25:37.992+0000] {processor.py:925} INFO - DAG(s) 'tutorial' retrieved from /home/airflow/.local/lib/python3.12/site-packages/airflow/example_dags/tutorial.py
[2024-12-07T09:25:38.008+0000] {logging_mixin.py:190} INFO - [2024-12-07T09:25:38.008+0000] {dag.py:3239} INFO - Sync 1 DAGs
[2024-12-07T09:25:38.026+0000] {logging_mixin.py:190} INFO - [2024-12-07T09:25:38.026+0000] {dag.py:4180} INFO - Setting next_dagrun for tutorial to 2024-12-06 00:00:00+00:00, run_after=2024-12-07 00:00:00+00:00
[2024-12-07T09:25:38.040+0000] {processor.py:208} INFO - Processing /home/airflow/.local/lib/python3.12/site-packages/airflow/example_dags/tutorial.py took 0.063 seconds
[2024-12-07T09:26:08.255+0000] {processor.py:186} INFO - Started process (PID=1464) to work on /home/airflow/.local/lib/python3.12/site-packages/airflow/example_dags/tutorial.py
[2024-12-07T09:26:08.256+0000] {processor.py:914} INFO - Processing file /home/airflow/.local/lib/python3.12/site-packages/airflow/example_dags/tutorial.py for tasks to queue
[2024-12-07T09:26:08.258+0000] {logging_mixin.py:190} INFO - [2024-12-07T09:26:08.257+0000] {dagbag.py:588} INFO - Filling up the DagBag from /home/airflow/.local/lib/python3.12/site-packages/airflow/example_dags/tutorial.py
[2024-12-07T09:26:08.266+0000] {processor.py:925} INFO - DAG(s) 'tutorial' retrieved from /home/airflow/.local/lib/python3.12/site-packages/airflow/example_dags/tutorial.py
[2024-12-07T09:26:08.284+0000] {logging_mixin.py:190} INFO - [2024-12-07T09:26:08.283+0000] {dag.py:3239} INFO - Sync 1 DAGs
[2024-12-07T09:26:08.307+0000] {logging_mixin.py:190} INFO - [2024-12-07T09:26:08.306+0000] {dag.py:4180} INFO - Setting next_dagrun for tutorial to 2024-12-06 00:00:00+00:00, run_after=2024-12-07 00:00:00+00:00
[2024-12-07T09:26:08.323+0000] {processor.py:208} INFO - Processing /home/airflow/.local/lib/python3.12/site-packages/airflow/example_dags/tutorial.py took 0.074 seconds
[2024-12-07T09:26:38.564+0000] {processor.py:186} INFO - Started process (PID=1527) to work on /home/airflow/.local/lib/python3.12/site-packages/airflow/example_dags/tutorial.py
[2024-12-07T09:26:38.564+0000] {processor.py:914} INFO - Processing file /home/airflow/.local/lib/python3.12/site-packages/airflow/example_dags/tutorial.py for tasks to queue
[2024-12-07T09:26:38.566+0000] {logging_mixin.py:190} INFO - [2024-12-07T09:26:38.566+0000] {dagbag.py:588} INFO - Filling up the DagBag from /home/airflow/.local/lib/python3.12/site-packages/airflow/example_dags/tutorial.py
[2024-12-07T09:26:38.572+0000] {processor.py:925} INFO - DAG(s) 'tutorial' retrieved from /home/airflow/.local/lib/python3.12/site-packages/airflow/example_dags/tutorial.py
[2024-12-07T09:26:38.589+0000] {logging_mixin.py:190} INFO - [2024-12-07T09:26:38.589+0000] {dag.py:3239} INFO - Sync 1 DAGs
[2024-12-07T09:26:38.608+0000] {logging_mixin.py:190} INFO - [2024-12-07T09:26:38.608+0000] {dag.py:4180} INFO - Setting next_dagrun for tutorial to 2024-12-06 00:00:00+00:00, run_after=2024-12-07 00:00:00+00:00
[2024-12-07T09:26:38.623+0000] {processor.py:208} INFO - Processing /home/airflow/.local/lib/python3.12/site-packages/airflow/example_dags/tutorial.py took 0.064 seconds
[2024-12-07T09:27:08.815+0000] {processor.py:186} INFO - Started process (PID=1590) to work on /home/airflow/.local/lib/python3.12/site-packages/airflow/example_dags/tutorial.py
[2024-12-07T09:27:08.816+0000] {processor.py:914} INFO - Processing file /home/airflow/.local/lib/python3.12/site-packages/airflow/example_dags/tutorial.py for tasks to queue
[2024-12-07T09:27:08.818+0000] {logging_mixin.py:190} INFO - [2024-12-07T09:27:08.817+0000] {dagbag.py:588} INFO - Filling up the DagBag from /home/airflow/.local/lib/python3.12/site-packages/airflow/example_dags/tutorial.py
[2024-12-07T09:27:08.824+0000] {processor.py:925} INFO - DAG(s) 'tutorial' retrieved from /home/airflow/.local/lib/python3.12/site-packages/airflow/example_dags/tutorial.py
[2024-12-07T09:27:08.840+0000] {logging_mixin.py:190} INFO - [2024-12-07T09:27:08.840+0000] {dag.py:3239} INFO - Sync 1 DAGs
[2024-12-07T09:27:08.859+0000] {logging_mixin.py:190} INFO - [2024-12-07T09:27:08.858+0000] {dag.py:4180} INFO - Setting next_dagrun for tutorial to 2024-12-06 00:00:00+00:00, run_after=2024-12-07 00:00:00+00:00
[2024-12-07T09:27:08.872+0000] {processor.py:208} INFO - Processing /home/airflow/.local/lib/python3.12/site-packages/airflow/example_dags/tutorial.py took 0.061 seconds
[2024-12-07T09:27:39.011+0000] {processor.py:186} INFO - Started process (PID=1653) to work on /home/airflow/.local/lib/python3.12/site-packages/airflow/example_dags/tutorial.py
[2024-12-07T09:27:39.012+0000] {processor.py:914} INFO - Processing file /home/airflow/.local/lib/python3.12/site-packages/airflow/example_dags/tutorial.py for tasks to queue
[2024-12-07T09:27:39.014+0000] {logging_mixin.py:190} INFO - [2024-12-07T09:27:39.013+0000] {dagbag.py:588} INFO - Filling up the DagBag from /home/airflow/.local/lib/python3.12/site-packages/airflow/example_dags/tutorial.py
[2024-12-07T09:27:39.020+0000] {processor.py:925} INFO - DAG(s) 'tutorial' retrieved from /home/airflow/.local/lib/python3.12/site-packages/airflow/example_dags/tutorial.py
[2024-12-07T09:27:39.036+0000] {logging_mixin.py:190} INFO - [2024-12-07T09:27:39.035+0000] {dag.py:3239} INFO - Sync 1 DAGs
[2024-12-07T09:27:39.053+0000] {logging_mixin.py:190} INFO - [2024-12-07T09:27:39.053+0000] {dag.py:4180} INFO - Setting next_dagrun for tutorial to 2024-12-06 00:00:00+00:00, run_after=2024-12-07 00:00:00+00:00
[2024-12-07T09:27:39.068+0000] {processor.py:208} INFO - Processing /home/airflow/.local/lib/python3.12/site-packages/airflow/example_dags/tutorial.py took 0.061 seconds
