[2024-12-07T09:15:01.068+0000] {processor.py:186} INFO - Started process (PID=102) to work on /home/airflow/.local/lib/python3.12/site-packages/airflow/example_dags/tutorial_taskflow_api.py
[2024-12-07T09:15:01.068+0000] {processor.py:914} INFO - Processing file /home/airflow/.local/lib/python3.12/site-packages/airflow/example_dags/tutorial_taskflow_api.py for tasks to queue
[2024-12-07T09:15:01.070+0000] {logging_mixin.py:190} INFO - [2024-12-07T09:15:01.070+0000] {dagbag.py:588} INFO - Filling up the DagBag from /home/airflow/.local/lib/python3.12/site-packages/airflow/example_dags/tutorial_taskflow_api.py
[2024-12-07T09:15:01.080+0000] {processor.py:925} INFO - DAG(s) 'tutorial_taskflow_api' retrieved from /home/airflow/.local/lib/python3.12/site-packages/airflow/example_dags/tutorial_taskflow_api.py
[2024-12-07T09:15:01.213+0000] {logging_mixin.py:190} INFO - [2024-12-07T09:15:01.212+0000] {override.py:1911} INFO - Created Permission View: can delete on DAG:tutorial_taskflow_api
[2024-12-07T09:15:01.222+0000] {logging_mixin.py:190} INFO - [2024-12-07T09:15:01.221+0000] {override.py:1911} INFO - Created Permission View: can edit on DAG:tutorial_taskflow_api
[2024-12-07T09:15:01.227+0000] {logging_mixin.py:190} INFO - [2024-12-07T09:15:01.227+0000] {override.py:1911} INFO - Created Permission View: can read on DAG:tutorial_taskflow_api
[2024-12-07T09:15:01.233+0000] {logging_mixin.py:190} INFO - [2024-12-07T09:15:01.233+0000] {override.py:1911} INFO - Created Permission View: can delete on DAG Run:tutorial_taskflow_api
[2024-12-07T09:15:01.238+0000] {logging_mixin.py:190} INFO - [2024-12-07T09:15:01.238+0000] {override.py:1911} INFO - Created Permission View: menu access on DAG Run:tutorial_taskflow_api
[2024-12-07T09:15:01.243+0000] {logging_mixin.py:190} INFO - [2024-12-07T09:15:01.243+0000] {override.py:1911} INFO - Created Permission View: can create on DAG Run:tutorial_taskflow_api
[2024-12-07T09:15:01.248+0000] {logging_mixin.py:190} INFO - [2024-12-07T09:15:01.248+0000] {override.py:1911} INFO - Created Permission View: can read on DAG Run:tutorial_taskflow_api
[2024-12-07T09:15:01.248+0000] {logging_mixin.py:190} INFO - [2024-12-07T09:15:01.248+0000] {dag.py:3239} INFO - Sync 1 DAGs
[2024-12-07T09:15:01.264+0000] {logging_mixin.py:190} INFO - [2024-12-07T09:15:01.264+0000] {dag.py:3262} INFO - Creating ORM DAG for tutorial_taskflow_api
[2024-12-07T09:15:01.265+0000] {logging_mixin.py:190} INFO - [2024-12-07T09:15:01.265+0000] {dag.py:4180} INFO - Setting next_dagrun for tutorial_taskflow_api to None, run_after=None
[2024-12-07T09:15:01.279+0000] {processor.py:208} INFO - Processing /home/airflow/.local/lib/python3.12/site-packages/airflow/example_dags/tutorial_taskflow_api.py took 0.217 seconds
[2024-12-07T09:15:32.207+0000] {processor.py:186} INFO - Started process (PID=165) to work on /home/airflow/.local/lib/python3.12/site-packages/airflow/example_dags/tutorial_taskflow_api.py
[2024-12-07T09:15:32.207+0000] {processor.py:914} INFO - Processing file /home/airflow/.local/lib/python3.12/site-packages/airflow/example_dags/tutorial_taskflow_api.py for tasks to queue
[2024-12-07T09:15:32.209+0000] {logging_mixin.py:190} INFO - [2024-12-07T09:15:32.209+0000] {dagbag.py:588} INFO - Filling up the DagBag from /home/airflow/.local/lib/python3.12/site-packages/airflow/example_dags/tutorial_taskflow_api.py
[2024-12-07T09:15:32.215+0000] {processor.py:925} INFO - DAG(s) 'tutorial_taskflow_api' retrieved from /home/airflow/.local/lib/python3.12/site-packages/airflow/example_dags/tutorial_taskflow_api.py
[2024-12-07T09:15:32.232+0000] {logging_mixin.py:190} INFO - [2024-12-07T09:15:32.231+0000] {dag.py:3239} INFO - Sync 1 DAGs
[2024-12-07T09:15:32.246+0000] {logging_mixin.py:190} INFO - [2024-12-07T09:15:32.246+0000] {dag.py:4180} INFO - Setting next_dagrun for tutorial_taskflow_api to None, run_after=None
[2024-12-07T09:15:32.262+0000] {processor.py:208} INFO - Processing /home/airflow/.local/lib/python3.12/site-packages/airflow/example_dags/tutorial_taskflow_api.py took 0.060 seconds
[2024-12-07T09:16:03.090+0000] {processor.py:186} INFO - Started process (PID=228) to work on /home/airflow/.local/lib/python3.12/site-packages/airflow/example_dags/tutorial_taskflow_api.py
[2024-12-07T09:16:03.091+0000] {processor.py:914} INFO - Processing file /home/airflow/.local/lib/python3.12/site-packages/airflow/example_dags/tutorial_taskflow_api.py for tasks to queue
[2024-12-07T09:16:03.093+0000] {logging_mixin.py:190} INFO - [2024-12-07T09:16:03.093+0000] {dagbag.py:588} INFO - Filling up the DagBag from /home/airflow/.local/lib/python3.12/site-packages/airflow/example_dags/tutorial_taskflow_api.py
[2024-12-07T09:16:03.102+0000] {processor.py:925} INFO - DAG(s) 'tutorial_taskflow_api' retrieved from /home/airflow/.local/lib/python3.12/site-packages/airflow/example_dags/tutorial_taskflow_api.py
[2024-12-07T09:16:03.119+0000] {logging_mixin.py:190} INFO - [2024-12-07T09:16:03.119+0000] {dag.py:3239} INFO - Sync 1 DAGs
[2024-12-07T09:16:03.134+0000] {logging_mixin.py:190} INFO - [2024-12-07T09:16:03.134+0000] {dag.py:4180} INFO - Setting next_dagrun for tutorial_taskflow_api to None, run_after=None
[2024-12-07T09:16:03.150+0000] {processor.py:208} INFO - Processing /home/airflow/.local/lib/python3.12/site-packages/airflow/example_dags/tutorial_taskflow_api.py took 0.065 seconds
[2024-12-07T09:16:33.423+0000] {processor.py:186} INFO - Started process (PID=291) to work on /home/airflow/.local/lib/python3.12/site-packages/airflow/example_dags/tutorial_taskflow_api.py
[2024-12-07T09:16:33.424+0000] {processor.py:914} INFO - Processing file /home/airflow/.local/lib/python3.12/site-packages/airflow/example_dags/tutorial_taskflow_api.py for tasks to queue
[2024-12-07T09:16:33.426+0000] {logging_mixin.py:190} INFO - [2024-12-07T09:16:33.425+0000] {dagbag.py:588} INFO - Filling up the DagBag from /home/airflow/.local/lib/python3.12/site-packages/airflow/example_dags/tutorial_taskflow_api.py
[2024-12-07T09:16:33.432+0000] {processor.py:925} INFO - DAG(s) 'tutorial_taskflow_api' retrieved from /home/airflow/.local/lib/python3.12/site-packages/airflow/example_dags/tutorial_taskflow_api.py
[2024-12-07T09:16:33.448+0000] {logging_mixin.py:190} INFO - [2024-12-07T09:16:33.448+0000] {dag.py:3239} INFO - Sync 1 DAGs
[2024-12-07T09:16:33.459+0000] {logging_mixin.py:190} INFO - [2024-12-07T09:16:33.458+0000] {dag.py:4180} INFO - Setting next_dagrun for tutorial_taskflow_api to None, run_after=None
[2024-12-07T09:16:33.472+0000] {processor.py:208} INFO - Processing /home/airflow/.local/lib/python3.12/site-packages/airflow/example_dags/tutorial_taskflow_api.py took 0.053 seconds
[2024-12-07T09:17:04.335+0000] {processor.py:186} INFO - Started process (PID=354) to work on /home/airflow/.local/lib/python3.12/site-packages/airflow/example_dags/tutorial_taskflow_api.py
[2024-12-07T09:17:04.336+0000] {processor.py:914} INFO - Processing file /home/airflow/.local/lib/python3.12/site-packages/airflow/example_dags/tutorial_taskflow_api.py for tasks to queue
[2024-12-07T09:17:04.338+0000] {logging_mixin.py:190} INFO - [2024-12-07T09:17:04.337+0000] {dagbag.py:588} INFO - Filling up the DagBag from /home/airflow/.local/lib/python3.12/site-packages/airflow/example_dags/tutorial_taskflow_api.py
[2024-12-07T09:17:04.344+0000] {processor.py:925} INFO - DAG(s) 'tutorial_taskflow_api' retrieved from /home/airflow/.local/lib/python3.12/site-packages/airflow/example_dags/tutorial_taskflow_api.py
[2024-12-07T09:17:04.362+0000] {logging_mixin.py:190} INFO - [2024-12-07T09:17:04.362+0000] {dag.py:3239} INFO - Sync 1 DAGs
[2024-12-07T09:17:04.373+0000] {logging_mixin.py:190} INFO - [2024-12-07T09:17:04.373+0000] {dag.py:4180} INFO - Setting next_dagrun for tutorial_taskflow_api to None, run_after=None
[2024-12-07T09:17:04.387+0000] {processor.py:208} INFO - Processing /home/airflow/.local/lib/python3.12/site-packages/airflow/example_dags/tutorial_taskflow_api.py took 0.056 seconds
[2024-12-07T09:17:34.623+0000] {processor.py:186} INFO - Started process (PID=417) to work on /home/airflow/.local/lib/python3.12/site-packages/airflow/example_dags/tutorial_taskflow_api.py
[2024-12-07T09:17:34.624+0000] {processor.py:914} INFO - Processing file /home/airflow/.local/lib/python3.12/site-packages/airflow/example_dags/tutorial_taskflow_api.py for tasks to queue
[2024-12-07T09:17:34.626+0000] {logging_mixin.py:190} INFO - [2024-12-07T09:17:34.625+0000] {dagbag.py:588} INFO - Filling up the DagBag from /home/airflow/.local/lib/python3.12/site-packages/airflow/example_dags/tutorial_taskflow_api.py
[2024-12-07T09:17:34.634+0000] {processor.py:925} INFO - DAG(s) 'tutorial_taskflow_api' retrieved from /home/airflow/.local/lib/python3.12/site-packages/airflow/example_dags/tutorial_taskflow_api.py
[2024-12-07T09:17:34.669+0000] {logging_mixin.py:190} INFO - [2024-12-07T09:17:34.669+0000] {dag.py:3239} INFO - Sync 1 DAGs
[2024-12-07T09:17:34.686+0000] {logging_mixin.py:190} INFO - [2024-12-07T09:17:34.686+0000] {dag.py:4180} INFO - Setting next_dagrun for tutorial_taskflow_api to None, run_after=None
[2024-12-07T09:17:34.703+0000] {processor.py:208} INFO - Processing /home/airflow/.local/lib/python3.12/site-packages/airflow/example_dags/tutorial_taskflow_api.py took 0.086 seconds
[2024-12-07T09:18:04.850+0000] {processor.py:186} INFO - Started process (PID=479) to work on /home/airflow/.local/lib/python3.12/site-packages/airflow/example_dags/tutorial_taskflow_api.py
[2024-12-07T09:18:04.850+0000] {processor.py:914} INFO - Processing file /home/airflow/.local/lib/python3.12/site-packages/airflow/example_dags/tutorial_taskflow_api.py for tasks to queue
[2024-12-07T09:18:04.853+0000] {logging_mixin.py:190} INFO - [2024-12-07T09:18:04.852+0000] {dagbag.py:588} INFO - Filling up the DagBag from /home/airflow/.local/lib/python3.12/site-packages/airflow/example_dags/tutorial_taskflow_api.py
[2024-12-07T09:18:04.862+0000] {processor.py:925} INFO - DAG(s) 'tutorial_taskflow_api' retrieved from /home/airflow/.local/lib/python3.12/site-packages/airflow/example_dags/tutorial_taskflow_api.py
[2024-12-07T09:18:04.885+0000] {logging_mixin.py:190} INFO - [2024-12-07T09:18:04.884+0000] {dag.py:3239} INFO - Sync 1 DAGs
[2024-12-07T09:18:04.901+0000] {logging_mixin.py:190} INFO - [2024-12-07T09:18:04.901+0000] {dag.py:4180} INFO - Setting next_dagrun for tutorial_taskflow_api to None, run_after=None
[2024-12-07T09:18:04.919+0000] {processor.py:208} INFO - Processing /home/airflow/.local/lib/python3.12/site-packages/airflow/example_dags/tutorial_taskflow_api.py took 0.077 seconds
[2024-12-07T09:18:35.865+0000] {processor.py:186} INFO - Started process (PID=542) to work on /home/airflow/.local/lib/python3.12/site-packages/airflow/example_dags/tutorial_taskflow_api.py
[2024-12-07T09:18:35.865+0000] {processor.py:914} INFO - Processing file /home/airflow/.local/lib/python3.12/site-packages/airflow/example_dags/tutorial_taskflow_api.py for tasks to queue
[2024-12-07T09:18:35.867+0000] {logging_mixin.py:190} INFO - [2024-12-07T09:18:35.867+0000] {dagbag.py:588} INFO - Filling up the DagBag from /home/airflow/.local/lib/python3.12/site-packages/airflow/example_dags/tutorial_taskflow_api.py
[2024-12-07T09:18:35.876+0000] {processor.py:925} INFO - DAG(s) 'tutorial_taskflow_api' retrieved from /home/airflow/.local/lib/python3.12/site-packages/airflow/example_dags/tutorial_taskflow_api.py
[2024-12-07T09:18:35.897+0000] {logging_mixin.py:190} INFO - [2024-12-07T09:18:35.897+0000] {dag.py:3239} INFO - Sync 1 DAGs
[2024-12-07T09:18:35.914+0000] {logging_mixin.py:190} INFO - [2024-12-07T09:18:35.914+0000] {dag.py:4180} INFO - Setting next_dagrun for tutorial_taskflow_api to None, run_after=None
[2024-12-07T09:18:35.932+0000] {processor.py:208} INFO - Processing /home/airflow/.local/lib/python3.12/site-packages/airflow/example_dags/tutorial_taskflow_api.py took 0.074 seconds
[2024-12-07T09:19:05.970+0000] {processor.py:186} INFO - Started process (PID=604) to work on /home/airflow/.local/lib/python3.12/site-packages/airflow/example_dags/tutorial_taskflow_api.py
[2024-12-07T09:19:05.970+0000] {processor.py:914} INFO - Processing file /home/airflow/.local/lib/python3.12/site-packages/airflow/example_dags/tutorial_taskflow_api.py for tasks to queue
[2024-12-07T09:19:05.972+0000] {logging_mixin.py:190} INFO - [2024-12-07T09:19:05.972+0000] {dagbag.py:588} INFO - Filling up the DagBag from /home/airflow/.local/lib/python3.12/site-packages/airflow/example_dags/tutorial_taskflow_api.py
[2024-12-07T09:19:05.978+0000] {processor.py:925} INFO - DAG(s) 'tutorial_taskflow_api' retrieved from /home/airflow/.local/lib/python3.12/site-packages/airflow/example_dags/tutorial_taskflow_api.py
[2024-12-07T09:19:05.993+0000] {logging_mixin.py:190} INFO - [2024-12-07T09:19:05.993+0000] {dag.py:3239} INFO - Sync 1 DAGs
[2024-12-07T09:19:06.005+0000] {logging_mixin.py:190} INFO - [2024-12-07T09:19:06.005+0000] {dag.py:4180} INFO - Setting next_dagrun for tutorial_taskflow_api to None, run_after=None
[2024-12-07T09:19:06.018+0000] {processor.py:208} INFO - Processing /home/airflow/.local/lib/python3.12/site-packages/airflow/example_dags/tutorial_taskflow_api.py took 0.053 seconds
[2024-12-07T09:19:36.438+0000] {processor.py:186} INFO - Started process (PID=667) to work on /home/airflow/.local/lib/python3.12/site-packages/airflow/example_dags/tutorial_taskflow_api.py
[2024-12-07T09:19:36.438+0000] {processor.py:914} INFO - Processing file /home/airflow/.local/lib/python3.12/site-packages/airflow/example_dags/tutorial_taskflow_api.py for tasks to queue
[2024-12-07T09:19:36.440+0000] {logging_mixin.py:190} INFO - [2024-12-07T09:19:36.439+0000] {dagbag.py:588} INFO - Filling up the DagBag from /home/airflow/.local/lib/python3.12/site-packages/airflow/example_dags/tutorial_taskflow_api.py
[2024-12-07T09:19:36.446+0000] {processor.py:925} INFO - DAG(s) 'tutorial_taskflow_api' retrieved from /home/airflow/.local/lib/python3.12/site-packages/airflow/example_dags/tutorial_taskflow_api.py
[2024-12-07T09:19:36.460+0000] {logging_mixin.py:190} INFO - [2024-12-07T09:19:36.460+0000] {dag.py:3239} INFO - Sync 1 DAGs
[2024-12-07T09:19:36.471+0000] {logging_mixin.py:190} INFO - [2024-12-07T09:19:36.471+0000] {dag.py:4180} INFO - Setting next_dagrun for tutorial_taskflow_api to None, run_after=None
[2024-12-07T09:19:36.485+0000] {processor.py:208} INFO - Processing /home/airflow/.local/lib/python3.12/site-packages/airflow/example_dags/tutorial_taskflow_api.py took 0.051 seconds
[2024-12-07T09:20:06.781+0000] {processor.py:186} INFO - Started process (PID=730) to work on /home/airflow/.local/lib/python3.12/site-packages/airflow/example_dags/tutorial_taskflow_api.py
[2024-12-07T09:20:06.782+0000] {processor.py:914} INFO - Processing file /home/airflow/.local/lib/python3.12/site-packages/airflow/example_dags/tutorial_taskflow_api.py for tasks to queue
[2024-12-07T09:20:06.784+0000] {logging_mixin.py:190} INFO - [2024-12-07T09:20:06.783+0000] {dagbag.py:588} INFO - Filling up the DagBag from /home/airflow/.local/lib/python3.12/site-packages/airflow/example_dags/tutorial_taskflow_api.py
[2024-12-07T09:20:06.791+0000] {processor.py:925} INFO - DAG(s) 'tutorial_taskflow_api' retrieved from /home/airflow/.local/lib/python3.12/site-packages/airflow/example_dags/tutorial_taskflow_api.py
[2024-12-07T09:20:06.807+0000] {logging_mixin.py:190} INFO - [2024-12-07T09:20:06.807+0000] {dag.py:3239} INFO - Sync 1 DAGs
[2024-12-07T09:20:06.819+0000] {logging_mixin.py:190} INFO - [2024-12-07T09:20:06.819+0000] {dag.py:4180} INFO - Setting next_dagrun for tutorial_taskflow_api to None, run_after=None
[2024-12-07T09:20:06.834+0000] {processor.py:208} INFO - Processing /home/airflow/.local/lib/python3.12/site-packages/airflow/example_dags/tutorial_taskflow_api.py took 0.058 seconds
[2024-12-07T09:20:37.309+0000] {processor.py:186} INFO - Started process (PID=793) to work on /home/airflow/.local/lib/python3.12/site-packages/airflow/example_dags/tutorial_taskflow_api.py
[2024-12-07T09:20:37.310+0000] {processor.py:914} INFO - Processing file /home/airflow/.local/lib/python3.12/site-packages/airflow/example_dags/tutorial_taskflow_api.py for tasks to queue
[2024-12-07T09:20:37.312+0000] {logging_mixin.py:190} INFO - [2024-12-07T09:20:37.311+0000] {dagbag.py:588} INFO - Filling up the DagBag from /home/airflow/.local/lib/python3.12/site-packages/airflow/example_dags/tutorial_taskflow_api.py
[2024-12-07T09:20:37.318+0000] {processor.py:925} INFO - DAG(s) 'tutorial_taskflow_api' retrieved from /home/airflow/.local/lib/python3.12/site-packages/airflow/example_dags/tutorial_taskflow_api.py
[2024-12-07T09:20:37.332+0000] {logging_mixin.py:190} INFO - [2024-12-07T09:20:37.332+0000] {dag.py:3239} INFO - Sync 1 DAGs
[2024-12-07T09:20:37.343+0000] {logging_mixin.py:190} INFO - [2024-12-07T09:20:37.343+0000] {dag.py:4180} INFO - Setting next_dagrun for tutorial_taskflow_api to None, run_after=None
[2024-12-07T09:20:37.355+0000] {processor.py:208} INFO - Processing /home/airflow/.local/lib/python3.12/site-packages/airflow/example_dags/tutorial_taskflow_api.py took 0.050 seconds
[2024-12-07T09:21:08.226+0000] {processor.py:186} INFO - Started process (PID=856) to work on /home/airflow/.local/lib/python3.12/site-packages/airflow/example_dags/tutorial_taskflow_api.py
[2024-12-07T09:21:08.226+0000] {processor.py:914} INFO - Processing file /home/airflow/.local/lib/python3.12/site-packages/airflow/example_dags/tutorial_taskflow_api.py for tasks to queue
[2024-12-07T09:21:08.228+0000] {logging_mixin.py:190} INFO - [2024-12-07T09:21:08.228+0000] {dagbag.py:588} INFO - Filling up the DagBag from /home/airflow/.local/lib/python3.12/site-packages/airflow/example_dags/tutorial_taskflow_api.py
[2024-12-07T09:21:08.235+0000] {processor.py:925} INFO - DAG(s) 'tutorial_taskflow_api' retrieved from /home/airflow/.local/lib/python3.12/site-packages/airflow/example_dags/tutorial_taskflow_api.py
[2024-12-07T09:21:08.250+0000] {logging_mixin.py:190} INFO - [2024-12-07T09:21:08.250+0000] {dag.py:3239} INFO - Sync 1 DAGs
[2024-12-07T09:21:08.261+0000] {logging_mixin.py:190} INFO - [2024-12-07T09:21:08.261+0000] {dag.py:4180} INFO - Setting next_dagrun for tutorial_taskflow_api to None, run_after=None
[2024-12-07T09:21:08.275+0000] {processor.py:208} INFO - Processing /home/airflow/.local/lib/python3.12/site-packages/airflow/example_dags/tutorial_taskflow_api.py took 0.054 seconds
[2024-12-07T09:21:38.527+0000] {processor.py:186} INFO - Started process (PID=919) to work on /home/airflow/.local/lib/python3.12/site-packages/airflow/example_dags/tutorial_taskflow_api.py
[2024-12-07T09:21:38.528+0000] {processor.py:914} INFO - Processing file /home/airflow/.local/lib/python3.12/site-packages/airflow/example_dags/tutorial_taskflow_api.py for tasks to queue
[2024-12-07T09:21:38.530+0000] {logging_mixin.py:190} INFO - [2024-12-07T09:21:38.529+0000] {dagbag.py:588} INFO - Filling up the DagBag from /home/airflow/.local/lib/python3.12/site-packages/airflow/example_dags/tutorial_taskflow_api.py
[2024-12-07T09:21:38.536+0000] {processor.py:925} INFO - DAG(s) 'tutorial_taskflow_api' retrieved from /home/airflow/.local/lib/python3.12/site-packages/airflow/example_dags/tutorial_taskflow_api.py
[2024-12-07T09:21:38.550+0000] {logging_mixin.py:190} INFO - [2024-12-07T09:21:38.550+0000] {dag.py:3239} INFO - Sync 1 DAGs
[2024-12-07T09:21:38.561+0000] {logging_mixin.py:190} INFO - [2024-12-07T09:21:38.561+0000] {dag.py:4180} INFO - Setting next_dagrun for tutorial_taskflow_api to None, run_after=None
[2024-12-07T09:21:38.573+0000] {processor.py:208} INFO - Processing /home/airflow/.local/lib/python3.12/site-packages/airflow/example_dags/tutorial_taskflow_api.py took 0.050 seconds
[2024-12-07T09:22:08.908+0000] {processor.py:186} INFO - Started process (PID=982) to work on /home/airflow/.local/lib/python3.12/site-packages/airflow/example_dags/tutorial_taskflow_api.py
[2024-12-07T09:22:08.909+0000] {processor.py:914} INFO - Processing file /home/airflow/.local/lib/python3.12/site-packages/airflow/example_dags/tutorial_taskflow_api.py for tasks to queue
[2024-12-07T09:22:08.910+0000] {logging_mixin.py:190} INFO - [2024-12-07T09:22:08.910+0000] {dagbag.py:588} INFO - Filling up the DagBag from /home/airflow/.local/lib/python3.12/site-packages/airflow/example_dags/tutorial_taskflow_api.py
[2024-12-07T09:22:08.918+0000] {processor.py:925} INFO - DAG(s) 'tutorial_taskflow_api' retrieved from /home/airflow/.local/lib/python3.12/site-packages/airflow/example_dags/tutorial_taskflow_api.py
[2024-12-07T09:22:08.937+0000] {logging_mixin.py:190} INFO - [2024-12-07T09:22:08.937+0000] {dag.py:3239} INFO - Sync 1 DAGs
[2024-12-07T09:22:08.952+0000] {logging_mixin.py:190} INFO - [2024-12-07T09:22:08.952+0000] {dag.py:4180} INFO - Setting next_dagrun for tutorial_taskflow_api to None, run_after=None
[2024-12-07T09:22:08.966+0000] {processor.py:208} INFO - Processing /home/airflow/.local/lib/python3.12/site-packages/airflow/example_dags/tutorial_taskflow_api.py took 0.064 seconds
[2024-12-07T09:22:39.762+0000] {processor.py:186} INFO - Started process (PID=1045) to work on /home/airflow/.local/lib/python3.12/site-packages/airflow/example_dags/tutorial_taskflow_api.py
[2024-12-07T09:22:39.763+0000] {processor.py:914} INFO - Processing file /home/airflow/.local/lib/python3.12/site-packages/airflow/example_dags/tutorial_taskflow_api.py for tasks to queue
[2024-12-07T09:22:39.764+0000] {logging_mixin.py:190} INFO - [2024-12-07T09:22:39.764+0000] {dagbag.py:588} INFO - Filling up the DagBag from /home/airflow/.local/lib/python3.12/site-packages/airflow/example_dags/tutorial_taskflow_api.py
[2024-12-07T09:22:39.771+0000] {processor.py:925} INFO - DAG(s) 'tutorial_taskflow_api' retrieved from /home/airflow/.local/lib/python3.12/site-packages/airflow/example_dags/tutorial_taskflow_api.py
[2024-12-07T09:22:39.785+0000] {logging_mixin.py:190} INFO - [2024-12-07T09:22:39.785+0000] {dag.py:3239} INFO - Sync 1 DAGs
[2024-12-07T09:22:39.796+0000] {logging_mixin.py:190} INFO - [2024-12-07T09:22:39.796+0000] {dag.py:4180} INFO - Setting next_dagrun for tutorial_taskflow_api to None, run_after=None
[2024-12-07T09:22:39.808+0000] {processor.py:208} INFO - Processing /home/airflow/.local/lib/python3.12/site-packages/airflow/example_dags/tutorial_taskflow_api.py took 0.050 seconds
[2024-12-07T09:23:10.450+0000] {processor.py:186} INFO - Started process (PID=1108) to work on /home/airflow/.local/lib/python3.12/site-packages/airflow/example_dags/tutorial_taskflow_api.py
[2024-12-07T09:23:10.450+0000] {processor.py:914} INFO - Processing file /home/airflow/.local/lib/python3.12/site-packages/airflow/example_dags/tutorial_taskflow_api.py for tasks to queue
[2024-12-07T09:23:10.452+0000] {logging_mixin.py:190} INFO - [2024-12-07T09:23:10.452+0000] {dagbag.py:588} INFO - Filling up the DagBag from /home/airflow/.local/lib/python3.12/site-packages/airflow/example_dags/tutorial_taskflow_api.py
[2024-12-07T09:23:10.458+0000] {processor.py:925} INFO - DAG(s) 'tutorial_taskflow_api' retrieved from /home/airflow/.local/lib/python3.12/site-packages/airflow/example_dags/tutorial_taskflow_api.py
[2024-12-07T09:23:10.473+0000] {logging_mixin.py:190} INFO - [2024-12-07T09:23:10.473+0000] {dag.py:3239} INFO - Sync 1 DAGs
[2024-12-07T09:23:10.484+0000] {logging_mixin.py:190} INFO - [2024-12-07T09:23:10.484+0000] {dag.py:4180} INFO - Setting next_dagrun for tutorial_taskflow_api to None, run_after=None
[2024-12-07T09:23:10.497+0000] {processor.py:208} INFO - Processing /home/airflow/.local/lib/python3.12/site-packages/airflow/example_dags/tutorial_taskflow_api.py took 0.051 seconds
[2024-12-07T09:23:41.357+0000] {processor.py:186} INFO - Started process (PID=1172) to work on /home/airflow/.local/lib/python3.12/site-packages/airflow/example_dags/tutorial_taskflow_api.py
[2024-12-07T09:23:41.357+0000] {processor.py:914} INFO - Processing file /home/airflow/.local/lib/python3.12/site-packages/airflow/example_dags/tutorial_taskflow_api.py for tasks to queue
[2024-12-07T09:23:41.359+0000] {logging_mixin.py:190} INFO - [2024-12-07T09:23:41.359+0000] {dagbag.py:588} INFO - Filling up the DagBag from /home/airflow/.local/lib/python3.12/site-packages/airflow/example_dags/tutorial_taskflow_api.py
[2024-12-07T09:23:41.365+0000] {processor.py:925} INFO - DAG(s) 'tutorial_taskflow_api' retrieved from /home/airflow/.local/lib/python3.12/site-packages/airflow/example_dags/tutorial_taskflow_api.py
[2024-12-07T09:23:41.380+0000] {logging_mixin.py:190} INFO - [2024-12-07T09:23:41.380+0000] {dag.py:3239} INFO - Sync 1 DAGs
[2024-12-07T09:23:41.391+0000] {logging_mixin.py:190} INFO - [2024-12-07T09:23:41.391+0000] {dag.py:4180} INFO - Setting next_dagrun for tutorial_taskflow_api to None, run_after=None
[2024-12-07T09:23:41.403+0000] {processor.py:208} INFO - Processing /home/airflow/.local/lib/python3.12/site-packages/airflow/example_dags/tutorial_taskflow_api.py took 0.051 seconds
[2024-12-07T09:24:11.558+0000] {processor.py:186} INFO - Started process (PID=1235) to work on /home/airflow/.local/lib/python3.12/site-packages/airflow/example_dags/tutorial_taskflow_api.py
[2024-12-07T09:24:11.558+0000] {processor.py:914} INFO - Processing file /home/airflow/.local/lib/python3.12/site-packages/airflow/example_dags/tutorial_taskflow_api.py for tasks to queue
[2024-12-07T09:24:11.560+0000] {logging_mixin.py:190} INFO - [2024-12-07T09:24:11.559+0000] {dagbag.py:588} INFO - Filling up the DagBag from /home/airflow/.local/lib/python3.12/site-packages/airflow/example_dags/tutorial_taskflow_api.py
[2024-12-07T09:24:11.566+0000] {processor.py:925} INFO - DAG(s) 'tutorial_taskflow_api' retrieved from /home/airflow/.local/lib/python3.12/site-packages/airflow/example_dags/tutorial_taskflow_api.py
[2024-12-07T09:24:11.581+0000] {logging_mixin.py:190} INFO - [2024-12-07T09:24:11.581+0000] {dag.py:3239} INFO - Sync 1 DAGs
[2024-12-07T09:24:11.593+0000] {logging_mixin.py:190} INFO - [2024-12-07T09:24:11.593+0000] {dag.py:4180} INFO - Setting next_dagrun for tutorial_taskflow_api to None, run_after=None
[2024-12-07T09:24:11.606+0000] {processor.py:208} INFO - Processing /home/airflow/.local/lib/python3.12/site-packages/airflow/example_dags/tutorial_taskflow_api.py took 0.052 seconds
[2024-12-07T09:24:41.809+0000] {processor.py:186} INFO - Started process (PID=1298) to work on /home/airflow/.local/lib/python3.12/site-packages/airflow/example_dags/tutorial_taskflow_api.py
[2024-12-07T09:24:41.809+0000] {processor.py:914} INFO - Processing file /home/airflow/.local/lib/python3.12/site-packages/airflow/example_dags/tutorial_taskflow_api.py for tasks to queue
[2024-12-07T09:24:41.811+0000] {logging_mixin.py:190} INFO - [2024-12-07T09:24:41.810+0000] {dagbag.py:588} INFO - Filling up the DagBag from /home/airflow/.local/lib/python3.12/site-packages/airflow/example_dags/tutorial_taskflow_api.py
[2024-12-07T09:24:41.817+0000] {processor.py:925} INFO - DAG(s) 'tutorial_taskflow_api' retrieved from /home/airflow/.local/lib/python3.12/site-packages/airflow/example_dags/tutorial_taskflow_api.py
[2024-12-07T09:24:41.833+0000] {logging_mixin.py:190} INFO - [2024-12-07T09:24:41.833+0000] {dag.py:3239} INFO - Sync 1 DAGs
[2024-12-07T09:24:41.844+0000] {logging_mixin.py:190} INFO - [2024-12-07T09:24:41.844+0000] {dag.py:4180} INFO - Setting next_dagrun for tutorial_taskflow_api to None, run_after=None
[2024-12-07T09:24:41.858+0000] {processor.py:208} INFO - Processing /home/airflow/.local/lib/python3.12/site-packages/airflow/example_dags/tutorial_taskflow_api.py took 0.053 seconds
[2024-12-07T09:25:11.949+0000] {processor.py:186} INFO - Started process (PID=1361) to work on /home/airflow/.local/lib/python3.12/site-packages/airflow/example_dags/tutorial_taskflow_api.py
[2024-12-07T09:25:11.950+0000] {processor.py:914} INFO - Processing file /home/airflow/.local/lib/python3.12/site-packages/airflow/example_dags/tutorial_taskflow_api.py for tasks to queue
[2024-12-07T09:25:11.952+0000] {logging_mixin.py:190} INFO - [2024-12-07T09:25:11.951+0000] {dagbag.py:588} INFO - Filling up the DagBag from /home/airflow/.local/lib/python3.12/site-packages/airflow/example_dags/tutorial_taskflow_api.py
[2024-12-07T09:25:11.958+0000] {processor.py:925} INFO - DAG(s) 'tutorial_taskflow_api' retrieved from /home/airflow/.local/lib/python3.12/site-packages/airflow/example_dags/tutorial_taskflow_api.py
[2024-12-07T09:25:11.973+0000] {logging_mixin.py:190} INFO - [2024-12-07T09:25:11.973+0000] {dag.py:3239} INFO - Sync 1 DAGs
[2024-12-07T09:25:11.984+0000] {logging_mixin.py:190} INFO - [2024-12-07T09:25:11.984+0000] {dag.py:4180} INFO - Setting next_dagrun for tutorial_taskflow_api to None, run_after=None
[2024-12-07T09:25:11.997+0000] {processor.py:208} INFO - Processing /home/airflow/.local/lib/python3.12/site-packages/airflow/example_dags/tutorial_taskflow_api.py took 0.051 seconds
[2024-12-07T09:25:42.146+0000] {processor.py:186} INFO - Started process (PID=1424) to work on /home/airflow/.local/lib/python3.12/site-packages/airflow/example_dags/tutorial_taskflow_api.py
[2024-12-07T09:25:42.147+0000] {processor.py:914} INFO - Processing file /home/airflow/.local/lib/python3.12/site-packages/airflow/example_dags/tutorial_taskflow_api.py for tasks to queue
[2024-12-07T09:25:42.148+0000] {logging_mixin.py:190} INFO - [2024-12-07T09:25:42.148+0000] {dagbag.py:588} INFO - Filling up the DagBag from /home/airflow/.local/lib/python3.12/site-packages/airflow/example_dags/tutorial_taskflow_api.py
[2024-12-07T09:25:42.154+0000] {processor.py:925} INFO - DAG(s) 'tutorial_taskflow_api' retrieved from /home/airflow/.local/lib/python3.12/site-packages/airflow/example_dags/tutorial_taskflow_api.py
[2024-12-07T09:25:42.169+0000] {logging_mixin.py:190} INFO - [2024-12-07T09:25:42.169+0000] {dag.py:3239} INFO - Sync 1 DAGs
[2024-12-07T09:25:42.180+0000] {logging_mixin.py:190} INFO - [2024-12-07T09:25:42.179+0000] {dag.py:4180} INFO - Setting next_dagrun for tutorial_taskflow_api to None, run_after=None
[2024-12-07T09:25:42.192+0000] {processor.py:208} INFO - Processing /home/airflow/.local/lib/python3.12/site-packages/airflow/example_dags/tutorial_taskflow_api.py took 0.050 seconds
[2024-12-07T09:26:12.512+0000] {processor.py:186} INFO - Started process (PID=1487) to work on /home/airflow/.local/lib/python3.12/site-packages/airflow/example_dags/tutorial_taskflow_api.py
[2024-12-07T09:26:12.513+0000] {processor.py:914} INFO - Processing file /home/airflow/.local/lib/python3.12/site-packages/airflow/example_dags/tutorial_taskflow_api.py for tasks to queue
[2024-12-07T09:26:12.514+0000] {logging_mixin.py:190} INFO - [2024-12-07T09:26:12.514+0000] {dagbag.py:588} INFO - Filling up the DagBag from /home/airflow/.local/lib/python3.12/site-packages/airflow/example_dags/tutorial_taskflow_api.py
[2024-12-07T09:26:12.521+0000] {processor.py:925} INFO - DAG(s) 'tutorial_taskflow_api' retrieved from /home/airflow/.local/lib/python3.12/site-packages/airflow/example_dags/tutorial_taskflow_api.py
[2024-12-07T09:26:12.535+0000] {logging_mixin.py:190} INFO - [2024-12-07T09:26:12.535+0000] {dag.py:3239} INFO - Sync 1 DAGs
[2024-12-07T09:26:12.546+0000] {logging_mixin.py:190} INFO - [2024-12-07T09:26:12.546+0000] {dag.py:4180} INFO - Setting next_dagrun for tutorial_taskflow_api to None, run_after=None
[2024-12-07T09:26:12.558+0000] {processor.py:208} INFO - Processing /home/airflow/.local/lib/python3.12/site-packages/airflow/example_dags/tutorial_taskflow_api.py took 0.050 seconds
[2024-12-07T09:26:42.727+0000] {processor.py:186} INFO - Started process (PID=1550) to work on /home/airflow/.local/lib/python3.12/site-packages/airflow/example_dags/tutorial_taskflow_api.py
[2024-12-07T09:26:42.727+0000] {processor.py:914} INFO - Processing file /home/airflow/.local/lib/python3.12/site-packages/airflow/example_dags/tutorial_taskflow_api.py for tasks to queue
[2024-12-07T09:26:42.729+0000] {logging_mixin.py:190} INFO - [2024-12-07T09:26:42.729+0000] {dagbag.py:588} INFO - Filling up the DagBag from /home/airflow/.local/lib/python3.12/site-packages/airflow/example_dags/tutorial_taskflow_api.py
[2024-12-07T09:26:42.735+0000] {processor.py:925} INFO - DAG(s) 'tutorial_taskflow_api' retrieved from /home/airflow/.local/lib/python3.12/site-packages/airflow/example_dags/tutorial_taskflow_api.py
[2024-12-07T09:26:42.750+0000] {logging_mixin.py:190} INFO - [2024-12-07T09:26:42.749+0000] {dag.py:3239} INFO - Sync 1 DAGs
[2024-12-07T09:26:42.760+0000] {logging_mixin.py:190} INFO - [2024-12-07T09:26:42.760+0000] {dag.py:4180} INFO - Setting next_dagrun for tutorial_taskflow_api to None, run_after=None
[2024-12-07T09:26:42.772+0000] {processor.py:208} INFO - Processing /home/airflow/.local/lib/python3.12/site-packages/airflow/example_dags/tutorial_taskflow_api.py took 0.050 seconds
[2024-12-07T09:27:12.978+0000] {processor.py:186} INFO - Started process (PID=1613) to work on /home/airflow/.local/lib/python3.12/site-packages/airflow/example_dags/tutorial_taskflow_api.py
[2024-12-07T09:27:12.979+0000] {processor.py:914} INFO - Processing file /home/airflow/.local/lib/python3.12/site-packages/airflow/example_dags/tutorial_taskflow_api.py for tasks to queue
[2024-12-07T09:27:12.981+0000] {logging_mixin.py:190} INFO - [2024-12-07T09:27:12.980+0000] {dagbag.py:588} INFO - Filling up the DagBag from /home/airflow/.local/lib/python3.12/site-packages/airflow/example_dags/tutorial_taskflow_api.py
[2024-12-07T09:27:12.987+0000] {processor.py:925} INFO - DAG(s) 'tutorial_taskflow_api' retrieved from /home/airflow/.local/lib/python3.12/site-packages/airflow/example_dags/tutorial_taskflow_api.py
[2024-12-07T09:27:13.001+0000] {logging_mixin.py:190} INFO - [2024-12-07T09:27:13.001+0000] {dag.py:3239} INFO - Sync 1 DAGs
[2024-12-07T09:27:13.012+0000] {logging_mixin.py:190} INFO - [2024-12-07T09:27:13.012+0000] {dag.py:4180} INFO - Setting next_dagrun for tutorial_taskflow_api to None, run_after=None
[2024-12-07T09:27:13.024+0000] {processor.py:208} INFO - Processing /home/airflow/.local/lib/python3.12/site-packages/airflow/example_dags/tutorial_taskflow_api.py took 0.050 seconds
