[2024-12-07T09:14:54.250+0000] {processor.py:186} INFO - Started process (PID=70) to work on /home/airflow/.local/lib/python3.12/site-packages/airflow/example_dags/tutorial_dag.py
[2024-12-07T09:14:54.250+0000] {processor.py:914} INFO - Processing file /home/airflow/.local/lib/python3.12/site-packages/airflow/example_dags/tutorial_dag.py for tasks to queue
[2024-12-07T09:14:54.265+0000] {logging_mixin.py:190} INFO - [2024-12-07T09:14:54.264+0000] {dagbag.py:588} INFO - Filling up the DagBag from /home/airflow/.local/lib/python3.12/site-packages/airflow/example_dags/tutorial_dag.py
[2024-12-07T09:14:54.274+0000] {processor.py:925} INFO - DAG(s) 'tutorial_dag' retrieved from /home/airflow/.local/lib/python3.12/site-packages/airflow/example_dags/tutorial_dag.py
[2024-12-07T09:14:54.475+0000] {logging_mixin.py:190} INFO - [2024-12-07T09:14:54.474+0000] {override.py:1911} INFO - Created Permission View: can delete on DAG:tutorial_dag
[2024-12-07T09:14:54.484+0000] {logging_mixin.py:190} INFO - [2024-12-07T09:14:54.484+0000] {override.py:1911} INFO - Created Permission View: can edit on DAG:tutorial_dag
[2024-12-07T09:14:54.489+0000] {logging_mixin.py:190} INFO - [2024-12-07T09:14:54.489+0000] {override.py:1911} INFO - Created Permission View: can read on DAG:tutorial_dag
[2024-12-07T09:14:54.495+0000] {logging_mixin.py:190} INFO - [2024-12-07T09:14:54.494+0000] {override.py:1911} INFO - Created Permission View: can delete on DAG Run:tutorial_dag
[2024-12-07T09:14:54.500+0000] {logging_mixin.py:190} INFO - [2024-12-07T09:14:54.500+0000] {override.py:1911} INFO - Created Permission View: menu access on DAG Run:tutorial_dag
[2024-12-07T09:14:54.505+0000] {logging_mixin.py:190} INFO - [2024-12-07T09:14:54.505+0000] {override.py:1911} INFO - Created Permission View: can create on DAG Run:tutorial_dag
[2024-12-07T09:14:54.511+0000] {logging_mixin.py:190} INFO - [2024-12-07T09:14:54.510+0000] {override.py:1911} INFO - Created Permission View: can read on DAG Run:tutorial_dag
[2024-12-07T09:14:54.511+0000] {logging_mixin.py:190} INFO - [2024-12-07T09:14:54.511+0000] {dag.py:3239} INFO - Sync 1 DAGs
[2024-12-07T09:14:54.527+0000] {logging_mixin.py:190} INFO - [2024-12-07T09:14:54.527+0000] {dag.py:3262} INFO - Creating ORM DAG for tutorial_dag
[2024-12-07T09:14:54.528+0000] {logging_mixin.py:190} INFO - [2024-12-07T09:14:54.528+0000] {dag.py:4180} INFO - Setting next_dagrun for tutorial_dag to None, run_after=None
[2024-12-07T09:14:54.550+0000] {processor.py:208} INFO - Processing /home/airflow/.local/lib/python3.12/site-packages/airflow/example_dags/tutorial_dag.py took 0.307 seconds
[2024-12-07T09:15:24.694+0000] {processor.py:186} INFO - Started process (PID=133) to work on /home/airflow/.local/lib/python3.12/site-packages/airflow/example_dags/tutorial_dag.py
[2024-12-07T09:15:24.695+0000] {processor.py:914} INFO - Processing file /home/airflow/.local/lib/python3.12/site-packages/airflow/example_dags/tutorial_dag.py for tasks to queue
[2024-12-07T09:15:24.697+0000] {logging_mixin.py:190} INFO - [2024-12-07T09:15:24.697+0000] {dagbag.py:588} INFO - Filling up the DagBag from /home/airflow/.local/lib/python3.12/site-packages/airflow/example_dags/tutorial_dag.py
[2024-12-07T09:15:24.705+0000] {processor.py:925} INFO - DAG(s) 'tutorial_dag' retrieved from /home/airflow/.local/lib/python3.12/site-packages/airflow/example_dags/tutorial_dag.py
[2024-12-07T09:15:24.722+0000] {logging_mixin.py:190} INFO - [2024-12-07T09:15:24.722+0000] {dag.py:3239} INFO - Sync 1 DAGs
[2024-12-07T09:15:24.737+0000] {logging_mixin.py:190} INFO - [2024-12-07T09:15:24.736+0000] {dag.py:4180} INFO - Setting next_dagrun for tutorial_dag to None, run_after=None
[2024-12-07T09:15:24.754+0000] {processor.py:208} INFO - Processing /home/airflow/.local/lib/python3.12/site-packages/airflow/example_dags/tutorial_dag.py took 0.066 seconds
[2024-12-07T09:15:55.714+0000] {processor.py:186} INFO - Started process (PID=196) to work on /home/airflow/.local/lib/python3.12/site-packages/airflow/example_dags/tutorial_dag.py
[2024-12-07T09:15:55.715+0000] {processor.py:914} INFO - Processing file /home/airflow/.local/lib/python3.12/site-packages/airflow/example_dags/tutorial_dag.py for tasks to queue
[2024-12-07T09:15:55.716+0000] {logging_mixin.py:190} INFO - [2024-12-07T09:15:55.716+0000] {dagbag.py:588} INFO - Filling up the DagBag from /home/airflow/.local/lib/python3.12/site-packages/airflow/example_dags/tutorial_dag.py
[2024-12-07T09:15:55.723+0000] {processor.py:925} INFO - DAG(s) 'tutorial_dag' retrieved from /home/airflow/.local/lib/python3.12/site-packages/airflow/example_dags/tutorial_dag.py
[2024-12-07T09:15:55.745+0000] {logging_mixin.py:190} INFO - [2024-12-07T09:15:55.745+0000] {dag.py:3239} INFO - Sync 1 DAGs
[2024-12-07T09:15:55.762+0000] {logging_mixin.py:190} INFO - [2024-12-07T09:15:55.761+0000] {dag.py:4180} INFO - Setting next_dagrun for tutorial_dag to None, run_after=None
[2024-12-07T09:15:55.777+0000] {processor.py:208} INFO - Processing /home/airflow/.local/lib/python3.12/site-packages/airflow/example_dags/tutorial_dag.py took 0.068 seconds
[2024-12-07T09:16:25.838+0000] {processor.py:186} INFO - Started process (PID=259) to work on /home/airflow/.local/lib/python3.12/site-packages/airflow/example_dags/tutorial_dag.py
[2024-12-07T09:16:25.839+0000] {processor.py:914} INFO - Processing file /home/airflow/.local/lib/python3.12/site-packages/airflow/example_dags/tutorial_dag.py for tasks to queue
[2024-12-07T09:16:25.840+0000] {logging_mixin.py:190} INFO - [2024-12-07T09:16:25.840+0000] {dagbag.py:588} INFO - Filling up the DagBag from /home/airflow/.local/lib/python3.12/site-packages/airflow/example_dags/tutorial_dag.py
[2024-12-07T09:16:25.846+0000] {processor.py:925} INFO - DAG(s) 'tutorial_dag' retrieved from /home/airflow/.local/lib/python3.12/site-packages/airflow/example_dags/tutorial_dag.py
[2024-12-07T09:16:25.861+0000] {logging_mixin.py:190} INFO - [2024-12-07T09:16:25.861+0000] {dag.py:3239} INFO - Sync 1 DAGs
[2024-12-07T09:16:25.876+0000] {logging_mixin.py:190} INFO - [2024-12-07T09:16:25.876+0000] {dag.py:4180} INFO - Setting next_dagrun for tutorial_dag to None, run_after=None
[2024-12-07T09:16:25.892+0000] {processor.py:208} INFO - Processing /home/airflow/.local/lib/python3.12/site-packages/airflow/example_dags/tutorial_dag.py took 0.060 seconds
[2024-12-07T09:16:56.590+0000] {processor.py:186} INFO - Started process (PID=322) to work on /home/airflow/.local/lib/python3.12/site-packages/airflow/example_dags/tutorial_dag.py
[2024-12-07T09:16:56.591+0000] {processor.py:914} INFO - Processing file /home/airflow/.local/lib/python3.12/site-packages/airflow/example_dags/tutorial_dag.py for tasks to queue
[2024-12-07T09:16:56.592+0000] {logging_mixin.py:190} INFO - [2024-12-07T09:16:56.592+0000] {dagbag.py:588} INFO - Filling up the DagBag from /home/airflow/.local/lib/python3.12/site-packages/airflow/example_dags/tutorial_dag.py
[2024-12-07T09:16:56.598+0000] {processor.py:925} INFO - DAG(s) 'tutorial_dag' retrieved from /home/airflow/.local/lib/python3.12/site-packages/airflow/example_dags/tutorial_dag.py
[2024-12-07T09:16:56.613+0000] {logging_mixin.py:190} INFO - [2024-12-07T09:16:56.613+0000] {dag.py:3239} INFO - Sync 1 DAGs
[2024-12-07T09:16:56.624+0000] {logging_mixin.py:190} INFO - [2024-12-07T09:16:56.624+0000] {dag.py:4180} INFO - Setting next_dagrun for tutorial_dag to None, run_after=None
[2024-12-07T09:16:56.643+0000] {processor.py:208} INFO - Processing /home/airflow/.local/lib/python3.12/site-packages/airflow/example_dags/tutorial_dag.py took 0.058 seconds
[2024-12-07T09:17:27.620+0000] {processor.py:186} INFO - Started process (PID=385) to work on /home/airflow/.local/lib/python3.12/site-packages/airflow/example_dags/tutorial_dag.py
[2024-12-07T09:17:27.621+0000] {processor.py:914} INFO - Processing file /home/airflow/.local/lib/python3.12/site-packages/airflow/example_dags/tutorial_dag.py for tasks to queue
[2024-12-07T09:17:27.622+0000] {logging_mixin.py:190} INFO - [2024-12-07T09:17:27.622+0000] {dagbag.py:588} INFO - Filling up the DagBag from /home/airflow/.local/lib/python3.12/site-packages/airflow/example_dags/tutorial_dag.py
[2024-12-07T09:17:27.629+0000] {processor.py:925} INFO - DAG(s) 'tutorial_dag' retrieved from /home/airflow/.local/lib/python3.12/site-packages/airflow/example_dags/tutorial_dag.py
[2024-12-07T09:17:27.644+0000] {logging_mixin.py:190} INFO - [2024-12-07T09:17:27.644+0000] {dag.py:3239} INFO - Sync 1 DAGs
[2024-12-07T09:17:27.655+0000] {logging_mixin.py:190} INFO - [2024-12-07T09:17:27.655+0000] {dag.py:4180} INFO - Setting next_dagrun for tutorial_dag to None, run_after=None
[2024-12-07T09:17:27.668+0000] {processor.py:208} INFO - Processing /home/airflow/.local/lib/python3.12/site-packages/airflow/example_dags/tutorial_dag.py took 0.052 seconds
[2024-12-07T09:17:58.135+0000] {processor.py:186} INFO - Started process (PID=448) to work on /home/airflow/.local/lib/python3.12/site-packages/airflow/example_dags/tutorial_dag.py
[2024-12-07T09:17:58.136+0000] {processor.py:914} INFO - Processing file /home/airflow/.local/lib/python3.12/site-packages/airflow/example_dags/tutorial_dag.py for tasks to queue
[2024-12-07T09:17:58.137+0000] {logging_mixin.py:190} INFO - [2024-12-07T09:17:58.137+0000] {dagbag.py:588} INFO - Filling up the DagBag from /home/airflow/.local/lib/python3.12/site-packages/airflow/example_dags/tutorial_dag.py
[2024-12-07T09:17:58.143+0000] {processor.py:925} INFO - DAG(s) 'tutorial_dag' retrieved from /home/airflow/.local/lib/python3.12/site-packages/airflow/example_dags/tutorial_dag.py
[2024-12-07T09:17:58.160+0000] {logging_mixin.py:190} INFO - [2024-12-07T09:17:58.160+0000] {dag.py:3239} INFO - Sync 1 DAGs
[2024-12-07T09:17:58.171+0000] {logging_mixin.py:190} INFO - [2024-12-07T09:17:58.171+0000] {dag.py:4180} INFO - Setting next_dagrun for tutorial_dag to None, run_after=None
[2024-12-07T09:17:58.185+0000] {processor.py:208} INFO - Processing /home/airflow/.local/lib/python3.12/site-packages/airflow/example_dags/tutorial_dag.py took 0.055 seconds
[2024-12-07T09:18:28.375+0000] {processor.py:186} INFO - Started process (PID=511) to work on /home/airflow/.local/lib/python3.12/site-packages/airflow/example_dags/tutorial_dag.py
[2024-12-07T09:18:28.376+0000] {processor.py:914} INFO - Processing file /home/airflow/.local/lib/python3.12/site-packages/airflow/example_dags/tutorial_dag.py for tasks to queue
[2024-12-07T09:18:28.378+0000] {logging_mixin.py:190} INFO - [2024-12-07T09:18:28.377+0000] {dagbag.py:588} INFO - Filling up the DagBag from /home/airflow/.local/lib/python3.12/site-packages/airflow/example_dags/tutorial_dag.py
[2024-12-07T09:18:28.384+0000] {processor.py:925} INFO - DAG(s) 'tutorial_dag' retrieved from /home/airflow/.local/lib/python3.12/site-packages/airflow/example_dags/tutorial_dag.py
[2024-12-07T09:18:28.399+0000] {logging_mixin.py:190} INFO - [2024-12-07T09:18:28.399+0000] {dag.py:3239} INFO - Sync 1 DAGs
[2024-12-07T09:18:28.410+0000] {logging_mixin.py:190} INFO - [2024-12-07T09:18:28.410+0000] {dag.py:4180} INFO - Setting next_dagrun for tutorial_dag to None, run_after=None
[2024-12-07T09:18:28.423+0000] {processor.py:208} INFO - Processing /home/airflow/.local/lib/python3.12/site-packages/airflow/example_dags/tutorial_dag.py took 0.052 seconds
[2024-12-07T09:18:58.521+0000] {processor.py:186} INFO - Started process (PID=574) to work on /home/airflow/.local/lib/python3.12/site-packages/airflow/example_dags/tutorial_dag.py
[2024-12-07T09:18:58.521+0000] {processor.py:914} INFO - Processing file /home/airflow/.local/lib/python3.12/site-packages/airflow/example_dags/tutorial_dag.py for tasks to queue
[2024-12-07T09:18:58.523+0000] {logging_mixin.py:190} INFO - [2024-12-07T09:18:58.523+0000] {dagbag.py:588} INFO - Filling up the DagBag from /home/airflow/.local/lib/python3.12/site-packages/airflow/example_dags/tutorial_dag.py
[2024-12-07T09:18:58.529+0000] {processor.py:925} INFO - DAG(s) 'tutorial_dag' retrieved from /home/airflow/.local/lib/python3.12/site-packages/airflow/example_dags/tutorial_dag.py
[2024-12-07T09:18:58.545+0000] {logging_mixin.py:190} INFO - [2024-12-07T09:18:58.545+0000] {dag.py:3239} INFO - Sync 1 DAGs
[2024-12-07T09:18:58.558+0000] {logging_mixin.py:190} INFO - [2024-12-07T09:18:58.558+0000] {dag.py:4180} INFO - Setting next_dagrun for tutorial_dag to None, run_after=None
[2024-12-07T09:18:58.573+0000] {processor.py:208} INFO - Processing /home/airflow/.local/lib/python3.12/site-packages/airflow/example_dags/tutorial_dag.py took 0.057 seconds
[2024-12-07T09:19:28.867+0000] {processor.py:186} INFO - Started process (PID=637) to work on /home/airflow/.local/lib/python3.12/site-packages/airflow/example_dags/tutorial_dag.py
[2024-12-07T09:19:28.868+0000] {processor.py:914} INFO - Processing file /home/airflow/.local/lib/python3.12/site-packages/airflow/example_dags/tutorial_dag.py for tasks to queue
[2024-12-07T09:19:28.870+0000] {logging_mixin.py:190} INFO - [2024-12-07T09:19:28.869+0000] {dagbag.py:588} INFO - Filling up the DagBag from /home/airflow/.local/lib/python3.12/site-packages/airflow/example_dags/tutorial_dag.py
[2024-12-07T09:19:28.876+0000] {processor.py:925} INFO - DAG(s) 'tutorial_dag' retrieved from /home/airflow/.local/lib/python3.12/site-packages/airflow/example_dags/tutorial_dag.py
[2024-12-07T09:19:28.896+0000] {logging_mixin.py:190} INFO - [2024-12-07T09:19:28.895+0000] {dag.py:3239} INFO - Sync 1 DAGs
[2024-12-07T09:19:28.913+0000] {logging_mixin.py:190} INFO - [2024-12-07T09:19:28.912+0000] {dag.py:4180} INFO - Setting next_dagrun for tutorial_dag to None, run_after=None
[2024-12-07T09:19:28.935+0000] {processor.py:208} INFO - Processing /home/airflow/.local/lib/python3.12/site-packages/airflow/example_dags/tutorial_dag.py took 0.072 seconds
[2024-12-07T09:19:59.323+0000] {processor.py:186} INFO - Started process (PID=700) to work on /home/airflow/.local/lib/python3.12/site-packages/airflow/example_dags/tutorial_dag.py
[2024-12-07T09:19:59.324+0000] {processor.py:914} INFO - Processing file /home/airflow/.local/lib/python3.12/site-packages/airflow/example_dags/tutorial_dag.py for tasks to queue
[2024-12-07T09:19:59.326+0000] {logging_mixin.py:190} INFO - [2024-12-07T09:19:59.325+0000] {dagbag.py:588} INFO - Filling up the DagBag from /home/airflow/.local/lib/python3.12/site-packages/airflow/example_dags/tutorial_dag.py
[2024-12-07T09:19:59.332+0000] {processor.py:925} INFO - DAG(s) 'tutorial_dag' retrieved from /home/airflow/.local/lib/python3.12/site-packages/airflow/example_dags/tutorial_dag.py
[2024-12-07T09:19:59.351+0000] {logging_mixin.py:190} INFO - [2024-12-07T09:19:59.351+0000] {dag.py:3239} INFO - Sync 1 DAGs
[2024-12-07T09:19:59.367+0000] {logging_mixin.py:190} INFO - [2024-12-07T09:19:59.367+0000] {dag.py:4180} INFO - Setting next_dagrun for tutorial_dag to None, run_after=None
[2024-12-07T09:19:59.385+0000] {processor.py:208} INFO - Processing /home/airflow/.local/lib/python3.12/site-packages/airflow/example_dags/tutorial_dag.py took 0.066 seconds
[2024-12-07T09:20:29.756+0000] {processor.py:186} INFO - Started process (PID=763) to work on /home/airflow/.local/lib/python3.12/site-packages/airflow/example_dags/tutorial_dag.py
[2024-12-07T09:20:29.757+0000] {processor.py:914} INFO - Processing file /home/airflow/.local/lib/python3.12/site-packages/airflow/example_dags/tutorial_dag.py for tasks to queue
[2024-12-07T09:20:29.759+0000] {logging_mixin.py:190} INFO - [2024-12-07T09:20:29.759+0000] {dagbag.py:588} INFO - Filling up the DagBag from /home/airflow/.local/lib/python3.12/site-packages/airflow/example_dags/tutorial_dag.py
[2024-12-07T09:20:29.767+0000] {processor.py:925} INFO - DAG(s) 'tutorial_dag' retrieved from /home/airflow/.local/lib/python3.12/site-packages/airflow/example_dags/tutorial_dag.py
[2024-12-07T09:20:29.783+0000] {logging_mixin.py:190} INFO - [2024-12-07T09:20:29.782+0000] {dag.py:3239} INFO - Sync 1 DAGs
[2024-12-07T09:20:29.794+0000] {logging_mixin.py:190} INFO - [2024-12-07T09:20:29.794+0000] {dag.py:4180} INFO - Setting next_dagrun for tutorial_dag to None, run_after=None
[2024-12-07T09:20:29.807+0000] {processor.py:208} INFO - Processing /home/airflow/.local/lib/python3.12/site-packages/airflow/example_dags/tutorial_dag.py took 0.056 seconds
[2024-12-07T09:21:00.706+0000] {processor.py:186} INFO - Started process (PID=826) to work on /home/airflow/.local/lib/python3.12/site-packages/airflow/example_dags/tutorial_dag.py
[2024-12-07T09:21:00.707+0000] {processor.py:914} INFO - Processing file /home/airflow/.local/lib/python3.12/site-packages/airflow/example_dags/tutorial_dag.py for tasks to queue
[2024-12-07T09:21:00.709+0000] {logging_mixin.py:190} INFO - [2024-12-07T09:21:00.708+0000] {dagbag.py:588} INFO - Filling up the DagBag from /home/airflow/.local/lib/python3.12/site-packages/airflow/example_dags/tutorial_dag.py
[2024-12-07T09:21:00.715+0000] {processor.py:925} INFO - DAG(s) 'tutorial_dag' retrieved from /home/airflow/.local/lib/python3.12/site-packages/airflow/example_dags/tutorial_dag.py
[2024-12-07T09:21:00.732+0000] {logging_mixin.py:190} INFO - [2024-12-07T09:21:00.732+0000] {dag.py:3239} INFO - Sync 1 DAGs
[2024-12-07T09:21:00.748+0000] {logging_mixin.py:190} INFO - [2024-12-07T09:21:00.748+0000] {dag.py:4180} INFO - Setting next_dagrun for tutorial_dag to None, run_after=None
[2024-12-07T09:21:00.763+0000] {processor.py:208} INFO - Processing /home/airflow/.local/lib/python3.12/site-packages/airflow/example_dags/tutorial_dag.py took 0.061 seconds
[2024-12-07T09:21:31.208+0000] {processor.py:186} INFO - Started process (PID=889) to work on /home/airflow/.local/lib/python3.12/site-packages/airflow/example_dags/tutorial_dag.py
[2024-12-07T09:21:31.209+0000] {processor.py:914} INFO - Processing file /home/airflow/.local/lib/python3.12/site-packages/airflow/example_dags/tutorial_dag.py for tasks to queue
[2024-12-07T09:21:31.210+0000] {logging_mixin.py:190} INFO - [2024-12-07T09:21:31.210+0000] {dagbag.py:588} INFO - Filling up the DagBag from /home/airflow/.local/lib/python3.12/site-packages/airflow/example_dags/tutorial_dag.py
[2024-12-07T09:21:31.216+0000] {processor.py:925} INFO - DAG(s) 'tutorial_dag' retrieved from /home/airflow/.local/lib/python3.12/site-packages/airflow/example_dags/tutorial_dag.py
[2024-12-07T09:21:31.232+0000] {logging_mixin.py:190} INFO - [2024-12-07T09:21:31.232+0000] {dag.py:3239} INFO - Sync 1 DAGs
[2024-12-07T09:21:31.244+0000] {logging_mixin.py:190} INFO - [2024-12-07T09:21:31.244+0000] {dag.py:4180} INFO - Setting next_dagrun for tutorial_dag to None, run_after=None
[2024-12-07T09:21:31.258+0000] {processor.py:208} INFO - Processing /home/airflow/.local/lib/python3.12/site-packages/airflow/example_dags/tutorial_dag.py took 0.054 seconds
[2024-12-07T09:22:01.479+0000] {processor.py:186} INFO - Started process (PID=952) to work on /home/airflow/.local/lib/python3.12/site-packages/airflow/example_dags/tutorial_dag.py
[2024-12-07T09:22:01.480+0000] {processor.py:914} INFO - Processing file /home/airflow/.local/lib/python3.12/site-packages/airflow/example_dags/tutorial_dag.py for tasks to queue
[2024-12-07T09:22:01.482+0000] {logging_mixin.py:190} INFO - [2024-12-07T09:22:01.482+0000] {dagbag.py:588} INFO - Filling up the DagBag from /home/airflow/.local/lib/python3.12/site-packages/airflow/example_dags/tutorial_dag.py
[2024-12-07T09:22:01.490+0000] {processor.py:925} INFO - DAG(s) 'tutorial_dag' retrieved from /home/airflow/.local/lib/python3.12/site-packages/airflow/example_dags/tutorial_dag.py
[2024-12-07T09:22:01.508+0000] {logging_mixin.py:190} INFO - [2024-12-07T09:22:01.508+0000] {dag.py:3239} INFO - Sync 1 DAGs
[2024-12-07T09:22:01.521+0000] {logging_mixin.py:190} INFO - [2024-12-07T09:22:01.521+0000] {dag.py:4180} INFO - Setting next_dagrun for tutorial_dag to None, run_after=None
[2024-12-07T09:22:01.534+0000] {processor.py:208} INFO - Processing /home/airflow/.local/lib/python3.12/site-packages/airflow/example_dags/tutorial_dag.py took 0.061 seconds
[2024-12-07T09:22:32.227+0000] {processor.py:186} INFO - Started process (PID=1015) to work on /home/airflow/.local/lib/python3.12/site-packages/airflow/example_dags/tutorial_dag.py
[2024-12-07T09:22:32.228+0000] {processor.py:914} INFO - Processing file /home/airflow/.local/lib/python3.12/site-packages/airflow/example_dags/tutorial_dag.py for tasks to queue
[2024-12-07T09:22:32.229+0000] {logging_mixin.py:190} INFO - [2024-12-07T09:22:32.229+0000] {dagbag.py:588} INFO - Filling up the DagBag from /home/airflow/.local/lib/python3.12/site-packages/airflow/example_dags/tutorial_dag.py
[2024-12-07T09:22:32.235+0000] {processor.py:925} INFO - DAG(s) 'tutorial_dag' retrieved from /home/airflow/.local/lib/python3.12/site-packages/airflow/example_dags/tutorial_dag.py
[2024-12-07T09:22:32.252+0000] {logging_mixin.py:190} INFO - [2024-12-07T09:22:32.252+0000] {dag.py:3239} INFO - Sync 1 DAGs
[2024-12-07T09:22:32.267+0000] {logging_mixin.py:190} INFO - [2024-12-07T09:22:32.267+0000] {dag.py:4180} INFO - Setting next_dagrun for tutorial_dag to None, run_after=None
[2024-12-07T09:22:32.282+0000] {processor.py:208} INFO - Processing /home/airflow/.local/lib/python3.12/site-packages/airflow/example_dags/tutorial_dag.py took 0.060 seconds
[2024-12-07T09:23:03.019+0000] {processor.py:186} INFO - Started process (PID=1078) to work on /home/airflow/.local/lib/python3.12/site-packages/airflow/example_dags/tutorial_dag.py
[2024-12-07T09:23:03.020+0000] {processor.py:914} INFO - Processing file /home/airflow/.local/lib/python3.12/site-packages/airflow/example_dags/tutorial_dag.py for tasks to queue
[2024-12-07T09:23:03.022+0000] {logging_mixin.py:190} INFO - [2024-12-07T09:23:03.022+0000] {dagbag.py:588} INFO - Filling up the DagBag from /home/airflow/.local/lib/python3.12/site-packages/airflow/example_dags/tutorial_dag.py
[2024-12-07T09:23:03.029+0000] {processor.py:925} INFO - DAG(s) 'tutorial_dag' retrieved from /home/airflow/.local/lib/python3.12/site-packages/airflow/example_dags/tutorial_dag.py
[2024-12-07T09:23:03.045+0000] {logging_mixin.py:190} INFO - [2024-12-07T09:23:03.045+0000] {dag.py:3239} INFO - Sync 1 DAGs
[2024-12-07T09:23:03.060+0000] {logging_mixin.py:190} INFO - [2024-12-07T09:23:03.060+0000] {dag.py:4180} INFO - Setting next_dagrun for tutorial_dag to None, run_after=None
[2024-12-07T09:23:03.077+0000] {processor.py:208} INFO - Processing /home/airflow/.local/lib/python3.12/site-packages/airflow/example_dags/tutorial_dag.py took 0.063 seconds
[2024-12-07T09:23:33.788+0000] {processor.py:186} INFO - Started process (PID=1142) to work on /home/airflow/.local/lib/python3.12/site-packages/airflow/example_dags/tutorial_dag.py
[2024-12-07T09:23:33.789+0000] {processor.py:914} INFO - Processing file /home/airflow/.local/lib/python3.12/site-packages/airflow/example_dags/tutorial_dag.py for tasks to queue
[2024-12-07T09:23:33.791+0000] {logging_mixin.py:190} INFO - [2024-12-07T09:23:33.791+0000] {dagbag.py:588} INFO - Filling up the DagBag from /home/airflow/.local/lib/python3.12/site-packages/airflow/example_dags/tutorial_dag.py
[2024-12-07T09:23:33.798+0000] {processor.py:925} INFO - DAG(s) 'tutorial_dag' retrieved from /home/airflow/.local/lib/python3.12/site-packages/airflow/example_dags/tutorial_dag.py
[2024-12-07T09:23:33.816+0000] {logging_mixin.py:190} INFO - [2024-12-07T09:23:33.815+0000] {dag.py:3239} INFO - Sync 1 DAGs
[2024-12-07T09:23:33.829+0000] {logging_mixin.py:190} INFO - [2024-12-07T09:23:33.829+0000] {dag.py:4180} INFO - Setting next_dagrun for tutorial_dag to None, run_after=None
[2024-12-07T09:23:33.847+0000] {processor.py:208} INFO - Processing /home/airflow/.local/lib/python3.12/site-packages/airflow/example_dags/tutorial_dag.py took 0.065 seconds
[2024-12-07T09:24:04.617+0000] {processor.py:186} INFO - Started process (PID=1205) to work on /home/airflow/.local/lib/python3.12/site-packages/airflow/example_dags/tutorial_dag.py
[2024-12-07T09:24:04.617+0000] {processor.py:914} INFO - Processing file /home/airflow/.local/lib/python3.12/site-packages/airflow/example_dags/tutorial_dag.py for tasks to queue
[2024-12-07T09:24:04.619+0000] {logging_mixin.py:190} INFO - [2024-12-07T09:24:04.619+0000] {dagbag.py:588} INFO - Filling up the DagBag from /home/airflow/.local/lib/python3.12/site-packages/airflow/example_dags/tutorial_dag.py
[2024-12-07T09:24:04.627+0000] {processor.py:925} INFO - DAG(s) 'tutorial_dag' retrieved from /home/airflow/.local/lib/python3.12/site-packages/airflow/example_dags/tutorial_dag.py
[2024-12-07T09:24:04.642+0000] {logging_mixin.py:190} INFO - [2024-12-07T09:24:04.641+0000] {dag.py:3239} INFO - Sync 1 DAGs
[2024-12-07T09:24:04.657+0000] {logging_mixin.py:190} INFO - [2024-12-07T09:24:04.657+0000] {dag.py:4180} INFO - Setting next_dagrun for tutorial_dag to None, run_after=None
[2024-12-07T09:24:04.676+0000] {processor.py:208} INFO - Processing /home/airflow/.local/lib/python3.12/site-packages/airflow/example_dags/tutorial_dag.py took 0.065 seconds
[2024-12-07T09:24:34.994+0000] {processor.py:186} INFO - Started process (PID=1268) to work on /home/airflow/.local/lib/python3.12/site-packages/airflow/example_dags/tutorial_dag.py
[2024-12-07T09:24:34.995+0000] {processor.py:914} INFO - Processing file /home/airflow/.local/lib/python3.12/site-packages/airflow/example_dags/tutorial_dag.py for tasks to queue
[2024-12-07T09:24:34.997+0000] {logging_mixin.py:190} INFO - [2024-12-07T09:24:34.996+0000] {dagbag.py:588} INFO - Filling up the DagBag from /home/airflow/.local/lib/python3.12/site-packages/airflow/example_dags/tutorial_dag.py
[2024-12-07T09:24:35.003+0000] {processor.py:925} INFO - DAG(s) 'tutorial_dag' retrieved from /home/airflow/.local/lib/python3.12/site-packages/airflow/example_dags/tutorial_dag.py
[2024-12-07T09:24:35.020+0000] {logging_mixin.py:190} INFO - [2024-12-07T09:24:35.020+0000] {dag.py:3239} INFO - Sync 1 DAGs
[2024-12-07T09:24:35.035+0000] {logging_mixin.py:190} INFO - [2024-12-07T09:24:35.035+0000] {dag.py:4180} INFO - Setting next_dagrun for tutorial_dag to None, run_after=None
[2024-12-07T09:24:35.052+0000] {processor.py:208} INFO - Processing /home/airflow/.local/lib/python3.12/site-packages/airflow/example_dags/tutorial_dag.py took 0.062 seconds
[2024-12-07T09:25:05.382+0000] {processor.py:186} INFO - Started process (PID=1331) to work on /home/airflow/.local/lib/python3.12/site-packages/airflow/example_dags/tutorial_dag.py
[2024-12-07T09:25:05.382+0000] {processor.py:914} INFO - Processing file /home/airflow/.local/lib/python3.12/site-packages/airflow/example_dags/tutorial_dag.py for tasks to queue
[2024-12-07T09:25:05.384+0000] {logging_mixin.py:190} INFO - [2024-12-07T09:25:05.384+0000] {dagbag.py:588} INFO - Filling up the DagBag from /home/airflow/.local/lib/python3.12/site-packages/airflow/example_dags/tutorial_dag.py
[2024-12-07T09:25:05.391+0000] {processor.py:925} INFO - DAG(s) 'tutorial_dag' retrieved from /home/airflow/.local/lib/python3.12/site-packages/airflow/example_dags/tutorial_dag.py
[2024-12-07T09:25:05.407+0000] {logging_mixin.py:190} INFO - [2024-12-07T09:25:05.407+0000] {dag.py:3239} INFO - Sync 1 DAGs
[2024-12-07T09:25:05.423+0000] {logging_mixin.py:190} INFO - [2024-12-07T09:25:05.423+0000] {dag.py:4180} INFO - Setting next_dagrun for tutorial_dag to None, run_after=None
[2024-12-07T09:25:05.440+0000] {processor.py:208} INFO - Processing /home/airflow/.local/lib/python3.12/site-packages/airflow/example_dags/tutorial_dag.py took 0.063 seconds
[2024-12-07T09:25:35.692+0000] {processor.py:186} INFO - Started process (PID=1394) to work on /home/airflow/.local/lib/python3.12/site-packages/airflow/example_dags/tutorial_dag.py
[2024-12-07T09:25:35.693+0000] {processor.py:914} INFO - Processing file /home/airflow/.local/lib/python3.12/site-packages/airflow/example_dags/tutorial_dag.py for tasks to queue
[2024-12-07T09:25:35.694+0000] {logging_mixin.py:190} INFO - [2024-12-07T09:25:35.694+0000] {dagbag.py:588} INFO - Filling up the DagBag from /home/airflow/.local/lib/python3.12/site-packages/airflow/example_dags/tutorial_dag.py
[2024-12-07T09:25:35.700+0000] {processor.py:925} INFO - DAG(s) 'tutorial_dag' retrieved from /home/airflow/.local/lib/python3.12/site-packages/airflow/example_dags/tutorial_dag.py
[2024-12-07T09:25:35.717+0000] {logging_mixin.py:190} INFO - [2024-12-07T09:25:35.717+0000] {dag.py:3239} INFO - Sync 1 DAGs
[2024-12-07T09:25:35.729+0000] {logging_mixin.py:190} INFO - [2024-12-07T09:25:35.729+0000] {dag.py:4180} INFO - Setting next_dagrun for tutorial_dag to None, run_after=None
[2024-12-07T09:25:35.743+0000] {processor.py:208} INFO - Processing /home/airflow/.local/lib/python3.12/site-packages/airflow/example_dags/tutorial_dag.py took 0.056 seconds
[2024-12-07T09:26:05.989+0000] {processor.py:186} INFO - Started process (PID=1457) to work on /home/airflow/.local/lib/python3.12/site-packages/airflow/example_dags/tutorial_dag.py
[2024-12-07T09:26:05.989+0000] {processor.py:914} INFO - Processing file /home/airflow/.local/lib/python3.12/site-packages/airflow/example_dags/tutorial_dag.py for tasks to queue
[2024-12-07T09:26:05.991+0000] {logging_mixin.py:190} INFO - [2024-12-07T09:26:05.991+0000] {dagbag.py:588} INFO - Filling up the DagBag from /home/airflow/.local/lib/python3.12/site-packages/airflow/example_dags/tutorial_dag.py
[2024-12-07T09:26:05.997+0000] {processor.py:925} INFO - DAG(s) 'tutorial_dag' retrieved from /home/airflow/.local/lib/python3.12/site-packages/airflow/example_dags/tutorial_dag.py
[2024-12-07T09:26:06.013+0000] {logging_mixin.py:190} INFO - [2024-12-07T09:26:06.013+0000] {dag.py:3239} INFO - Sync 1 DAGs
[2024-12-07T09:26:06.025+0000] {logging_mixin.py:190} INFO - [2024-12-07T09:26:06.025+0000] {dag.py:4180} INFO - Setting next_dagrun for tutorial_dag to None, run_after=None
[2024-12-07T09:26:06.040+0000] {processor.py:208} INFO - Processing /home/airflow/.local/lib/python3.12/site-packages/airflow/example_dags/tutorial_dag.py took 0.056 seconds
[2024-12-07T09:26:36.325+0000] {processor.py:186} INFO - Started process (PID=1520) to work on /home/airflow/.local/lib/python3.12/site-packages/airflow/example_dags/tutorial_dag.py
[2024-12-07T09:26:36.326+0000] {processor.py:914} INFO - Processing file /home/airflow/.local/lib/python3.12/site-packages/airflow/example_dags/tutorial_dag.py for tasks to queue
[2024-12-07T09:26:36.327+0000] {logging_mixin.py:190} INFO - [2024-12-07T09:26:36.327+0000] {dagbag.py:588} INFO - Filling up the DagBag from /home/airflow/.local/lib/python3.12/site-packages/airflow/example_dags/tutorial_dag.py
[2024-12-07T09:26:36.333+0000] {processor.py:925} INFO - DAG(s) 'tutorial_dag' retrieved from /home/airflow/.local/lib/python3.12/site-packages/airflow/example_dags/tutorial_dag.py
[2024-12-07T09:26:36.349+0000] {logging_mixin.py:190} INFO - [2024-12-07T09:26:36.349+0000] {dag.py:3239} INFO - Sync 1 DAGs
[2024-12-07T09:26:36.360+0000] {logging_mixin.py:190} INFO - [2024-12-07T09:26:36.360+0000] {dag.py:4180} INFO - Setting next_dagrun for tutorial_dag to None, run_after=None
[2024-12-07T09:26:36.374+0000] {processor.py:208} INFO - Processing /home/airflow/.local/lib/python3.12/site-packages/airflow/example_dags/tutorial_dag.py took 0.054 seconds
[2024-12-07T09:27:06.594+0000] {processor.py:186} INFO - Started process (PID=1583) to work on /home/airflow/.local/lib/python3.12/site-packages/airflow/example_dags/tutorial_dag.py
[2024-12-07T09:27:06.595+0000] {processor.py:914} INFO - Processing file /home/airflow/.local/lib/python3.12/site-packages/airflow/example_dags/tutorial_dag.py for tasks to queue
[2024-12-07T09:27:06.597+0000] {logging_mixin.py:190} INFO - [2024-12-07T09:27:06.596+0000] {dagbag.py:588} INFO - Filling up the DagBag from /home/airflow/.local/lib/python3.12/site-packages/airflow/example_dags/tutorial_dag.py
[2024-12-07T09:27:06.603+0000] {processor.py:925} INFO - DAG(s) 'tutorial_dag' retrieved from /home/airflow/.local/lib/python3.12/site-packages/airflow/example_dags/tutorial_dag.py
[2024-12-07T09:27:06.620+0000] {logging_mixin.py:190} INFO - [2024-12-07T09:27:06.619+0000] {dag.py:3239} INFO - Sync 1 DAGs
[2024-12-07T09:27:06.631+0000] {logging_mixin.py:190} INFO - [2024-12-07T09:27:06.631+0000] {dag.py:4180} INFO - Setting next_dagrun for tutorial_dag to None, run_after=None
[2024-12-07T09:27:06.646+0000] {processor.py:208} INFO - Processing /home/airflow/.local/lib/python3.12/site-packages/airflow/example_dags/tutorial_dag.py took 0.056 seconds
[2024-12-07T09:27:36.761+0000] {processor.py:186} INFO - Started process (PID=1646) to work on /home/airflow/.local/lib/python3.12/site-packages/airflow/example_dags/tutorial_dag.py
[2024-12-07T09:27:36.761+0000] {processor.py:914} INFO - Processing file /home/airflow/.local/lib/python3.12/site-packages/airflow/example_dags/tutorial_dag.py for tasks to queue
[2024-12-07T09:27:36.763+0000] {logging_mixin.py:190} INFO - [2024-12-07T09:27:36.763+0000] {dagbag.py:588} INFO - Filling up the DagBag from /home/airflow/.local/lib/python3.12/site-packages/airflow/example_dags/tutorial_dag.py
[2024-12-07T09:27:36.769+0000] {processor.py:925} INFO - DAG(s) 'tutorial_dag' retrieved from /home/airflow/.local/lib/python3.12/site-packages/airflow/example_dags/tutorial_dag.py
[2024-12-07T09:27:36.786+0000] {logging_mixin.py:190} INFO - [2024-12-07T09:27:36.785+0000] {dag.py:3239} INFO - Sync 1 DAGs
[2024-12-07T09:27:36.796+0000] {logging_mixin.py:190} INFO - [2024-12-07T09:27:36.796+0000] {dag.py:4180} INFO - Setting next_dagrun for tutorial_dag to None, run_after=None
[2024-12-07T09:27:36.810+0000] {processor.py:208} INFO - Processing /home/airflow/.local/lib/python3.12/site-packages/airflow/example_dags/tutorial_dag.py took 0.054 seconds
